save_dir: checkpoints/ardae/gamma
device: cuda
data: datasets/processed/bsd400_patches_8x8.npy
raw_data_shape: (204800, 64)
epoch 0001/0100 train_loss=1008124674.231011 val_loss=751619020.800000 best_val=751619020.800000@0001
epoch 0002/0100 train_loss=1008122556.444444 val_loss=751617452.800000 best_val=751617452.800000@0002
epoch 0003/0100 train_loss=1008120490.666667 val_loss=751616998.400000 best_val=751616998.400000@0003
epoch 0004/0100 train_loss=1008118921.694566 val_loss=751615667.200000 best_val=751615667.200000@0004
epoch 0005/0100 train_loss=1008117303.466667 val_loss=751614387.200000 best_val=751614387.200000@0005
epoch 0006/0100 train_loss=1008116334.933333 val_loss=751614041.600000 best_val=751614041.600000@0006
epoch 0007/0100 train_loss=1008115151.644444 val_loss=751612902.400000 best_val=751612902.400000@0007
epoch 0008/0100 train_loss=1008114273.026335 val_loss=751612876.800000 best_val=751612876.800000@0008
epoch 0009/0100 train_loss=1008113424.355556 val_loss=751612160.000000 best_val=751612160.000000@0009
epoch 0010/0100 train_loss=1008112615.822222 val_loss=751611596.800000 best_val=751611596.800000@0010
epoch 0011/0100 train_loss=1008111741.405078 val_loss=751611328.000000 best_val=751611328.000000@0011
epoch 0012/0100 train_loss=1008110991.215462 val_loss=751611161.600000 best_val=751611161.600000@0012
epoch 0013/0100 train_loss=1008110536.533333 val_loss=751611212.800000 best_val=751611161.600000@0012
epoch 0014/0100 train_loss=1008110786.844444 val_loss=751610752.000000 best_val=751610752.000000@0014
epoch 0015/0100 train_loss=1008114860.800000 val_loss=751613440.000000 best_val=751610752.000000@0014
epoch 0016/0100 train_loss=1008109350.400000 val_loss=751610393.600000 best_val=751610393.600000@0016
epoch 0017/0100 train_loss=1008109146.312142 val_loss=751610611.200000 best_val=751610393.600000@0016
epoch 0018/0100 train_loss=1008109536.711111 val_loss=751610521.600000 best_val=751610393.600000@0016
epoch 0019/0100 train_loss=1008108406.755556 val_loss=751610240.000000 best_val=751610240.000000@0019
epoch 0020/0100 train_loss=1008108113.066667 val_loss=751610316.800000 best_val=751610240.000000@0019
epoch 0021/0100 train_loss=1008108955.022222 val_loss=751610304.000000 best_val=751610240.000000@0019
epoch 0022/0100 train_loss=1008107634.488889 val_loss=751610624.000000 best_val=751610240.000000@0019
epoch 0023/0100 train_loss=1008108484.266667 val_loss=751610240.000000 best_val=751610240.000000@0019
epoch 0024/0100 train_loss=1008107319.466667 val_loss=751612019.200000 best_val=751610240.000000@0019
epoch 0025/0100 train_loss=1008107790.222222 val_loss=751610470.400000 best_val=751610240.000000@0019
epoch 0026/0100 train_loss=1008107102.459375 val_loss=751610406.400000 best_val=751610240.000000@0019
epoch 0027/0100 train_loss=1008106988.800000 val_loss=751610572.800000 best_val=751610240.000000@0019
epoch 0028/0100 train_loss=1008107015.111111 val_loss=751610572.800000 best_val=751610240.000000@0019
epoch 0029/0100 train_loss=1008106641.875000 val_loss=751610867.200000 best_val=751610240.000000@0019
epoch 0030/0100 train_loss=1008106518.044444 val_loss=751610624.000000 best_val=751610240.000000@0019
epoch 0031/0100 train_loss=1008106540.088889 val_loss=751610931.200000 best_val=751610240.000000@0019
epoch 0032/0100 train_loss=1008106414.933333 val_loss=751610892.800000 best_val=751610240.000000@0019
epoch 0033/0100 train_loss=1008106851.555556 val_loss=751610777.600000 best_val=751610240.000000@0019
epoch 0034/0100 train_loss=1008106901.344227 val_loss=751610816.000000 best_val=751610240.000000@0019
epoch 0035/0100 train_loss=1008106262.044444 val_loss=751610931.200000 best_val=751610240.000000@0019
epoch 0036/0100 train_loss=1008106281.244444 val_loss=751611955.200000 best_val=751610240.000000@0019
epoch 0037/0100 train_loss=1008109139.911111 val_loss=751610956.800000 best_val=751610240.000000@0019
epoch 0038/0100 train_loss=1008107709.155556 val_loss=751610995.200000 best_val=751610240.000000@0019
epoch 0039/0100 train_loss=1008106331.937869 val_loss=751611212.800000 best_val=751610240.000000@0019
epoch 0040/0100 train_loss=1008107368.416493 val_loss=751614361.600000 best_val=751610240.000000@0019
epoch 0041/0100 train_loss=1008106212.266667 val_loss=751611110.400000 best_val=751610240.000000@0019
epoch 0042/0100 train_loss=1008105924.122222 val_loss=751611392.000000 best_val=751610240.000000@0019
epoch 0043/0100 train_loss=1008108610.844444 val_loss=751611673.600000 best_val=751610240.000000@0019
epoch 0044/0100 train_loss=1008106386.833464 val_loss=751611827.200000 best_val=751610240.000000@0019
epoch 0045/0100 train_loss=1008105989.688889 val_loss=751611571.200000 best_val=751610240.000000@0019
epoch 0046/0100 train_loss=1008106584.888889 val_loss=751612518.400000 best_val=751610240.000000@0019
epoch 0047/0100 train_loss=1008106350.933333 val_loss=751611596.800000 best_val=751610240.000000@0019
epoch 0048/0100 train_loss=1008105871.644444 val_loss=751612032.000000 best_val=751610240.000000@0019
epoch 0049/0100 train_loss=1008106562.133333 val_loss=751613529.600000 best_val=751610240.000000@0019
epoch 0050/0100 train_loss=1008106432.656424 val_loss=751613491.200000 best_val=751610240.000000@0019
epoch 0051/0100 train_loss=1008106501.688889 val_loss=751611929.600000 best_val=751610240.000000@0019
epoch 0052/0100 train_loss=1008106032.355556 val_loss=751611750.400000 best_val=751610240.000000@0019
epoch 0053/0100 train_loss=1008105939.911111 val_loss=751615628.800000 best_val=751610240.000000@0019
epoch 0054/0100 train_loss=1008105965.511111 val_loss=751618432.000000 best_val=751610240.000000@0019
epoch 0055/0100 train_loss=1008105773.511111 val_loss=751613184.000000 best_val=751610240.000000@0019
epoch 0056/0100 train_loss=1008105783.466667 val_loss=751612326.400000 best_val=751610240.000000@0019
epoch 0057/0100 train_loss=1008105730.844444 val_loss=751613158.400000 best_val=751610240.000000@0019
epoch 0058/0100 train_loss=1008105895.792708 val_loss=751612032.000000 best_val=751610240.000000@0019
epoch 0059/0100 train_loss=1008105823.288889 val_loss=751612185.600000 best_val=751610240.000000@0019
epoch 0060/0100 train_loss=1008106072.177778 val_loss=751611968.000000 best_val=751610240.000000@0019
epoch 0061/0100 train_loss=1008106092.088889 val_loss=751612236.800000 best_val=751610240.000000@0019
epoch 0062/0100 train_loss=1008105571.555556 val_loss=751612134.400000 best_val=751610240.000000@0019
epoch 0063/0100 train_loss=1008106343.822222 val_loss=751612211.200000 best_val=751610240.000000@0019
epoch 0064/0100 train_loss=1008106155.377778 val_loss=751612364.800000 best_val=751610240.000000@0019
epoch 0065/0100 train_loss=1008105730.844444 val_loss=751612441.600000 best_val=751610240.000000@0019
epoch 0066/0100 train_loss=1008105762.280382 val_loss=751612134.400000 best_val=751610240.000000@0019
epoch 0067/0100 train_loss=1008108928.711111 val_loss=751612800.000000 best_val=751610240.000000@0019
epoch 0068/0100 train_loss=1008105653.333333 val_loss=751612416.000000 best_val=751610240.000000@0019
epoch 0069/0100 train_loss=1008105700.977778 val_loss=751626291.200000 best_val=751610240.000000@0019
epoch 0070/0100 train_loss=1008105853.866667 val_loss=751612492.800000 best_val=751610240.000000@0019
epoch 0071/0100 train_loss=1008106633.955556 val_loss=751612096.000000 best_val=751610240.000000@0019
epoch 0072/0100 train_loss=1008106896.355556 val_loss=751612288.000000 best_val=751610240.000000@0019
epoch 0073/0100 train_loss=1008105578.666667 val_loss=751612198.400000 best_val=751610240.000000@0019
epoch 0074/0100 train_loss=1008105762.844444 val_loss=751612313.600000 best_val=751610240.000000@0019
epoch 0075/0100 train_loss=1008105731.555556 val_loss=751612416.000000 best_val=751610240.000000@0019
epoch 0076/0100 train_loss=1008106888.533333 val_loss=751612428.800000 best_val=751610240.000000@0019
epoch 0077/0100 train_loss=1008105537.580469 val_loss=751612416.000000 best_val=751610240.000000@0019
epoch 0078/0100 train_loss=1008106099.911111 val_loss=751612518.400000 best_val=751610240.000000@0019
epoch 0079/0100 train_loss=1008105813.333333 val_loss=751612313.600000 best_val=751610240.000000@0019
epoch 0080/0100 train_loss=1008106653.866667 val_loss=751612390.400000 best_val=751610240.000000@0019
epoch 0081/0100 train_loss=1008106082.133333 val_loss=751612326.400000 best_val=751610240.000000@0019
epoch 0082/0100 train_loss=1008105897.809722 val_loss=751612608.000000 best_val=751610240.000000@0019
epoch 0083/0100 train_loss=1008105844.622222 val_loss=751612288.000000 best_val=751610240.000000@0019
epoch 0084/0100 train_loss=1008107710.871788 val_loss=751614476.800000 best_val=751610240.000000@0019
epoch 0085/0100 train_loss=1008107221.333333 val_loss=751612748.800000 best_val=751610240.000000@0019
epoch 0086/0100 train_loss=1008105666.844444 val_loss=751612531.200000 best_val=751610240.000000@0019
epoch 0087/0100 train_loss=1008106349.511111 val_loss=751612300.800000 best_val=751610240.000000@0019
epoch 0088/0100 train_loss=1008106069.333333 val_loss=751612441.600000 best_val=751610240.000000@0019
epoch 0089/0100 train_loss=1008105873.066667 val_loss=751612492.800000 best_val=751610240.000000@0019
epoch 0090/0100 train_loss=1008105757.866667 val_loss=751612595.200000 best_val=751610240.000000@0019
epoch 0091/0100 train_loss=1008106307.008420 val_loss=751613414.400000 best_val=751610240.000000@0019
epoch 0092/0100 train_loss=1008105778.488889 val_loss=751613209.600000 best_val=751610240.000000@0019
epoch 0093/0100 train_loss=1008105648.355556 val_loss=751613030.400000 best_val=751610240.000000@0019
epoch 0094/0100 train_loss=1008105751.466667 val_loss=751612467.200000 best_val=751610240.000000@0019
epoch 0095/0100 train_loss=1008106053.688889 val_loss=751612672.000000 best_val=751610240.000000@0019
epoch 0096/0100 train_loss=1008105907.200000 val_loss=751613120.000000 best_val=751610240.000000@0019
epoch 0097/0100 train_loss=1008106119.111111 val_loss=751613491.200000 best_val=751610240.000000@0019
epoch 0098/0100 train_loss=1008106214.400000 val_loss=751618304.000000 best_val=751610240.000000@0019
epoch 0099/0100 train_loss=1008106326.755556 val_loss=751612979.200000 best_val=751610240.000000@0019
epoch 0100/0100 train_loss=1008105514.666667 val_loss=751637107.200000 best_val=751610240.000000@0019
saved last checkpoint: checkpoints/ardae/gamma/last.pt
saved best checkpoint: checkpoints/ardae/gamma/best.pt
saved metrics: checkpoints/ardae/gamma/metrics.csv
