save_dir: checkpoints/ardae/gaussian_004
requested_save_dir already existed; using: checkpoints/ardae/gaussian_004
device: cuda
data: datasets/processed/bsd400_patches_8x8.npy
raw_data_shape: (204800, 64)
epoch 0001/0300 train_loss=0.940480 val_loss=0.871513 best_val=0.871513@0001 train_nmse=0.999952 val_nmse=0.999877 train_cos=0.339708 val_cos=0.457944
epoch 0002/0300 train_loss=0.835787 val_loss=0.820235 best_val=0.820235@0002 train_nmse=0.999783 val_nmse=0.999690 train_cos=0.483833 val_cos=0.493709
epoch 0003/0300 train_loss=0.816704 val_loss=0.817471 best_val=0.817471@0003 train_nmse=0.999675 val_nmse=0.999676 train_cos=0.499823 val_cos=0.498818
epoch 0004/0300 train_loss=0.811165 val_loss=0.805285 best_val=0.805285@0004 train_nmse=0.999667 val_nmse=0.999644 train_cos=0.501751 val_cos=0.503430
epoch 0005/0300 train_loss=0.804004 val_loss=0.802654 best_val=0.802654@0005 train_nmse=0.999629 val_nmse=0.999610 train_cos=0.506790 val_cos=0.506221
epoch 0006/0300 train_loss=0.799003 val_loss=0.796578 best_val=0.796578@0006 train_nmse=0.999585 val_nmse=0.999553 train_cos=0.508526 val_cos=0.509240
epoch 0007/0300 train_loss=0.792848 val_loss=0.789403 best_val=0.789403@0007 train_nmse=0.999542 val_nmse=0.999508 train_cos=0.510985 val_cos=0.510702
epoch 0008/0300 train_loss=0.790150 val_loss=0.783049 best_val=0.783049@0008 train_nmse=0.999500 val_nmse=0.999480 train_cos=0.512657 val_cos=0.518154
epoch 0009/0300 train_loss=0.786239 val_loss=0.785318 best_val=0.783049@0008 train_nmse=0.999454 val_nmse=0.999458 train_cos=0.515671 val_cos=0.514122
epoch 0010/0300 train_loss=0.782634 val_loss=0.782476 best_val=0.782476@0010 train_nmse=0.999422 val_nmse=0.999387 train_cos=0.518347 val_cos=0.519103
epoch 0011/0300 train_loss=0.780898 val_loss=0.780196 best_val=0.780196@0011 train_nmse=0.999389 val_nmse=0.999371 train_cos=0.520502 val_cos=0.518919
epoch 0012/0300 train_loss=0.778804 val_loss=0.777561 best_val=0.777561@0012 train_nmse=0.999350 val_nmse=0.999345 train_cos=0.523090 val_cos=0.518121
epoch 0013/0300 train_loss=0.776879 val_loss=0.780840 best_val=0.777561@0012 train_nmse=0.999324 val_nmse=0.999320 train_cos=0.522955 val_cos=0.517412
epoch 0014/0300 train_loss=0.774332 val_loss=0.769714 best_val=0.769714@0014 train_nmse=0.999286 val_nmse=0.999254 train_cos=0.526964 val_cos=0.529667
epoch 0015/0300 train_loss=0.774227 val_loss=0.772502 best_val=0.769714@0014 train_nmse=0.999265 val_nmse=0.999214 train_cos=0.527272 val_cos=0.528707
epoch 0016/0300 train_loss=0.771870 val_loss=0.773926 best_val=0.769714@0014 train_nmse=0.999214 val_nmse=0.999221 train_cos=0.529879 val_cos=0.525930
epoch 0017/0300 train_loss=0.771227 val_loss=0.771504 best_val=0.769714@0014 train_nmse=0.999204 val_nmse=0.999183 train_cos=0.530688 val_cos=0.532973
epoch 0018/0300 train_loss=0.769857 val_loss=0.767790 best_val=0.767790@0018 train_nmse=0.999174 val_nmse=0.999174 train_cos=0.531787 val_cos=0.533176
epoch 0019/0300 train_loss=0.768689 val_loss=0.767721 best_val=0.767721@0019 train_nmse=0.999155 val_nmse=0.999099 train_cos=0.533424 val_cos=0.532253
epoch 0020/0300 train_loss=0.768977 val_loss=0.770477 best_val=0.767721@0019 train_nmse=0.999131 val_nmse=0.999091 train_cos=0.533159 val_cos=0.533307
epoch 0021/0300 train_loss=0.766581 val_loss=0.769494 best_val=0.767721@0019 train_nmse=0.999098 val_nmse=0.999048 train_cos=0.536608 val_cos=0.538472
epoch 0022/0300 train_loss=0.766322 val_loss=0.766050 best_val=0.766050@0022 train_nmse=0.999082 val_nmse=0.999070 train_cos=0.536734 val_cos=0.537600
epoch 0023/0300 train_loss=0.766332 val_loss=0.764816 best_val=0.764816@0023 train_nmse=0.999060 val_nmse=0.999027 train_cos=0.538212 val_cos=0.538208
epoch 0024/0300 train_loss=0.765412 val_loss=0.762305 best_val=0.762305@0024 train_nmse=0.999026 val_nmse=0.998997 train_cos=0.539086 val_cos=0.539625
epoch 0025/0300 train_loss=0.763493 val_loss=0.765600 best_val=0.762305@0024 train_nmse=0.999028 val_nmse=0.999018 train_cos=0.539448 val_cos=0.538893
epoch 0026/0300 train_loss=0.762961 val_loss=0.765361 best_val=0.762305@0024 train_nmse=0.998997 val_nmse=0.998986 train_cos=0.541295 val_cos=0.539268
epoch 0027/0300 train_loss=0.763507 val_loss=0.764281 best_val=0.762305@0024 train_nmse=0.998979 val_nmse=0.998963 train_cos=0.541684 val_cos=0.540667
epoch 0028/0300 train_loss=0.762342 val_loss=0.765217 best_val=0.762305@0024 train_nmse=0.998953 val_nmse=0.998974 train_cos=0.541964 val_cos=0.540196
epoch 0029/0300 train_loss=0.763151 val_loss=0.761532 best_val=0.761532@0029 train_nmse=0.998937 val_nmse=0.998951 train_cos=0.543077 val_cos=0.540860
epoch 0030/0300 train_loss=0.761738 val_loss=0.760868 best_val=0.760868@0030 train_nmse=0.998903 val_nmse=0.998933 train_cos=0.544494 val_cos=0.544849
epoch 0031/0300 train_loss=0.761981 val_loss=0.764711 best_val=0.760868@0030 train_nmse=0.998909 val_nmse=0.998870 train_cos=0.544459 val_cos=0.539861
epoch 0032/0300 train_loss=0.761315 val_loss=0.763954 best_val=0.760868@0030 train_nmse=0.998900 val_nmse=0.998906 train_cos=0.544200 val_cos=0.539972
epoch 0033/0300 train_loss=0.761494 val_loss=0.760795 best_val=0.760795@0033 train_nmse=0.998857 val_nmse=0.998872 train_cos=0.545261 val_cos=0.543785
epoch 0034/0300 train_loss=0.759601 val_loss=0.759662 best_val=0.759662@0034 train_nmse=0.998863 val_nmse=0.998886 train_cos=0.546334 val_cos=0.542546
epoch 0035/0300 train_loss=0.758882 val_loss=0.765681 best_val=0.759662@0034 train_nmse=0.998837 val_nmse=0.998858 train_cos=0.547392 val_cos=0.540161
epoch 0036/0300 train_loss=0.758982 val_loss=0.759903 best_val=0.759662@0034 train_nmse=0.998833 val_nmse=0.998863 train_cos=0.547276 val_cos=0.543097
epoch 0037/0300 train_loss=0.759304 val_loss=0.760793 best_val=0.759662@0034 train_nmse=0.998796 val_nmse=0.998794 train_cos=0.548243 val_cos=0.545494
epoch 0038/0300 train_loss=0.758031 val_loss=0.759256 best_val=0.759256@0038 train_nmse=0.998813 val_nmse=0.998807 train_cos=0.549079 val_cos=0.548431
epoch 0039/0300 train_loss=0.759068 val_loss=0.759041 best_val=0.759041@0039 train_nmse=0.998765 val_nmse=0.998770 train_cos=0.549565 val_cos=0.547502
epoch 0040/0300 train_loss=0.757905 val_loss=0.758113 best_val=0.758113@0040 train_nmse=0.998765 val_nmse=0.998755 train_cos=0.549377 val_cos=0.548708
epoch 0041/0300 train_loss=0.757300 val_loss=0.754508 best_val=0.754508@0041 train_nmse=0.998746 val_nmse=0.998783 train_cos=0.551204 val_cos=0.550431
epoch 0042/0300 train_loss=0.755551 val_loss=0.758630 best_val=0.754508@0041 train_nmse=0.998731 val_nmse=0.998684 train_cos=0.551372 val_cos=0.551035
epoch 0043/0300 train_loss=0.754941 val_loss=0.751051 best_val=0.751051@0043 train_nmse=0.998737 val_nmse=0.998719 train_cos=0.551559 val_cos=0.553027
epoch 0044/0300 train_loss=0.756992 val_loss=0.757672 best_val=0.751051@0043 train_nmse=0.998703 val_nmse=0.998728 train_cos=0.551789 val_cos=0.544164
epoch 0045/0300 train_loss=0.755943 val_loss=0.756280 best_val=0.751051@0043 train_nmse=0.998688 val_nmse=0.998702 train_cos=0.551846 val_cos=0.547654
epoch 0046/0300 train_loss=0.754259 val_loss=0.759447 best_val=0.751051@0043 train_nmse=0.998673 val_nmse=0.998682 train_cos=0.552568 val_cos=0.546933
epoch 0047/0300 train_loss=0.755243 val_loss=0.761410 best_val=0.751051@0043 train_nmse=0.998679 val_nmse=0.998659 train_cos=0.551890 val_cos=0.544993
epoch 0048/0300 train_loss=0.753746 val_loss=0.755486 best_val=0.751051@0043 train_nmse=0.998643 val_nmse=0.998638 train_cos=0.553683 val_cos=0.551319
epoch 0049/0300 train_loss=0.753842 val_loss=0.755680 best_val=0.751051@0043 train_nmse=0.998628 val_nmse=0.998638 train_cos=0.553527 val_cos=0.552401
epoch 0050/0300 train_loss=0.753861 val_loss=0.754920 best_val=0.751051@0043 train_nmse=0.998616 val_nmse=0.998632 train_cos=0.553856 val_cos=0.552718
epoch 0051/0300 train_loss=0.753863 val_loss=0.753493 best_val=0.751051@0043 train_nmse=0.998594 val_nmse=0.998584 train_cos=0.553955 val_cos=0.553791
epoch 0052/0300 train_loss=0.752789 val_loss=0.748225 best_val=0.748225@0052 train_nmse=0.998590 val_nmse=0.998613 train_cos=0.554765 val_cos=0.555017
epoch 0053/0300 train_loss=0.752910 val_loss=0.748962 best_val=0.748225@0052 train_nmse=0.998562 val_nmse=0.998569 train_cos=0.554931 val_cos=0.555410
epoch 0054/0300 train_loss=0.751934 val_loss=0.753517 best_val=0.748225@0052 train_nmse=0.998576 val_nmse=0.998557 train_cos=0.554759 val_cos=0.552241
epoch 0055/0300 train_loss=0.750614 val_loss=0.753705 best_val=0.748225@0052 train_nmse=0.998541 val_nmse=0.998532 train_cos=0.556322 val_cos=0.549616
epoch 0056/0300 train_loss=0.752582 val_loss=0.749490 best_val=0.748225@0052 train_nmse=0.998514 val_nmse=0.998522 train_cos=0.555370 val_cos=0.551432
epoch 0057/0300 train_loss=0.750201 val_loss=0.751203 best_val=0.748225@0052 train_nmse=0.998506 val_nmse=0.998485 train_cos=0.557269 val_cos=0.555522
epoch 0058/0300 train_loss=0.749800 val_loss=0.750807 best_val=0.748225@0052 train_nmse=0.998492 val_nmse=0.998537 train_cos=0.557831 val_cos=0.551767
epoch 0059/0300 train_loss=0.749423 val_loss=0.750922 best_val=0.748225@0052 train_nmse=0.998494 val_nmse=0.998531 train_cos=0.556513 val_cos=0.554776
epoch 0060/0300 train_loss=0.750947 val_loss=0.750264 best_val=0.748225@0052 train_nmse=0.998477 val_nmse=0.998491 train_cos=0.556719 val_cos=0.554327
epoch 0061/0300 train_loss=0.750553 val_loss=0.748658 best_val=0.748225@0052 train_nmse=0.998466 val_nmse=0.998462 train_cos=0.557092 val_cos=0.555167
epoch 0062/0300 train_loss=0.748596 val_loss=0.750011 best_val=0.748225@0052 train_nmse=0.998443 val_nmse=0.998480 train_cos=0.558344 val_cos=0.555731
epoch 0063/0300 train_loss=0.749249 val_loss=0.749174 best_val=0.748225@0052 train_nmse=0.998449 val_nmse=0.998477 train_cos=0.557407 val_cos=0.553981
epoch 0064/0300 train_loss=0.749963 val_loss=0.748499 best_val=0.748225@0052 train_nmse=0.998443 val_nmse=0.998398 train_cos=0.556585 val_cos=0.559860
epoch 0065/0300 train_loss=0.750403 val_loss=0.750821 best_val=0.748225@0052 train_nmse=0.998419 val_nmse=0.998482 train_cos=0.556726 val_cos=0.550287
epoch 0066/0300 train_loss=0.749635 val_loss=0.749932 best_val=0.748225@0052 train_nmse=0.998424 val_nmse=0.998427 train_cos=0.556500 val_cos=0.553555
epoch 0067/0300 train_loss=0.748588 val_loss=0.748161 best_val=0.748161@0067 train_nmse=0.998401 val_nmse=0.998424 train_cos=0.557671 val_cos=0.557336
epoch 0068/0300 train_loss=0.748332 val_loss=0.746440 best_val=0.746440@0068 train_nmse=0.998395 val_nmse=0.998482 train_cos=0.557707 val_cos=0.552865
epoch 0069/0300 train_loss=0.748574 val_loss=0.744685 best_val=0.744685@0069 train_nmse=0.998373 val_nmse=0.998354 train_cos=0.558834 val_cos=0.560455
epoch 0070/0300 train_loss=0.746925 val_loss=0.749518 best_val=0.744685@0069 train_nmse=0.998367 val_nmse=0.998392 train_cos=0.558402 val_cos=0.556729
epoch 0071/0300 train_loss=0.747728 val_loss=0.749542 best_val=0.744685@0069 train_nmse=0.998367 val_nmse=0.998272 train_cos=0.558619 val_cos=0.558159
epoch 0072/0300 train_loss=0.747518 val_loss=0.746700 best_val=0.744685@0069 train_nmse=0.998352 val_nmse=0.998334 train_cos=0.558192 val_cos=0.555530
epoch 0073/0300 train_loss=0.747101 val_loss=0.743302 best_val=0.743302@0073 train_nmse=0.998348 val_nmse=0.998329 train_cos=0.558118 val_cos=0.560926
epoch 0074/0300 train_loss=0.747462 val_loss=0.749435 best_val=0.743302@0073 train_nmse=0.998310 val_nmse=0.998303 train_cos=0.559572 val_cos=0.555852
epoch 0075/0300 train_loss=0.746966 val_loss=0.747721 best_val=0.743302@0073 train_nmse=0.998288 val_nmse=0.998253 train_cos=0.559022 val_cos=0.559692
epoch 0076/0300 train_loss=0.746719 val_loss=0.745781 best_val=0.743302@0073 train_nmse=0.998297 val_nmse=0.998276 train_cos=0.558854 val_cos=0.558342
epoch 0077/0300 train_loss=0.746149 val_loss=0.743879 best_val=0.743302@0073 train_nmse=0.998306 val_nmse=0.998259 train_cos=0.558279 val_cos=0.558009
epoch 0078/0300 train_loss=0.743898 val_loss=0.745245 best_val=0.743302@0073 train_nmse=0.998277 val_nmse=0.998298 train_cos=0.560590 val_cos=0.559448
epoch 0079/0300 train_loss=0.745547 val_loss=0.747590 best_val=0.743302@0073 train_nmse=0.998269 val_nmse=0.998285 train_cos=0.558933 val_cos=0.557744
epoch 0080/0300 train_loss=0.744367 val_loss=0.747903 best_val=0.743302@0073 train_nmse=0.998237 val_nmse=0.998282 train_cos=0.560616 val_cos=0.556428
epoch 0081/0300 train_loss=0.744829 val_loss=0.741940 best_val=0.741940@0081 train_nmse=0.998237 val_nmse=0.998258 train_cos=0.560116 val_cos=0.560535
epoch 0082/0300 train_loss=0.744766 val_loss=0.745904 best_val=0.741940@0081 train_nmse=0.998240 val_nmse=0.998273 train_cos=0.559013 val_cos=0.553778
epoch 0083/0300 train_loss=0.743414 val_loss=0.746659 best_val=0.741940@0081 train_nmse=0.998209 val_nmse=0.998236 train_cos=0.560381 val_cos=0.554388
epoch 0084/0300 train_loss=0.743330 val_loss=0.742992 best_val=0.741940@0081 train_nmse=0.998207 val_nmse=0.998183 train_cos=0.560208 val_cos=0.559640
epoch 0085/0300 train_loss=0.743346 val_loss=0.752274 best_val=0.741940@0081 train_nmse=0.998180 val_nmse=0.998238 train_cos=0.560660 val_cos=0.549621
epoch 0086/0300 train_loss=0.743863 val_loss=0.740628 best_val=0.740628@0086 train_nmse=0.998204 val_nmse=0.998160 train_cos=0.559231 val_cos=0.556818
epoch 0087/0300 train_loss=0.743061 val_loss=0.745129 best_val=0.740628@0086 train_nmse=0.998174 val_nmse=0.998203 train_cos=0.561120 val_cos=0.556814
epoch 0088/0300 train_loss=0.744175 val_loss=0.741227 best_val=0.740628@0086 train_nmse=0.998164 val_nmse=0.998181 train_cos=0.558282 val_cos=0.560607
epoch 0089/0300 train_loss=0.742409 val_loss=0.742707 best_val=0.740628@0086 train_nmse=0.998159 val_nmse=0.998204 train_cos=0.560436 val_cos=0.557117
epoch 0090/0300 train_loss=0.741992 val_loss=0.744483 best_val=0.740628@0086 train_nmse=0.998150 val_nmse=0.998183 train_cos=0.560200 val_cos=0.559082
epoch 0091/0300 train_loss=0.742526 val_loss=0.742627 best_val=0.740628@0086 train_nmse=0.998126 val_nmse=0.998081 train_cos=0.559662 val_cos=0.557853
epoch 0092/0300 train_loss=0.741547 val_loss=0.742089 best_val=0.740628@0086 train_nmse=0.998139 val_nmse=0.998144 train_cos=0.560155 val_cos=0.557941
epoch 0093/0300 train_loss=0.742125 val_loss=0.738836 best_val=0.738836@0093 train_nmse=0.998118 val_nmse=0.998099 train_cos=0.559982 val_cos=0.560290
epoch 0094/0300 train_loss=0.742746 val_loss=0.742136 best_val=0.738836@0093 train_nmse=0.998115 val_nmse=0.998057 train_cos=0.559761 val_cos=0.559582
epoch 0095/0300 train_loss=0.741330 val_loss=0.744068 best_val=0.738836@0093 train_nmse=0.998085 val_nmse=0.998140 train_cos=0.560564 val_cos=0.556412
epoch 0096/0300 train_loss=0.741319 val_loss=0.741731 best_val=0.738836@0093 train_nmse=0.998108 val_nmse=0.998116 train_cos=0.559763 val_cos=0.557828
epoch 0097/0300 train_loss=0.742042 val_loss=0.742376 best_val=0.738836@0093 train_nmse=0.998062 val_nmse=0.998067 train_cos=0.559181 val_cos=0.556936
epoch 0098/0300 train_loss=0.741341 val_loss=0.742728 best_val=0.738836@0093 train_nmse=0.998060 val_nmse=0.998068 train_cos=0.559204 val_cos=0.557796
epoch 0099/0300 train_loss=0.739884 val_loss=0.738412 best_val=0.738412@0099 train_nmse=0.998047 val_nmse=0.998047 train_cos=0.560181 val_cos=0.563089
epoch 0100/0300 train_loss=0.740671 val_loss=0.740007 best_val=0.738412@0099 train_nmse=0.998053 val_nmse=0.998031 train_cos=0.558718 val_cos=0.556463
epoch 0101/0300 train_loss=0.741190 val_loss=0.743003 best_val=0.738412@0099 train_nmse=0.998021 val_nmse=0.998091 train_cos=0.559987 val_cos=0.554524
epoch 0102/0300 train_loss=0.738889 val_loss=0.738408 best_val=0.738408@0102 train_nmse=0.998029 val_nmse=0.998035 train_cos=0.559968 val_cos=0.557971
epoch 0103/0300 train_loss=0.738746 val_loss=0.737654 best_val=0.737654@0103 train_nmse=0.998018 val_nmse=0.998003 train_cos=0.561103 val_cos=0.559203
epoch 0104/0300 train_loss=0.739726 val_loss=0.739827 best_val=0.737654@0103 train_nmse=0.998018 val_nmse=0.998012 train_cos=0.558519 val_cos=0.556631
epoch 0105/0300 train_loss=0.739022 val_loss=0.738720 best_val=0.737654@0103 train_nmse=0.997998 val_nmse=0.997975 train_cos=0.560276 val_cos=0.559562
epoch 0106/0300 train_loss=0.737811 val_loss=0.738828 best_val=0.737654@0103 train_nmse=0.997999 val_nmse=0.998019 train_cos=0.560890 val_cos=0.561771
epoch 0107/0300 train_loss=0.739372 val_loss=0.737924 best_val=0.737654@0103 train_nmse=0.998011 val_nmse=0.997973 train_cos=0.558834 val_cos=0.561253
epoch 0108/0300 train_loss=0.738937 val_loss=0.737190 best_val=0.737190@0108 train_nmse=0.997985 val_nmse=0.998017 train_cos=0.559410 val_cos=0.556188
epoch 0109/0300 train_loss=0.738923 val_loss=0.739735 best_val=0.737190@0108 train_nmse=0.997958 val_nmse=0.998020 train_cos=0.559339 val_cos=0.557640
epoch 0110/0300 train_loss=0.737125 val_loss=0.736777 best_val=0.736777@0110 train_nmse=0.997973 val_nmse=0.997985 train_cos=0.560481 val_cos=0.557493
epoch 0111/0300 train_loss=0.737731 val_loss=0.737387 best_val=0.736777@0110 train_nmse=0.997961 val_nmse=0.998000 train_cos=0.558276 val_cos=0.556322
epoch 0112/0300 train_loss=0.737909 val_loss=0.737680 best_val=0.736777@0110 train_nmse=0.997953 val_nmse=0.997919 train_cos=0.558643 val_cos=0.560371
epoch 0113/0300 train_loss=0.736842 val_loss=0.735219 best_val=0.735219@0113 train_nmse=0.997957 val_nmse=0.997975 train_cos=0.558190 val_cos=0.558983
epoch 0114/0300 train_loss=0.736568 val_loss=0.741113 best_val=0.735219@0113 train_nmse=0.997953 val_nmse=0.997975 train_cos=0.558116 val_cos=0.550831
epoch 0115/0300 train_loss=0.735719 val_loss=0.739358 best_val=0.735219@0113 train_nmse=0.997955 val_nmse=0.998054 train_cos=0.557794 val_cos=0.550333
epoch 0116/0300 train_loss=0.735551 val_loss=0.736477 best_val=0.735219@0113 train_nmse=0.997936 val_nmse=0.997950 train_cos=0.557803 val_cos=0.555995
epoch 0117/0300 train_loss=0.734601 val_loss=0.732808 best_val=0.732808@0117 train_nmse=0.997977 val_nmse=0.998045 train_cos=0.557499 val_cos=0.555767
epoch 0118/0300 train_loss=0.735316 val_loss=0.735292 best_val=0.732808@0117 train_nmse=0.997969 val_nmse=0.997921 train_cos=0.556225 val_cos=0.554075
epoch 0119/0300 train_loss=0.735820 val_loss=0.734853 best_val=0.732808@0117 train_nmse=0.997982 val_nmse=0.997947 train_cos=0.554597 val_cos=0.555425
epoch 0120/0300 train_loss=0.732321 val_loss=0.731032 best_val=0.731032@0120 train_nmse=0.997980 val_nmse=0.997998 train_cos=0.555634 val_cos=0.555490
epoch 0121/0300 train_loss=0.732961 val_loss=0.732788 best_val=0.731032@0120 train_nmse=0.997995 val_nmse=0.998110 train_cos=0.552920 val_cos=0.548138
epoch 0122/0300 train_loss=0.730072 val_loss=0.732126 best_val=0.731032@0120 train_nmse=0.998016 val_nmse=0.998040 train_cos=0.554379 val_cos=0.549521
epoch 0123/0300 train_loss=0.727465 val_loss=0.731961 best_val=0.731032@0120 train_nmse=0.998054 val_nmse=0.998084 train_cos=0.553492 val_cos=0.548276
epoch 0124/0300 train_loss=0.727034 val_loss=0.723125 best_val=0.723125@0124 train_nmse=0.998092 val_nmse=0.998233 train_cos=0.550041 val_cos=0.547863
epoch 0125/0300 train_loss=0.723554 val_loss=0.716979 best_val=0.716979@0125 train_nmse=0.998112 val_nmse=0.998085 train_cos=0.549947 val_cos=0.549041
epoch 0126/0300 train_loss=0.720705 val_loss=0.717156 best_val=0.716979@0125 train_nmse=0.998140 val_nmse=0.998225 train_cos=0.547178 val_cos=0.545721
epoch 0127/0300 train_loss=0.717053 val_loss=0.712739 best_val=0.712739@0127 train_nmse=0.998205 val_nmse=0.998216 train_cos=0.544987 val_cos=0.544744
epoch 0128/0300 train_loss=0.711618 val_loss=0.716260 best_val=0.712739@0127 train_nmse=0.998219 val_nmse=0.998102 train_cos=0.544662 val_cos=0.542032
epoch 0129/0300 train_loss=0.707980 val_loss=0.705059 best_val=0.705059@0129 train_nmse=0.998197 val_nmse=0.998243 train_cos=0.542563 val_cos=0.539510
epoch 0130/0300 train_loss=0.705661 val_loss=0.700344 best_val=0.700344@0130 train_nmse=0.998222 val_nmse=0.998227 train_cos=0.540400 val_cos=0.540446
epoch 0131/0300 train_loss=0.697956 val_loss=0.701854 best_val=0.700344@0130 train_nmse=0.998194 val_nmse=0.998268 train_cos=0.543313 val_cos=0.539102
epoch 0132/0300 train_loss=0.695704 val_loss=0.696202 best_val=0.696202@0132 train_nmse=0.998182 val_nmse=0.998243 train_cos=0.540869 val_cos=0.536125
epoch 0133/0300 train_loss=0.693279 val_loss=0.693173 best_val=0.693173@0133 train_nmse=0.998149 val_nmse=0.998139 train_cos=0.540448 val_cos=0.538096
epoch 0134/0300 train_loss=0.689068 val_loss=0.689269 best_val=0.689269@0134 train_nmse=0.998082 val_nmse=0.997959 train_cos=0.541576 val_cos=0.542611
epoch 0135/0300 train_loss=0.688925 val_loss=0.683885 best_val=0.683885@0135 train_nmse=0.998064 val_nmse=0.998095 train_cos=0.540001 val_cos=0.540704
epoch 0136/0300 train_loss=0.684094 val_loss=0.690271 best_val=0.683885@0135 train_nmse=0.998043 val_nmse=0.998022 train_cos=0.542178 val_cos=0.536063
epoch 0137/0300 train_loss=0.684403 val_loss=0.686998 best_val=0.683885@0135 train_nmse=0.998005 val_nmse=0.997915 train_cos=0.540590 val_cos=0.541507
epoch 0138/0300 train_loss=0.681976 val_loss=0.685721 best_val=0.683885@0135 train_nmse=0.997941 val_nmse=0.997964 train_cos=0.541459 val_cos=0.537670
epoch 0139/0300 train_loss=0.678888 val_loss=0.679658 best_val=0.679658@0139 train_nmse=0.997894 val_nmse=0.997829 train_cos=0.543245 val_cos=0.544663
epoch 0140/0300 train_loss=0.678939 val_loss=0.678009 best_val=0.678009@0140 train_nmse=0.997881 val_nmse=0.997777 train_cos=0.542061 val_cos=0.544005
epoch 0141/0300 train_loss=0.679044 val_loss=0.679154 best_val=0.678009@0140 train_nmse=0.997820 val_nmse=0.997565 train_cos=0.542182 val_cos=0.544991
epoch 0142/0300 train_loss=0.676405 val_loss=0.674868 best_val=0.674868@0142 train_nmse=0.997790 val_nmse=0.997929 train_cos=0.543450 val_cos=0.540330
epoch 0143/0300 train_loss=0.675021 val_loss=0.678532 best_val=0.674868@0142 train_nmse=0.997773 val_nmse=0.997773 train_cos=0.544345 val_cos=0.539702
epoch 0144/0300 train_loss=0.674845 val_loss=0.673256 best_val=0.673256@0144 train_nmse=0.997739 val_nmse=0.997621 train_cos=0.543574 val_cos=0.543067
epoch 0145/0300 train_loss=0.673520 val_loss=0.672707 best_val=0.672707@0145 train_nmse=0.997715 val_nmse=0.997488 train_cos=0.544014 val_cos=0.546412
epoch 0146/0300 train_loss=0.674391 val_loss=0.673445 best_val=0.672707@0145 train_nmse=0.997675 val_nmse=0.997788 train_cos=0.543603 val_cos=0.538654
epoch 0147/0300 train_loss=0.670797 val_loss=0.672112 best_val=0.672112@0147 train_nmse=0.997651 val_nmse=0.997565 train_cos=0.545532 val_cos=0.544351
epoch 0148/0300 train_loss=0.669307 val_loss=0.671820 best_val=0.671820@0148 train_nmse=0.997561 val_nmse=0.997546 train_cos=0.546940 val_cos=0.544121
epoch 0149/0300 train_loss=0.669638 val_loss=0.667056 best_val=0.667056@0149 train_nmse=0.997547 val_nmse=0.997614 train_cos=0.545591 val_cos=0.542582
epoch 0150/0300 train_loss=0.668443 val_loss=0.668747 best_val=0.667056@0149 train_nmse=0.997515 val_nmse=0.997593 train_cos=0.546742 val_cos=0.544846
epoch 0151/0300 train_loss=0.668901 val_loss=0.674627 best_val=0.667056@0149 train_nmse=0.997506 val_nmse=0.997609 train_cos=0.545921 val_cos=0.539121
epoch 0152/0300 train_loss=0.665883 val_loss=0.669642 best_val=0.667056@0149 train_nmse=0.997450 val_nmse=0.997380 train_cos=0.548017 val_cos=0.542957
epoch 0153/0300 train_loss=0.666102 val_loss=0.667326 best_val=0.667056@0149 train_nmse=0.997416 val_nmse=0.997392 train_cos=0.548220 val_cos=0.545634
epoch 0154/0300 train_loss=0.666113 val_loss=0.664141 best_val=0.664141@0154 train_nmse=0.997384 val_nmse=0.997428 train_cos=0.547380 val_cos=0.546259
epoch 0155/0300 train_loss=0.665402 val_loss=0.665619 best_val=0.664141@0154 train_nmse=0.997352 val_nmse=0.997189 train_cos=0.547934 val_cos=0.546751
epoch 0156/0300 train_loss=0.664356 val_loss=0.660821 best_val=0.660821@0156 train_nmse=0.997300 val_nmse=0.997263 train_cos=0.548182 val_cos=0.547450
epoch 0157/0300 train_loss=0.662844 val_loss=0.658646 best_val=0.658646@0157 train_nmse=0.997292 val_nmse=0.997366 train_cos=0.549355 val_cos=0.549361
epoch 0158/0300 train_loss=0.663498 val_loss=0.662262 best_val=0.658646@0157 train_nmse=0.997235 val_nmse=0.997380 train_cos=0.548276 val_cos=0.546243
epoch 0159/0300 train_loss=0.662081 val_loss=0.662388 best_val=0.658646@0157 train_nmse=0.997251 val_nmse=0.997148 train_cos=0.549236 val_cos=0.547861
epoch 0160/0300 train_loss=0.661277 val_loss=0.662637 best_val=0.658646@0157 train_nmse=0.997241 val_nmse=0.997223 train_cos=0.548159 val_cos=0.546252
epoch 0161/0300 train_loss=0.661027 val_loss=0.660336 best_val=0.658646@0157 train_nmse=0.997144 val_nmse=0.997052 train_cos=0.550214 val_cos=0.549769
epoch 0162/0300 train_loss=0.659282 val_loss=0.660720 best_val=0.658646@0157 train_nmse=0.997116 val_nmse=0.996987 train_cos=0.551951 val_cos=0.552021
epoch 0163/0300 train_loss=0.657918 val_loss=0.657887 best_val=0.657887@0163 train_nmse=0.997113 val_nmse=0.997311 train_cos=0.551526 val_cos=0.549518
epoch 0164/0300 train_loss=0.660316 val_loss=0.662757 best_val=0.657887@0163 train_nmse=0.997060 val_nmse=0.997247 train_cos=0.549966 val_cos=0.546191
epoch 0165/0300 train_loss=0.657770 val_loss=0.659080 best_val=0.657887@0163 train_nmse=0.996965 val_nmse=0.996736 train_cos=0.552119 val_cos=0.550770
epoch 0166/0300 train_loss=0.657746 val_loss=0.657261 best_val=0.657261@0166 train_nmse=0.997000 val_nmse=0.997004 train_cos=0.551555 val_cos=0.551919
epoch 0167/0300 train_loss=0.658306 val_loss=0.658809 best_val=0.657261@0166 train_nmse=0.996929 val_nmse=0.996640 train_cos=0.551227 val_cos=0.553394
epoch 0168/0300 train_loss=0.656772 val_loss=0.659352 best_val=0.657261@0166 train_nmse=0.996930 val_nmse=0.997063 train_cos=0.551508 val_cos=0.546015
epoch 0169/0300 train_loss=0.656239 val_loss=0.656778 best_val=0.656778@0169 train_nmse=0.996905 val_nmse=0.996845 train_cos=0.552225 val_cos=0.552670
epoch 0170/0300 train_loss=0.655662 val_loss=0.653500 best_val=0.653500@0170 train_nmse=0.996877 val_nmse=0.996772 train_cos=0.551880 val_cos=0.552017
epoch 0171/0300 train_loss=0.654106 val_loss=0.657382 best_val=0.653500@0170 train_nmse=0.996856 val_nmse=0.996959 train_cos=0.553609 val_cos=0.547796
epoch 0172/0300 train_loss=0.654385 val_loss=0.655566 best_val=0.653500@0170 train_nmse=0.996749 val_nmse=0.996678 train_cos=0.553533 val_cos=0.551461
epoch 0173/0300 train_loss=0.653126 val_loss=0.654484 best_val=0.653500@0170 train_nmse=0.996774 val_nmse=0.996662 train_cos=0.554306 val_cos=0.552532
epoch 0174/0300 train_loss=0.651927 val_loss=0.655998 best_val=0.653500@0170 train_nmse=0.996756 val_nmse=0.996900 train_cos=0.554444 val_cos=0.550846
epoch 0175/0300 train_loss=0.650825 val_loss=0.650661 best_val=0.650661@0175 train_nmse=0.996703 val_nmse=0.996621 train_cos=0.556023 val_cos=0.555516
epoch 0176/0300 train_loss=0.650785 val_loss=0.649940 best_val=0.649940@0176 train_nmse=0.996622 val_nmse=0.996635 train_cos=0.556904 val_cos=0.555952
epoch 0177/0300 train_loss=0.650646 val_loss=0.651100 best_val=0.649940@0176 train_nmse=0.996617 val_nmse=0.996721 train_cos=0.556778 val_cos=0.554609
epoch 0178/0300 train_loss=0.650133 val_loss=0.645660 best_val=0.645660@0178 train_nmse=0.996615 val_nmse=0.996511 train_cos=0.556781 val_cos=0.558398
epoch 0179/0300 train_loss=0.650364 val_loss=0.648032 best_val=0.645660@0178 train_nmse=0.996580 val_nmse=0.996557 train_cos=0.556386 val_cos=0.558712
epoch 0180/0300 train_loss=0.648681 val_loss=0.649175 best_val=0.645660@0178 train_nmse=0.996532 val_nmse=0.996572 train_cos=0.557165 val_cos=0.556034
epoch 0181/0300 train_loss=0.649595 val_loss=0.649667 best_val=0.645660@0178 train_nmse=0.996493 val_nmse=0.996429 train_cos=0.557840 val_cos=0.554537
epoch 0182/0300 train_loss=0.648738 val_loss=0.649806 best_val=0.645660@0178 train_nmse=0.996454 val_nmse=0.996434 train_cos=0.557495 val_cos=0.554960
epoch 0183/0300 train_loss=0.649078 val_loss=0.649690 best_val=0.645660@0178 train_nmse=0.996391 val_nmse=0.996463 train_cos=0.557834 val_cos=0.556530
epoch 0184/0300 train_loss=0.648730 val_loss=0.648035 best_val=0.645660@0178 train_nmse=0.996376 val_nmse=0.996276 train_cos=0.558019 val_cos=0.556693
epoch 0185/0300 train_loss=0.646680 val_loss=0.648880 best_val=0.645660@0178 train_nmse=0.996335 val_nmse=0.996376 train_cos=0.559201 val_cos=0.556185
epoch 0186/0300 train_loss=0.646704 val_loss=0.646746 best_val=0.645660@0178 train_nmse=0.996255 val_nmse=0.996066 train_cos=0.560511 val_cos=0.558027
epoch 0187/0300 train_loss=0.644361 val_loss=0.647980 best_val=0.645660@0178 train_nmse=0.996213 val_nmse=0.995926 train_cos=0.561459 val_cos=0.561212
epoch 0188/0300 train_loss=0.644859 val_loss=0.648986 best_val=0.645660@0178 train_nmse=0.996151 val_nmse=0.996079 train_cos=0.561772 val_cos=0.558784
epoch 0189/0300 train_loss=0.644297 val_loss=0.647965 best_val=0.645660@0178 train_nmse=0.996132 val_nmse=0.996399 train_cos=0.561718 val_cos=0.557622
epoch 0190/0300 train_loss=0.644419 val_loss=0.644500 best_val=0.644500@0190 train_nmse=0.996092 val_nmse=0.996474 train_cos=0.561776 val_cos=0.557471
epoch 0191/0300 train_loss=0.644195 val_loss=0.644894 best_val=0.644500@0190 train_nmse=0.996091 val_nmse=0.996049 train_cos=0.562013 val_cos=0.560847
epoch 0192/0300 train_loss=0.643366 val_loss=0.644497 best_val=0.644497@0192 train_nmse=0.996066 val_nmse=0.996068 train_cos=0.563009 val_cos=0.562306
epoch 0193/0300 train_loss=0.643693 val_loss=0.643569 best_val=0.643569@0193 train_nmse=0.995953 val_nmse=0.996202 train_cos=0.563261 val_cos=0.560891
epoch 0194/0300 train_loss=0.643031 val_loss=0.644412 best_val=0.643569@0193 train_nmse=0.995997 val_nmse=0.996032 train_cos=0.563186 val_cos=0.561584
epoch 0195/0300 train_loss=0.640760 val_loss=0.637281 best_val=0.637281@0195 train_nmse=0.995910 val_nmse=0.995997 train_cos=0.564515 val_cos=0.566347
epoch 0196/0300 train_loss=0.643137 val_loss=0.641579 best_val=0.637281@0195 train_nmse=0.995916 val_nmse=0.995932 train_cos=0.562770 val_cos=0.560402
epoch 0197/0300 train_loss=0.640723 val_loss=0.637181 best_val=0.637181@0197 train_nmse=0.995835 val_nmse=0.995788 train_cos=0.565319 val_cos=0.566041
epoch 0198/0300 train_loss=0.639540 val_loss=0.641964 best_val=0.637181@0197 train_nmse=0.995811 val_nmse=0.995655 train_cos=0.565533 val_cos=0.562267
epoch 0199/0300 train_loss=0.641091 val_loss=0.636186 best_val=0.636186@0199 train_nmse=0.995778 val_nmse=0.996010 train_cos=0.564660 val_cos=0.566002
epoch 0200/0300 train_loss=0.640265 val_loss=0.639951 best_val=0.636186@0199 train_nmse=0.995738 val_nmse=0.995834 train_cos=0.565959 val_cos=0.562319
epoch 0201/0300 train_loss=0.639560 val_loss=0.643241 best_val=0.636186@0199 train_nmse=0.995770 val_nmse=0.995459 train_cos=0.564648 val_cos=0.564120
epoch 0202/0300 train_loss=0.638317 val_loss=0.636437 best_val=0.636186@0199 train_nmse=0.995648 val_nmse=0.995547 train_cos=0.566911 val_cos=0.565787
epoch 0203/0300 train_loss=0.637595 val_loss=0.639058 best_val=0.636186@0199 train_nmse=0.995582 val_nmse=0.995933 train_cos=0.567922 val_cos=0.562496
epoch 0204/0300 train_loss=0.636890 val_loss=0.635021 best_val=0.635021@0204 train_nmse=0.995605 val_nmse=0.995564 train_cos=0.567395 val_cos=0.566964
epoch 0205/0300 train_loss=0.636699 val_loss=0.638621 best_val=0.635021@0204 train_nmse=0.995572 val_nmse=0.995538 train_cos=0.567761 val_cos=0.564059
epoch 0206/0300 train_loss=0.638282 val_loss=0.639624 best_val=0.635021@0204 train_nmse=0.995579 val_nmse=0.995521 train_cos=0.565866 val_cos=0.561944
epoch 0207/0300 train_loss=0.636998 val_loss=0.643605 best_val=0.635021@0204 train_nmse=0.995462 val_nmse=0.995460 train_cos=0.568077 val_cos=0.563035
epoch 0208/0300 train_loss=0.636742 val_loss=0.635096 best_val=0.635021@0204 train_nmse=0.995387 val_nmse=0.995640 train_cos=0.567932 val_cos=0.567519
epoch 0209/0300 train_loss=0.638076 val_loss=0.639544 best_val=0.635021@0204 train_nmse=0.995459 val_nmse=0.995666 train_cos=0.567323 val_cos=0.561863
epoch 0210/0300 train_loss=0.635768 val_loss=0.637696 best_val=0.635021@0204 train_nmse=0.995380 val_nmse=0.995269 train_cos=0.568764 val_cos=0.566675
epoch 0211/0300 train_loss=0.636657 val_loss=0.639782 best_val=0.635021@0204 train_nmse=0.995325 val_nmse=0.995595 train_cos=0.568605 val_cos=0.563478
epoch 0212/0300 train_loss=0.636799 val_loss=0.634565 best_val=0.634565@0212 train_nmse=0.995350 val_nmse=0.995110 train_cos=0.568599 val_cos=0.570655
epoch 0213/0300 train_loss=0.635074 val_loss=0.637537 best_val=0.634565@0212 train_nmse=0.995293 val_nmse=0.995402 train_cos=0.568916 val_cos=0.564740
epoch 0214/0300 train_loss=0.635398 val_loss=0.635116 best_val=0.634565@0212 train_nmse=0.995292 val_nmse=0.995301 train_cos=0.568516 val_cos=0.568397
epoch 0215/0300 train_loss=0.634900 val_loss=0.629883 best_val=0.629883@0215 train_nmse=0.995185 val_nmse=0.994928 train_cos=0.569799 val_cos=0.574368
epoch 0216/0300 train_loss=0.634030 val_loss=0.632101 best_val=0.629883@0215 train_nmse=0.995199 val_nmse=0.995215 train_cos=0.570386 val_cos=0.568512
epoch 0217/0300 train_loss=0.634483 val_loss=0.636683 best_val=0.629883@0215 train_nmse=0.995136 val_nmse=0.994999 train_cos=0.569885 val_cos=0.565136
epoch 0218/0300 train_loss=0.634300 val_loss=0.638193 best_val=0.629883@0215 train_nmse=0.995159 val_nmse=0.995018 train_cos=0.569825 val_cos=0.565633
epoch 0219/0300 train_loss=0.634660 val_loss=0.636930 best_val=0.629883@0215 train_nmse=0.995107 val_nmse=0.995137 train_cos=0.570529 val_cos=0.565035
epoch 0220/0300 train_loss=0.634128 val_loss=0.633126 best_val=0.629883@0215 train_nmse=0.995066 val_nmse=0.995063 train_cos=0.570017 val_cos=0.569608
epoch 0221/0300 train_loss=0.633531 val_loss=0.631361 best_val=0.629883@0215 train_nmse=0.995044 val_nmse=0.994625 train_cos=0.570537 val_cos=0.572414
epoch 0222/0300 train_loss=0.632512 val_loss=0.631635 best_val=0.629883@0215 train_nmse=0.994962 val_nmse=0.994748 train_cos=0.571795 val_cos=0.574161
epoch 0223/0300 train_loss=0.634299 val_loss=0.636698 best_val=0.629883@0215 train_nmse=0.995010 val_nmse=0.994855 train_cos=0.570419 val_cos=0.567036
epoch 0224/0300 train_loss=0.633195 val_loss=0.629411 best_val=0.629411@0224 train_nmse=0.994858 val_nmse=0.994900 train_cos=0.571795 val_cos=0.572923
epoch 0225/0300 train_loss=0.632386 val_loss=0.629409 best_val=0.629409@0225 train_nmse=0.994862 val_nmse=0.994912 train_cos=0.571592 val_cos=0.571978
epoch 0226/0300 train_loss=0.630257 val_loss=0.631145 best_val=0.629409@0225 train_nmse=0.994883 val_nmse=0.994953 train_cos=0.572469 val_cos=0.569568
epoch 0227/0300 train_loss=0.630695 val_loss=0.636448 best_val=0.629409@0225 train_nmse=0.994847 val_nmse=0.994532 train_cos=0.572696 val_cos=0.569184
epoch 0228/0300 train_loss=0.633587 val_loss=0.630739 best_val=0.629409@0225 train_nmse=0.994843 val_nmse=0.994610 train_cos=0.571027 val_cos=0.572688
epoch 0229/0300 train_loss=0.631962 val_loss=0.633263 best_val=0.629409@0225 train_nmse=0.994839 val_nmse=0.995098 train_cos=0.571391 val_cos=0.571031
epoch 0230/0300 train_loss=0.629439 val_loss=0.636118 best_val=0.629409@0225 train_nmse=0.994737 val_nmse=0.994988 train_cos=0.573884 val_cos=0.568202
epoch 0231/0300 train_loss=0.630968 val_loss=0.631212 best_val=0.629409@0225 train_nmse=0.994745 val_nmse=0.994795 train_cos=0.572739 val_cos=0.571245
epoch 0232/0300 train_loss=0.631060 val_loss=0.629167 best_val=0.629167@0232 train_nmse=0.994613 val_nmse=0.994841 train_cos=0.572564 val_cos=0.570682
epoch 0233/0300 train_loss=0.628985 val_loss=0.631749 best_val=0.629167@0232 train_nmse=0.994671 val_nmse=0.994591 train_cos=0.574318 val_cos=0.571554
epoch 0234/0300 train_loss=0.629994 val_loss=0.631441 best_val=0.629167@0232 train_nmse=0.994624 val_nmse=0.994997 train_cos=0.573190 val_cos=0.569675
epoch 0235/0300 train_loss=0.630732 val_loss=0.631974 best_val=0.629167@0232 train_nmse=0.994627 val_nmse=0.994483 train_cos=0.572899 val_cos=0.570883
epoch 0236/0300 train_loss=0.628930 val_loss=0.631363 best_val=0.629167@0232 train_nmse=0.994575 val_nmse=0.994513 train_cos=0.574439 val_cos=0.570720
epoch 0237/0300 train_loss=0.629952 val_loss=0.635650 best_val=0.629167@0232 train_nmse=0.994522 val_nmse=0.994444 train_cos=0.573498 val_cos=0.569554
epoch 0238/0300 train_loss=0.629939 val_loss=0.631024 best_val=0.629167@0232 train_nmse=0.994540 val_nmse=0.994380 train_cos=0.573469 val_cos=0.570381
epoch 0239/0300 train_loss=0.630307 val_loss=0.626034 best_val=0.626034@0239 train_nmse=0.994659 val_nmse=0.994562 train_cos=0.571991 val_cos=0.575064
epoch 0240/0300 train_loss=0.628762 val_loss=0.626059 best_val=0.626034@0239 train_nmse=0.994438 val_nmse=0.994335 train_cos=0.574160 val_cos=0.574482
epoch 0241/0300 train_loss=0.628074 val_loss=0.631382 best_val=0.626034@0239 train_nmse=0.994530 val_nmse=0.994458 train_cos=0.573660 val_cos=0.573693
epoch 0242/0300 train_loss=0.628707 val_loss=0.627995 best_val=0.626034@0239 train_nmse=0.994420 val_nmse=0.994613 train_cos=0.574158 val_cos=0.573889
epoch 0243/0300 train_loss=0.627620 val_loss=0.628721 best_val=0.626034@0239 train_nmse=0.994436 val_nmse=0.994488 train_cos=0.574434 val_cos=0.571728
epoch 0244/0300 train_loss=0.629667 val_loss=0.632096 best_val=0.626034@0239 train_nmse=0.994412 val_nmse=0.994017 train_cos=0.573493 val_cos=0.573834
epoch 0245/0300 train_loss=0.627404 val_loss=0.633063 best_val=0.626034@0239 train_nmse=0.994448 val_nmse=0.994345 train_cos=0.574128 val_cos=0.568851
epoch 0246/0300 train_loss=0.629769 val_loss=0.628437 best_val=0.626034@0239 train_nmse=0.994505 val_nmse=0.994396 train_cos=0.572422 val_cos=0.573164
epoch 0247/0300 train_loss=0.629461 val_loss=0.631171 best_val=0.626034@0239 train_nmse=0.994329 val_nmse=0.994353 train_cos=0.573774 val_cos=0.570358
epoch 0248/0300 train_loss=0.627734 val_loss=0.625688 best_val=0.625688@0248 train_nmse=0.994296 val_nmse=0.994463 train_cos=0.574227 val_cos=0.574911
epoch 0249/0300 train_loss=0.627741 val_loss=0.630515 best_val=0.625688@0248 train_nmse=0.994299 val_nmse=0.994344 train_cos=0.574473 val_cos=0.570221
epoch 0250/0300 train_loss=0.626812 val_loss=0.627050 best_val=0.625688@0248 train_nmse=0.994231 val_nmse=0.994135 train_cos=0.575561 val_cos=0.574185
epoch 0251/0300 train_loss=0.626969 val_loss=0.626665 best_val=0.625688@0248 train_nmse=0.994218 val_nmse=0.994270 train_cos=0.575694 val_cos=0.574082
epoch 0252/0300 train_loss=0.627687 val_loss=0.629246 best_val=0.625688@0248 train_nmse=0.994288 val_nmse=0.994206 train_cos=0.574226 val_cos=0.571753
epoch 0253/0300 train_loss=0.626337 val_loss=0.629686 best_val=0.625688@0248 train_nmse=0.994240 val_nmse=0.994040 train_cos=0.575764 val_cos=0.570862
epoch 0254/0300 train_loss=0.626904 val_loss=0.629705 best_val=0.625688@0248 train_nmse=0.994299 val_nmse=0.994182 train_cos=0.574329 val_cos=0.572195
epoch 0255/0300 train_loss=0.628043 val_loss=0.628552 best_val=0.625688@0248 train_nmse=0.994145 val_nmse=0.994501 train_cos=0.574775 val_cos=0.571710
epoch 0256/0300 train_loss=0.624199 val_loss=0.629841 best_val=0.625688@0248 train_nmse=0.994106 val_nmse=0.994202 train_cos=0.577620 val_cos=0.572634
epoch 0257/0300 train_loss=0.626322 val_loss=0.626713 best_val=0.625688@0248 train_nmse=0.994163 val_nmse=0.993938 train_cos=0.574975 val_cos=0.574313
epoch 0258/0300 train_loss=0.626984 val_loss=0.630839 best_val=0.625688@0248 train_nmse=0.994145 val_nmse=0.994156 train_cos=0.574775 val_cos=0.572242
epoch 0259/0300 train_loss=0.625803 val_loss=0.625915 best_val=0.625688@0248 train_nmse=0.994132 val_nmse=0.994069 train_cos=0.575516 val_cos=0.575645
epoch 0260/0300 train_loss=0.625488 val_loss=0.629938 best_val=0.625688@0248 train_nmse=0.994080 val_nmse=0.994259 train_cos=0.575266 val_cos=0.571326
epoch 0261/0300 train_loss=0.626308 val_loss=0.631176 best_val=0.625688@0248 train_nmse=0.994018 val_nmse=0.994216 train_cos=0.575416 val_cos=0.568516
epoch 0262/0300 train_loss=0.626102 val_loss=0.625725 best_val=0.625688@0248 train_nmse=0.994031 val_nmse=0.993861 train_cos=0.576146 val_cos=0.573475
epoch 0263/0300 train_loss=0.627049 val_loss=0.626102 best_val=0.625688@0248 train_nmse=0.994023 val_nmse=0.994231 train_cos=0.575233 val_cos=0.574675
epoch 0264/0300 train_loss=0.626743 val_loss=0.623610 best_val=0.623610@0264 train_nmse=0.994018 val_nmse=0.994038 train_cos=0.575098 val_cos=0.576142
epoch 0265/0300 train_loss=0.625626 val_loss=0.625012 best_val=0.623610@0264 train_nmse=0.993978 val_nmse=0.994050 train_cos=0.575976 val_cos=0.574308
epoch 0266/0300 train_loss=0.624367 val_loss=0.623206 best_val=0.623206@0266 train_nmse=0.993912 val_nmse=0.993901 train_cos=0.576391 val_cos=0.578171
epoch 0267/0300 train_loss=0.625323 val_loss=0.626392 best_val=0.623206@0266 train_nmse=0.993914 val_nmse=0.993601 train_cos=0.576028 val_cos=0.576675
epoch 0268/0300 train_loss=0.626156 val_loss=0.623712 best_val=0.623206@0266 train_nmse=0.993912 val_nmse=0.993952 train_cos=0.575413 val_cos=0.574212
epoch 0269/0300 train_loss=0.623921 val_loss=0.625607 best_val=0.623206@0266 train_nmse=0.993884 val_nmse=0.993997 train_cos=0.576628 val_cos=0.571731
epoch 0270/0300 train_loss=0.626236 val_loss=0.624120 best_val=0.623206@0266 train_nmse=0.993815 val_nmse=0.993757 train_cos=0.575787 val_cos=0.574248
epoch 0271/0300 train_loss=0.622333 val_loss=0.626866 best_val=0.623206@0266 train_nmse=0.993874 val_nmse=0.993796 train_cos=0.577769 val_cos=0.573738
epoch 0272/0300 train_loss=0.624325 val_loss=0.625979 best_val=0.623206@0266 train_nmse=0.993839 val_nmse=0.994065 train_cos=0.576854 val_cos=0.570775
epoch 0273/0300 train_loss=0.623425 val_loss=0.624737 best_val=0.623206@0266 train_nmse=0.993875 val_nmse=0.994152 train_cos=0.577060 val_cos=0.573969
epoch 0274/0300 train_loss=0.623018 val_loss=0.627042 best_val=0.623206@0266 train_nmse=0.993863 val_nmse=0.993623 train_cos=0.576762 val_cos=0.573416
epoch 0275/0300 train_loss=0.625434 val_loss=0.628583 best_val=0.623206@0266 train_nmse=0.993830 val_nmse=0.994084 train_cos=0.575444 val_cos=0.568047
epoch 0276/0300 train_loss=0.624950 val_loss=0.622775 best_val=0.622775@0276 train_nmse=0.993806 val_nmse=0.993669 train_cos=0.575537 val_cos=0.576461
epoch 0277/0300 train_loss=0.623112 val_loss=0.622288 best_val=0.622288@0277 train_nmse=0.993774 val_nmse=0.993655 train_cos=0.577818 val_cos=0.575072
epoch 0278/0300 train_loss=0.625040 val_loss=0.622664 best_val=0.622288@0277 train_nmse=0.993775 val_nmse=0.993601 train_cos=0.576306 val_cos=0.577767
epoch 0279/0300 train_loss=0.623684 val_loss=0.627540 best_val=0.622288@0277 train_nmse=0.993729 val_nmse=0.993848 train_cos=0.576635 val_cos=0.573849
epoch 0280/0300 train_loss=0.621406 val_loss=0.625575 best_val=0.622288@0277 train_nmse=0.993752 val_nmse=0.993662 train_cos=0.578737 val_cos=0.573396
epoch 0281/0300 train_loss=0.622496 val_loss=0.625396 best_val=0.622288@0277 train_nmse=0.993690 val_nmse=0.993859 train_cos=0.576738 val_cos=0.573041
epoch 0282/0300 train_loss=0.623308 val_loss=0.626048 best_val=0.622288@0277 train_nmse=0.993664 val_nmse=0.994040 train_cos=0.576188 val_cos=0.573110
epoch 0283/0300 train_loss=0.622380 val_loss=0.621098 best_val=0.621098@0283 train_nmse=0.993583 val_nmse=0.993770 train_cos=0.578441 val_cos=0.575275
epoch 0284/0300 train_loss=0.623392 val_loss=0.624065 best_val=0.621098@0283 train_nmse=0.993609 val_nmse=0.993823 train_cos=0.577180 val_cos=0.576029
epoch 0285/0300 train_loss=0.624882 val_loss=0.620374 best_val=0.620374@0285 train_nmse=0.993672 val_nmse=0.993518 train_cos=0.576440 val_cos=0.576679
epoch 0286/0300 train_loss=0.622670 val_loss=0.622320 best_val=0.620374@0285 train_nmse=0.993683 val_nmse=0.993545 train_cos=0.577579 val_cos=0.579078
epoch 0287/0300 train_loss=0.622820 val_loss=0.622635 best_val=0.620374@0285 train_nmse=0.993619 val_nmse=0.993570 train_cos=0.577186 val_cos=0.576374
epoch 0288/0300 train_loss=0.622338 val_loss=0.621676 best_val=0.620374@0285 train_nmse=0.993621 val_nmse=0.993198 train_cos=0.577335 val_cos=0.576997
epoch 0289/0300 train_loss=0.624067 val_loss=0.617280 best_val=0.617280@0289 train_nmse=0.993599 val_nmse=0.993539 train_cos=0.575725 val_cos=0.580732
epoch 0290/0300 train_loss=0.623829 val_loss=0.620026 best_val=0.617280@0289 train_nmse=0.993494 val_nmse=0.993556 train_cos=0.576121 val_cos=0.579823
epoch 0291/0300 train_loss=0.623277 val_loss=0.624252 best_val=0.617280@0289 train_nmse=0.993568 val_nmse=0.993585 train_cos=0.576986 val_cos=0.576087
epoch 0292/0300 train_loss=0.623181 val_loss=0.626958 best_val=0.617280@0289 train_nmse=0.993596 val_nmse=0.993805 train_cos=0.576075 val_cos=0.572273
epoch 0293/0300 train_loss=0.622464 val_loss=0.623747 best_val=0.617280@0289 train_nmse=0.993517 val_nmse=0.993563 train_cos=0.576189 val_cos=0.576124
epoch 0294/0300 train_loss=0.622170 val_loss=0.622446 best_val=0.617280@0289 train_nmse=0.993479 val_nmse=0.993614 train_cos=0.577352 val_cos=0.575763
epoch 0295/0300 train_loss=0.622759 val_loss=0.627039 best_val=0.617280@0289 train_nmse=0.993408 val_nmse=0.993364 train_cos=0.577173 val_cos=0.573622
epoch 0296/0300 train_loss=0.622728 val_loss=0.619988 best_val=0.617280@0289 train_nmse=0.993518 val_nmse=0.993592 train_cos=0.576358 val_cos=0.577794
epoch 0297/0300 train_loss=0.621133 val_loss=0.618368 best_val=0.617280@0289 train_nmse=0.993459 val_nmse=0.993379 train_cos=0.577937 val_cos=0.579653
epoch 0298/0300 train_loss=0.620420 val_loss=0.625664 best_val=0.617280@0289 train_nmse=0.993545 val_nmse=0.993750 train_cos=0.577666 val_cos=0.572403
epoch 0299/0300 train_loss=0.622276 val_loss=0.623318 best_val=0.617280@0289 train_nmse=0.993434 val_nmse=0.993218 train_cos=0.576491 val_cos=0.574212
epoch 0300/0300 train_loss=0.620738 val_loss=0.626087 best_val=0.617280@0289 train_nmse=0.993477 val_nmse=0.993292 train_cos=0.577522 val_cos=0.573545
saved last checkpoint: checkpoints/ardae/gaussian_004/last.pt
saved best checkpoint: checkpoints/ardae/gaussian_004/best.pt
saved metrics: checkpoints/ardae/gaussian_004/metrics.csv
