save_dir: checkpoints/ardae/poisson_003
requested_save_dir already existed; using: checkpoints/ardae/poisson_003
device: cuda
data: datasets/processed/bsd400_patches_8x8.npy
raw_data_shape: (204800, 64)
epoch 0001/0300 train_loss=107.723780 val_loss=106.889520 best_val=106.889520@0001 train_nmse=0.998485 val_nmse=0.992685 train_cos=0.053642 val_cos=0.142894
epoch 0002/0300 train_loss=105.937379 val_loss=103.578897 best_val=103.578897@0002 train_nmse=0.981898 val_nmse=0.962136 train_cos=0.318653 val_cos=0.501490
epoch 0003/0300 train_loss=99.550189 val_loss=92.605444 best_val=92.605444@0003 train_nmse=0.922382 val_nmse=0.860310 train_cos=0.593320 val_cos=0.647950
epoch 0004/0300 train_loss=84.841862 val_loss=75.420868 best_val=75.420868@0004 train_nmse=0.786739 val_nmse=0.701793 train_cos=0.676862 val_cos=0.711893
epoch 0005/0300 train_loss=68.596515 val_loss=61.617005 best_val=61.617005@0005 train_nmse=0.635786 val_nmse=0.572365 train_cos=0.744922 val_cos=0.775440
epoch 0006/0300 train_loss=57.252481 val_loss=53.548500 best_val=53.548500@0006 train_nmse=0.531544 val_nmse=0.497123 train_cos=0.794210 val_cos=0.807604
epoch 0007/0300 train_loss=51.384476 val_loss=49.604581 best_val=49.604581@0007 train_nmse=0.476451 val_nmse=0.460530 train_cos=0.813648 val_cos=0.815882
epoch 0008/0300 train_loss=48.407588 val_loss=47.512064 best_val=47.512064@0008 train_nmse=0.449129 val_nmse=0.441790 train_cos=0.817958 val_cos=0.817958
epoch 0009/0300 train_loss=46.848003 val_loss=46.164222 best_val=46.164222@0009 train_nmse=0.434475 val_nmse=0.429324 train_cos=0.818894 val_cos=0.818288
epoch 0010/0300 train_loss=45.829266 val_loss=45.470444 best_val=45.470444@0010 train_nmse=0.425120 val_nmse=0.422557 train_cos=0.818900 val_cos=0.818158
epoch 0011/0300 train_loss=45.035920 val_loss=44.520199 best_val=44.520199@0011 train_nmse=0.417730 val_nmse=0.415037 train_cos=0.819460 val_cos=0.818656
epoch 0012/0300 train_loss=44.372761 val_loss=43.999690 best_val=43.999690@0012 train_nmse=0.411691 val_nmse=0.409670 train_cos=0.819994 val_cos=0.819399
epoch 0013/0300 train_loss=43.929193 val_loss=43.777956 best_val=43.777956@0013 train_nmse=0.407524 val_nmse=0.406521 train_cos=0.820160 val_cos=0.819183
epoch 0014/0300 train_loss=43.480472 val_loss=43.300070 best_val=43.300070@0014 train_nmse=0.403462 val_nmse=0.402770 train_cos=0.820462 val_cos=0.818958
epoch 0015/0300 train_loss=43.109989 val_loss=42.964088 best_val=42.964088@0015 train_nmse=0.399569 val_nmse=0.399392 train_cos=0.820886 val_cos=0.819666
epoch 0016/0300 train_loss=42.829877 val_loss=42.672348 best_val=42.672348@0016 train_nmse=0.396841 val_nmse=0.396507 train_cos=0.821293 val_cos=0.820486
epoch 0017/0300 train_loss=42.427528 val_loss=42.378865 best_val=42.378865@0017 train_nmse=0.393350 val_nmse=0.393277 train_cos=0.821752 val_cos=0.820898
epoch 0018/0300 train_loss=42.183947 val_loss=41.906248 best_val=41.906248@0018 train_nmse=0.391079 val_nmse=0.390103 train_cos=0.822058 val_cos=0.821393
epoch 0019/0300 train_loss=41.940021 val_loss=41.883624 best_val=41.883624@0019 train_nmse=0.388822 val_nmse=0.389035 train_cos=0.822354 val_cos=0.821173
epoch 0020/0300 train_loss=41.687584 val_loss=41.595230 best_val=41.595230@0020 train_nmse=0.386240 val_nmse=0.386866 train_cos=0.822997 val_cos=0.822125
epoch 0021/0300 train_loss=41.382864 val_loss=41.293411 best_val=41.293411@0021 train_nmse=0.384180 val_nmse=0.383932 train_cos=0.823500 val_cos=0.822496
epoch 0022/0300 train_loss=41.221160 val_loss=41.097089 best_val=41.097089@0022 train_nmse=0.382216 val_nmse=0.381793 train_cos=0.824168 val_cos=0.823600
epoch 0023/0300 train_loss=41.014848 val_loss=40.985643 best_val=40.985643@0023 train_nmse=0.380538 val_nmse=0.380015 train_cos=0.824496 val_cos=0.823840
epoch 0024/0300 train_loss=40.809773 val_loss=40.633932 best_val=40.633932@0024 train_nmse=0.378182 val_nmse=0.378245 train_cos=0.825300 val_cos=0.824046
epoch 0025/0300 train_loss=40.606395 val_loss=40.495032 best_val=40.495032@0025 train_nmse=0.376723 val_nmse=0.375963 train_cos=0.825909 val_cos=0.825239
epoch 0026/0300 train_loss=40.483423 val_loss=40.297285 best_val=40.297285@0026 train_nmse=0.374992 val_nmse=0.374837 train_cos=0.826454 val_cos=0.826056
epoch 0027/0300 train_loss=40.202894 val_loss=40.003435 best_val=40.003435@0027 train_nmse=0.373169 val_nmse=0.372589 train_cos=0.827081 val_cos=0.826473
epoch 0028/0300 train_loss=40.031912 val_loss=40.075771 best_val=40.003435@0027 train_nmse=0.371120 val_nmse=0.371727 train_cos=0.827991 val_cos=0.826629
epoch 0029/0300 train_loss=39.840651 val_loss=39.817485 best_val=39.817485@0029 train_nmse=0.369643 val_nmse=0.369810 train_cos=0.828567 val_cos=0.827794
epoch 0030/0300 train_loss=39.731605 val_loss=39.646053 best_val=39.646053@0030 train_nmse=0.368565 val_nmse=0.368356 train_cos=0.828917 val_cos=0.828554
epoch 0031/0300 train_loss=39.536097 val_loss=39.427002 best_val=39.427002@0031 train_nmse=0.366833 val_nmse=0.366957 train_cos=0.829630 val_cos=0.828874
epoch 0032/0300 train_loss=39.437646 val_loss=39.382514 best_val=39.382514@0032 train_nmse=0.365594 val_nmse=0.365636 train_cos=0.830039 val_cos=0.829284
epoch 0033/0300 train_loss=39.247197 val_loss=39.094865 best_val=39.094865@0033 train_nmse=0.364136 val_nmse=0.364236 train_cos=0.830770 val_cos=0.829861
epoch 0034/0300 train_loss=39.105411 val_loss=38.886006 best_val=38.886006@0034 train_nmse=0.362623 val_nmse=0.362222 train_cos=0.831444 val_cos=0.830719
epoch 0035/0300 train_loss=39.015181 val_loss=38.983466 best_val=38.886006@0034 train_nmse=0.361377 val_nmse=0.361350 train_cos=0.831826 val_cos=0.830731
epoch 0036/0300 train_loss=38.836576 val_loss=38.720095 best_val=38.720095@0036 train_nmse=0.360149 val_nmse=0.360255 train_cos=0.832407 val_cos=0.831796
epoch 0037/0300 train_loss=38.730875 val_loss=38.634799 best_val=38.634799@0037 train_nmse=0.358835 val_nmse=0.358839 train_cos=0.833031 val_cos=0.832370
epoch 0038/0300 train_loss=38.576730 val_loss=38.497403 best_val=38.497403@0038 train_nmse=0.357603 val_nmse=0.357597 train_cos=0.833633 val_cos=0.832757
epoch 0039/0300 train_loss=38.415749 val_loss=38.309644 best_val=38.309644@0039 train_nmse=0.356353 val_nmse=0.356360 train_cos=0.833946 val_cos=0.833088
epoch 0040/0300 train_loss=38.329006 val_loss=38.166699 best_val=38.166699@0040 train_nmse=0.355420 val_nmse=0.355439 train_cos=0.834469 val_cos=0.833943
epoch 0041/0300 train_loss=38.241187 val_loss=38.365097 best_val=38.166699@0040 train_nmse=0.354687 val_nmse=0.355533 train_cos=0.834730 val_cos=0.833824
epoch 0042/0300 train_loss=38.104265 val_loss=37.989782 best_val=37.989782@0042 train_nmse=0.353288 val_nmse=0.353264 train_cos=0.835237 val_cos=0.834006
epoch 0043/0300 train_loss=38.062200 val_loss=38.121068 best_val=37.989782@0042 train_nmse=0.352697 val_nmse=0.353022 train_cos=0.835324 val_cos=0.834422
epoch 0044/0300 train_loss=37.905577 val_loss=37.874957 best_val=37.874957@0044 train_nmse=0.351337 val_nmse=0.352042 train_cos=0.836035 val_cos=0.834853
epoch 0045/0300 train_loss=37.747282 val_loss=37.808558 best_val=37.808558@0045 train_nmse=0.350172 val_nmse=0.351344 train_cos=0.836586 val_cos=0.835202
epoch 0046/0300 train_loss=37.593029 val_loss=37.642918 best_val=37.642918@0046 train_nmse=0.348985 val_nmse=0.349520 train_cos=0.837056 val_cos=0.836184
epoch 0047/0300 train_loss=37.501165 val_loss=37.269641 best_val=37.269641@0047 train_nmse=0.348060 val_nmse=0.347413 train_cos=0.837443 val_cos=0.837099
epoch 0048/0300 train_loss=37.428741 val_loss=37.507751 best_val=37.269641@0047 train_nmse=0.346596 val_nmse=0.348463 train_cos=0.838305 val_cos=0.836883
epoch 0049/0300 train_loss=37.316388 val_loss=37.471750 best_val=37.269641@0047 train_nmse=0.346009 val_nmse=0.346808 train_cos=0.838537 val_cos=0.837351
epoch 0050/0300 train_loss=37.192112 val_loss=37.174231 best_val=37.174231@0050 train_nmse=0.344927 val_nmse=0.344847 train_cos=0.838978 val_cos=0.838234
epoch 0051/0300 train_loss=37.088008 val_loss=37.055090 best_val=37.055090@0051 train_nmse=0.343847 val_nmse=0.344769 train_cos=0.839375 val_cos=0.838345
epoch 0052/0300 train_loss=36.902563 val_loss=36.991997 best_val=36.991997@0052 train_nmse=0.342666 val_nmse=0.343157 train_cos=0.839904 val_cos=0.838489
epoch 0053/0300 train_loss=36.807789 val_loss=36.805826 best_val=36.805826@0053 train_nmse=0.341644 val_nmse=0.342991 train_cos=0.840368 val_cos=0.839366
epoch 0054/0300 train_loss=36.770340 val_loss=36.602957 best_val=36.602957@0054 train_nmse=0.341133 val_nmse=0.341336 train_cos=0.840797 val_cos=0.839696
epoch 0055/0300 train_loss=36.624547 val_loss=36.700154 best_val=36.602957@0054 train_nmse=0.339892 val_nmse=0.340629 train_cos=0.841230 val_cos=0.840158
epoch 0056/0300 train_loss=36.550949 val_loss=36.495158 best_val=36.495158@0056 train_nmse=0.338922 val_nmse=0.339182 train_cos=0.841574 val_cos=0.841017
epoch 0057/0300 train_loss=36.452237 val_loss=36.295503 best_val=36.295503@0057 train_nmse=0.337872 val_nmse=0.338606 train_cos=0.842026 val_cos=0.840686
epoch 0058/0300 train_loss=36.310973 val_loss=36.240266 best_val=36.240266@0058 train_nmse=0.337061 val_nmse=0.337244 train_cos=0.842420 val_cos=0.841736
epoch 0059/0300 train_loss=36.245861 val_loss=36.245369 best_val=36.240266@0058 train_nmse=0.336267 val_nmse=0.336975 train_cos=0.842718 val_cos=0.841528
epoch 0060/0300 train_loss=36.180895 val_loss=36.165327 best_val=36.165327@0060 train_nmse=0.335180 val_nmse=0.335395 train_cos=0.843306 val_cos=0.842682
epoch 0061/0300 train_loss=35.970873 val_loss=35.955096 best_val=35.955096@0061 train_nmse=0.333980 val_nmse=0.333854 train_cos=0.843951 val_cos=0.843410
epoch 0062/0300 train_loss=35.988933 val_loss=35.891738 best_val=35.891738@0062 train_nmse=0.333393 val_nmse=0.333198 train_cos=0.844140 val_cos=0.843120
epoch 0063/0300 train_loss=35.805517 val_loss=35.626604 best_val=35.626604@0063 train_nmse=0.332399 val_nmse=0.331715 train_cos=0.844388 val_cos=0.844551
epoch 0064/0300 train_loss=35.749193 val_loss=35.738988 best_val=35.626604@0063 train_nmse=0.331119 val_nmse=0.331488 train_cos=0.845127 val_cos=0.844007
epoch 0065/0300 train_loss=35.579194 val_loss=35.530603 best_val=35.530603@0065 train_nmse=0.330131 val_nmse=0.330324 train_cos=0.845656 val_cos=0.845111
epoch 0066/0300 train_loss=35.574086 val_loss=35.499734 best_val=35.499734@0066 train_nmse=0.329470 val_nmse=0.329763 train_cos=0.845909 val_cos=0.844672
epoch 0067/0300 train_loss=35.383460 val_loss=35.586681 best_val=35.499734@0066 train_nmse=0.328465 val_nmse=0.329551 train_cos=0.846253 val_cos=0.845151
epoch 0068/0300 train_loss=35.386916 val_loss=35.301192 best_val=35.301192@0068 train_nmse=0.327793 val_nmse=0.328064 train_cos=0.846710 val_cos=0.846445
epoch 0069/0300 train_loss=35.232872 val_loss=35.062273 best_val=35.062273@0069 train_nmse=0.326754 val_nmse=0.327197 train_cos=0.847143 val_cos=0.846103
epoch 0070/0300 train_loss=35.169459 val_loss=34.958017 best_val=34.958017@0070 train_nmse=0.325845 val_nmse=0.325455 train_cos=0.847531 val_cos=0.847022
epoch 0071/0300 train_loss=35.109733 val_loss=35.036214 best_val=34.958017@0070 train_nmse=0.325313 val_nmse=0.326292 train_cos=0.847729 val_cos=0.846750
epoch 0072/0300 train_loss=34.989628 val_loss=34.723456 best_val=34.723456@0072 train_nmse=0.323976 val_nmse=0.323812 train_cos=0.848381 val_cos=0.847837
epoch 0073/0300 train_loss=34.824239 val_loss=34.898441 best_val=34.723456@0072 train_nmse=0.322894 val_nmse=0.323703 train_cos=0.848935 val_cos=0.847921
epoch 0074/0300 train_loss=34.735343 val_loss=34.768819 best_val=34.723456@0072 train_nmse=0.321943 val_nmse=0.322132 train_cos=0.849474 val_cos=0.848790
epoch 0075/0300 train_loss=34.675078 val_loss=34.541463 best_val=34.541463@0075 train_nmse=0.321415 val_nmse=0.321809 train_cos=0.849976 val_cos=0.848623
epoch 0076/0300 train_loss=34.574851 val_loss=34.537624 best_val=34.537624@0076 train_nmse=0.320367 val_nmse=0.321226 train_cos=0.850177 val_cos=0.848609
epoch 0077/0300 train_loss=34.537310 val_loss=34.383794 best_val=34.383794@0077 train_nmse=0.320027 val_nmse=0.319839 train_cos=0.850188 val_cos=0.849298
epoch 0078/0300 train_loss=34.357305 val_loss=34.222981 best_val=34.222981@0078 train_nmse=0.318674 val_nmse=0.318604 train_cos=0.850801 val_cos=0.849762
epoch 0079/0300 train_loss=34.360796 val_loss=34.214745 best_val=34.214745@0079 train_nmse=0.318015 val_nmse=0.318305 train_cos=0.851139 val_cos=0.850342
epoch 0080/0300 train_loss=34.184712 val_loss=34.160749 best_val=34.160749@0080 train_nmse=0.316813 val_nmse=0.316495 train_cos=0.851721 val_cos=0.851134
epoch 0081/0300 train_loss=34.062177 val_loss=33.793636 best_val=33.793636@0081 train_nmse=0.315714 val_nmse=0.315282 train_cos=0.852242 val_cos=0.851640
epoch 0082/0300 train_loss=33.978691 val_loss=33.946833 best_val=33.793636@0081 train_nmse=0.314949 val_nmse=0.315140 train_cos=0.852500 val_cos=0.851796
epoch 0083/0300 train_loss=33.844220 val_loss=33.705968 best_val=33.705968@0083 train_nmse=0.313931 val_nmse=0.314274 train_cos=0.852849 val_cos=0.851962
epoch 0084/0300 train_loss=33.740873 val_loss=33.770461 best_val=33.705968@0083 train_nmse=0.312952 val_nmse=0.314005 train_cos=0.853375 val_cos=0.852235
epoch 0085/0300 train_loss=33.656838 val_loss=33.850145 best_val=33.705968@0083 train_nmse=0.312136 val_nmse=0.313929 train_cos=0.853856 val_cos=0.852358
epoch 0086/0300 train_loss=33.539863 val_loss=33.463148 best_val=33.463148@0086 train_nmse=0.311402 val_nmse=0.311190 train_cos=0.854281 val_cos=0.854042
epoch 0087/0300 train_loss=33.441807 val_loss=33.337534 best_val=33.337534@0087 train_nmse=0.310437 val_nmse=0.310300 train_cos=0.854493 val_cos=0.853393
epoch 0088/0300 train_loss=33.385335 val_loss=33.338763 best_val=33.337534@0087 train_nmse=0.309655 val_nmse=0.309261 train_cos=0.854901 val_cos=0.854128
epoch 0089/0300 train_loss=33.315695 val_loss=33.287408 best_val=33.287408@0089 train_nmse=0.309014 val_nmse=0.308744 train_cos=0.855210 val_cos=0.854905
epoch 0090/0300 train_loss=33.203649 val_loss=33.195708 best_val=33.195708@0090 train_nmse=0.307830 val_nmse=0.308209 train_cos=0.855821 val_cos=0.855184
epoch 0091/0300 train_loss=33.134494 val_loss=32.966243 best_val=32.966243@0091 train_nmse=0.307289 val_nmse=0.306952 train_cos=0.855998 val_cos=0.855198
epoch 0092/0300 train_loss=33.022456 val_loss=32.901620 best_val=32.901620@0092 train_nmse=0.306281 val_nmse=0.306215 train_cos=0.856553 val_cos=0.855492
epoch 0093/0300 train_loss=32.962770 val_loss=32.708261 best_val=32.708261@0093 train_nmse=0.305420 val_nmse=0.303986 train_cos=0.857084 val_cos=0.857428
epoch 0094/0300 train_loss=32.857578 val_loss=32.749584 best_val=32.708261@0093 train_nmse=0.304582 val_nmse=0.304547 train_cos=0.857482 val_cos=0.856976
epoch 0095/0300 train_loss=32.721121 val_loss=32.649916 best_val=32.649916@0095 train_nmse=0.303643 val_nmse=0.303784 train_cos=0.857864 val_cos=0.856942
epoch 0096/0300 train_loss=32.657416 val_loss=32.524944 best_val=32.524944@0096 train_nmse=0.302504 val_nmse=0.303098 train_cos=0.858421 val_cos=0.857241
epoch 0097/0300 train_loss=32.554667 val_loss=32.555959 best_val=32.524944@0096 train_nmse=0.301910 val_nmse=0.302102 train_cos=0.858401 val_cos=0.857343
epoch 0098/0300 train_loss=32.481059 val_loss=32.396658 best_val=32.396658@0098 train_nmse=0.301269 val_nmse=0.300929 train_cos=0.858761 val_cos=0.858253
epoch 0099/0300 train_loss=32.340030 val_loss=32.254186 best_val=32.254186@0099 train_nmse=0.299962 val_nmse=0.300841 train_cos=0.859255 val_cos=0.858074
epoch 0100/0300 train_loss=32.277134 val_loss=32.190853 best_val=32.190853@0100 train_nmse=0.299197 val_nmse=0.299834 train_cos=0.859725 val_cos=0.858944
epoch 0101/0300 train_loss=32.199103 val_loss=32.127429 best_val=32.127429@0101 train_nmse=0.298735 val_nmse=0.299243 train_cos=0.860013 val_cos=0.858742
epoch 0102/0300 train_loss=32.103687 val_loss=32.046761 best_val=32.046761@0102 train_nmse=0.297734 val_nmse=0.298438 train_cos=0.860248 val_cos=0.859304
epoch 0103/0300 train_loss=31.945539 val_loss=32.061913 best_val=32.046761@0102 train_nmse=0.296328 val_nmse=0.297352 train_cos=0.860816 val_cos=0.859806
epoch 0104/0300 train_loss=31.924351 val_loss=32.037742 best_val=32.037742@0104 train_nmse=0.295947 val_nmse=0.296324 train_cos=0.861192 val_cos=0.860569
epoch 0105/0300 train_loss=31.883990 val_loss=31.640044 best_val=31.640044@0105 train_nmse=0.295213 val_nmse=0.295001 train_cos=0.861374 val_cos=0.860844
epoch 0106/0300 train_loss=31.796939 val_loss=31.762531 best_val=31.640044@0105 train_nmse=0.294630 val_nmse=0.294818 train_cos=0.861670 val_cos=0.860612
epoch 0107/0300 train_loss=31.637243 val_loss=31.653159 best_val=31.640044@0105 train_nmse=0.293410 val_nmse=0.294440 train_cos=0.862271 val_cos=0.861087
epoch 0108/0300 train_loss=31.578710 val_loss=31.678607 best_val=31.640044@0105 train_nmse=0.293052 val_nmse=0.294560 train_cos=0.862270 val_cos=0.860826
epoch 0109/0300 train_loss=31.520678 val_loss=31.350950 best_val=31.350950@0109 train_nmse=0.292211 val_nmse=0.292435 train_cos=0.862839 val_cos=0.861635
epoch 0110/0300 train_loss=31.452383 val_loss=31.316219 best_val=31.316219@0110 train_nmse=0.291616 val_nmse=0.291239 train_cos=0.862919 val_cos=0.862328
epoch 0111/0300 train_loss=31.276210 val_loss=31.496017 best_val=31.316219@0110 train_nmse=0.290403 val_nmse=0.292750 train_cos=0.863579 val_cos=0.861787
epoch 0112/0300 train_loss=31.271034 val_loss=31.164139 best_val=31.164139@0112 train_nmse=0.289922 val_nmse=0.289750 train_cos=0.863514 val_cos=0.863379
epoch 0113/0300 train_loss=31.136623 val_loss=30.973027 best_val=30.973027@0113 train_nmse=0.288721 val_nmse=0.288989 train_cos=0.864172 val_cos=0.863517
epoch 0114/0300 train_loss=31.074637 val_loss=30.887494 best_val=30.887494@0114 train_nmse=0.288007 val_nmse=0.288141 train_cos=0.864739 val_cos=0.863738
epoch 0115/0300 train_loss=30.990613 val_loss=30.926071 best_val=30.887494@0114 train_nmse=0.287031 val_nmse=0.287883 train_cos=0.865035 val_cos=0.864115
epoch 0116/0300 train_loss=30.908752 val_loss=30.936668 best_val=30.887494@0114 train_nmse=0.286449 val_nmse=0.287366 train_cos=0.865173 val_cos=0.864572
epoch 0117/0300 train_loss=30.860320 val_loss=30.832690 best_val=30.832690@0117 train_nmse=0.285906 val_nmse=0.286660 train_cos=0.865643 val_cos=0.864334
epoch 0118/0300 train_loss=30.740879 val_loss=30.790527 best_val=30.790527@0118 train_nmse=0.285238 val_nmse=0.285838 train_cos=0.865706 val_cos=0.864373
epoch 0119/0300 train_loss=30.687790 val_loss=30.642165 best_val=30.642165@0119 train_nmse=0.284623 val_nmse=0.284954 train_cos=0.866016 val_cos=0.864900
epoch 0120/0300 train_loss=30.575198 val_loss=30.620911 best_val=30.620911@0120 train_nmse=0.283749 val_nmse=0.284730 train_cos=0.866530 val_cos=0.865227
epoch 0121/0300 train_loss=30.523756 val_loss=30.664153 best_val=30.620911@0120 train_nmse=0.283074 val_nmse=0.284498 train_cos=0.866422 val_cos=0.865016
epoch 0122/0300 train_loss=30.421719 val_loss=30.399192 best_val=30.399192@0122 train_nmse=0.282584 val_nmse=0.282462 train_cos=0.866725 val_cos=0.865726
epoch 0123/0300 train_loss=30.393069 val_loss=30.441861 best_val=30.399192@0122 train_nmse=0.281863 val_nmse=0.282412 train_cos=0.866990 val_cos=0.866360
epoch 0124/0300 train_loss=30.260785 val_loss=30.227868 best_val=30.227868@0124 train_nmse=0.280692 val_nmse=0.281361 train_cos=0.867503 val_cos=0.866374
epoch 0125/0300 train_loss=30.250723 val_loss=30.231569 best_val=30.227868@0124 train_nmse=0.280581 val_nmse=0.280875 train_cos=0.867441 val_cos=0.866618
epoch 0126/0300 train_loss=30.100895 val_loss=30.086197 best_val=30.086197@0126 train_nmse=0.279235 val_nmse=0.280242 train_cos=0.868279 val_cos=0.867220
epoch 0127/0300 train_loss=30.033048 val_loss=29.904951 best_val=29.904951@0127 train_nmse=0.278588 val_nmse=0.279113 train_cos=0.868529 val_cos=0.867657
epoch 0128/0300 train_loss=30.024234 val_loss=30.132611 best_val=29.904951@0127 train_nmse=0.278311 val_nmse=0.279734 train_cos=0.868310 val_cos=0.866328
epoch 0129/0300 train_loss=29.873244 val_loss=29.743700 best_val=29.743700@0129 train_nmse=0.277097 val_nmse=0.276413 train_cos=0.868846 val_cos=0.868643
epoch 0130/0300 train_loss=29.797384 val_loss=29.718469 best_val=29.718469@0130 train_nmse=0.276592 val_nmse=0.276350 train_cos=0.869364 val_cos=0.868771
epoch 0131/0300 train_loss=29.776749 val_loss=29.844573 best_val=29.718469@0130 train_nmse=0.276024 val_nmse=0.277488 train_cos=0.869203 val_cos=0.867632
epoch 0132/0300 train_loss=29.778485 val_loss=29.753993 best_val=29.718469@0130 train_nmse=0.276029 val_nmse=0.276288 train_cos=0.869300 val_cos=0.868069
epoch 0133/0300 train_loss=29.692913 val_loss=29.543395 best_val=29.543395@0133 train_nmse=0.275203 val_nmse=0.275162 train_cos=0.869662 val_cos=0.869350
epoch 0134/0300 train_loss=29.608305 val_loss=29.593681 best_val=29.543395@0133 train_nmse=0.274573 val_nmse=0.274864 train_cos=0.869848 val_cos=0.868875
epoch 0135/0300 train_loss=29.586363 val_loss=29.352630 best_val=29.352630@0135 train_nmse=0.274087 val_nmse=0.273339 train_cos=0.870151 val_cos=0.869901
epoch 0136/0300 train_loss=29.474600 val_loss=29.506541 best_val=29.352630@0135 train_nmse=0.273337 val_nmse=0.274584 train_cos=0.870318 val_cos=0.869133
epoch 0137/0300 train_loss=29.429011 val_loss=29.368515 best_val=29.352630@0135 train_nmse=0.272874 val_nmse=0.273594 train_cos=0.870449 val_cos=0.869218
epoch 0138/0300 train_loss=29.289255 val_loss=29.339375 best_val=29.339375@0138 train_nmse=0.271681 val_nmse=0.272801 train_cos=0.871079 val_cos=0.869471
epoch 0139/0300 train_loss=29.311523 val_loss=29.223709 best_val=29.223709@0139 train_nmse=0.271943 val_nmse=0.272222 train_cos=0.870836 val_cos=0.869993
epoch 0140/0300 train_loss=29.176285 val_loss=29.058401 best_val=29.058401@0140 train_nmse=0.270776 val_nmse=0.271162 train_cos=0.871467 val_cos=0.870549
epoch 0141/0300 train_loss=29.144991 val_loss=29.179269 best_val=29.058401@0140 train_nmse=0.270353 val_nmse=0.271206 train_cos=0.871463 val_cos=0.870360
epoch 0142/0300 train_loss=29.089303 val_loss=29.174751 best_val=29.058401@0140 train_nmse=0.269815 val_nmse=0.271195 train_cos=0.871445 val_cos=0.870101
epoch 0143/0300 train_loss=29.029039 val_loss=28.937464 best_val=28.937464@0143 train_nmse=0.269037 val_nmse=0.269434 train_cos=0.872195 val_cos=0.871206
epoch 0144/0300 train_loss=28.939349 val_loss=28.946809 best_val=28.937464@0143 train_nmse=0.268193 val_nmse=0.268523 train_cos=0.872399 val_cos=0.871358
epoch 0145/0300 train_loss=28.912324 val_loss=28.960202 best_val=28.937464@0143 train_nmse=0.268115 val_nmse=0.269181 train_cos=0.872458 val_cos=0.870927
epoch 0146/0300 train_loss=28.837248 val_loss=29.005900 best_val=28.937464@0143 train_nmse=0.267261 val_nmse=0.268473 train_cos=0.872596 val_cos=0.871140
epoch 0147/0300 train_loss=28.796805 val_loss=28.860033 best_val=28.860033@0147 train_nmse=0.266939 val_nmse=0.269156 train_cos=0.872727 val_cos=0.870124
epoch 0148/0300 train_loss=28.739644 val_loss=28.799444 best_val=28.799444@0148 train_nmse=0.266972 val_nmse=0.267760 train_cos=0.872673 val_cos=0.871595
epoch 0149/0300 train_loss=28.753210 val_loss=28.792205 best_val=28.792205@0149 train_nmse=0.266495 val_nmse=0.267152 train_cos=0.872755 val_cos=0.871446
epoch 0150/0300 train_loss=28.615038 val_loss=28.616365 best_val=28.616365@0150 train_nmse=0.265514 val_nmse=0.266056 train_cos=0.873179 val_cos=0.872329
epoch 0151/0300 train_loss=28.575808 val_loss=28.769259 best_val=28.616365@0150 train_nmse=0.264821 val_nmse=0.266265 train_cos=0.873648 val_cos=0.872054
epoch 0152/0300 train_loss=28.521135 val_loss=28.601334 best_val=28.601334@0152 train_nmse=0.264397 val_nmse=0.265558 train_cos=0.873624 val_cos=0.872631
epoch 0153/0300 train_loss=28.495134 val_loss=28.485391 best_val=28.485391@0153 train_nmse=0.264298 val_nmse=0.265461 train_cos=0.873647 val_cos=0.871605
epoch 0154/0300 train_loss=28.460807 val_loss=28.513396 best_val=28.485391@0153 train_nmse=0.263904 val_nmse=0.264447 train_cos=0.873878 val_cos=0.872084
epoch 0155/0300 train_loss=28.404762 val_loss=28.625002 best_val=28.485391@0153 train_nmse=0.263336 val_nmse=0.264878 train_cos=0.873999 val_cos=0.872297
epoch 0156/0300 train_loss=28.350315 val_loss=28.412312 best_val=28.412312@0156 train_nmse=0.263054 val_nmse=0.264138 train_cos=0.873801 val_cos=0.872275
epoch 0157/0300 train_loss=28.331545 val_loss=28.357939 best_val=28.357939@0157 train_nmse=0.262582 val_nmse=0.263736 train_cos=0.874106 val_cos=0.872904
epoch 0158/0300 train_loss=28.201876 val_loss=28.241941 best_val=28.241941@0158 train_nmse=0.261614 val_nmse=0.262694 train_cos=0.874787 val_cos=0.873755
epoch 0159/0300 train_loss=28.157757 val_loss=28.120270 best_val=28.120270@0159 train_nmse=0.260964 val_nmse=0.261500 train_cos=0.875029 val_cos=0.873746
epoch 0160/0300 train_loss=28.166396 val_loss=28.086174 best_val=28.086174@0160 train_nmse=0.261187 val_nmse=0.261067 train_cos=0.874675 val_cos=0.874111
epoch 0161/0300 train_loss=28.148760 val_loss=28.295374 best_val=28.086174@0160 train_nmse=0.260828 val_nmse=0.262842 train_cos=0.874854 val_cos=0.872444
epoch 0162/0300 train_loss=28.117364 val_loss=28.158719 best_val=28.086174@0160 train_nmse=0.260787 val_nmse=0.261070 train_cos=0.874509 val_cos=0.874227
epoch 0163/0300 train_loss=28.041977 val_loss=28.010033 best_val=28.010033@0163 train_nmse=0.259895 val_nmse=0.260633 train_cos=0.874947 val_cos=0.873605
epoch 0164/0300 train_loss=27.958021 val_loss=28.011214 best_val=28.010033@0163 train_nmse=0.259368 val_nmse=0.260873 train_cos=0.875459 val_cos=0.874313
epoch 0165/0300 train_loss=27.860836 val_loss=27.724201 best_val=27.724201@0165 train_nmse=0.258468 val_nmse=0.258245 train_cos=0.875967 val_cos=0.875199
epoch 0166/0300 train_loss=27.885298 val_loss=27.988654 best_val=27.724201@0165 train_nmse=0.258546 val_nmse=0.259339 train_cos=0.875838 val_cos=0.874446
epoch 0167/0300 train_loss=27.848001 val_loss=27.919118 best_val=27.724201@0165 train_nmse=0.258226 val_nmse=0.259020 train_cos=0.875570 val_cos=0.874375
epoch 0168/0300 train_loss=27.875865 val_loss=27.880846 best_val=27.724201@0165 train_nmse=0.258265 val_nmse=0.257959 train_cos=0.875480 val_cos=0.874917
epoch 0169/0300 train_loss=27.734114 val_loss=27.749752 best_val=27.724201@0165 train_nmse=0.257375 val_nmse=0.258326 train_cos=0.875973 val_cos=0.874529
epoch 0170/0300 train_loss=27.717377 val_loss=27.494447 best_val=27.494447@0170 train_nmse=0.257262 val_nmse=0.256723 train_cos=0.875979 val_cos=0.875839
epoch 0171/0300 train_loss=27.731792 val_loss=27.737700 best_val=27.494447@0170 train_nmse=0.257162 val_nmse=0.258078 train_cos=0.875895 val_cos=0.874888
epoch 0172/0300 train_loss=27.648495 val_loss=27.773160 best_val=27.494447@0170 train_nmse=0.256553 val_nmse=0.257688 train_cos=0.876037 val_cos=0.875011
epoch 0173/0300 train_loss=27.599291 val_loss=27.699532 best_val=27.494447@0170 train_nmse=0.255882 val_nmse=0.256568 train_cos=0.876491 val_cos=0.875698
epoch 0174/0300 train_loss=27.572297 val_loss=27.583234 best_val=27.494447@0170 train_nmse=0.255717 val_nmse=0.256592 train_cos=0.876525 val_cos=0.875388
epoch 0175/0300 train_loss=27.501978 val_loss=27.688131 best_val=27.494447@0170 train_nmse=0.255011 val_nmse=0.256801 train_cos=0.876790 val_cos=0.875305
epoch 0176/0300 train_loss=27.470266 val_loss=27.458728 best_val=27.458728@0176 train_nmse=0.254814 val_nmse=0.255548 train_cos=0.876898 val_cos=0.875879
epoch 0177/0300 train_loss=27.501296 val_loss=27.357758 best_val=27.357758@0177 train_nmse=0.254732 val_nmse=0.254759 train_cos=0.876931 val_cos=0.876234
epoch 0178/0300 train_loss=27.407094 val_loss=27.521787 best_val=27.357758@0177 train_nmse=0.254248 val_nmse=0.255789 train_cos=0.877090 val_cos=0.875218
epoch 0179/0300 train_loss=27.367504 val_loss=27.228371 best_val=27.228371@0179 train_nmse=0.253837 val_nmse=0.253822 train_cos=0.877129 val_cos=0.876223
epoch 0180/0300 train_loss=27.327672 val_loss=27.346621 best_val=27.228371@0179 train_nmse=0.253549 val_nmse=0.254214 train_cos=0.877107 val_cos=0.876146
epoch 0181/0300 train_loss=27.252444 val_loss=27.265987 best_val=27.228371@0179 train_nmse=0.252851 val_nmse=0.253175 train_cos=0.877630 val_cos=0.876660
epoch 0182/0300 train_loss=27.263956 val_loss=27.333469 best_val=27.228371@0179 train_nmse=0.252968 val_nmse=0.253865 train_cos=0.877538 val_cos=0.876265
epoch 0183/0300 train_loss=27.222821 val_loss=27.249812 best_val=27.228371@0179 train_nmse=0.252540 val_nmse=0.252674 train_cos=0.877627 val_cos=0.876911
epoch 0184/0300 train_loss=27.217905 val_loss=27.349586 best_val=27.228371@0179 train_nmse=0.252378 val_nmse=0.254543 train_cos=0.877763 val_cos=0.875459
epoch 0185/0300 train_loss=27.186274 val_loss=27.258785 best_val=27.228371@0179 train_nmse=0.252265 val_nmse=0.253372 train_cos=0.877426 val_cos=0.876015
epoch 0186/0300 train_loss=27.190924 val_loss=27.237130 best_val=27.228371@0179 train_nmse=0.252002 val_nmse=0.252738 train_cos=0.877606 val_cos=0.876853
epoch 0187/0300 train_loss=27.099897 val_loss=27.134288 best_val=27.134288@0187 train_nmse=0.251089 val_nmse=0.251929 train_cos=0.878182 val_cos=0.877168
epoch 0188/0300 train_loss=27.089357 val_loss=27.090131 best_val=27.090131@0188 train_nmse=0.251007 val_nmse=0.252044 train_cos=0.878174 val_cos=0.876353
epoch 0189/0300 train_loss=27.025890 val_loss=26.983800 best_val=26.983800@0189 train_nmse=0.250768 val_nmse=0.250533 train_cos=0.878008 val_cos=0.877733
epoch 0190/0300 train_loss=26.976886 val_loss=27.014106 best_val=26.983800@0189 train_nmse=0.250268 val_nmse=0.251477 train_cos=0.878301 val_cos=0.877118
epoch 0191/0300 train_loss=26.996991 val_loss=27.223136 best_val=26.983800@0189 train_nmse=0.250130 val_nmse=0.253503 train_cos=0.878176 val_cos=0.875479
epoch 0192/0300 train_loss=26.989232 val_loss=26.844312 best_val=26.844312@0192 train_nmse=0.250234 val_nmse=0.249760 train_cos=0.878055 val_cos=0.878330
epoch 0193/0300 train_loss=26.915150 val_loss=26.973833 best_val=26.844312@0192 train_nmse=0.249687 val_nmse=0.250808 train_cos=0.878347 val_cos=0.877079
epoch 0194/0300 train_loss=26.851219 val_loss=26.832167 best_val=26.832167@0194 train_nmse=0.249089 val_nmse=0.249294 train_cos=0.878782 val_cos=0.878063
epoch 0195/0300 train_loss=26.877117 val_loss=26.932631 best_val=26.832167@0194 train_nmse=0.249212 val_nmse=0.250048 train_cos=0.878488 val_cos=0.877091
epoch 0196/0300 train_loss=26.806117 val_loss=26.847097 best_val=26.832167@0194 train_nmse=0.248578 val_nmse=0.249097 train_cos=0.878785 val_cos=0.878124
epoch 0197/0300 train_loss=26.786550 val_loss=26.917447 best_val=26.832167@0194 train_nmse=0.248231 val_nmse=0.249313 train_cos=0.879136 val_cos=0.878039
epoch 0198/0300 train_loss=26.847335 val_loss=26.977412 best_val=26.832167@0194 train_nmse=0.248868 val_nmse=0.250541 train_cos=0.878192 val_cos=0.876812
epoch 0199/0300 train_loss=26.722630 val_loss=26.885262 best_val=26.832167@0194 train_nmse=0.248120 val_nmse=0.249335 train_cos=0.878804 val_cos=0.877391
epoch 0200/0300 train_loss=26.764790 val_loss=26.843946 best_val=26.832167@0194 train_nmse=0.248166 val_nmse=0.249132 train_cos=0.878615 val_cos=0.877448
epoch 0201/0300 train_loss=26.603186 val_loss=26.663197 best_val=26.663197@0201 train_nmse=0.246849 val_nmse=0.247975 train_cos=0.879434 val_cos=0.878315
epoch 0202/0300 train_loss=26.688564 val_loss=26.751761 best_val=26.663197@0201 train_nmse=0.247428 val_nmse=0.247694 train_cos=0.879277 val_cos=0.878027
epoch 0203/0300 train_loss=26.640561 val_loss=26.658656 best_val=26.658656@0203 train_nmse=0.246697 val_nmse=0.248049 train_cos=0.879529 val_cos=0.878310
epoch 0204/0300 train_loss=26.588627 val_loss=26.655640 best_val=26.655640@0204 train_nmse=0.246573 val_nmse=0.247924 train_cos=0.879369 val_cos=0.878377
epoch 0205/0300 train_loss=26.552612 val_loss=26.686211 best_val=26.655640@0204 train_nmse=0.245976 val_nmse=0.248056 train_cos=0.879816 val_cos=0.878075
epoch 0206/0300 train_loss=26.504653 val_loss=26.562471 best_val=26.562471@0206 train_nmse=0.245837 val_nmse=0.246328 train_cos=0.879654 val_cos=0.879401
epoch 0207/0300 train_loss=26.505960 val_loss=26.623718 best_val=26.562471@0206 train_nmse=0.245776 val_nmse=0.247101 train_cos=0.879711 val_cos=0.878091
epoch 0208/0300 train_loss=26.567579 val_loss=26.607472 best_val=26.562471@0206 train_nmse=0.246085 val_nmse=0.247161 train_cos=0.879409 val_cos=0.878479
epoch 0209/0300 train_loss=26.444386 val_loss=26.511301 best_val=26.511301@0209 train_nmse=0.245385 val_nmse=0.246505 train_cos=0.879916 val_cos=0.878792
epoch 0210/0300 train_loss=26.393551 val_loss=26.577852 best_val=26.511301@0209 train_nmse=0.244959 val_nmse=0.246161 train_cos=0.879986 val_cos=0.879184
epoch 0211/0300 train_loss=26.406823 val_loss=26.276861 best_val=26.276861@0211 train_nmse=0.244700 val_nmse=0.244510 train_cos=0.880303 val_cos=0.879162
epoch 0212/0300 train_loss=26.355281 val_loss=26.404608 best_val=26.276861@0211 train_nmse=0.244284 val_nmse=0.246172 train_cos=0.880394 val_cos=0.878427
epoch 0213/0300 train_loss=26.376115 val_loss=26.428729 best_val=26.276861@0211 train_nmse=0.244521 val_nmse=0.245900 train_cos=0.879795 val_cos=0.878623
epoch 0214/0300 train_loss=26.377682 val_loss=26.349339 best_val=26.276861@0211 train_nmse=0.244359 val_nmse=0.244591 train_cos=0.879959 val_cos=0.879217
epoch 0215/0300 train_loss=26.336901 val_loss=26.330891 best_val=26.276861@0211 train_nmse=0.243877 val_nmse=0.245264 train_cos=0.880360 val_cos=0.878900
epoch 0216/0300 train_loss=26.221232 val_loss=26.354045 best_val=26.276861@0211 train_nmse=0.243246 val_nmse=0.244967 train_cos=0.880600 val_cos=0.879156
epoch 0217/0300 train_loss=26.242332 val_loss=26.127217 best_val=26.127217@0217 train_nmse=0.243452 val_nmse=0.243213 train_cos=0.880508 val_cos=0.880032
epoch 0218/0300 train_loss=26.247352 val_loss=26.282313 best_val=26.127217@0217 train_nmse=0.243519 val_nmse=0.243563 train_cos=0.880244 val_cos=0.879838
epoch 0219/0300 train_loss=26.257717 val_loss=26.313562 best_val=26.127217@0217 train_nmse=0.243309 val_nmse=0.244607 train_cos=0.880418 val_cos=0.879386
epoch 0220/0300 train_loss=26.201620 val_loss=26.286537 best_val=26.127217@0217 train_nmse=0.242960 val_nmse=0.244595 train_cos=0.880510 val_cos=0.879196
epoch 0221/0300 train_loss=26.202959 val_loss=26.457414 best_val=26.127217@0217 train_nmse=0.242889 val_nmse=0.245352 train_cos=0.880484 val_cos=0.878224
epoch 0222/0300 train_loss=26.193686 val_loss=26.233920 best_val=26.127217@0217 train_nmse=0.242736 val_nmse=0.243929 train_cos=0.880498 val_cos=0.878804
epoch 0223/0300 train_loss=26.126108 val_loss=26.239922 best_val=26.127217@0217 train_nmse=0.242212 val_nmse=0.243382 train_cos=0.880914 val_cos=0.879450
epoch 0224/0300 train_loss=26.127597 val_loss=26.099973 best_val=26.099973@0224 train_nmse=0.242052 val_nmse=0.242924 train_cos=0.881019 val_cos=0.879678
epoch 0225/0300 train_loss=26.088656 val_loss=26.187302 best_val=26.099973@0224 train_nmse=0.241768 val_nmse=0.243231 train_cos=0.881070 val_cos=0.879150
epoch 0226/0300 train_loss=26.018723 val_loss=26.070242 best_val=26.070242@0226 train_nmse=0.241463 val_nmse=0.241980 train_cos=0.881147 val_cos=0.879969
epoch 0227/0300 train_loss=26.000777 val_loss=26.076949 best_val=26.070242@0226 train_nmse=0.240812 val_nmse=0.242046 train_cos=0.881473 val_cos=0.879473
epoch 0228/0300 train_loss=25.967264 val_loss=26.015972 best_val=26.015972@0228 train_nmse=0.241012 val_nmse=0.241672 train_cos=0.881241 val_cos=0.880848
epoch 0229/0300 train_loss=26.019948 val_loss=25.968097 best_val=25.968097@0229 train_nmse=0.241301 val_nmse=0.241413 train_cos=0.880907 val_cos=0.880366
epoch 0230/0300 train_loss=25.994236 val_loss=26.051689 best_val=25.968097@0229 train_nmse=0.240918 val_nmse=0.241330 train_cos=0.881152 val_cos=0.879971
epoch 0231/0300 train_loss=26.030622 val_loss=26.127119 best_val=25.968097@0229 train_nmse=0.241095 val_nmse=0.242480 train_cos=0.880799 val_cos=0.879368
epoch 0232/0300 train_loss=25.954698 val_loss=26.008191 best_val=25.968097@0229 train_nmse=0.240701 val_nmse=0.241025 train_cos=0.881148 val_cos=0.880499
epoch 0233/0300 train_loss=25.907305 val_loss=25.946442 best_val=25.946442@0233 train_nmse=0.240328 val_nmse=0.240925 train_cos=0.881296 val_cos=0.880431
epoch 0234/0300 train_loss=25.902538 val_loss=25.883555 best_val=25.883555@0234 train_nmse=0.240112 val_nmse=0.240361 train_cos=0.881506 val_cos=0.880745
epoch 0235/0300 train_loss=25.854442 val_loss=25.952118 best_val=25.883555@0234 train_nmse=0.239866 val_nmse=0.240798 train_cos=0.881587 val_cos=0.880366
epoch 0236/0300 train_loss=25.859579 val_loss=25.939181 best_val=25.883555@0234 train_nmse=0.239669 val_nmse=0.241359 train_cos=0.881275 val_cos=0.879661
epoch 0237/0300 train_loss=25.802421 val_loss=25.927560 best_val=25.883555@0234 train_nmse=0.239183 val_nmse=0.241292 train_cos=0.881975 val_cos=0.880074
epoch 0238/0300 train_loss=25.770869 val_loss=25.943275 best_val=25.883555@0234 train_nmse=0.239019 val_nmse=0.240847 train_cos=0.881878 val_cos=0.881056
epoch 0239/0300 train_loss=25.758958 val_loss=25.855394 best_val=25.855394@0239 train_nmse=0.239031 val_nmse=0.240774 train_cos=0.881669 val_cos=0.879780
epoch 0240/0300 train_loss=25.804791 val_loss=25.830498 best_val=25.830498@0240 train_nmse=0.239137 val_nmse=0.240040 train_cos=0.881835 val_cos=0.880906
epoch 0241/0300 train_loss=25.790451 val_loss=25.841034 best_val=25.830498@0240 train_nmse=0.238881 val_nmse=0.239793 train_cos=0.881790 val_cos=0.880292
epoch 0242/0300 train_loss=25.713088 val_loss=25.857204 best_val=25.830498@0240 train_nmse=0.238129 val_nmse=0.240037 train_cos=0.882281 val_cos=0.880377
epoch 0243/0300 train_loss=25.718065 val_loss=25.732389 best_val=25.732389@0243 train_nmse=0.238611 val_nmse=0.239818 train_cos=0.881840 val_cos=0.880726
epoch 0244/0300 train_loss=25.682228 val_loss=25.814188 best_val=25.732389@0243 train_nmse=0.238089 val_nmse=0.239484 train_cos=0.882256 val_cos=0.880682
epoch 0245/0300 train_loss=25.680152 val_loss=25.826071 best_val=25.732389@0243 train_nmse=0.238177 val_nmse=0.240031 train_cos=0.881924 val_cos=0.880050
epoch 0246/0300 train_loss=25.639566 val_loss=25.664245 best_val=25.664245@0246 train_nmse=0.237798 val_nmse=0.238595 train_cos=0.882318 val_cos=0.881697
epoch 0247/0300 train_loss=25.662826 val_loss=25.690106 best_val=25.664245@0246 train_nmse=0.238011 val_nmse=0.239067 train_cos=0.882123 val_cos=0.880794
epoch 0248/0300 train_loss=25.635328 val_loss=25.640545 best_val=25.640545@0248 train_nmse=0.237640 val_nmse=0.237916 train_cos=0.882159 val_cos=0.881285
epoch 0249/0300 train_loss=25.596229 val_loss=25.555044 best_val=25.555044@0249 train_nmse=0.237335 val_nmse=0.237926 train_cos=0.882490 val_cos=0.881484
epoch 0250/0300 train_loss=25.543818 val_loss=25.755956 best_val=25.555044@0249 train_nmse=0.236745 val_nmse=0.238818 train_cos=0.882741 val_cos=0.880930
epoch 0251/0300 train_loss=25.584963 val_loss=25.539849 best_val=25.539849@0251 train_nmse=0.237103 val_nmse=0.237900 train_cos=0.882503 val_cos=0.881543
epoch 0252/0300 train_loss=25.529554 val_loss=25.606919 best_val=25.539849@0251 train_nmse=0.236654 val_nmse=0.237434 train_cos=0.882825 val_cos=0.881849
epoch 0253/0300 train_loss=25.519961 val_loss=25.536098 best_val=25.536098@0253 train_nmse=0.236806 val_nmse=0.237403 train_cos=0.882559 val_cos=0.881622
epoch 0254/0300 train_loss=25.537059 val_loss=25.748409 best_val=25.536098@0253 train_nmse=0.236582 val_nmse=0.238947 train_cos=0.882599 val_cos=0.880442
epoch 0255/0300 train_loss=25.480950 val_loss=25.550679 best_val=25.536098@0253 train_nmse=0.236322 val_nmse=0.237651 train_cos=0.882599 val_cos=0.881810
epoch 0256/0300 train_loss=25.501647 val_loss=25.615538 best_val=25.536098@0253 train_nmse=0.236140 val_nmse=0.237680 train_cos=0.882821 val_cos=0.881606
epoch 0257/0300 train_loss=25.472617 val_loss=25.456138 best_val=25.456138@0257 train_nmse=0.236320 val_nmse=0.237381 train_cos=0.882711 val_cos=0.881789
epoch 0258/0300 train_loss=25.451407 val_loss=25.579490 best_val=25.456138@0257 train_nmse=0.236251 val_nmse=0.237328 train_cos=0.882641 val_cos=0.881814
epoch 0259/0300 train_loss=25.460356 val_loss=25.446242 best_val=25.446242@0259 train_nmse=0.235853 val_nmse=0.236350 train_cos=0.882960 val_cos=0.882335
epoch 0260/0300 train_loss=25.472400 val_loss=25.391347 best_val=25.391347@0260 train_nmse=0.235921 val_nmse=0.236339 train_cos=0.882747 val_cos=0.881350
epoch 0261/0300 train_loss=25.409881 val_loss=25.515113 best_val=25.391347@0260 train_nmse=0.235975 val_nmse=0.237105 train_cos=0.882684 val_cos=0.881335
epoch 0262/0300 train_loss=25.386487 val_loss=25.379782 best_val=25.379782@0262 train_nmse=0.235388 val_nmse=0.236278 train_cos=0.882847 val_cos=0.881698
epoch 0263/0300 train_loss=25.335383 val_loss=25.592681 best_val=25.379782@0262 train_nmse=0.234698 val_nmse=0.237408 train_cos=0.883498 val_cos=0.880955
epoch 0264/0300 train_loss=25.328255 val_loss=25.547907 best_val=25.379782@0262 train_nmse=0.235000 val_nmse=0.237209 train_cos=0.883110 val_cos=0.881518
epoch 0265/0300 train_loss=25.291178 val_loss=25.413591 best_val=25.379782@0262 train_nmse=0.234389 val_nmse=0.236239 train_cos=0.883454 val_cos=0.881892
epoch 0266/0300 train_loss=25.334347 val_loss=25.363308 best_val=25.363308@0266 train_nmse=0.234773 val_nmse=0.235849 train_cos=0.883301 val_cos=0.881909
epoch 0267/0300 train_loss=25.337138 val_loss=25.313651 best_val=25.313651@0267 train_nmse=0.235027 val_nmse=0.235222 train_cos=0.882879 val_cos=0.882252
epoch 0268/0300 train_loss=25.285793 val_loss=25.220444 best_val=25.220444@0268 train_nmse=0.234578 val_nmse=0.234360 train_cos=0.883310 val_cos=0.882919
epoch 0269/0300 train_loss=25.250272 val_loss=25.455016 best_val=25.220444@0268 train_nmse=0.234070 val_nmse=0.236121 train_cos=0.883421 val_cos=0.881555
epoch 0270/0300 train_loss=25.261314 val_loss=25.328285 best_val=25.220444@0268 train_nmse=0.234447 val_nmse=0.235238 train_cos=0.883093 val_cos=0.881792
epoch 0271/0300 train_loss=25.249069 val_loss=25.240367 best_val=25.220444@0268 train_nmse=0.234119 val_nmse=0.235162 train_cos=0.883385 val_cos=0.882092
epoch 0272/0300 train_loss=25.227795 val_loss=25.604985 best_val=25.220444@0268 train_nmse=0.233932 val_nmse=0.237891 train_cos=0.883503 val_cos=0.880362
epoch 0273/0300 train_loss=25.265373 val_loss=25.307613 best_val=25.220444@0268 train_nmse=0.234267 val_nmse=0.234957 train_cos=0.883092 val_cos=0.882159
epoch 0274/0300 train_loss=25.158009 val_loss=25.227071 best_val=25.220444@0268 train_nmse=0.233246 val_nmse=0.234830 train_cos=0.883884 val_cos=0.882340
epoch 0275/0300 train_loss=25.230446 val_loss=25.188718 best_val=25.188718@0275 train_nmse=0.233983 val_nmse=0.234579 train_cos=0.883306 val_cos=0.882717
epoch 0276/0300 train_loss=25.101806 val_loss=25.311603 best_val=25.188718@0275 train_nmse=0.233052 val_nmse=0.234824 train_cos=0.884052 val_cos=0.882384
epoch 0277/0300 train_loss=25.177624 val_loss=25.194247 best_val=25.188718@0275 train_nmse=0.233624 val_nmse=0.233665 train_cos=0.883393 val_cos=0.883202
epoch 0278/0300 train_loss=25.112651 val_loss=25.214145 best_val=25.188718@0275 train_nmse=0.232967 val_nmse=0.233747 train_cos=0.883918 val_cos=0.883144
epoch 0279/0300 train_loss=25.127027 val_loss=25.101372 best_val=25.101372@0279 train_nmse=0.233042 val_nmse=0.233881 train_cos=0.883675 val_cos=0.882240
epoch 0280/0300 train_loss=25.117854 val_loss=25.169130 best_val=25.101372@0279 train_nmse=0.232942 val_nmse=0.234447 train_cos=0.883952 val_cos=0.882030
epoch 0281/0300 train_loss=25.154535 val_loss=25.336029 best_val=25.101372@0279 train_nmse=0.233493 val_nmse=0.235286 train_cos=0.883409 val_cos=0.881611
epoch 0282/0300 train_loss=25.154067 val_loss=25.128263 best_val=25.101372@0279 train_nmse=0.233126 val_nmse=0.233930 train_cos=0.883521 val_cos=0.882787
epoch 0283/0300 train_loss=25.032670 val_loss=25.062460 best_val=25.062460@0283 train_nmse=0.232115 val_nmse=0.233327 train_cos=0.884027 val_cos=0.883051
epoch 0284/0300 train_loss=24.999581 val_loss=25.046294 best_val=25.046294@0284 train_nmse=0.232127 val_nmse=0.232679 train_cos=0.884137 val_cos=0.883356
epoch 0285/0300 train_loss=25.004229 val_loss=24.997607 best_val=24.997607@0285 train_nmse=0.231895 val_nmse=0.232872 train_cos=0.884135 val_cos=0.883199
epoch 0286/0300 train_loss=25.074660 val_loss=25.101085 best_val=24.997607@0285 train_nmse=0.232284 val_nmse=0.233465 train_cos=0.883670 val_cos=0.882837
epoch 0287/0300 train_loss=24.951751 val_loss=24.969620 best_val=24.969620@0287 train_nmse=0.231437 val_nmse=0.232860 train_cos=0.884408 val_cos=0.882698
epoch 0288/0300 train_loss=25.024719 val_loss=24.998552 best_val=24.969620@0287 train_nmse=0.231869 val_nmse=0.232559 train_cos=0.884142 val_cos=0.883109
epoch 0289/0300 train_loss=24.975890 val_loss=24.923787 best_val=24.923787@0289 train_nmse=0.231662 val_nmse=0.232132 train_cos=0.884322 val_cos=0.884043
epoch 0290/0300 train_loss=24.971571 val_loss=25.223191 best_val=24.923787@0289 train_nmse=0.231488 val_nmse=0.233271 train_cos=0.884336 val_cos=0.882988
epoch 0291/0300 train_loss=24.977045 val_loss=24.996413 best_val=24.923787@0289 train_nmse=0.231660 val_nmse=0.232820 train_cos=0.884247 val_cos=0.883504
epoch 0292/0300 train_loss=24.990707 val_loss=25.086950 best_val=24.923787@0289 train_nmse=0.231987 val_nmse=0.233175 train_cos=0.883895 val_cos=0.882466
epoch 0293/0300 train_loss=24.932708 val_loss=24.975356 best_val=24.923787@0289 train_nmse=0.231188 val_nmse=0.232383 train_cos=0.884439 val_cos=0.883383
epoch 0294/0300 train_loss=24.945412 val_loss=24.955162 best_val=24.923787@0289 train_nmse=0.231296 val_nmse=0.232363 train_cos=0.884338 val_cos=0.882686
epoch 0295/0300 train_loss=24.921050 val_loss=24.977442 best_val=24.923787@0289 train_nmse=0.230899 val_nmse=0.232335 train_cos=0.884295 val_cos=0.883341
epoch 0296/0300 train_loss=24.938531 val_loss=25.078767 best_val=24.923787@0289 train_nmse=0.231160 val_nmse=0.233337 train_cos=0.884246 val_cos=0.882801
epoch 0297/0300 train_loss=24.895925 val_loss=24.900943 best_val=24.900943@0297 train_nmse=0.230570 val_nmse=0.231442 train_cos=0.884546 val_cos=0.883795
epoch 0298/0300 train_loss=24.855926 val_loss=24.997761 best_val=24.900943@0297 train_nmse=0.230316 val_nmse=0.232256 train_cos=0.884881 val_cos=0.883573
epoch 0299/0300 train_loss=24.875672 val_loss=25.025097 best_val=24.900943@0297 train_nmse=0.230760 val_nmse=0.232463 train_cos=0.884376 val_cos=0.882765
epoch 0300/0300 train_loss=24.896017 val_loss=24.905511 best_val=24.900943@0297 train_nmse=0.230785 val_nmse=0.231580 train_cos=0.884443 val_cos=0.883835
saved last checkpoint: checkpoints/ardae/poisson_003/last.pt
saved best checkpoint: checkpoints/ardae/poisson_003/best.pt
saved metrics: checkpoints/ardae/poisson_003/metrics.csv
