save_dir: checkpoints/ardae/gamma_003
requested_save_dir already existed; using: checkpoints/ardae/gamma_003
device: cuda
data: datasets/processed/bsd400_patches_8x8.npy
raw_data_shape: (204800, 64)
epoch 0001/0300 train_loss=114.098228 val_loss=111.185213 best_val=111.185213@0001 train_nmse=0.978331 val_nmse=0.950656 train_cos=0.314582 val_cos=0.467003
epoch 0002/0300 train_loss=108.021454 val_loss=105.091161 best_val=105.091161@0002 train_nmse=0.924382 val_nmse=0.901101 train_cos=0.498654 val_cos=0.528253
epoch 0003/0300 train_loss=104.553864 val_loss=104.870056 best_val=104.870056@0003 train_nmse=0.894137 val_nmse=0.891147 train_cos=0.535023 val_cos=0.537301
epoch 0004/0300 train_loss=103.098988 val_loss=102.014044 best_val=102.014044@0004 train_nmse=0.883791 val_nmse=0.876227 train_cos=0.535817 val_cos=0.537399
epoch 0005/0300 train_loss=101.509196 val_loss=101.223203 best_val=101.223203@0005 train_nmse=0.869854 val_nmse=0.864219 train_cos=0.537387 val_cos=0.538324
epoch 0006/0300 train_loss=99.992374 val_loss=100.532561 best_val=100.532561@0006 train_nmse=0.859156 val_nmse=0.855825 train_cos=0.538922 val_cos=0.539010
epoch 0007/0300 train_loss=99.509364 val_loss=98.954178 best_val=98.954178@0007 train_nmse=0.851954 val_nmse=0.849063 train_cos=0.540720 val_cos=0.542032
epoch 0008/0300 train_loss=98.967688 val_loss=97.864835 best_val=97.864835@0008 train_nmse=0.846278 val_nmse=0.842422 train_cos=0.543136 val_cos=0.545519
epoch 0009/0300 train_loss=98.053747 val_loss=98.225870 best_val=97.864835@0008 train_nmse=0.840230 val_nmse=0.839298 train_cos=0.545754 val_cos=0.546925
epoch 0010/0300 train_loss=97.096915 val_loss=96.880202 best_val=96.880202@0010 train_nmse=0.835025 val_nmse=0.831789 train_cos=0.549329 val_cos=0.550973
epoch 0011/0300 train_loss=96.995592 val_loss=96.829172 best_val=96.829172@0011 train_nmse=0.830171 val_nmse=0.827900 train_cos=0.552557 val_cos=0.554335
epoch 0012/0300 train_loss=96.107405 val_loss=96.042944 best_val=96.042944@0012 train_nmse=0.825100 val_nmse=0.822398 train_cos=0.556271 val_cos=0.558599
epoch 0013/0300 train_loss=95.669964 val_loss=95.768008 best_val=95.768008@0013 train_nmse=0.820116 val_nmse=0.817594 train_cos=0.560413 val_cos=0.563475
epoch 0014/0300 train_loss=95.076666 val_loss=94.696762 best_val=94.696762@0014 train_nmse=0.815014 val_nmse=0.812526 train_cos=0.565162 val_cos=0.567578
epoch 0015/0300 train_loss=94.416489 val_loss=94.427164 best_val=94.427164@0015 train_nmse=0.809846 val_nmse=0.806704 train_cos=0.570613 val_cos=0.573886
epoch 0016/0300 train_loss=93.879102 val_loss=93.170573 best_val=93.170573@0016 train_nmse=0.804459 val_nmse=0.800375 train_cos=0.576928 val_cos=0.580019
epoch 0017/0300 train_loss=92.926612 val_loss=92.302686 best_val=92.302686@0017 train_nmse=0.798264 val_nmse=0.793903 train_cos=0.583492 val_cos=0.589097
epoch 0018/0300 train_loss=92.342608 val_loss=93.322847 best_val=92.302686@0017 train_nmse=0.792283 val_nmse=0.789895 train_cos=0.591385 val_cos=0.594097
epoch 0019/0300 train_loss=91.748764 val_loss=91.200552 best_val=91.200552@0019 train_nmse=0.784866 val_nmse=0.780681 train_cos=0.600300 val_cos=0.606149
epoch 0020/0300 train_loss=90.649373 val_loss=90.361212 best_val=90.361212@0020 train_nmse=0.777278 val_nmse=0.772133 train_cos=0.610097 val_cos=0.614564
epoch 0021/0300 train_loss=89.580983 val_loss=89.966451 best_val=89.966451@0021 train_nmse=0.768292 val_nmse=0.764519 train_cos=0.621529 val_cos=0.626965
epoch 0022/0300 train_loss=88.945805 val_loss=88.299219 best_val=88.299219@0022 train_nmse=0.759808 val_nmse=0.754093 train_cos=0.633782 val_cos=0.640044
epoch 0023/0300 train_loss=87.106433 val_loss=86.817986 best_val=86.817986@0023 train_nmse=0.747912 val_nmse=0.742564 train_cos=0.647968 val_cos=0.655562
epoch 0024/0300 train_loss=85.919816 val_loss=85.154019 best_val=85.154019@0024 train_nmse=0.737405 val_nmse=0.730490 train_cos=0.663058 val_cos=0.670720
epoch 0025/0300 train_loss=84.705547 val_loss=83.534735 best_val=83.534735@0025 train_nmse=0.725342 val_nmse=0.718453 train_cos=0.678625 val_cos=0.686566
epoch 0026/0300 train_loss=82.890536 val_loss=81.624886 best_val=81.624886@0026 train_nmse=0.712077 val_nmse=0.703856 train_cos=0.695318 val_cos=0.704355
epoch 0027/0300 train_loss=81.582224 val_loss=80.426282 best_val=80.426282@0027 train_nmse=0.698754 val_nmse=0.690833 train_cos=0.710787 val_cos=0.720390
epoch 0028/0300 train_loss=80.009033 val_loss=79.368074 best_val=79.368074@0028 train_nmse=0.685218 val_nmse=0.677998 train_cos=0.726643 val_cos=0.734410
epoch 0029/0300 train_loss=78.358886 val_loss=78.181993 best_val=78.181993@0029 train_nmse=0.671227 val_nmse=0.663809 train_cos=0.741282 val_cos=0.750340
epoch 0030/0300 train_loss=76.187486 val_loss=76.809357 best_val=76.809357@0030 train_nmse=0.656351 val_nmse=0.650209 train_cos=0.755853 val_cos=0.762259
epoch 0031/0300 train_loss=75.142455 val_loss=74.701044 best_val=74.701044@0031 train_nmse=0.643060 val_nmse=0.635853 train_cos=0.768959 val_cos=0.773955
epoch 0032/0300 train_loss=73.642410 val_loss=72.625856 best_val=72.625856@0032 train_nmse=0.629835 val_nmse=0.622458 train_cos=0.780241 val_cos=0.786668
epoch 0033/0300 train_loss=71.882306 val_loss=71.478857 best_val=71.478857@0033 train_nmse=0.616883 val_nmse=0.610674 train_cos=0.790188 val_cos=0.793320
epoch 0034/0300 train_loss=70.850645 val_loss=70.128946 best_val=70.128946@0034 train_nmse=0.605152 val_nmse=0.597430 train_cos=0.799030 val_cos=0.805174
epoch 0035/0300 train_loss=69.078796 val_loss=68.787460 best_val=68.787460@0035 train_nmse=0.592633 val_nmse=0.586358 train_cos=0.807567 val_cos=0.810463
epoch 0036/0300 train_loss=67.851979 val_loss=66.893089 best_val=66.893089@0036 train_nmse=0.581541 val_nmse=0.574454 train_cos=0.814266 val_cos=0.818682
epoch 0037/0300 train_loss=66.574528 val_loss=66.654211 best_val=66.654211@0037 train_nmse=0.570827 val_nmse=0.565688 train_cos=0.820582 val_cos=0.825586
epoch 0038/0300 train_loss=65.309410 val_loss=64.851973 best_val=64.851973@0038 train_nmse=0.559511 val_nmse=0.553878 train_cos=0.826563 val_cos=0.829384
epoch 0039/0300 train_loss=64.338515 val_loss=63.973769 best_val=63.973769@0039 train_nmse=0.550032 val_nmse=0.545535 train_cos=0.831013 val_cos=0.834779
epoch 0040/0300 train_loss=63.068760 val_loss=63.538068 best_val=63.538068@0040 train_nmse=0.540655 val_nmse=0.537527 train_cos=0.836178 val_cos=0.837021
epoch 0041/0300 train_loss=62.062274 val_loss=61.750356 best_val=61.750356@0041 train_nmse=0.531560 val_nmse=0.527457 train_cos=0.839954 val_cos=0.840546
epoch 0042/0300 train_loss=61.279346 val_loss=60.638757 best_val=60.638757@0042 train_nmse=0.523225 val_nmse=0.517363 train_cos=0.843276 val_cos=0.844163
epoch 0043/0300 train_loss=59.997421 val_loss=59.710939 best_val=59.710939@0043 train_nmse=0.514772 val_nmse=0.509506 train_cos=0.846469 val_cos=0.848213
epoch 0044/0300 train_loss=59.165514 val_loss=58.766057 best_val=58.766057@0044 train_nmse=0.506633 val_nmse=0.501809 train_cos=0.849509 val_cos=0.849155
epoch 0045/0300 train_loss=58.210596 val_loss=57.975643 best_val=57.975643@0045 train_nmse=0.498818 val_nmse=0.494884 train_cos=0.851905 val_cos=0.852684
epoch 0046/0300 train_loss=57.270039 val_loss=57.150909 best_val=57.150909@0046 train_nmse=0.491577 val_nmse=0.487966 train_cos=0.854176 val_cos=0.853364
epoch 0047/0300 train_loss=56.662709 val_loss=56.148982 best_val=56.148982@0047 train_nmse=0.484606 val_nmse=0.480381 train_cos=0.855854 val_cos=0.856942
epoch 0048/0300 train_loss=55.573693 val_loss=55.587039 best_val=55.587039@0048 train_nmse=0.477743 val_nmse=0.475393 train_cos=0.858044 val_cos=0.859146
epoch 0049/0300 train_loss=55.027557 val_loss=54.379455 best_val=54.379455@0049 train_nmse=0.471514 val_nmse=0.466492 train_cos=0.860287 val_cos=0.859952
epoch 0050/0300 train_loss=54.257472 val_loss=54.500553 best_val=54.379455@0049 train_nmse=0.465207 val_nmse=0.463098 train_cos=0.861954 val_cos=0.860931
epoch 0051/0300 train_loss=53.620920 val_loss=54.001771 best_val=54.001771@0051 train_nmse=0.459784 val_nmse=0.457771 train_cos=0.863116 val_cos=0.863623
epoch 0052/0300 train_loss=52.799813 val_loss=52.020496 best_val=52.020496@0052 train_nmse=0.454009 val_nmse=0.448027 train_cos=0.864887 val_cos=0.865456
epoch 0053/0300 train_loss=52.470346 val_loss=51.857077 best_val=51.857077@0053 train_nmse=0.449240 val_nmse=0.445012 train_cos=0.865997 val_cos=0.865759
epoch 0054/0300 train_loss=51.841248 val_loss=52.110618 best_val=51.857077@0053 train_nmse=0.443406 val_nmse=0.440618 train_cos=0.867527 val_cos=0.867542
epoch 0055/0300 train_loss=51.244101 val_loss=51.483401 best_val=51.483401@0055 train_nmse=0.439222 val_nmse=0.437114 train_cos=0.868636 val_cos=0.868170
epoch 0056/0300 train_loss=50.532620 val_loss=50.604552 best_val=50.604552@0056 train_nmse=0.433445 val_nmse=0.431482 train_cos=0.869688 val_cos=0.869607
epoch 0057/0300 train_loss=49.978320 val_loss=49.718093 best_val=49.718093@0057 train_nmse=0.429252 val_nmse=0.426313 train_cos=0.871089 val_cos=0.871500
epoch 0058/0300 train_loss=49.671845 val_loss=49.561523 best_val=49.561523@0058 train_nmse=0.424929 val_nmse=0.422023 train_cos=0.871941 val_cos=0.872617
epoch 0059/0300 train_loss=49.210085 val_loss=48.459523 best_val=48.459523@0059 train_nmse=0.420823 val_nmse=0.415644 train_cos=0.873256 val_cos=0.873268
epoch 0060/0300 train_loss=48.769174 val_loss=48.126283 best_val=48.126283@0060 train_nmse=0.416442 val_nmse=0.414026 train_cos=0.873947 val_cos=0.874476
epoch 0061/0300 train_loss=48.149607 val_loss=47.572382 best_val=47.572382@0061 train_nmse=0.412386 val_nmse=0.408490 train_cos=0.875025 val_cos=0.875134
epoch 0062/0300 train_loss=47.620135 val_loss=47.478012 best_val=47.478012@0062 train_nmse=0.408738 val_nmse=0.405698 train_cos=0.875970 val_cos=0.875799
epoch 0063/0300 train_loss=47.285083 val_loss=46.602997 best_val=46.602997@0063 train_nmse=0.405380 val_nmse=0.400347 train_cos=0.876839 val_cos=0.876779
epoch 0064/0300 train_loss=47.003388 val_loss=46.567320 best_val=46.567320@0064 train_nmse=0.402366 val_nmse=0.398481 train_cos=0.877655 val_cos=0.877630
epoch 0065/0300 train_loss=46.374089 val_loss=46.100392 best_val=46.100392@0065 train_nmse=0.397957 val_nmse=0.393642 train_cos=0.878383 val_cos=0.878524
epoch 0066/0300 train_loss=46.193180 val_loss=46.361449 best_val=46.100392@0065 train_nmse=0.395099 val_nmse=0.392037 train_cos=0.879414 val_cos=0.878313
epoch 0067/0300 train_loss=45.760094 val_loss=45.042022 best_val=45.042022@0067 train_nmse=0.391792 val_nmse=0.387769 train_cos=0.879921 val_cos=0.879622
epoch 0068/0300 train_loss=45.460417 val_loss=45.326036 best_val=45.042022@0067 train_nmse=0.388555 val_nmse=0.387355 train_cos=0.880865 val_cos=0.881048
epoch 0069/0300 train_loss=44.958008 val_loss=44.253195 best_val=44.253195@0069 train_nmse=0.385812 val_nmse=0.380888 train_cos=0.881697 val_cos=0.882258
epoch 0070/0300 train_loss=44.573893 val_loss=44.633128 best_val=44.253195@0069 train_nmse=0.382748 val_nmse=0.379802 train_cos=0.882360 val_cos=0.881822
epoch 0071/0300 train_loss=44.119621 val_loss=44.355093 best_val=44.253195@0069 train_nmse=0.379668 val_nmse=0.377991 train_cos=0.882877 val_cos=0.882628
epoch 0072/0300 train_loss=43.915820 val_loss=44.133887 best_val=44.133887@0072 train_nmse=0.376462 val_nmse=0.375442 train_cos=0.883458 val_cos=0.883526
epoch 0073/0300 train_loss=43.632478 val_loss=43.369806 best_val=43.369806@0073 train_nmse=0.374272 val_nmse=0.370417 train_cos=0.884481 val_cos=0.884766
epoch 0074/0300 train_loss=43.431562 val_loss=43.307976 best_val=43.307976@0074 train_nmse=0.371561 val_nmse=0.369864 train_cos=0.884820 val_cos=0.884234
epoch 0075/0300 train_loss=42.985848 val_loss=43.182341 best_val=43.182341@0075 train_nmse=0.368755 val_nmse=0.366718 train_cos=0.885714 val_cos=0.885962
epoch 0076/0300 train_loss=42.850751 val_loss=42.337166 best_val=42.337166@0076 train_nmse=0.366866 val_nmse=0.363101 train_cos=0.886606 val_cos=0.885385
epoch 0077/0300 train_loss=42.490708 val_loss=42.239626 best_val=42.239626@0077 train_nmse=0.363765 val_nmse=0.362608 train_cos=0.886854 val_cos=0.886876
epoch 0078/0300 train_loss=42.257182 val_loss=41.825292 best_val=41.825292@0078 train_nmse=0.361966 val_nmse=0.357830 train_cos=0.887501 val_cos=0.887737
epoch 0079/0300 train_loss=41.959175 val_loss=42.023739 best_val=41.825292@0078 train_nmse=0.359609 val_nmse=0.357551 train_cos=0.888199 val_cos=0.886976
epoch 0080/0300 train_loss=41.850716 val_loss=41.282317 best_val=41.282317@0080 train_nmse=0.358040 val_nmse=0.354794 train_cos=0.888459 val_cos=0.889244
epoch 0081/0300 train_loss=41.524515 val_loss=41.366733 best_val=41.282317@0080 train_nmse=0.355455 val_nmse=0.351272 train_cos=0.889121 val_cos=0.889308
epoch 0082/0300 train_loss=41.130220 val_loss=41.533099 best_val=41.282317@0080 train_nmse=0.353059 val_nmse=0.350095 train_cos=0.889640 val_cos=0.889966
epoch 0083/0300 train_loss=40.919813 val_loss=40.744820 best_val=40.744820@0083 train_nmse=0.351384 val_nmse=0.348999 train_cos=0.890116 val_cos=0.889652
epoch 0084/0300 train_loss=40.767925 val_loss=40.393774 best_val=40.393774@0084 train_nmse=0.349402 val_nmse=0.345217 train_cos=0.890804 val_cos=0.890210
epoch 0085/0300 train_loss=40.439863 val_loss=40.165682 best_val=40.165682@0085 train_nmse=0.347157 val_nmse=0.344544 train_cos=0.890806 val_cos=0.891677
epoch 0086/0300 train_loss=40.399179 val_loss=40.043686 best_val=40.043686@0086 train_nmse=0.345647 val_nmse=0.343842 train_cos=0.891936 val_cos=0.890988
epoch 0087/0300 train_loss=40.090710 val_loss=39.753191 best_val=39.753191@0087 train_nmse=0.344139 val_nmse=0.342730 train_cos=0.891986 val_cos=0.892388
epoch 0088/0300 train_loss=39.788333 val_loss=39.396732 best_val=39.396732@0088 train_nmse=0.341718 val_nmse=0.338778 train_cos=0.892619 val_cos=0.892723
epoch 0089/0300 train_loss=39.669924 val_loss=39.689420 best_val=39.396732@0088 train_nmse=0.340203 val_nmse=0.337875 train_cos=0.892717 val_cos=0.892453
epoch 0090/0300 train_loss=39.408615 val_loss=39.377654 best_val=39.377654@0090 train_nmse=0.338337 val_nmse=0.334735 train_cos=0.893189 val_cos=0.893641
epoch 0091/0300 train_loss=39.200485 val_loss=39.174671 best_val=39.174671@0091 train_nmse=0.335766 val_nmse=0.333947 train_cos=0.893871 val_cos=0.893889
epoch 0092/0300 train_loss=39.023663 val_loss=38.166448 best_val=38.166448@0092 train_nmse=0.334688 val_nmse=0.330068 train_cos=0.894401 val_cos=0.895184
epoch 0093/0300 train_loss=38.871444 val_loss=38.763152 best_val=38.166448@0092 train_nmse=0.333186 val_nmse=0.330121 train_cos=0.894734 val_cos=0.894381
epoch 0094/0300 train_loss=38.637437 val_loss=38.458093 best_val=38.166448@0092 train_nmse=0.331150 val_nmse=0.327973 train_cos=0.895082 val_cos=0.895910
epoch 0095/0300 train_loss=38.689983 val_loss=38.118962 best_val=38.118962@0095 train_nmse=0.329907 val_nmse=0.327026 train_cos=0.895611 val_cos=0.894744
epoch 0096/0300 train_loss=38.427247 val_loss=38.190327 best_val=38.118962@0095 train_nmse=0.328976 val_nmse=0.327596 train_cos=0.895728 val_cos=0.895054
epoch 0097/0300 train_loss=38.208016 val_loss=37.578267 best_val=37.578267@0097 train_nmse=0.327700 val_nmse=0.323903 train_cos=0.895542 val_cos=0.895598
epoch 0098/0300 train_loss=37.881322 val_loss=37.631588 best_val=37.578267@0097 train_nmse=0.325003 val_nmse=0.322153 train_cos=0.897052 val_cos=0.897114
epoch 0099/0300 train_loss=37.602821 val_loss=37.188589 best_val=37.188589@0099 train_nmse=0.323131 val_nmse=0.318958 train_cos=0.897445 val_cos=0.897043
epoch 0100/0300 train_loss=37.766023 val_loss=37.492978 best_val=37.188589@0099 train_nmse=0.322879 val_nmse=0.321283 train_cos=0.897360 val_cos=0.896005
epoch 0101/0300 train_loss=37.525257 val_loss=36.930079 best_val=36.930079@0101 train_nmse=0.321326 val_nmse=0.317272 train_cos=0.897911 val_cos=0.897452
epoch 0102/0300 train_loss=37.329157 val_loss=37.011365 best_val=36.930079@0101 train_nmse=0.320250 val_nmse=0.317959 train_cos=0.897672 val_cos=0.898120
epoch 0103/0300 train_loss=37.265130 val_loss=36.564812 best_val=36.564812@0103 train_nmse=0.318702 val_nmse=0.316050 train_cos=0.898728 val_cos=0.898759
epoch 0104/0300 train_loss=37.209192 val_loss=36.419810 best_val=36.419810@0104 train_nmse=0.317784 val_nmse=0.313912 train_cos=0.898973 val_cos=0.898981
epoch 0105/0300 train_loss=36.757504 val_loss=36.628012 best_val=36.419810@0104 train_nmse=0.316074 val_nmse=0.314760 train_cos=0.899034 val_cos=0.899107
epoch 0106/0300 train_loss=36.840090 val_loss=36.782420 best_val=36.419810@0104 train_nmse=0.314779 val_nmse=0.313467 train_cos=0.899533 val_cos=0.899664
epoch 0107/0300 train_loss=36.671243 val_loss=36.087184 best_val=36.087184@0107 train_nmse=0.313337 val_nmse=0.309519 train_cos=0.900029 val_cos=0.899914
epoch 0108/0300 train_loss=36.378753 val_loss=36.128177 best_val=36.087184@0107 train_nmse=0.312143 val_nmse=0.309150 train_cos=0.900369 val_cos=0.899534
epoch 0109/0300 train_loss=36.466620 val_loss=35.915054 best_val=35.915054@0109 train_nmse=0.312692 val_nmse=0.307883 train_cos=0.900358 val_cos=0.901144
epoch 0110/0300 train_loss=36.227462 val_loss=35.769337 best_val=35.769337@0110 train_nmse=0.310356 val_nmse=0.306386 train_cos=0.900925 val_cos=0.900342
epoch 0111/0300 train_loss=36.104607 val_loss=35.957966 best_val=35.769337@0110 train_nmse=0.308833 val_nmse=0.307283 train_cos=0.901304 val_cos=0.899360
epoch 0112/0300 train_loss=35.985996 val_loss=35.567175 best_val=35.567175@0112 train_nmse=0.308449 val_nmse=0.306281 train_cos=0.901030 val_cos=0.900968
epoch 0113/0300 train_loss=35.873613 val_loss=35.701614 best_val=35.567175@0112 train_nmse=0.307118 val_nmse=0.304928 train_cos=0.901368 val_cos=0.901563
epoch 0114/0300 train_loss=35.650217 val_loss=35.627431 best_val=35.567175@0112 train_nmse=0.305509 val_nmse=0.304651 train_cos=0.902332 val_cos=0.900811
epoch 0115/0300 train_loss=35.626832 val_loss=35.349687 best_val=35.349687@0115 train_nmse=0.305003 val_nmse=0.302567 train_cos=0.902320 val_cos=0.900605
epoch 0116/0300 train_loss=35.405923 val_loss=35.041131 best_val=35.041131@0116 train_nmse=0.304053 val_nmse=0.300911 train_cos=0.902434 val_cos=0.903010
epoch 0117/0300 train_loss=35.375946 val_loss=34.681882 best_val=34.681882@0117 train_nmse=0.302727 val_nmse=0.298599 train_cos=0.902444 val_cos=0.903104
epoch 0118/0300 train_loss=35.173786 val_loss=35.109737 best_val=34.681882@0117 train_nmse=0.301601 val_nmse=0.298110 train_cos=0.903132 val_cos=0.902842
epoch 0119/0300 train_loss=35.124986 val_loss=35.045094 best_val=34.681882@0117 train_nmse=0.300801 val_nmse=0.298041 train_cos=0.903158 val_cos=0.902875
epoch 0120/0300 train_loss=35.044697 val_loss=34.498343 best_val=34.498343@0120 train_nmse=0.299988 val_nmse=0.296474 train_cos=0.903421 val_cos=0.903221
epoch 0121/0300 train_loss=34.858840 val_loss=34.498466 best_val=34.498343@0120 train_nmse=0.298589 val_nmse=0.295692 train_cos=0.903783 val_cos=0.904018
epoch 0122/0300 train_loss=34.832468 val_loss=34.465644 best_val=34.465644@0122 train_nmse=0.298395 val_nmse=0.295007 train_cos=0.903840 val_cos=0.903590
epoch 0123/0300 train_loss=34.659373 val_loss=34.561339 best_val=34.465644@0122 train_nmse=0.297302 val_nmse=0.293775 train_cos=0.903935 val_cos=0.903821
epoch 0124/0300 train_loss=34.571189 val_loss=34.288284 best_val=34.288284@0124 train_nmse=0.296104 val_nmse=0.290965 train_cos=0.904373 val_cos=0.904219
epoch 0125/0300 train_loss=34.366084 val_loss=34.015561 best_val=34.015561@0125 train_nmse=0.295854 val_nmse=0.290689 train_cos=0.904670 val_cos=0.904704
epoch 0126/0300 train_loss=34.393415 val_loss=34.424393 best_val=34.015561@0125 train_nmse=0.294616 val_nmse=0.291586 train_cos=0.904788 val_cos=0.903767
epoch 0127/0300 train_loss=34.233021 val_loss=34.210194 best_val=34.015561@0125 train_nmse=0.293860 val_nmse=0.290196 train_cos=0.904921 val_cos=0.905356
epoch 0128/0300 train_loss=34.081308 val_loss=34.144247 best_val=34.015561@0125 train_nmse=0.293021 val_nmse=0.290320 train_cos=0.905167 val_cos=0.905056
epoch 0129/0300 train_loss=33.944886 val_loss=33.905058 best_val=33.905058@0129 train_nmse=0.291680 val_nmse=0.288472 train_cos=0.905641 val_cos=0.904891
epoch 0130/0300 train_loss=33.913266 val_loss=33.356319 best_val=33.356319@0130 train_nmse=0.290638 val_nmse=0.288182 train_cos=0.905750 val_cos=0.904326
epoch 0131/0300 train_loss=33.949822 val_loss=33.687782 best_val=33.356319@0130 train_nmse=0.290632 val_nmse=0.287131 train_cos=0.905741 val_cos=0.905239
epoch 0132/0300 train_loss=33.761406 val_loss=33.518854 best_val=33.356319@0130 train_nmse=0.289872 val_nmse=0.287097 train_cos=0.906178 val_cos=0.905942
epoch 0133/0300 train_loss=33.749090 val_loss=33.529568 best_val=33.356319@0130 train_nmse=0.288401 val_nmse=0.287282 train_cos=0.906617 val_cos=0.906112
epoch 0134/0300 train_loss=33.646869 val_loss=33.283533 best_val=33.283533@0134 train_nmse=0.288180 val_nmse=0.284182 train_cos=0.906768 val_cos=0.906856
epoch 0135/0300 train_loss=33.409015 val_loss=33.131941 best_val=33.131941@0135 train_nmse=0.287061 val_nmse=0.282107 train_cos=0.906893 val_cos=0.907102
epoch 0136/0300 train_loss=33.456882 val_loss=32.974475 best_val=32.974475@0136 train_nmse=0.286508 val_nmse=0.284357 train_cos=0.906813 val_cos=0.906560
epoch 0137/0300 train_loss=33.254195 val_loss=33.223947 best_val=32.974475@0136 train_nmse=0.285812 val_nmse=0.283417 train_cos=0.906820 val_cos=0.906885
epoch 0138/0300 train_loss=33.160165 val_loss=32.882841 best_val=32.882841@0138 train_nmse=0.284079 val_nmse=0.279869 train_cos=0.907629 val_cos=0.907868
epoch 0139/0300 train_loss=33.182056 val_loss=32.722015 best_val=32.722015@0139 train_nmse=0.284111 val_nmse=0.279718 train_cos=0.907619 val_cos=0.907463
epoch 0140/0300 train_loss=33.012378 val_loss=32.429300 best_val=32.429300@0140 train_nmse=0.283039 val_nmse=0.278256 train_cos=0.908096 val_cos=0.907255
epoch 0141/0300 train_loss=33.042711 val_loss=32.547792 best_val=32.429300@0140 train_nmse=0.283099 val_nmse=0.278980 train_cos=0.907570 val_cos=0.907826
epoch 0142/0300 train_loss=33.018264 val_loss=32.416338 best_val=32.416338@0142 train_nmse=0.282191 val_nmse=0.276869 train_cos=0.908138 val_cos=0.908874
epoch 0143/0300 train_loss=32.834683 val_loss=32.954398 best_val=32.416338@0142 train_nmse=0.281136 val_nmse=0.278470 train_cos=0.908204 val_cos=0.907768
epoch 0144/0300 train_loss=32.808252 val_loss=32.542536 best_val=32.416338@0142 train_nmse=0.281432 val_nmse=0.277809 train_cos=0.908462 val_cos=0.907819
epoch 0145/0300 train_loss=32.604184 val_loss=32.612933 best_val=32.416338@0142 train_nmse=0.279344 val_nmse=0.278052 train_cos=0.908784 val_cos=0.907919
epoch 0146/0300 train_loss=32.548284 val_loss=32.494358 best_val=32.416338@0142 train_nmse=0.279243 val_nmse=0.274745 train_cos=0.908982 val_cos=0.908716
epoch 0147/0300 train_loss=32.551217 val_loss=32.066768 best_val=32.066768@0147 train_nmse=0.279534 val_nmse=0.273508 train_cos=0.909059 val_cos=0.908573
epoch 0148/0300 train_loss=32.375506 val_loss=32.040118 best_val=32.040118@0148 train_nmse=0.277519 val_nmse=0.273124 train_cos=0.909362 val_cos=0.910539
epoch 0149/0300 train_loss=32.448724 val_loss=31.941418 best_val=31.941418@0149 train_nmse=0.277684 val_nmse=0.274407 train_cos=0.909141 val_cos=0.909787
epoch 0150/0300 train_loss=32.278506 val_loss=32.036835 best_val=31.941418@0149 train_nmse=0.276243 val_nmse=0.274395 train_cos=0.909747 val_cos=0.909369
epoch 0151/0300 train_loss=32.127798 val_loss=31.971345 best_val=31.941418@0149 train_nmse=0.276044 val_nmse=0.272456 train_cos=0.909949 val_cos=0.910144
epoch 0152/0300 train_loss=32.221699 val_loss=31.742731 best_val=31.742731@0152 train_nmse=0.275659 val_nmse=0.270882 train_cos=0.910231 val_cos=0.910855
epoch 0153/0300 train_loss=31.974348 val_loss=31.079086 best_val=31.079086@0153 train_nmse=0.274090 val_nmse=0.268658 train_cos=0.910555 val_cos=0.910174
epoch 0154/0300 train_loss=32.004297 val_loss=31.388576 best_val=31.079086@0153 train_nmse=0.274695 val_nmse=0.268460 train_cos=0.910272 val_cos=0.910228
epoch 0155/0300 train_loss=31.874582 val_loss=31.133810 best_val=31.079086@0153 train_nmse=0.272986 val_nmse=0.268643 train_cos=0.911020 val_cos=0.910808
epoch 0156/0300 train_loss=31.915203 val_loss=31.228936 best_val=31.079086@0153 train_nmse=0.272693 val_nmse=0.267996 train_cos=0.910725 val_cos=0.910972
epoch 0157/0300 train_loss=31.785403 val_loss=31.562399 best_val=31.079086@0153 train_nmse=0.271780 val_nmse=0.267803 train_cos=0.910724 val_cos=0.910616
epoch 0158/0300 train_loss=31.695246 val_loss=31.073958 best_val=31.073958@0158 train_nmse=0.271556 val_nmse=0.268616 train_cos=0.911001 val_cos=0.910918
epoch 0159/0300 train_loss=31.637439 val_loss=31.405693 best_val=31.073958@0158 train_nmse=0.271300 val_nmse=0.270446 train_cos=0.910984 val_cos=0.910412
epoch 0160/0300 train_loss=31.610478 val_loss=31.670761 best_val=31.073958@0158 train_nmse=0.270099 val_nmse=0.268601 train_cos=0.911578 val_cos=0.911074
epoch 0161/0300 train_loss=31.567289 val_loss=31.487531 best_val=31.073958@0158 train_nmse=0.270511 val_nmse=0.267587 train_cos=0.911448 val_cos=0.910928
epoch 0162/0300 train_loss=31.459001 val_loss=31.120653 best_val=31.073958@0158 train_nmse=0.269315 val_nmse=0.265969 train_cos=0.911655 val_cos=0.910758
epoch 0163/0300 train_loss=31.373207 val_loss=31.018066 best_val=31.018066@0163 train_nmse=0.268835 val_nmse=0.265111 train_cos=0.911527 val_cos=0.911396
epoch 0164/0300 train_loss=31.298392 val_loss=30.998720 best_val=30.998720@0164 train_nmse=0.268349 val_nmse=0.266698 train_cos=0.911678 val_cos=0.911539
epoch 0165/0300 train_loss=31.203960 val_loss=30.645803 best_val=30.645803@0165 train_nmse=0.267997 val_nmse=0.264449 train_cos=0.911887 val_cos=0.911877
epoch 0166/0300 train_loss=31.231423 val_loss=30.958497 best_val=30.645803@0165 train_nmse=0.267042 val_nmse=0.264454 train_cos=0.912104 val_cos=0.912262
epoch 0167/0300 train_loss=31.141134 val_loss=30.803963 best_val=30.645803@0165 train_nmse=0.266723 val_nmse=0.263546 train_cos=0.912330 val_cos=0.912076
epoch 0168/0300 train_loss=31.122641 val_loss=30.910056 best_val=30.645803@0165 train_nmse=0.265967 val_nmse=0.264322 train_cos=0.912603 val_cos=0.911755
epoch 0169/0300 train_loss=31.121436 val_loss=30.614591 best_val=30.614591@0169 train_nmse=0.266478 val_nmse=0.263561 train_cos=0.912590 val_cos=0.911789
epoch 0170/0300 train_loss=31.102930 val_loss=30.854071 best_val=30.614591@0169 train_nmse=0.265870 val_nmse=0.264221 train_cos=0.912577 val_cos=0.912362
epoch 0171/0300 train_loss=30.861916 val_loss=30.837279 best_val=30.614591@0169 train_nmse=0.264536 val_nmse=0.263511 train_cos=0.913061 val_cos=0.912512
epoch 0172/0300 train_loss=30.792743 val_loss=30.682669 best_val=30.614591@0169 train_nmse=0.264381 val_nmse=0.261396 train_cos=0.913008 val_cos=0.912529
epoch 0173/0300 train_loss=30.811464 val_loss=30.607121 best_val=30.607121@0173 train_nmse=0.264315 val_nmse=0.262068 train_cos=0.913197 val_cos=0.912483
epoch 0174/0300 train_loss=30.774620 val_loss=30.545842 best_val=30.545842@0174 train_nmse=0.264166 val_nmse=0.260762 train_cos=0.913020 val_cos=0.913134
epoch 0175/0300 train_loss=30.671099 val_loss=30.255332 best_val=30.255332@0175 train_nmse=0.263372 val_nmse=0.259846 train_cos=0.913316 val_cos=0.912320
epoch 0176/0300 train_loss=30.833706 val_loss=29.798878 best_val=29.798878@0176 train_nmse=0.263583 val_nmse=0.255721 train_cos=0.913397 val_cos=0.913197
epoch 0177/0300 train_loss=30.654069 val_loss=30.286300 best_val=29.798878@0176 train_nmse=0.262591 val_nmse=0.258906 train_cos=0.913437 val_cos=0.913834
epoch 0178/0300 train_loss=30.484222 val_loss=30.314965 best_val=29.798878@0176 train_nmse=0.261794 val_nmse=0.259136 train_cos=0.913494 val_cos=0.914368
epoch 0179/0300 train_loss=30.644319 val_loss=30.253554 best_val=29.798878@0176 train_nmse=0.262010 val_nmse=0.259621 train_cos=0.913808 val_cos=0.912891
epoch 0180/0300 train_loss=30.515027 val_loss=30.104191 best_val=29.798878@0176 train_nmse=0.261193 val_nmse=0.257068 train_cos=0.914122 val_cos=0.913559
epoch 0181/0300 train_loss=30.536732 val_loss=29.964663 best_val=29.798878@0176 train_nmse=0.261778 val_nmse=0.256827 train_cos=0.913895 val_cos=0.913901
epoch 0182/0300 train_loss=30.346856 val_loss=29.781659 best_val=29.781659@0182 train_nmse=0.260080 val_nmse=0.256007 train_cos=0.914098 val_cos=0.912891
epoch 0183/0300 train_loss=30.380063 val_loss=29.885106 best_val=29.781659@0182 train_nmse=0.260516 val_nmse=0.255793 train_cos=0.914251 val_cos=0.913479
epoch 0184/0300 train_loss=30.092433 val_loss=29.793275 best_val=29.781659@0182 train_nmse=0.258836 val_nmse=0.253335 train_cos=0.914324 val_cos=0.914750
epoch 0185/0300 train_loss=30.215487 val_loss=29.860832 best_val=29.781659@0182 train_nmse=0.258490 val_nmse=0.255434 train_cos=0.914643 val_cos=0.914977
epoch 0186/0300 train_loss=30.242677 val_loss=30.207889 best_val=29.781659@0182 train_nmse=0.259277 val_nmse=0.257457 train_cos=0.914629 val_cos=0.913685
epoch 0187/0300 train_loss=30.139100 val_loss=29.749800 best_val=29.749800@0187 train_nmse=0.258184 val_nmse=0.254122 train_cos=0.914753 val_cos=0.915130
epoch 0188/0300 train_loss=30.147146 val_loss=29.606577 best_val=29.606577@0188 train_nmse=0.258291 val_nmse=0.255476 train_cos=0.914907 val_cos=0.913969
epoch 0189/0300 train_loss=30.189906 val_loss=29.823714 best_val=29.606577@0188 train_nmse=0.258230 val_nmse=0.254054 train_cos=0.914776 val_cos=0.915424
epoch 0190/0300 train_loss=30.066815 val_loss=29.361855 best_val=29.361855@0190 train_nmse=0.257589 val_nmse=0.252167 train_cos=0.915083 val_cos=0.914985
epoch 0191/0300 train_loss=29.919942 val_loss=29.588634 best_val=29.361855@0190 train_nmse=0.256228 val_nmse=0.252589 train_cos=0.915305 val_cos=0.915009
epoch 0192/0300 train_loss=29.861982 val_loss=29.620454 best_val=29.361855@0190 train_nmse=0.255734 val_nmse=0.254181 train_cos=0.915644 val_cos=0.915071
epoch 0193/0300 train_loss=29.921749 val_loss=29.547078 best_val=29.361855@0190 train_nmse=0.256582 val_nmse=0.252951 train_cos=0.915327 val_cos=0.915158
epoch 0194/0300 train_loss=29.937731 val_loss=29.544304 best_val=29.361855@0190 train_nmse=0.256338 val_nmse=0.252306 train_cos=0.915590 val_cos=0.916253
epoch 0195/0300 train_loss=29.819819 val_loss=29.506266 best_val=29.361855@0190 train_nmse=0.254842 val_nmse=0.252663 train_cos=0.915676 val_cos=0.915339
epoch 0196/0300 train_loss=29.754934 val_loss=29.764560 best_val=29.361855@0190 train_nmse=0.255230 val_nmse=0.252878 train_cos=0.915645 val_cos=0.915330
epoch 0197/0300 train_loss=29.597271 val_loss=29.317271 best_val=29.317271@0197 train_nmse=0.254194 val_nmse=0.250693 train_cos=0.916105 val_cos=0.915833
epoch 0198/0300 train_loss=29.556140 val_loss=29.365033 best_val=29.317271@0197 train_nmse=0.253232 val_nmse=0.251603 train_cos=0.916085 val_cos=0.915451
epoch 0199/0300 train_loss=29.594711 val_loss=29.224228 best_val=29.224228@0199 train_nmse=0.253319 val_nmse=0.250292 train_cos=0.915939 val_cos=0.914977
epoch 0200/0300 train_loss=29.662746 val_loss=29.146012 best_val=29.146012@0200 train_nmse=0.253495 val_nmse=0.250264 train_cos=0.916188 val_cos=0.915824
epoch 0201/0300 train_loss=29.569674 val_loss=29.005044 best_val=29.005044@0201 train_nmse=0.253430 val_nmse=0.248610 train_cos=0.915976 val_cos=0.916312
epoch 0202/0300 train_loss=29.538647 val_loss=29.133292 best_val=29.005044@0201 train_nmse=0.252477 val_nmse=0.249030 train_cos=0.916067 val_cos=0.916407
epoch 0203/0300 train_loss=29.469395 val_loss=28.993516 best_val=28.993516@0203 train_nmse=0.252949 val_nmse=0.247076 train_cos=0.916317 val_cos=0.916699
epoch 0204/0300 train_loss=29.408839 val_loss=29.233745 best_val=28.993516@0203 train_nmse=0.252394 val_nmse=0.249197 train_cos=0.916599 val_cos=0.916094
epoch 0205/0300 train_loss=29.316273 val_loss=29.183146 best_val=28.993516@0203 train_nmse=0.251406 val_nmse=0.249720 train_cos=0.916630 val_cos=0.915868
epoch 0206/0300 train_loss=29.330942 val_loss=28.975566 best_val=28.975566@0206 train_nmse=0.250686 val_nmse=0.246911 train_cos=0.916776 val_cos=0.916935
epoch 0207/0300 train_loss=29.105475 val_loss=28.890236 best_val=28.890236@0207 train_nmse=0.250056 val_nmse=0.245888 train_cos=0.917089 val_cos=0.916571
epoch 0208/0300 train_loss=29.241177 val_loss=28.721957 best_val=28.721957@0208 train_nmse=0.250380 val_nmse=0.246676 train_cos=0.917042 val_cos=0.916976
epoch 0209/0300 train_loss=29.245927 val_loss=29.009627 best_val=28.721957@0208 train_nmse=0.250614 val_nmse=0.248397 train_cos=0.917144 val_cos=0.916256
epoch 0210/0300 train_loss=29.376603 val_loss=28.977994 best_val=28.721957@0208 train_nmse=0.251504 val_nmse=0.246403 train_cos=0.916807 val_cos=0.916816
epoch 0211/0300 train_loss=29.208592 val_loss=29.198733 best_val=28.721957@0208 train_nmse=0.250168 val_nmse=0.249362 train_cos=0.916774 val_cos=0.916944
epoch 0212/0300 train_loss=29.067917 val_loss=29.043593 best_val=28.721957@0208 train_nmse=0.250100 val_nmse=0.244650 train_cos=0.917360 val_cos=0.917794
epoch 0213/0300 train_loss=29.167199 val_loss=28.596649 best_val=28.596649@0213 train_nmse=0.249869 val_nmse=0.244961 train_cos=0.917247 val_cos=0.916691
epoch 0214/0300 train_loss=29.209529 val_loss=28.881236 best_val=28.596649@0213 train_nmse=0.249313 val_nmse=0.247499 train_cos=0.917140 val_cos=0.917238
epoch 0215/0300 train_loss=28.958767 val_loss=28.620854 best_val=28.596649@0213 train_nmse=0.248064 val_nmse=0.244104 train_cos=0.917794 val_cos=0.916609
epoch 0216/0300 train_loss=28.992123 val_loss=28.819358 best_val=28.596649@0213 train_nmse=0.248235 val_nmse=0.246217 train_cos=0.917890 val_cos=0.917021
epoch 0217/0300 train_loss=29.047397 val_loss=28.657076 best_val=28.596649@0213 train_nmse=0.249185 val_nmse=0.246877 train_cos=0.918130 val_cos=0.918091
epoch 0218/0300 train_loss=28.915988 val_loss=28.411140 best_val=28.411140@0218 train_nmse=0.248084 val_nmse=0.243859 train_cos=0.917939 val_cos=0.917164
epoch 0219/0300 train_loss=29.029358 val_loss=28.317934 best_val=28.317934@0219 train_nmse=0.248628 val_nmse=0.243426 train_cos=0.917710 val_cos=0.918485
epoch 0220/0300 train_loss=28.770396 val_loss=28.390142 best_val=28.317934@0219 train_nmse=0.246567 val_nmse=0.241803 train_cos=0.918321 val_cos=0.917499
epoch 0221/0300 train_loss=28.823336 val_loss=28.433572 best_val=28.317934@0219 train_nmse=0.246829 val_nmse=0.243950 train_cos=0.918263 val_cos=0.917400
epoch 0222/0300 train_loss=28.823210 val_loss=28.650773 best_val=28.317934@0219 train_nmse=0.246871 val_nmse=0.240849 train_cos=0.918390 val_cos=0.918938
epoch 0223/0300 train_loss=28.568264 val_loss=28.292223 best_val=28.292223@0223 train_nmse=0.245091 val_nmse=0.243378 train_cos=0.918685 val_cos=0.918196
epoch 0224/0300 train_loss=28.733247 val_loss=28.567488 best_val=28.292223@0223 train_nmse=0.245715 val_nmse=0.243374 train_cos=0.918636 val_cos=0.918822
epoch 0225/0300 train_loss=28.630758 val_loss=27.931551 best_val=27.931551@0225 train_nmse=0.245101 val_nmse=0.240825 train_cos=0.918822 val_cos=0.919414
epoch 0226/0300 train_loss=28.623187 val_loss=28.263243 best_val=27.931551@0225 train_nmse=0.245099 val_nmse=0.241161 train_cos=0.918788 val_cos=0.918802
epoch 0227/0300 train_loss=28.597413 val_loss=27.970052 best_val=27.931551@0225 train_nmse=0.245129 val_nmse=0.239159 train_cos=0.919014 val_cos=0.919401
epoch 0228/0300 train_loss=28.693318 val_loss=28.740672 best_val=27.931551@0225 train_nmse=0.246237 val_nmse=0.245862 train_cos=0.918544 val_cos=0.917645
epoch 0229/0300 train_loss=28.582397 val_loss=28.264604 best_val=27.931551@0225 train_nmse=0.245029 val_nmse=0.240638 train_cos=0.918920 val_cos=0.918320
epoch 0230/0300 train_loss=28.531898 val_loss=27.595346 best_val=27.595346@0230 train_nmse=0.244214 val_nmse=0.240192 train_cos=0.918967 val_cos=0.918872
epoch 0231/0300 train_loss=28.542079 val_loss=27.978564 best_val=27.595346@0230 train_nmse=0.243936 val_nmse=0.239560 train_cos=0.919157 val_cos=0.919451
epoch 0232/0300 train_loss=28.617177 val_loss=28.335652 best_val=27.595346@0230 train_nmse=0.244746 val_nmse=0.241015 train_cos=0.919122 val_cos=0.918829
epoch 0233/0300 train_loss=28.630112 val_loss=28.156807 best_val=27.595346@0230 train_nmse=0.245182 val_nmse=0.239668 train_cos=0.918710 val_cos=0.918418
epoch 0234/0300 train_loss=28.464302 val_loss=27.849191 best_val=27.595346@0230 train_nmse=0.244466 val_nmse=0.241307 train_cos=0.919008 val_cos=0.918189
epoch 0235/0300 train_loss=28.424589 val_loss=28.181341 best_val=27.595346@0230 train_nmse=0.243133 val_nmse=0.239889 train_cos=0.919151 val_cos=0.919448
epoch 0236/0300 train_loss=28.484445 val_loss=28.206505 best_val=27.595346@0230 train_nmse=0.243208 val_nmse=0.241305 train_cos=0.919630 val_cos=0.918904
epoch 0237/0300 train_loss=28.429703 val_loss=28.417410 best_val=27.595346@0230 train_nmse=0.243453 val_nmse=0.242291 train_cos=0.919295 val_cos=0.918747
epoch 0238/0300 train_loss=28.378751 val_loss=28.131318 best_val=27.595346@0230 train_nmse=0.242733 val_nmse=0.239837 train_cos=0.919535 val_cos=0.918916
epoch 0239/0300 train_loss=28.263255 val_loss=27.953813 best_val=27.595346@0230 train_nmse=0.242436 val_nmse=0.238768 train_cos=0.919508 val_cos=0.920014
epoch 0240/0300 train_loss=28.263628 val_loss=28.179004 best_val=27.595346@0230 train_nmse=0.241926 val_nmse=0.241015 train_cos=0.919941 val_cos=0.918748
epoch 0241/0300 train_loss=28.167736 val_loss=28.023164 best_val=27.595346@0230 train_nmse=0.241325 val_nmse=0.241347 train_cos=0.919860 val_cos=0.919256
epoch 0242/0300 train_loss=28.268700 val_loss=27.876253 best_val=27.595346@0230 train_nmse=0.241197 val_nmse=0.238358 train_cos=0.920152 val_cos=0.918928
epoch 0243/0300 train_loss=28.097930 val_loss=27.764656 best_val=27.595346@0230 train_nmse=0.241107 val_nmse=0.238390 train_cos=0.920084 val_cos=0.919001
epoch 0244/0300 train_loss=28.178310 val_loss=27.821431 best_val=27.595346@0230 train_nmse=0.240907 val_nmse=0.235887 train_cos=0.919996 val_cos=0.920041
epoch 0245/0300 train_loss=28.074091 val_loss=27.762288 best_val=27.595346@0230 train_nmse=0.240765 val_nmse=0.238552 train_cos=0.920198 val_cos=0.920058
epoch 0246/0300 train_loss=28.238811 val_loss=27.788647 best_val=27.595346@0230 train_nmse=0.241342 val_nmse=0.237784 train_cos=0.920380 val_cos=0.919924
epoch 0247/0300 train_loss=27.997035 val_loss=27.170831 best_val=27.170831@0247 train_nmse=0.240038 val_nmse=0.232193 train_cos=0.920791 val_cos=0.921279
epoch 0248/0300 train_loss=28.145830 val_loss=27.475674 best_val=27.170831@0247 train_nmse=0.241190 val_nmse=0.234870 train_cos=0.920294 val_cos=0.920628
epoch 0249/0300 train_loss=27.988618 val_loss=27.803896 best_val=27.170831@0247 train_nmse=0.239661 val_nmse=0.236174 train_cos=0.920695 val_cos=0.921078
epoch 0250/0300 train_loss=27.927628 val_loss=27.392454 best_val=27.170831@0247 train_nmse=0.239954 val_nmse=0.236156 train_cos=0.920755 val_cos=0.920716
epoch 0251/0300 train_loss=27.929026 val_loss=27.907808 best_val=27.170831@0247 train_nmse=0.239827 val_nmse=0.237617 train_cos=0.921115 val_cos=0.920355
epoch 0252/0300 train_loss=27.818766 val_loss=27.234982 best_val=27.170831@0247 train_nmse=0.238842 val_nmse=0.235626 train_cos=0.920936 val_cos=0.920495
epoch 0253/0300 train_loss=27.854935 val_loss=27.439583 best_val=27.170831@0247 train_nmse=0.239616 val_nmse=0.233492 train_cos=0.920619 val_cos=0.920833
epoch 0254/0300 train_loss=27.883540 val_loss=27.524625 best_val=27.170831@0247 train_nmse=0.238468 val_nmse=0.236129 train_cos=0.921284 val_cos=0.919918
epoch 0255/0300 train_loss=27.993689 val_loss=27.522542 best_val=27.170831@0247 train_nmse=0.239503 val_nmse=0.235025 train_cos=0.920761 val_cos=0.920644
epoch 0256/0300 train_loss=27.946640 val_loss=27.523678 best_val=27.170831@0247 train_nmse=0.238445 val_nmse=0.235697 train_cos=0.921278 val_cos=0.921227
epoch 0257/0300 train_loss=27.884161 val_loss=27.609975 best_val=27.170831@0247 train_nmse=0.238544 val_nmse=0.235433 train_cos=0.921126 val_cos=0.920588
epoch 0258/0300 train_loss=27.715640 val_loss=27.368248 best_val=27.170831@0247 train_nmse=0.236921 val_nmse=0.233677 train_cos=0.921630 val_cos=0.921507
epoch 0259/0300 train_loss=27.721279 val_loss=27.401265 best_val=27.170831@0247 train_nmse=0.237435 val_nmse=0.234051 train_cos=0.921478 val_cos=0.921352
epoch 0260/0300 train_loss=27.633921 val_loss=27.426054 best_val=27.170831@0247 train_nmse=0.236427 val_nmse=0.235343 train_cos=0.922082 val_cos=0.921683
epoch 0261/0300 train_loss=27.720566 val_loss=26.947083 best_val=26.947083@0261 train_nmse=0.237300 val_nmse=0.232108 train_cos=0.921674 val_cos=0.921519
epoch 0262/0300 train_loss=27.635842 val_loss=27.391143 best_val=26.947083@0261 train_nmse=0.237450 val_nmse=0.233161 train_cos=0.921926 val_cos=0.922256
epoch 0263/0300 train_loss=27.667778 val_loss=27.321491 best_val=26.947083@0261 train_nmse=0.237255 val_nmse=0.233468 train_cos=0.922143 val_cos=0.921839
epoch 0264/0300 train_loss=27.710886 val_loss=27.406860 best_val=26.947083@0261 train_nmse=0.237411 val_nmse=0.233838 train_cos=0.922206 val_cos=0.921814
epoch 0265/0300 train_loss=27.551811 val_loss=26.963878 best_val=26.947083@0261 train_nmse=0.236022 val_nmse=0.233323 train_cos=0.922314 val_cos=0.921992
epoch 0266/0300 train_loss=27.445258 val_loss=27.217979 best_val=26.947083@0261 train_nmse=0.235589 val_nmse=0.232231 train_cos=0.922449 val_cos=0.922109
epoch 0267/0300 train_loss=27.524965 val_loss=27.446988 best_val=26.947083@0261 train_nmse=0.236567 val_nmse=0.234380 train_cos=0.922212 val_cos=0.922074
epoch 0268/0300 train_loss=27.566652 val_loss=27.263811 best_val=26.947083@0261 train_nmse=0.235769 val_nmse=0.232718 train_cos=0.922637 val_cos=0.921855
epoch 0269/0300 train_loss=27.527184 val_loss=27.155794 best_val=26.947083@0261 train_nmse=0.235749 val_nmse=0.231199 train_cos=0.922387 val_cos=0.923565
epoch 0270/0300 train_loss=27.492786 val_loss=27.277373 best_val=26.947083@0261 train_nmse=0.235826 val_nmse=0.232863 train_cos=0.922592 val_cos=0.923057
epoch 0271/0300 train_loss=27.576858 val_loss=27.163414 best_val=26.947083@0261 train_nmse=0.235893 val_nmse=0.229651 train_cos=0.922321 val_cos=0.922125
epoch 0272/0300 train_loss=27.356788 val_loss=27.108300 best_val=26.947083@0261 train_nmse=0.235258 val_nmse=0.231416 train_cos=0.922391 val_cos=0.922034
epoch 0273/0300 train_loss=27.388612 val_loss=27.042673 best_val=26.947083@0261 train_nmse=0.234906 val_nmse=0.232312 train_cos=0.922661 val_cos=0.922530
epoch 0274/0300 train_loss=27.494334 val_loss=27.059639 best_val=26.947083@0261 train_nmse=0.235175 val_nmse=0.231023 train_cos=0.922759 val_cos=0.922230
epoch 0275/0300 train_loss=27.427636 val_loss=26.935009 best_val=26.935009@0275 train_nmse=0.234787 val_nmse=0.230876 train_cos=0.922385 val_cos=0.922970
epoch 0276/0300 train_loss=27.299137 val_loss=27.093979 best_val=26.935009@0275 train_nmse=0.233787 val_nmse=0.231685 train_cos=0.923050 val_cos=0.922328
epoch 0277/0300 train_loss=27.355821 val_loss=27.036722 best_val=26.935009@0275 train_nmse=0.234579 val_nmse=0.230818 train_cos=0.922908 val_cos=0.921856
epoch 0278/0300 train_loss=27.277428 val_loss=27.067929 best_val=26.935009@0275 train_nmse=0.233751 val_nmse=0.231470 train_cos=0.923245 val_cos=0.922891
epoch 0279/0300 train_loss=27.389822 val_loss=27.031667 best_val=26.935009@0275 train_nmse=0.233564 val_nmse=0.230405 train_cos=0.923123 val_cos=0.922869
epoch 0280/0300 train_loss=27.303077 val_loss=26.771927 best_val=26.771927@0280 train_nmse=0.233642 val_nmse=0.228313 train_cos=0.923133 val_cos=0.923700
epoch 0281/0300 train_loss=27.141784 val_loss=26.954993 best_val=26.771927@0280 train_nmse=0.232806 val_nmse=0.229357 train_cos=0.923573 val_cos=0.923537
epoch 0282/0300 train_loss=27.226092 val_loss=26.810423 best_val=26.771927@0280 train_nmse=0.233146 val_nmse=0.230156 train_cos=0.923483 val_cos=0.922161
epoch 0283/0300 train_loss=27.251013 val_loss=26.838457 best_val=26.771927@0280 train_nmse=0.233655 val_nmse=0.229928 train_cos=0.923630 val_cos=0.923382
epoch 0284/0300 train_loss=27.323832 val_loss=26.852129 best_val=26.771927@0280 train_nmse=0.233285 val_nmse=0.229287 train_cos=0.923314 val_cos=0.923335
epoch 0285/0300 train_loss=27.166379 val_loss=26.966088 best_val=26.771927@0280 train_nmse=0.232740 val_nmse=0.230552 train_cos=0.923780 val_cos=0.923256
epoch 0286/0300 train_loss=27.232455 val_loss=26.738604 best_val=26.738604@0286 train_nmse=0.233223 val_nmse=0.229551 train_cos=0.923896 val_cos=0.923030
epoch 0287/0300 train_loss=27.166687 val_loss=27.309719 best_val=26.738604@0286 train_nmse=0.232532 val_nmse=0.232543 train_cos=0.924175 val_cos=0.922740
epoch 0288/0300 train_loss=27.260663 val_loss=26.612247 best_val=26.612247@0288 train_nmse=0.233265 val_nmse=0.228626 train_cos=0.923662 val_cos=0.923591
epoch 0289/0300 train_loss=27.105864 val_loss=26.913452 best_val=26.612247@0288 train_nmse=0.232334 val_nmse=0.229840 train_cos=0.923701 val_cos=0.924205
epoch 0290/0300 train_loss=27.042738 val_loss=26.348293 best_val=26.348293@0290 train_nmse=0.231605 val_nmse=0.225792 train_cos=0.924329 val_cos=0.924396
epoch 0291/0300 train_loss=27.055678 val_loss=26.610011 best_val=26.348293@0290 train_nmse=0.231847 val_nmse=0.228790 train_cos=0.924060 val_cos=0.923924
epoch 0292/0300 train_loss=26.923240 val_loss=26.544507 best_val=26.348293@0290 train_nmse=0.231349 val_nmse=0.226267 train_cos=0.924216 val_cos=0.924322
epoch 0293/0300 train_loss=26.879816 val_loss=26.699031 best_val=26.348293@0290 train_nmse=0.229950 val_nmse=0.229168 train_cos=0.924534 val_cos=0.924179
epoch 0294/0300 train_loss=26.945830 val_loss=26.592135 best_val=26.348293@0290 train_nmse=0.230908 val_nmse=0.229065 train_cos=0.924625 val_cos=0.923932
epoch 0295/0300 train_loss=27.004238 val_loss=26.436085 best_val=26.348293@0290 train_nmse=0.231524 val_nmse=0.226900 train_cos=0.924420 val_cos=0.924326
epoch 0296/0300 train_loss=27.052895 val_loss=26.324278 best_val=26.324278@0296 train_nmse=0.231299 val_nmse=0.226303 train_cos=0.924731 val_cos=0.925160
epoch 0297/0300 train_loss=26.892155 val_loss=26.790514 best_val=26.324278@0296 train_nmse=0.230750 val_nmse=0.228859 train_cos=0.924533 val_cos=0.924064
epoch 0298/0300 train_loss=27.012987 val_loss=26.562050 best_val=26.324278@0296 train_nmse=0.231932 val_nmse=0.228777 train_cos=0.924751 val_cos=0.923320
epoch 0299/0300 train_loss=26.994383 val_loss=26.608554 best_val=26.324278@0296 train_nmse=0.231248 val_nmse=0.226282 train_cos=0.924791 val_cos=0.924669
epoch 0300/0300 train_loss=26.933157 val_loss=26.588517 best_val=26.324278@0296 train_nmse=0.230725 val_nmse=0.227039 train_cos=0.924658 val_cos=0.923493
saved last checkpoint: checkpoints/ardae/gamma_003/last.pt
saved best checkpoint: checkpoints/ardae/gamma_003/best.pt
saved metrics: checkpoints/ardae/gamma_003/metrics.csv
