save_dir: checkpoints/ardae/gamma_004
requested_save_dir already existed; using: checkpoints/ardae/gamma_004
device: cuda
data: datasets/processed/bsd400_patches_8x8.npy
raw_data_shape: (204800, 64)
epoch 0001/0300 train_loss=6332.065853 val_loss=4540.119531 best_val=4540.119531@0001 train_nmse=0.837106 val_nmse=0.597316 train_cos=0.840994 val_cos=0.885467
epoch 0002/0300 train_loss=3420.051671 val_loss=2476.326904 best_val=2476.326904@0002 train_nmse=0.452255 val_nmse=0.328789 train_cos=0.883891 val_cos=0.882499
epoch 0003/0300 train_loss=2061.006462 val_loss=1743.233887 best_val=1743.233887@0003 train_nmse=0.272479 val_nmse=0.230573 train_cos=0.883965 val_cos=0.883946
epoch 0004/0300 train_loss=1638.001289 val_loss=1567.602539 best_val=1567.602539@0004 train_nmse=0.216739 val_nmse=0.207434 train_cos=0.883683 val_cos=0.883838
epoch 0005/0300 train_loss=1550.823508 val_loss=1544.708838 best_val=1544.708838@0005 train_nmse=0.205089 val_nmse=0.204461 train_cos=0.883898 val_cos=0.883467
epoch 0006/0300 train_loss=1541.160102 val_loss=1536.541846 best_val=1536.541846@0006 train_nmse=0.203855 val_nmse=0.202978 train_cos=0.883867 val_cos=0.884279
epoch 0007/0300 train_loss=1539.509229 val_loss=1552.108691 best_val=1536.541846@0006 train_nmse=0.203571 val_nmse=0.206064 train_cos=0.883966 val_cos=0.882426
epoch 0008/0300 train_loss=1539.229639 val_loss=1535.348486 best_val=1535.348486@0008 train_nmse=0.203542 val_nmse=0.202778 train_cos=0.883982 val_cos=0.884459
epoch 0009/0300 train_loss=1540.717087 val_loss=1538.827588 best_val=1535.348486@0008 train_nmse=0.203810 val_nmse=0.203422 train_cos=0.883816 val_cos=0.884035
epoch 0010/0300 train_loss=1533.245258 val_loss=1542.588745 best_val=1535.348486@0008 train_nmse=0.202379 val_nmse=0.204133 train_cos=0.884666 val_cos=0.883589
epoch 0011/0300 train_loss=1541.782926 val_loss=1541.039795 best_val=1535.348486@0008 train_nmse=0.204025 val_nmse=0.203879 train_cos=0.883667 val_cos=0.883677
epoch 0012/0300 train_loss=1540.080626 val_loss=1537.113818 best_val=1535.348486@0008 train_nmse=0.203722 val_nmse=0.203004 train_cos=0.883832 val_cos=0.884097
epoch 0013/0300 train_loss=1539.533577 val_loss=1539.299585 best_val=1535.348486@0008 train_nmse=0.203599 val_nmse=0.203493 train_cos=0.883876 val_cos=0.883836
epoch 0014/0300 train_loss=1539.143490 val_loss=1541.465137 best_val=1535.348486@0008 train_nmse=0.203562 val_nmse=0.203931 train_cos=0.883954 val_cos=0.883609
epoch 0015/0300 train_loss=1537.161155 val_loss=1533.650732 best_val=1533.650732@0015 train_nmse=0.203139 val_nmse=0.202447 train_cos=0.884229 val_cos=0.884618
epoch 0016/0300 train_loss=1540.219504 val_loss=1537.211670 best_val=1533.650732@0015 train_nmse=0.203702 val_nmse=0.203251 train_cos=0.883796 val_cos=0.884187
epoch 0017/0300 train_loss=1535.560067 val_loss=1533.694043 best_val=1533.650732@0015 train_nmse=0.202853 val_nmse=0.202503 train_cos=0.884393 val_cos=0.884491
epoch 0018/0300 train_loss=1540.157992 val_loss=1543.134619 best_val=1533.650732@0015 train_nmse=0.203768 val_nmse=0.204361 train_cos=0.883801 val_cos=0.883478
epoch 0019/0300 train_loss=1539.180393 val_loss=1545.426758 best_val=1533.650732@0015 train_nmse=0.203584 val_nmse=0.204656 train_cos=0.883947 val_cos=0.883108
epoch 0020/0300 train_loss=1533.374870 val_loss=1541.352344 best_val=1533.650732@0015 train_nmse=0.202414 val_nmse=0.204043 train_cos=0.884611 val_cos=0.883768
epoch 0021/0300 train_loss=1543.683143 val_loss=1532.566162 best_val=1532.566162@0021 train_nmse=0.204411 val_nmse=0.202246 train_cos=0.883382 val_cos=0.884714
epoch 0022/0300 train_loss=1541.207273 val_loss=1538.277734 best_val=1532.566162@0021 train_nmse=0.203959 val_nmse=0.203453 train_cos=0.883697 val_cos=0.884018
epoch 0023/0300 train_loss=1543.753819 val_loss=1535.455273 best_val=1532.566162@0021 train_nmse=0.204435 val_nmse=0.202723 train_cos=0.883365 val_cos=0.884350
epoch 0024/0300 train_loss=1536.327729 val_loss=1553.093604 best_val=1532.566162@0021 train_nmse=0.203023 val_nmse=0.206232 train_cos=0.884292 val_cos=0.882305
epoch 0025/0300 train_loss=1538.376299 val_loss=1539.239575 best_val=1532.566162@0021 train_nmse=0.203381 val_nmse=0.203557 train_cos=0.884029 val_cos=0.883854
epoch 0026/0300 train_loss=1538.667242 val_loss=1546.139624 best_val=1532.566162@0021 train_nmse=0.203471 val_nmse=0.204838 train_cos=0.883948 val_cos=0.883053
epoch 0027/0300 train_loss=1538.895009 val_loss=1535.340405 best_val=1532.566162@0021 train_nmse=0.203512 val_nmse=0.202891 train_cos=0.883923 val_cos=0.884463
epoch 0028/0300 train_loss=1538.585859 val_loss=1531.403906 best_val=1531.403906@0028 train_nmse=0.203457 val_nmse=0.202013 train_cos=0.884003 val_cos=0.884899
epoch 0029/0300 train_loss=1539.138561 val_loss=1536.478198 best_val=1531.403906@0028 train_nmse=0.203572 val_nmse=0.203024 train_cos=0.883945 val_cos=0.884251
epoch 0030/0300 train_loss=1537.013989 val_loss=1534.759058 best_val=1531.403906@0028 train_nmse=0.203146 val_nmse=0.202732 train_cos=0.884200 val_cos=0.884493
epoch 0031/0300 train_loss=1538.973939 val_loss=1546.360059 best_val=1531.403906@0028 train_nmse=0.203513 val_nmse=0.205043 train_cos=0.883956 val_cos=0.883103
epoch 0032/0300 train_loss=1537.958067 val_loss=1540.945557 best_val=1531.403906@0028 train_nmse=0.203327 val_nmse=0.203882 train_cos=0.884058 val_cos=0.883648
epoch 0033/0300 train_loss=1537.916664 val_loss=1533.444580 best_val=1531.403906@0028 train_nmse=0.203295 val_nmse=0.202458 train_cos=0.884079 val_cos=0.884647
epoch 0034/0300 train_loss=1542.452661 val_loss=1524.706396 best_val=1524.706396@0034 train_nmse=0.204215 val_nmse=0.200696 train_cos=0.883516 val_cos=0.885546
epoch 0035/0300 train_loss=1537.584909 val_loss=1548.138672 best_val=1524.706396@0034 train_nmse=0.203292 val_nmse=0.205284 train_cos=0.884125 val_cos=0.882933
epoch 0036/0300 train_loss=1540.894263 val_loss=1533.154077 best_val=1524.706396@0034 train_nmse=0.203906 val_nmse=0.202455 train_cos=0.883683 val_cos=0.884680
epoch 0037/0300 train_loss=1537.181375 val_loss=1554.017578 best_val=1524.706396@0034 train_nmse=0.203220 val_nmse=0.206414 train_cos=0.884134 val_cos=0.882115
epoch 0038/0300 train_loss=1539.998123 val_loss=1532.254272 best_val=1524.706396@0034 train_nmse=0.203751 val_nmse=0.202170 train_cos=0.883815 val_cos=0.884766
epoch 0039/0300 train_loss=1540.120741 val_loss=1537.549561 best_val=1524.706396@0034 train_nmse=0.203737 val_nmse=0.203216 train_cos=0.883773 val_cos=0.884034
epoch 0040/0300 train_loss=1535.413395 val_loss=1536.859033 best_val=1524.706396@0034 train_nmse=0.202839 val_nmse=0.203086 train_cos=0.884384 val_cos=0.884238
epoch 0041/0300 train_loss=1538.802913 val_loss=1533.744385 best_val=1524.706396@0034 train_nmse=0.203486 val_nmse=0.202599 train_cos=0.883935 val_cos=0.884585
epoch 0042/0300 train_loss=1540.819884 val_loss=1557.401123 best_val=1524.706396@0034 train_nmse=0.203876 val_nmse=0.207067 train_cos=0.883728 val_cos=0.881755
epoch 0043/0300 train_loss=1538.787636 val_loss=1545.771875 best_val=1524.706396@0034 train_nmse=0.203497 val_nmse=0.204858 train_cos=0.883958 val_cos=0.883022
epoch 0044/0300 train_loss=1539.227848 val_loss=1537.907764 best_val=1524.706396@0034 train_nmse=0.203593 val_nmse=0.203359 train_cos=0.883903 val_cos=0.884207
epoch 0045/0300 train_loss=1542.371501 val_loss=1535.869971 best_val=1524.706396@0034 train_nmse=0.204174 val_nmse=0.202868 train_cos=0.883524 val_cos=0.884355
epoch 0046/0300 train_loss=1538.182506 val_loss=1556.603467 best_val=1524.706396@0034 train_nmse=0.203395 val_nmse=0.206957 train_cos=0.884049 val_cos=0.881916
epoch 0047/0300 train_loss=1536.574780 val_loss=1551.839844 best_val=1524.706396@0034 train_nmse=0.203057 val_nmse=0.205930 train_cos=0.884241 val_cos=0.882426
epoch 0048/0300 train_loss=1539.004848 val_loss=1532.687231 best_val=1524.706396@0034 train_nmse=0.203529 val_nmse=0.202351 train_cos=0.883917 val_cos=0.884615
epoch 0049/0300 train_loss=1534.404739 val_loss=1545.869312 best_val=1524.706396@0034 train_nmse=0.202628 val_nmse=0.204765 train_cos=0.884478 val_cos=0.883080
epoch 0050/0300 train_loss=1539.509389 val_loss=1534.321875 best_val=1524.706396@0034 train_nmse=0.203628 val_nmse=0.202452 train_cos=0.883894 val_cos=0.884541
epoch 0051/0300 train_loss=1540.590560 val_loss=1540.270361 best_val=1524.706396@0034 train_nmse=0.203811 val_nmse=0.203805 train_cos=0.883765 val_cos=0.883792
epoch 0052/0300 train_loss=1543.718037 val_loss=1529.752832 best_val=1524.706396@0034 train_nmse=0.204444 val_nmse=0.201697 train_cos=0.883379 val_cos=0.884935
epoch 0053/0300 train_loss=1540.847295 val_loss=1543.931763 best_val=1524.706396@0034 train_nmse=0.203854 val_nmse=0.204412 train_cos=0.883690 val_cos=0.883198
epoch 0054/0300 train_loss=1534.025450 val_loss=1527.794727 best_val=1524.706396@0034 train_nmse=0.202554 val_nmse=0.201390 train_cos=0.884528 val_cos=0.885348
epoch 0055/0300 train_loss=1538.011648 val_loss=1538.175879 best_val=1524.706396@0034 train_nmse=0.203366 val_nmse=0.203486 train_cos=0.884060 val_cos=0.884104
epoch 0056/0300 train_loss=1539.341683 val_loss=1527.208374 best_val=1524.706396@0034 train_nmse=0.203586 val_nmse=0.201283 train_cos=0.883900 val_cos=0.885213
epoch 0057/0300 train_loss=1540.121886 val_loss=1528.631201 best_val=1524.706396@0034 train_nmse=0.203744 val_nmse=0.201508 train_cos=0.883783 val_cos=0.885172
epoch 0058/0300 train_loss=1541.569835 val_loss=1533.632520 best_val=1524.706396@0034 train_nmse=0.204037 val_nmse=0.202461 train_cos=0.883658 val_cos=0.884598
epoch 0059/0300 train_loss=1537.223665 val_loss=1540.591650 best_val=1524.706396@0034 train_nmse=0.203183 val_nmse=0.203891 train_cos=0.884121 val_cos=0.883768
epoch 0060/0300 train_loss=1536.606462 val_loss=1545.548047 best_val=1524.706396@0034 train_nmse=0.203060 val_nmse=0.204723 train_cos=0.884201 val_cos=0.883091
epoch 0061/0300 train_loss=1535.789659 val_loss=1535.164038 best_val=1524.706396@0034 train_nmse=0.202891 val_nmse=0.202771 train_cos=0.884309 val_cos=0.884399
epoch 0062/0300 train_loss=1540.977664 val_loss=1518.954053 best_val=1518.954053@0062 train_nmse=0.203881 val_nmse=0.199677 train_cos=0.883685 val_cos=0.886342
epoch 0063/0300 train_loss=1538.951931 val_loss=1543.158350 best_val=1518.954053@0062 train_nmse=0.203532 val_nmse=0.204398 train_cos=0.883962 val_cos=0.883401
epoch 0064/0300 train_loss=1538.041800 val_loss=1533.076978 best_val=1518.954053@0062 train_nmse=0.203327 val_nmse=0.202324 train_cos=0.884041 val_cos=0.884650
epoch 0065/0300 train_loss=1540.379622 val_loss=1533.093579 best_val=1518.954053@0062 train_nmse=0.203780 val_nmse=0.202308 train_cos=0.883755 val_cos=0.884499
epoch 0066/0300 train_loss=1543.386523 val_loss=1538.697070 best_val=1518.954053@0062 train_nmse=0.204414 val_nmse=0.203489 train_cos=0.883393 val_cos=0.883973
epoch 0067/0300 train_loss=1540.801676 val_loss=1550.626563 best_val=1518.954053@0062 train_nmse=0.203863 val_nmse=0.205669 train_cos=0.883705 val_cos=0.882476
epoch 0068/0300 train_loss=1544.160067 val_loss=1543.761938 best_val=1518.954053@0062 train_nmse=0.204583 val_nmse=0.204408 train_cos=0.883298 val_cos=0.883443
epoch 0069/0300 train_loss=1542.774897 val_loss=1535.525586 best_val=1518.954053@0062 train_nmse=0.204279 val_nmse=0.202873 train_cos=0.883469 val_cos=0.884300
epoch 0070/0300 train_loss=1539.157199 val_loss=1552.663110 best_val=1518.954053@0062 train_nmse=0.203533 val_nmse=0.206200 train_cos=0.883923 val_cos=0.882295
epoch 0071/0300 train_loss=1536.452414 val_loss=1531.870459 best_val=1518.954053@0062 train_nmse=0.203028 val_nmse=0.202173 train_cos=0.884204 val_cos=0.884745
epoch 0072/0300 train_loss=1539.813482 val_loss=1528.357031 best_val=1518.954053@0062 train_nmse=0.203661 val_nmse=0.201502 train_cos=0.883827 val_cos=0.885158
epoch 0073/0300 train_loss=1536.186176 val_loss=1532.127222 best_val=1518.954053@0062 train_nmse=0.202995 val_nmse=0.202233 train_cos=0.884241 val_cos=0.884770
epoch 0074/0300 train_loss=1537.929042 val_loss=1542.836353 best_val=1518.954053@0062 train_nmse=0.203357 val_nmse=0.204346 train_cos=0.884015 val_cos=0.883471
epoch 0075/0300 train_loss=1538.234543 val_loss=1543.158057 best_val=1518.954053@0062 train_nmse=0.203405 val_nmse=0.204275 train_cos=0.884024 val_cos=0.883321
epoch 0076/0300 train_loss=1537.575903 val_loss=1547.610986 best_val=1518.954053@0062 train_nmse=0.203237 val_nmse=0.205173 train_cos=0.884079 val_cos=0.882911
epoch 0077/0300 train_loss=1538.700407 val_loss=1532.042871 best_val=1518.954053@0062 train_nmse=0.203481 val_nmse=0.202194 train_cos=0.883935 val_cos=0.884787
epoch 0078/0300 train_loss=1534.099094 val_loss=1541.593994 best_val=1518.954053@0062 train_nmse=0.202560 val_nmse=0.204069 train_cos=0.884547 val_cos=0.883559
epoch 0079/0300 train_loss=1537.838628 val_loss=1550.158325 best_val=1518.954053@0062 train_nmse=0.203304 val_nmse=0.205662 train_cos=0.884048 val_cos=0.882637
epoch 0080/0300 train_loss=1539.576638 val_loss=1529.079102 best_val=1518.954053@0062 train_nmse=0.203653 val_nmse=0.201598 train_cos=0.883834 val_cos=0.885077
epoch 0081/0300 train_loss=1541.311957 val_loss=1534.635229 best_val=1518.954053@0062 train_nmse=0.203998 val_nmse=0.202645 train_cos=0.883637 val_cos=0.884419
epoch 0082/0300 train_loss=1536.826874 val_loss=1526.819214 best_val=1518.954053@0062 train_nmse=0.203100 val_nmse=0.201115 train_cos=0.884216 val_cos=0.885395
epoch 0083/0300 train_loss=1539.020142 val_loss=1536.896216 best_val=1518.954053@0062 train_nmse=0.203550 val_nmse=0.203095 train_cos=0.883912 val_cos=0.884145
epoch 0084/0300 train_loss=1534.502431 val_loss=1542.017676 best_val=1518.954053@0062 train_nmse=0.202617 val_nmse=0.204073 train_cos=0.884457 val_cos=0.883553
epoch 0085/0300 train_loss=1537.504563 val_loss=1522.102710 best_val=1518.954053@0062 train_nmse=0.203258 val_nmse=0.200266 train_cos=0.884073 val_cos=0.886063
epoch 0086/0300 train_loss=1535.297651 val_loss=1548.284009 best_val=1518.954053@0062 train_nmse=0.202836 val_nmse=0.205229 train_cos=0.884400 val_cos=0.882688
epoch 0087/0300 train_loss=1543.600396 val_loss=1530.894946 best_val=1518.954053@0062 train_nmse=0.204421 val_nmse=0.201937 train_cos=0.883376 val_cos=0.884941
epoch 0088/0300 train_loss=1542.912457 val_loss=1551.366992 best_val=1518.954053@0062 train_nmse=0.204294 val_nmse=0.205924 train_cos=0.883460 val_cos=0.882286
epoch 0089/0300 train_loss=1539.997342 val_loss=1535.581250 best_val=1518.954053@0062 train_nmse=0.203719 val_nmse=0.202877 train_cos=0.883803 val_cos=0.884278
epoch 0090/0300 train_loss=1539.797076 val_loss=1527.713086 best_val=1518.954053@0062 train_nmse=0.203648 val_nmse=0.201311 train_cos=0.883818 val_cos=0.885168
epoch 0091/0300 train_loss=1535.792632 val_loss=1541.296899 best_val=1518.954053@0062 train_nmse=0.202908 val_nmse=0.203940 train_cos=0.884302 val_cos=0.883693
epoch 0092/0300 train_loss=1538.418159 val_loss=1545.499805 best_val=1518.954053@0062 train_nmse=0.203415 val_nmse=0.204804 train_cos=0.883979 val_cos=0.883157
epoch 0093/0300 train_loss=1536.490671 val_loss=1538.399390 best_val=1518.954053@0062 train_nmse=0.203048 val_nmse=0.203337 train_cos=0.884226 val_cos=0.883894
epoch 0094/0300 train_loss=1543.786637 val_loss=1531.260156 best_val=1518.954053@0062 train_nmse=0.204466 val_nmse=0.202033 train_cos=0.883374 val_cos=0.884939
epoch 0095/0300 train_loss=1540.750190 val_loss=1532.802661 best_val=1518.954053@0062 train_nmse=0.203891 val_nmse=0.202326 train_cos=0.883731 val_cos=0.884646
epoch 0096/0300 train_loss=1542.321712 val_loss=1533.437231 best_val=1518.954053@0062 train_nmse=0.204176 val_nmse=0.202388 train_cos=0.883529 val_cos=0.884575
epoch 0097/0300 train_loss=1535.637657 val_loss=1549.853882 best_val=1518.954053@0062 train_nmse=0.202893 val_nmse=0.205655 train_cos=0.884336 val_cos=0.882648
epoch 0098/0300 train_loss=1538.521612 val_loss=1542.065039 best_val=1518.954053@0062 train_nmse=0.203429 val_nmse=0.204164 train_cos=0.883958 val_cos=0.883521
epoch 0099/0300 train_loss=1537.015329 val_loss=1538.470361 best_val=1518.954053@0062 train_nmse=0.203147 val_nmse=0.203340 train_cos=0.884163 val_cos=0.884015
epoch 0100/0300 train_loss=1539.842613 val_loss=1549.009619 best_val=1518.954053@0062 train_nmse=0.203682 val_nmse=0.205483 train_cos=0.883839 val_cos=0.882655
epoch 0101/0300 train_loss=1537.875363 val_loss=1551.051416 best_val=1518.954053@0062 train_nmse=0.203315 val_nmse=0.205881 train_cos=0.884050 val_cos=0.882484
epoch 0102/0300 train_loss=1538.739855 val_loss=1549.753784 best_val=1518.954053@0062 train_nmse=0.203495 val_nmse=0.205575 train_cos=0.883975 val_cos=0.882574
epoch 0103/0300 train_loss=1538.711561 val_loss=1543.612744 best_val=1518.954053@0062 train_nmse=0.203481 val_nmse=0.204339 train_cos=0.883935 val_cos=0.883337
epoch 0104/0300 train_loss=1537.196810 val_loss=1536.273535 best_val=1518.954053@0062 train_nmse=0.203183 val_nmse=0.202923 train_cos=0.884145 val_cos=0.884322
epoch 0105/0300 train_loss=1535.557623 val_loss=1542.272241 best_val=1518.954053@0062 train_nmse=0.202848 val_nmse=0.204132 train_cos=0.884346 val_cos=0.883573
epoch 0106/0300 train_loss=1537.812676 val_loss=1541.952588 best_val=1518.954053@0062 train_nmse=0.203297 val_nmse=0.204088 train_cos=0.884053 val_cos=0.883498
epoch 0107/0300 train_loss=1537.359473 val_loss=1543.826904 best_val=1518.954053@0062 train_nmse=0.203211 val_nmse=0.204443 train_cos=0.884138 val_cos=0.883300
epoch 0108/0300 train_loss=1542.355990 val_loss=1543.860449 best_val=1518.954053@0062 train_nmse=0.204188 val_nmse=0.204445 train_cos=0.883496 val_cos=0.883252
epoch 0109/0300 train_loss=1538.551177 val_loss=1523.733105 best_val=1518.954053@0062 train_nmse=0.203433 val_nmse=0.200459 train_cos=0.883967 val_cos=0.885690
epoch 0110/0300 train_loss=1535.626112 val_loss=1537.007422 best_val=1518.954053@0062 train_nmse=0.202880 val_nmse=0.203120 train_cos=0.884307 val_cos=0.884074
epoch 0111/0300 train_loss=1536.806538 val_loss=1538.186035 best_val=1518.954053@0062 train_nmse=0.203092 val_nmse=0.203342 train_cos=0.884214 val_cos=0.884101
epoch 0112/0300 train_loss=1532.525787 val_loss=1531.109497 best_val=1518.954053@0062 train_nmse=0.202259 val_nmse=0.201957 train_cos=0.884744 val_cos=0.884896
epoch 0113/0300 train_loss=1542.225597 val_loss=1547.482153 best_val=1518.954053@0062 train_nmse=0.204209 val_nmse=0.205219 train_cos=0.883540 val_cos=0.882967
epoch 0114/0300 train_loss=1541.253602 val_loss=1540.482739 best_val=1518.954053@0062 train_nmse=0.203981 val_nmse=0.203743 train_cos=0.883611 val_cos=0.883740
epoch 0115/0300 train_loss=1538.453250 val_loss=1538.103662 best_val=1518.954053@0062 train_nmse=0.203450 val_nmse=0.203350 train_cos=0.883996 val_cos=0.883972
epoch 0116/0300 train_loss=1538.633209 val_loss=1523.785083 best_val=1518.954053@0062 train_nmse=0.203461 val_nmse=0.200672 train_cos=0.883955 val_cos=0.885780
epoch 0117/0300 train_loss=1541.588878 val_loss=1556.163574 best_val=1518.954053@0062 train_nmse=0.204016 val_nmse=0.206843 train_cos=0.883631 val_cos=0.881828
epoch 0118/0300 train_loss=1540.861993 val_loss=1539.113428 best_val=1518.954053@0062 train_nmse=0.203888 val_nmse=0.203489 train_cos=0.883723 val_cos=0.883913
epoch 0119/0300 train_loss=1534.979861 val_loss=1531.781396 best_val=1518.954053@0062 train_nmse=0.202753 val_nmse=0.202151 train_cos=0.884411 val_cos=0.884738
epoch 0120/0300 train_loss=1540.632861 val_loss=1545.049365 best_val=1518.954053@0062 train_nmse=0.203843 val_nmse=0.204761 train_cos=0.883708 val_cos=0.883258
epoch 0121/0300 train_loss=1541.805442 val_loss=1537.088721 best_val=1518.954053@0062 train_nmse=0.204066 val_nmse=0.203093 train_cos=0.883571 val_cos=0.884169
epoch 0122/0300 train_loss=1541.833124 val_loss=1550.826074 best_val=1518.954053@0062 train_nmse=0.204081 val_nmse=0.205731 train_cos=0.883615 val_cos=0.882622
epoch 0123/0300 train_loss=1536.755870 val_loss=1538.672339 best_val=1518.954053@0062 train_nmse=0.203117 val_nmse=0.203509 train_cos=0.884191 val_cos=0.883892
epoch 0124/0300 train_loss=1540.902322 val_loss=1541.906836 best_val=1518.954053@0062 train_nmse=0.203883 val_nmse=0.204047 train_cos=0.883698 val_cos=0.883566
epoch 0125/0300 train_loss=1540.381318 val_loss=1531.563037 best_val=1518.954053@0062 train_nmse=0.203814 val_nmse=0.202055 train_cos=0.883768 val_cos=0.884786
epoch 0126/0300 train_loss=1539.828988 val_loss=1554.208984 best_val=1518.954053@0062 train_nmse=0.203673 val_nmse=0.206549 train_cos=0.883814 val_cos=0.882040
epoch 0127/0300 train_loss=1539.578961 val_loss=1533.066064 best_val=1518.954053@0062 train_nmse=0.203609 val_nmse=0.202289 train_cos=0.883820 val_cos=0.884585
epoch 0128/0300 train_loss=1543.679207 val_loss=1551.564990 best_val=1518.954053@0062 train_nmse=0.204463 val_nmse=0.205989 train_cos=0.883355 val_cos=0.882413
epoch 0129/0300 train_loss=1540.001123 val_loss=1526.344727 best_val=1518.954053@0062 train_nmse=0.203724 val_nmse=0.201001 train_cos=0.883779 val_cos=0.885438
epoch 0130/0300 train_loss=1538.574707 val_loss=1544.065869 best_val=1518.954053@0062 train_nmse=0.203451 val_nmse=0.204535 train_cos=0.883986 val_cos=0.883293
epoch 0131/0300 train_loss=1540.031087 val_loss=1535.504956 best_val=1518.954053@0062 train_nmse=0.203726 val_nmse=0.202890 train_cos=0.883796 val_cos=0.884350
epoch 0132/0300 train_loss=1538.321875 val_loss=1542.906396 best_val=1518.954053@0062 train_nmse=0.203415 val_nmse=0.204334 train_cos=0.884009 val_cos=0.883524
epoch 0133/0300 train_loss=1537.709684 val_loss=1534.682520 best_val=1518.954053@0062 train_nmse=0.203277 val_nmse=0.202696 train_cos=0.884090 val_cos=0.884577
epoch 0134/0300 train_loss=1539.193685 val_loss=1524.751416 best_val=1518.954053@0062 train_nmse=0.203599 val_nmse=0.200783 train_cos=0.883880 val_cos=0.885623
epoch 0135/0300 train_loss=1539.239277 val_loss=1553.722290 best_val=1518.954053@0062 train_nmse=0.203576 val_nmse=0.206467 train_cos=0.883893 val_cos=0.882157
epoch 0136/0300 train_loss=1541.026096 val_loss=1541.053760 best_val=1518.954053@0062 train_nmse=0.203953 val_nmse=0.203904 train_cos=0.883711 val_cos=0.883743
epoch 0137/0300 train_loss=1545.103942 val_loss=1546.540967 best_val=1518.954053@0062 train_nmse=0.204713 val_nmse=0.205005 train_cos=0.883194 val_cos=0.882955
epoch 0138/0300 train_loss=1538.334630 val_loss=1551.054297 best_val=1518.954053@0062 train_nmse=0.203406 val_nmse=0.205850 train_cos=0.883979 val_cos=0.882451
epoch 0139/0300 train_loss=1538.884730 val_loss=1531.351025 best_val=1518.954053@0062 train_nmse=0.203510 val_nmse=0.202076 train_cos=0.883944 val_cos=0.884869
epoch 0140/0300 train_loss=1535.598269 val_loss=1549.823999 best_val=1518.954053@0062 train_nmse=0.202930 val_nmse=0.205754 train_cos=0.884322 val_cos=0.882628
epoch 0141/0300 train_loss=1540.061410 val_loss=1534.043945 best_val=1518.954053@0062 train_nmse=0.203736 val_nmse=0.202511 train_cos=0.883791 val_cos=0.884457
epoch 0142/0300 train_loss=1540.751953 val_loss=1532.077954 best_val=1518.954053@0062 train_nmse=0.203889 val_nmse=0.202121 train_cos=0.883726 val_cos=0.884796
epoch 0143/0300 train_loss=1537.856901 val_loss=1536.646265 best_val=1518.954053@0062 train_nmse=0.203317 val_nmse=0.203091 train_cos=0.884068 val_cos=0.884207
epoch 0144/0300 train_loss=1540.039941 val_loss=1540.402051 best_val=1518.954053@0062 train_nmse=0.203726 val_nmse=0.203855 train_cos=0.883812 val_cos=0.883814
epoch 0145/0300 train_loss=1536.514035 val_loss=1533.126318 best_val=1518.954053@0062 train_nmse=0.203045 val_nmse=0.202384 train_cos=0.884183 val_cos=0.884628
epoch 0146/0300 train_loss=1536.721617 val_loss=1536.167725 best_val=1518.954053@0062 train_nmse=0.203100 val_nmse=0.202997 train_cos=0.884211 val_cos=0.884216
epoch 0147/0300 train_loss=1537.703979 val_loss=1537.225928 best_val=1518.954053@0062 train_nmse=0.203294 val_nmse=0.203235 train_cos=0.884071 val_cos=0.884099
epoch 0148/0300 train_loss=1534.311833 val_loss=1531.503467 best_val=1518.954053@0062 train_nmse=0.202629 val_nmse=0.202023 train_cos=0.884477 val_cos=0.884809
epoch 0149/0300 train_loss=1543.115503 val_loss=1540.459082 best_val=1518.954053@0062 train_nmse=0.204325 val_nmse=0.203812 train_cos=0.883430 val_cos=0.883649
epoch 0150/0300 train_loss=1542.885978 val_loss=1542.378418 best_val=1518.954053@0062 train_nmse=0.204268 val_nmse=0.204197 train_cos=0.883425 val_cos=0.883525
epoch 0151/0300 train_loss=1539.304240 val_loss=1533.679785 best_val=1518.954053@0062 train_nmse=0.203606 val_nmse=0.202475 train_cos=0.883875 val_cos=0.884518
epoch 0152/0300 train_loss=1534.421650 val_loss=1542.734155 best_val=1518.954053@0062 train_nmse=0.202654 val_nmse=0.204250 train_cos=0.884450 val_cos=0.883498
epoch 0153/0300 train_loss=1538.065611 val_loss=1543.509277 best_val=1518.954053@0062 train_nmse=0.203356 val_nmse=0.204329 train_cos=0.884017 val_cos=0.883405
epoch 0154/0300 train_loss=1542.751411 val_loss=1534.242480 best_val=1518.954053@0062 train_nmse=0.204226 val_nmse=0.202569 train_cos=0.883483 val_cos=0.884478
epoch 0155/0300 train_loss=1538.758274 val_loss=1536.657031 best_val=1518.954053@0062 train_nmse=0.203478 val_nmse=0.203104 train_cos=0.883961 val_cos=0.884136
epoch 0156/0300 train_loss=1534.176443 val_loss=1546.137109 best_val=1518.954053@0062 train_nmse=0.202596 val_nmse=0.204942 train_cos=0.884483 val_cos=0.883096
epoch 0157/0300 train_loss=1539.765224 val_loss=1546.146729 best_val=1518.954053@0062 train_nmse=0.203679 val_nmse=0.204912 train_cos=0.883816 val_cos=0.883069
epoch 0158/0300 train_loss=1539.197347 val_loss=1538.099072 best_val=1518.954053@0062 train_nmse=0.203584 val_nmse=0.203298 train_cos=0.883888 val_cos=0.884040
epoch 0159/0300 train_loss=1537.480669 val_loss=1545.075562 best_val=1518.954053@0062 train_nmse=0.203224 val_nmse=0.204708 train_cos=0.884128 val_cos=0.883160
epoch 0160/0300 train_loss=1541.426118 val_loss=1538.992383 best_val=1518.954053@0062 train_nmse=0.204023 val_nmse=0.203497 train_cos=0.883637 val_cos=0.883956
epoch 0161/0300 train_loss=1538.796463 val_loss=1541.914380 best_val=1518.954053@0062 train_nmse=0.203503 val_nmse=0.204101 train_cos=0.883973 val_cos=0.883581
epoch 0162/0300 train_loss=1537.531033 val_loss=1537.170972 best_val=1518.954053@0062 train_nmse=0.203249 val_nmse=0.203146 train_cos=0.884093 val_cos=0.884170
epoch 0163/0300 train_loss=1539.445125 val_loss=1529.700488 best_val=1518.954053@0062 train_nmse=0.203615 val_nmse=0.201852 train_cos=0.883836 val_cos=0.885078
epoch 0164/0300 train_loss=1540.843083 val_loss=1534.192188 best_val=1518.954053@0062 train_nmse=0.203870 val_nmse=0.202640 train_cos=0.883701 val_cos=0.884557
epoch 0165/0300 train_loss=1534.440690 val_loss=1514.431787 best_val=1514.431787@0165 train_nmse=0.202631 val_nmse=0.198769 train_cos=0.884438 val_cos=0.886964
epoch 0166/0300 train_loss=1535.780436 val_loss=1530.029102 best_val=1514.431787@0165 train_nmse=0.202905 val_nmse=0.201737 train_cos=0.884330 val_cos=0.884930
epoch 0167/0300 train_loss=1532.884776 val_loss=1527.942065 best_val=1514.431787@0165 train_nmse=0.202346 val_nmse=0.201458 train_cos=0.884677 val_cos=0.885220
epoch 0168/0300 train_loss=1539.175388 val_loss=1535.071387 best_val=1514.431787@0165 train_nmse=0.203569 val_nmse=0.202739 train_cos=0.883901 val_cos=0.884401
epoch 0169/0300 train_loss=1538.948199 val_loss=1545.049268 best_val=1514.431787@0165 train_nmse=0.203547 val_nmse=0.204696 train_cos=0.883933 val_cos=0.883279
epoch 0170/0300 train_loss=1536.677279 val_loss=1545.810107 best_val=1514.431787@0165 train_nmse=0.203067 val_nmse=0.204795 train_cos=0.884218 val_cos=0.883130
epoch 0171/0300 train_loss=1535.212288 val_loss=1538.511816 best_val=1514.431787@0165 train_nmse=0.202775 val_nmse=0.203455 train_cos=0.884327 val_cos=0.884101
epoch 0172/0300 train_loss=1537.219963 val_loss=1533.730615 best_val=1514.431787@0165 train_nmse=0.203191 val_nmse=0.202497 train_cos=0.884104 val_cos=0.884502
epoch 0173/0300 train_loss=1539.383198 val_loss=1533.264526 best_val=1514.431787@0165 train_nmse=0.203631 val_nmse=0.202433 train_cos=0.883882 val_cos=0.884835
epoch 0174/0300 train_loss=1538.834603 val_loss=1526.555908 best_val=1514.431787@0165 train_nmse=0.203481 val_nmse=0.201104 train_cos=0.883976 val_cos=0.885436
epoch 0175/0300 train_loss=1534.519727 val_loss=1543.004590 best_val=1514.431787@0165 train_nmse=0.202636 val_nmse=0.204284 train_cos=0.884472 val_cos=0.883477
epoch 0176/0300 train_loss=1533.184668 val_loss=1536.232837 best_val=1514.431787@0165 train_nmse=0.202400 val_nmse=0.202966 train_cos=0.884623 val_cos=0.884265
epoch 0177/0300 train_loss=1537.556486 val_loss=1526.133301 best_val=1514.431787@0165 train_nmse=0.203257 val_nmse=0.201014 train_cos=0.884111 val_cos=0.885517
epoch 0178/0300 train_loss=1535.951248 val_loss=1532.495581 best_val=1514.431787@0165 train_nmse=0.202898 val_nmse=0.202202 train_cos=0.884265 val_cos=0.884640
epoch 0179/0300 train_loss=1540.573584 val_loss=1543.682593 best_val=1514.431787@0165 train_nmse=0.203831 val_nmse=0.204464 train_cos=0.883714 val_cos=0.883453
epoch 0180/0300 train_loss=1539.119214 val_loss=1542.549707 best_val=1514.431787@0165 train_nmse=0.203523 val_nmse=0.204210 train_cos=0.883920 val_cos=0.883517
epoch 0181/0300 train_loss=1540.539971 val_loss=1536.200293 best_val=1514.431787@0165 train_nmse=0.203845 val_nmse=0.203018 train_cos=0.883741 val_cos=0.884248
epoch 0182/0300 train_loss=1538.318118 val_loss=1538.080176 best_val=1514.431787@0165 train_nmse=0.203422 val_nmse=0.203291 train_cos=0.884028 val_cos=0.883991
epoch 0183/0300 train_loss=1541.818243 val_loss=1546.734082 best_val=1514.431787@0165 train_nmse=0.204105 val_nmse=0.204975 train_cos=0.883576 val_cos=0.882897
epoch 0184/0300 train_loss=1538.135384 val_loss=1549.109814 best_val=1514.431787@0165 train_nmse=0.203355 val_nmse=0.205486 train_cos=0.884033 val_cos=0.882842
epoch 0185/0300 train_loss=1534.148364 val_loss=1536.700391 best_val=1514.431787@0165 train_nmse=0.202600 val_nmse=0.203172 train_cos=0.884498 val_cos=0.884311
epoch 0186/0300 train_loss=1534.164640 val_loss=1543.627002 best_val=1514.431787@0165 train_nmse=0.202567 val_nmse=0.204385 train_cos=0.884515 val_cos=0.883470
epoch 0187/0300 train_loss=1537.199056 val_loss=1540.694580 best_val=1514.431787@0165 train_nmse=0.203154 val_nmse=0.203836 train_cos=0.884103 val_cos=0.883661
epoch 0188/0300 train_loss=1540.122073 val_loss=1520.196777 best_val=1514.431787@0165 train_nmse=0.203742 val_nmse=0.199816 train_cos=0.883807 val_cos=0.886185
epoch 0189/0300 train_loss=1539.132826 val_loss=1539.612549 best_val=1514.431787@0165 train_nmse=0.203559 val_nmse=0.203544 train_cos=0.883904 val_cos=0.883957
epoch 0190/0300 train_loss=1540.635848 val_loss=1555.578564 best_val=1514.431787@0165 train_nmse=0.203851 val_nmse=0.206681 train_cos=0.883758 val_cos=0.881878
epoch 0191/0300 train_loss=1535.420896 val_loss=1527.772778 best_val=1514.431787@0165 train_nmse=0.202857 val_nmse=0.201369 train_cos=0.884369 val_cos=0.885266
epoch 0192/0300 train_loss=1535.885701 val_loss=1529.749683 best_val=1514.431787@0165 train_nmse=0.202889 val_nmse=0.201758 train_cos=0.884263 val_cos=0.884937
epoch 0193/0300 train_loss=1538.259451 val_loss=1540.891992 best_val=1514.431787@0165 train_nmse=0.203338 val_nmse=0.203862 train_cos=0.883995 val_cos=0.883675
epoch 0194/0300 train_loss=1542.203792 val_loss=1530.953467 best_val=1514.431787@0165 train_nmse=0.204150 val_nmse=0.201937 train_cos=0.883570 val_cos=0.884853
epoch 0195/0300 train_loss=1538.229064 val_loss=1539.273486 best_val=1514.431787@0165 train_nmse=0.203386 val_nmse=0.203448 train_cos=0.884031 val_cos=0.883769
epoch 0196/0300 train_loss=1543.024316 val_loss=1542.574072 best_val=1514.431787@0165 train_nmse=0.204353 val_nmse=0.204224 train_cos=0.883454 val_cos=0.883463
epoch 0197/0300 train_loss=1537.282655 val_loss=1548.806152 best_val=1514.431787@0165 train_nmse=0.203224 val_nmse=0.205451 train_cos=0.884143 val_cos=0.882680
epoch 0198/0300 train_loss=1534.760229 val_loss=1551.398755 best_val=1514.431787@0165 train_nmse=0.202666 val_nmse=0.205922 train_cos=0.884412 val_cos=0.882442
epoch 0199/0300 train_loss=1540.283659 val_loss=1543.882666 best_val=1514.431787@0165 train_nmse=0.203736 val_nmse=0.204437 train_cos=0.883782 val_cos=0.883351
epoch 0200/0300 train_loss=1541.133588 val_loss=1539.681152 best_val=1514.431787@0165 train_nmse=0.203960 val_nmse=0.203573 train_cos=0.883671 val_cos=0.883804
epoch 0201/0300 train_loss=1542.372271 val_loss=1524.049268 best_val=1514.431787@0165 train_nmse=0.204174 val_nmse=0.200652 train_cos=0.883528 val_cos=0.885705
epoch 0202/0300 train_loss=1540.245136 val_loss=1541.170190 best_val=1514.431787@0165 train_nmse=0.203763 val_nmse=0.203873 train_cos=0.883768 val_cos=0.883623
epoch 0203/0300 train_loss=1545.856782 val_loss=1541.455444 best_val=1514.431787@0165 train_nmse=0.204867 val_nmse=0.203978 train_cos=0.883139 val_cos=0.883700
epoch 0204/0300 train_loss=1540.718788 val_loss=1540.977246 best_val=1514.431787@0165 train_nmse=0.203834 val_nmse=0.203864 train_cos=0.883725 val_cos=0.883618
epoch 0205/0300 train_loss=1540.187139 val_loss=1542.656860 best_val=1514.431787@0165 train_nmse=0.203734 val_nmse=0.204192 train_cos=0.883806 val_cos=0.883440
epoch 0206/0300 train_loss=1537.240628 val_loss=1543.331226 best_val=1514.431787@0165 train_nmse=0.203167 val_nmse=0.204350 train_cos=0.884144 val_cos=0.883409
epoch 0207/0300 train_loss=1538.282197 val_loss=1526.148193 best_val=1514.431787@0165 train_nmse=0.203383 val_nmse=0.200995 train_cos=0.883987 val_cos=0.885437
epoch 0208/0300 train_loss=1537.811268 val_loss=1538.481323 best_val=1514.431787@0165 train_nmse=0.203307 val_nmse=0.203423 train_cos=0.884078 val_cos=0.883922
epoch 0209/0300 train_loss=1535.338835 val_loss=1544.276270 best_val=1514.431787@0165 train_nmse=0.202824 val_nmse=0.204507 train_cos=0.884350 val_cos=0.883315
epoch 0210/0300 train_loss=1537.353008 val_loss=1542.019604 best_val=1514.431787@0165 train_nmse=0.203224 val_nmse=0.204102 train_cos=0.884104 val_cos=0.883670
epoch 0211/0300 train_loss=1538.957633 val_loss=1533.001367 best_val=1514.431787@0165 train_nmse=0.203510 val_nmse=0.202378 train_cos=0.883928 val_cos=0.884660
epoch 0212/0300 train_loss=1536.084831 val_loss=1533.006641 best_val=1514.431787@0165 train_nmse=0.202934 val_nmse=0.202417 train_cos=0.884249 val_cos=0.884625
epoch 0213/0300 train_loss=1540.179902 val_loss=1531.049561 best_val=1514.431787@0165 train_nmse=0.203770 val_nmse=0.201950 train_cos=0.883791 val_cos=0.884888
epoch 0214/0300 train_loss=1536.411656 val_loss=1539.596387 best_val=1514.431787@0165 train_nmse=0.203015 val_nmse=0.203733 train_cos=0.884252 val_cos=0.883843
epoch 0215/0300 train_loss=1544.344189 val_loss=1539.216724 best_val=1514.431787@0165 train_nmse=0.204559 val_nmse=0.203627 train_cos=0.883298 val_cos=0.883924
epoch 0216/0300 train_loss=1541.547000 val_loss=1537.741748 best_val=1514.431787@0165 train_nmse=0.204043 val_nmse=0.203285 train_cos=0.883614 val_cos=0.884109
epoch 0217/0300 train_loss=1542.394295 val_loss=1534.168604 best_val=1514.431787@0165 train_nmse=0.204185 val_nmse=0.202506 train_cos=0.883533 val_cos=0.884484
epoch 0218/0300 train_loss=1539.475743 val_loss=1529.106885 best_val=1514.431787@0165 train_nmse=0.203624 val_nmse=0.201705 train_cos=0.883866 val_cos=0.885101
epoch 0219/0300 train_loss=1534.952824 val_loss=1538.840894 best_val=1514.431787@0165 train_nmse=0.202740 val_nmse=0.203433 train_cos=0.884435 val_cos=0.883948
epoch 0220/0300 train_loss=1539.341338 val_loss=1542.912451 best_val=1514.431787@0165 train_nmse=0.203614 val_nmse=0.204330 train_cos=0.883904 val_cos=0.883401
epoch 0221/0300 train_loss=1535.752197 val_loss=1550.008887 best_val=1514.431787@0165 train_nmse=0.202916 val_nmse=0.205759 train_cos=0.884282 val_cos=0.882642
epoch 0222/0300 train_loss=1542.814269 val_loss=1542.953857 best_val=1514.431787@0165 train_nmse=0.204287 val_nmse=0.204283 train_cos=0.883491 val_cos=0.883469
epoch 0223/0300 train_loss=1540.646110 val_loss=1558.836108 best_val=1514.431787@0165 train_nmse=0.203872 val_nmse=0.207420 train_cos=0.883746 val_cos=0.881566
epoch 0224/0300 train_loss=1541.094840 val_loss=1539.023535 best_val=1514.431787@0165 train_nmse=0.203953 val_nmse=0.203480 train_cos=0.883673 val_cos=0.883851
epoch 0225/0300 train_loss=1536.922065 val_loss=1532.838550 best_val=1514.431787@0165 train_nmse=0.203141 val_nmse=0.202406 train_cos=0.884167 val_cos=0.884676
epoch 0226/0300 train_loss=1536.992046 val_loss=1538.253369 best_val=1514.431787@0165 train_nmse=0.203123 val_nmse=0.203310 train_cos=0.884170 val_cos=0.884012
epoch 0227/0300 train_loss=1538.368275 val_loss=1542.565942 best_val=1514.431787@0165 train_nmse=0.203423 val_nmse=0.204220 train_cos=0.884013 val_cos=0.883504
epoch 0228/0300 train_loss=1539.587863 val_loss=1532.816943 best_val=1514.431787@0165 train_nmse=0.203657 val_nmse=0.202372 train_cos=0.883867 val_cos=0.884786
epoch 0229/0300 train_loss=1538.323416 val_loss=1530.667310 best_val=1514.431787@0165 train_nmse=0.203415 val_nmse=0.201851 train_cos=0.884046 val_cos=0.884896
epoch 0230/0300 train_loss=1535.479457 val_loss=1552.596704 best_val=1514.431787@0165 train_nmse=0.202858 val_nmse=0.206184 train_cos=0.884374 val_cos=0.882270
epoch 0231/0300 train_loss=1540.651120 val_loss=1535.869189 best_val=1514.431787@0165 train_nmse=0.203802 val_nmse=0.202812 train_cos=0.883734 val_cos=0.884291
epoch 0232/0300 train_loss=1539.503122 val_loss=1519.820557 best_val=1514.431787@0165 train_nmse=0.203611 val_nmse=0.199651 train_cos=0.883842 val_cos=0.886128
epoch 0233/0300 train_loss=1536.844613 val_loss=1540.523315 best_val=1514.431787@0165 train_nmse=0.203091 val_nmse=0.203841 train_cos=0.884183 val_cos=0.883759
epoch 0234/0300 train_loss=1540.717833 val_loss=1543.557007 best_val=1514.431787@0165 train_nmse=0.203844 val_nmse=0.204590 train_cos=0.883728 val_cos=0.883404
epoch 0235/0300 train_loss=1543.513121 val_loss=1543.444971 best_val=1514.431787@0165 train_nmse=0.204406 val_nmse=0.204540 train_cos=0.883406 val_cos=0.883284
epoch 0236/0300 train_loss=1538.530941 val_loss=1547.728467 best_val=1514.431787@0165 train_nmse=0.203417 val_nmse=0.205131 train_cos=0.883969 val_cos=0.882941
epoch 0237/0300 train_loss=1532.380718 val_loss=1540.781128 best_val=1514.431787@0165 train_nmse=0.202263 val_nmse=0.203913 train_cos=0.884715 val_cos=0.883711
epoch 0238/0300 train_loss=1540.178223 val_loss=1546.943750 best_val=1514.431787@0165 train_nmse=0.203786 val_nmse=0.205018 train_cos=0.883794 val_cos=0.882982
epoch 0239/0300 train_loss=1537.975570 val_loss=1549.929150 best_val=1514.431787@0165 train_nmse=0.203308 val_nmse=0.205721 train_cos=0.884051 val_cos=0.882554
epoch 0240/0300 train_loss=1540.131841 val_loss=1531.112109 best_val=1514.431787@0165 train_nmse=0.203744 val_nmse=0.201948 train_cos=0.883803 val_cos=0.884971
epoch 0241/0300 train_loss=1536.543129 val_loss=1527.984326 best_val=1514.431787@0165 train_nmse=0.203066 val_nmse=0.201474 train_cos=0.884187 val_cos=0.885351
epoch 0242/0300 train_loss=1537.323020 val_loss=1535.344922 best_val=1514.431787@0165 train_nmse=0.203221 val_nmse=0.202824 train_cos=0.884090 val_cos=0.884329
epoch 0243/0300 train_loss=1538.856152 val_loss=1530.724170 best_val=1514.431787@0165 train_nmse=0.203484 val_nmse=0.201893 train_cos=0.883945 val_cos=0.885001
epoch 0244/0300 train_loss=1543.948041 val_loss=1537.963647 best_val=1514.431787@0165 train_nmse=0.204530 val_nmse=0.203305 train_cos=0.883339 val_cos=0.884117
epoch 0245/0300 train_loss=1545.785099 val_loss=1545.023657 best_val=1514.431787@0165 train_nmse=0.204856 val_nmse=0.204752 train_cos=0.883102 val_cos=0.883137
epoch 0246/0300 train_loss=1542.989787 val_loss=1543.336987 best_val=1514.431787@0165 train_nmse=0.204307 val_nmse=0.204400 train_cos=0.883441 val_cos=0.883467
epoch 0247/0300 train_loss=1538.158708 val_loss=1539.626953 best_val=1514.431787@0165 train_nmse=0.203358 val_nmse=0.203561 train_cos=0.884011 val_cos=0.883821
epoch 0248/0300 train_loss=1540.442244 val_loss=1536.843628 best_val=1514.431787@0165 train_nmse=0.203818 val_nmse=0.203072 train_cos=0.883778 val_cos=0.884260
epoch 0249/0300 train_loss=1540.267093 val_loss=1545.325195 best_val=1514.431787@0165 train_nmse=0.203780 val_nmse=0.204689 train_cos=0.883785 val_cos=0.883193
epoch 0250/0300 train_loss=1537.511106 val_loss=1542.341602 best_val=1514.431787@0165 train_nmse=0.203250 val_nmse=0.204160 train_cos=0.884088 val_cos=0.883486
epoch 0251/0300 train_loss=1537.153049 val_loss=1540.546777 best_val=1514.431787@0165 train_nmse=0.203170 val_nmse=0.203812 train_cos=0.884166 val_cos=0.883771
epoch 0252/0300 train_loss=1540.427458 val_loss=1555.228076 best_val=1514.431787@0165 train_nmse=0.203802 val_nmse=0.206760 train_cos=0.883782 val_cos=0.881998
epoch 0253/0300 train_loss=1540.665066 val_loss=1546.458057 best_val=1514.431787@0165 train_nmse=0.203831 val_nmse=0.204990 train_cos=0.883771 val_cos=0.883031
epoch 0254/0300 train_loss=1540.450437 val_loss=1535.982275 best_val=1514.431787@0165 train_nmse=0.203795 val_nmse=0.202918 train_cos=0.883753 val_cos=0.884270
epoch 0255/0300 train_loss=1540.468045 val_loss=1543.221143 best_val=1514.431787@0165 train_nmse=0.203802 val_nmse=0.204305 train_cos=0.883765 val_cos=0.883491
epoch 0256/0300 train_loss=1535.982121 val_loss=1538.227539 best_val=1514.431787@0165 train_nmse=0.202926 val_nmse=0.203412 train_cos=0.884260 val_cos=0.884093
epoch 0257/0300 train_loss=1536.682460 val_loss=1545.304053 best_val=1514.431787@0165 train_nmse=0.203080 val_nmse=0.204704 train_cos=0.884214 val_cos=0.883108
epoch 0258/0300 train_loss=1539.708480 val_loss=1533.179443 best_val=1514.431787@0165 train_nmse=0.203645 val_nmse=0.202347 train_cos=0.883857 val_cos=0.884592
epoch 0259/0300 train_loss=1540.666580 val_loss=1539.200562 best_val=1514.431787@0165 train_nmse=0.203878 val_nmse=0.203607 train_cos=0.883757 val_cos=0.884001
epoch 0260/0300 train_loss=1539.039128 val_loss=1522.552295 best_val=1514.431787@0165 train_nmse=0.203512 val_nmse=0.200322 train_cos=0.883909 val_cos=0.885948
epoch 0261/0300 train_loss=1538.889242 val_loss=1531.415137 best_val=1514.431787@0165 train_nmse=0.203529 val_nmse=0.201978 train_cos=0.883963 val_cos=0.884788
epoch 0262/0300 train_loss=1540.627911 val_loss=1534.760303 best_val=1514.431787@0165 train_nmse=0.203845 val_nmse=0.202623 train_cos=0.883740 val_cos=0.884377
epoch 0263/0300 train_loss=1540.653453 val_loss=1537.916016 best_val=1514.431787@0165 train_nmse=0.203869 val_nmse=0.203311 train_cos=0.883689 val_cos=0.884001
epoch 0264/0300 train_loss=1538.304218 val_loss=1558.095898 best_val=1514.431787@0165 train_nmse=0.203375 val_nmse=0.207196 train_cos=0.884048 val_cos=0.881717
epoch 0265/0300 train_loss=1540.658095 val_loss=1538.420166 best_val=1514.431787@0165 train_nmse=0.203824 val_nmse=0.203383 train_cos=0.883707 val_cos=0.884046
epoch 0266/0300 train_loss=1537.237473 val_loss=1530.806348 best_val=1514.431787@0165 train_nmse=0.203173 val_nmse=0.201883 train_cos=0.884140 val_cos=0.884820
epoch 0267/0300 train_loss=1538.112316 val_loss=1533.065381 best_val=1514.431787@0165 train_nmse=0.203350 val_nmse=0.202501 train_cos=0.884036 val_cos=0.884589
epoch 0268/0300 train_loss=1535.439632 val_loss=1542.346973 best_val=1514.431787@0165 train_nmse=0.202841 val_nmse=0.204118 train_cos=0.884344 val_cos=0.883430
epoch 0269/0300 train_loss=1538.351942 val_loss=1534.061719 best_val=1514.431787@0165 train_nmse=0.203376 val_nmse=0.202620 train_cos=0.884008 val_cos=0.884534
epoch 0270/0300 train_loss=1540.087044 val_loss=1543.142554 best_val=1514.431787@0165 train_nmse=0.203770 val_nmse=0.204305 train_cos=0.883795 val_cos=0.883458
epoch 0271/0300 train_loss=1536.994187 val_loss=1544.781787 best_val=1514.431787@0165 train_nmse=0.203157 val_nmse=0.204559 train_cos=0.884137 val_cos=0.883236
epoch 0272/0300 train_loss=1543.440294 val_loss=1548.807568 best_val=1514.431787@0165 train_nmse=0.204387 val_nmse=0.205439 train_cos=0.883388 val_cos=0.882754
epoch 0273/0300 train_loss=1540.601421 val_loss=1532.327832 best_val=1514.431787@0165 train_nmse=0.203848 val_nmse=0.202253 train_cos=0.883714 val_cos=0.884681
epoch 0274/0300 train_loss=1538.800532 val_loss=1542.943921 best_val=1514.431787@0165 train_nmse=0.203485 val_nmse=0.204303 train_cos=0.883947 val_cos=0.883516
epoch 0275/0300 train_loss=1540.909597 val_loss=1534.503833 best_val=1514.431787@0165 train_nmse=0.203905 val_nmse=0.202700 train_cos=0.883708 val_cos=0.884426
epoch 0276/0300 train_loss=1538.580811 val_loss=1546.916064 best_val=1514.431787@0165 train_nmse=0.203432 val_nmse=0.204992 train_cos=0.883981 val_cos=0.882965
epoch 0277/0300 train_loss=1539.768576 val_loss=1534.176270 best_val=1514.431787@0165 train_nmse=0.203698 val_nmse=0.202491 train_cos=0.883793 val_cos=0.884583
epoch 0278/0300 train_loss=1541.514431 val_loss=1550.463770 best_val=1514.431787@0165 train_nmse=0.204018 val_nmse=0.205816 train_cos=0.883639 val_cos=0.882653
epoch 0279/0300 train_loss=1537.140902 val_loss=1528.784668 best_val=1514.431787@0165 train_nmse=0.203169 val_nmse=0.201551 train_cos=0.884138 val_cos=0.885059
epoch 0280/0300 train_loss=1534.477783 val_loss=1547.164917 best_val=1514.431787@0165 train_nmse=0.202642 val_nmse=0.205104 train_cos=0.884467 val_cos=0.882850
epoch 0281/0300 train_loss=1542.349721 val_loss=1539.857642 best_val=1514.431787@0165 train_nmse=0.204172 val_nmse=0.203714 train_cos=0.883548 val_cos=0.883825
epoch 0282/0300 train_loss=1543.532273 val_loss=1529.619189 best_val=1514.431787@0165 train_nmse=0.204417 val_nmse=0.201614 train_cos=0.883374 val_cos=0.885049
epoch 0283/0300 train_loss=1539.116542 val_loss=1525.994092 best_val=1514.431787@0165 train_nmse=0.203544 val_nmse=0.201000 train_cos=0.883970 val_cos=0.885388
epoch 0284/0300 train_loss=1541.497323 val_loss=1545.914648 best_val=1514.431787@0165 train_nmse=0.204017 val_nmse=0.204780 train_cos=0.883619 val_cos=0.883083
epoch 0285/0300 train_loss=1538.415847 val_loss=1546.951465 best_val=1514.431787@0165 train_nmse=0.203428 val_nmse=0.205035 train_cos=0.883986 val_cos=0.883014
epoch 0286/0300 train_loss=1538.384408 val_loss=1539.103760 best_val=1514.431787@0165 train_nmse=0.203425 val_nmse=0.203614 train_cos=0.884015 val_cos=0.884012
epoch 0287/0300 train_loss=1539.120728 val_loss=1544.559570 best_val=1514.431787@0165 train_nmse=0.203512 val_nmse=0.204667 train_cos=0.883900 val_cos=0.883288
epoch 0288/0300 train_loss=1547.047645 val_loss=1547.239160 best_val=1514.431787@0165 train_nmse=0.205113 val_nmse=0.205092 train_cos=0.882992 val_cos=0.882988
epoch 0289/0300 train_loss=1538.022683 val_loss=1551.582104 best_val=1514.431787@0165 train_nmse=0.203315 val_nmse=0.206072 train_cos=0.884043 val_cos=0.882353
epoch 0290/0300 train_loss=1539.459266 val_loss=1539.205127 best_val=1514.431787@0165 train_nmse=0.203612 val_nmse=0.203564 train_cos=0.883919 val_cos=0.883892
epoch 0291/0300 train_loss=1538.593831 val_loss=1545.972314 best_val=1514.431787@0165 train_nmse=0.203445 val_nmse=0.204766 train_cos=0.883969 val_cos=0.883160
epoch 0292/0300 train_loss=1543.043283 val_loss=1537.738037 best_val=1514.431787@0165 train_nmse=0.204282 val_nmse=0.203234 train_cos=0.883433 val_cos=0.884040
epoch 0293/0300 train_loss=1537.568636 val_loss=1544.767285 best_val=1514.431787@0165 train_nmse=0.203238 val_nmse=0.204617 train_cos=0.884121 val_cos=0.883152
epoch 0294/0300 train_loss=1537.682419 val_loss=1541.609448 best_val=1514.431787@0165 train_nmse=0.203253 val_nmse=0.203979 train_cos=0.884082 val_cos=0.883574
epoch 0295/0300 train_loss=1542.980566 val_loss=1541.992578 best_val=1514.431787@0165 train_nmse=0.204299 val_nmse=0.204132 train_cos=0.883463 val_cos=0.883594
epoch 0296/0300 train_loss=1538.712291 val_loss=1540.396289 best_val=1514.431787@0165 train_nmse=0.203439 val_nmse=0.203823 train_cos=0.883976 val_cos=0.883784
epoch 0297/0300 train_loss=1540.953068 val_loss=1533.242676 best_val=1514.431787@0165 train_nmse=0.203925 val_nmse=0.202368 train_cos=0.883721 val_cos=0.884543
epoch 0298/0300 train_loss=1537.220565 val_loss=1551.316797 best_val=1514.431787@0165 train_nmse=0.203160 val_nmse=0.205987 train_cos=0.884136 val_cos=0.882408
epoch 0299/0300 train_loss=1537.441678 val_loss=1546.623462 best_val=1514.431787@0165 train_nmse=0.203204 val_nmse=0.205027 train_cos=0.884145 val_cos=0.883060
epoch 0300/0300 train_loss=1540.432707 val_loss=1540.042822 best_val=1514.431787@0165 train_nmse=0.203791 val_nmse=0.203730 train_cos=0.883749 val_cos=0.883808
saved last checkpoint: checkpoints/ardae/gamma_004/last.pt
saved best checkpoint: checkpoints/ardae/gamma_004/best.pt
saved metrics: checkpoints/ardae/gamma_004/metrics.csv
