save_dir: checkpoints/ardae/gaussian_002
requested_save_dir already existed; using: checkpoints/ardae/gaussian_002
device: cuda
data: datasets/processed/bsd400_patches_8x8.npy
raw_data_shape: (204800, 64)
epoch 0001/0100 train_loss=0.959699 val_loss=0.888580 best_val=0.888580@0001 train_nmse=0.959743 val_nmse=0.887786 train_cos=0.578081 val_cos=0.754716
epoch 0002/0100 train_loss=0.770845 val_loss=0.619443 best_val=0.619443@0002 train_nmse=0.771076 val_nmse=0.619914 train_cos=0.770422 val_cos=0.788281
epoch 0003/0100 train_loss=0.496306 val_loss=0.380020 best_val=0.380020@0003 train_nmse=0.496329 val_nmse=0.380223 train_cos=0.812682 val_cos=0.837201
epoch 0004/0100 train_loss=0.320460 val_loss=0.281807 best_val=0.281807@0004 train_nmse=0.320661 val_nmse=0.281510 train_cos=0.851635 val_cos=0.858323
epoch 0005/0100 train_loss=0.271818 val_loss=0.269459 best_val=0.269459@0005 train_nmse=0.271730 val_nmse=0.269302 train_cos=0.860102 val_cos=0.859630
epoch 0006/0100 train_loss=0.266183 val_loss=0.266492 best_val=0.266492@0006 train_nmse=0.266123 val_nmse=0.266375 train_cos=0.861051 val_cos=0.860472
epoch 0007/0100 train_loss=0.262494 val_loss=0.262379 best_val=0.262379@0007 train_nmse=0.262486 val_nmse=0.262423 train_cos=0.862309 val_cos=0.861754
epoch 0008/0100 train_loss=0.258784 val_loss=0.258416 best_val=0.258416@0008 train_nmse=0.258868 val_nmse=0.258406 train_cos=0.863521 val_cos=0.863558
epoch 0009/0100 train_loss=0.254639 val_loss=0.254120 best_val=0.254120@0009 train_nmse=0.254599 val_nmse=0.254130 train_cos=0.865411 val_cos=0.865239
epoch 0010/0100 train_loss=0.250510 val_loss=0.251148 best_val=0.251148@0010 train_nmse=0.250595 val_nmse=0.250771 train_cos=0.867382 val_cos=0.866989
epoch 0011/0100 train_loss=0.247086 val_loss=0.247346 best_val=0.247346@0011 train_nmse=0.247139 val_nmse=0.247394 train_cos=0.869039 val_cos=0.868863
epoch 0012/0100 train_loss=0.243572 val_loss=0.244062 best_val=0.244062@0012 train_nmse=0.243671 val_nmse=0.243819 train_cos=0.870803 val_cos=0.870700
epoch 0013/0100 train_loss=0.240860 val_loss=0.241784 best_val=0.241784@0013 train_nmse=0.241016 val_nmse=0.242579 train_cos=0.872248 val_cos=0.871060
epoch 0014/0100 train_loss=0.238645 val_loss=0.239385 best_val=0.239385@0014 train_nmse=0.238625 val_nmse=0.239384 train_cos=0.873464 val_cos=0.872995
epoch 0015/0100 train_loss=0.236565 val_loss=0.237831 best_val=0.237831@0015 train_nmse=0.236615 val_nmse=0.237603 train_cos=0.874593 val_cos=0.873886
epoch 0016/0100 train_loss=0.234571 val_loss=0.234539 best_val=0.234539@0016 train_nmse=0.234545 val_nmse=0.234975 train_cos=0.875589 val_cos=0.875161
epoch 0017/0100 train_loss=0.233135 val_loss=0.234169 best_val=0.234169@0017 train_nmse=0.233075 val_nmse=0.233880 train_cos=0.876335 val_cos=0.875768
epoch 0018/0100 train_loss=0.231706 val_loss=0.234092 best_val=0.234092@0018 train_nmse=0.231879 val_nmse=0.233844 train_cos=0.877029 val_cos=0.875785
epoch 0019/0100 train_loss=0.230435 val_loss=0.232146 best_val=0.232146@0019 train_nmse=0.230573 val_nmse=0.232211 train_cos=0.877767 val_cos=0.876814
epoch 0020/0100 train_loss=0.229400 val_loss=0.231034 best_val=0.231034@0020 train_nmse=0.229458 val_nmse=0.230988 train_cos=0.878389 val_cos=0.877494
epoch 0021/0100 train_loss=0.228539 val_loss=0.230586 best_val=0.230586@0021 train_nmse=0.228620 val_nmse=0.230017 train_cos=0.878830 val_cos=0.878133
epoch 0022/0100 train_loss=0.227577 val_loss=0.229825 best_val=0.229825@0022 train_nmse=0.227565 val_nmse=0.229404 train_cos=0.879432 val_cos=0.878357
epoch 0023/0100 train_loss=0.226912 val_loss=0.228947 best_val=0.228947@0023 train_nmse=0.226925 val_nmse=0.229276 train_cos=0.879764 val_cos=0.878398
epoch 0024/0100 train_loss=0.226106 val_loss=0.228369 best_val=0.228369@0024 train_nmse=0.226085 val_nmse=0.228298 train_cos=0.880148 val_cos=0.879032
epoch 0025/0100 train_loss=0.225626 val_loss=0.227597 best_val=0.227597@0025 train_nmse=0.225645 val_nmse=0.227491 train_cos=0.880441 val_cos=0.879265
epoch 0026/0100 train_loss=0.224837 val_loss=0.227179 best_val=0.227179@0026 train_nmse=0.224756 val_nmse=0.227032 train_cos=0.880989 val_cos=0.879604
epoch 0027/0100 train_loss=0.224403 val_loss=0.225768 best_val=0.225768@0027 train_nmse=0.224156 val_nmse=0.225793 train_cos=0.881253 val_cos=0.880369
epoch 0028/0100 train_loss=0.223476 val_loss=0.225174 best_val=0.225174@0028 train_nmse=0.223591 val_nmse=0.225307 train_cos=0.881613 val_cos=0.880571
epoch 0029/0100 train_loss=0.222831 val_loss=0.224717 best_val=0.224717@0029 train_nmse=0.223029 val_nmse=0.225401 train_cos=0.881951 val_cos=0.880418
epoch 0030/0100 train_loss=0.222454 val_loss=0.225024 best_val=0.224717@0029 train_nmse=0.222629 val_nmse=0.224892 train_cos=0.882158 val_cos=0.880707
epoch 0031/0100 train_loss=0.222118 val_loss=0.224478 best_val=0.224478@0031 train_nmse=0.222105 val_nmse=0.224461 train_cos=0.882496 val_cos=0.881225
epoch 0032/0100 train_loss=0.221531 val_loss=0.222589 best_val=0.222589@0032 train_nmse=0.221642 val_nmse=0.222713 train_cos=0.882702 val_cos=0.882129
epoch 0033/0100 train_loss=0.221042 val_loss=0.222896 best_val=0.222589@0032 train_nmse=0.221270 val_nmse=0.222881 train_cos=0.882892 val_cos=0.882022
epoch 0034/0100 train_loss=0.220793 val_loss=0.223547 best_val=0.222589@0032 train_nmse=0.220741 val_nmse=0.223779 train_cos=0.883171 val_cos=0.881619
epoch 0035/0100 train_loss=0.220376 val_loss=0.221443 best_val=0.221443@0035 train_nmse=0.220334 val_nmse=0.222004 train_cos=0.883474 val_cos=0.882334
epoch 0036/0100 train_loss=0.220096 val_loss=0.222465 best_val=0.221443@0035 train_nmse=0.220136 val_nmse=0.222652 train_cos=0.883518 val_cos=0.882282
epoch 0037/0100 train_loss=0.220021 val_loss=0.221431 best_val=0.221431@0037 train_nmse=0.220152 val_nmse=0.221552 train_cos=0.883489 val_cos=0.882563
epoch 0038/0100 train_loss=0.219283 val_loss=0.221263 best_val=0.221263@0038 train_nmse=0.219288 val_nmse=0.221341 train_cos=0.884023 val_cos=0.882931
epoch 0039/0100 train_loss=0.219048 val_loss=0.221208 best_val=0.221208@0039 train_nmse=0.219042 val_nmse=0.221443 train_cos=0.884150 val_cos=0.882759
epoch 0040/0100 train_loss=0.219066 val_loss=0.220876 best_val=0.220876@0040 train_nmse=0.219018 val_nmse=0.221180 train_cos=0.884077 val_cos=0.882926
epoch 0041/0100 train_loss=0.218406 val_loss=0.220782 best_val=0.220782@0041 train_nmse=0.218423 val_nmse=0.221051 train_cos=0.884473 val_cos=0.883231
epoch 0042/0100 train_loss=0.218195 val_loss=0.220366 best_val=0.220366@0042 train_nmse=0.218091 val_nmse=0.220312 train_cos=0.884706 val_cos=0.883436
epoch 0043/0100 train_loss=0.218011 val_loss=0.220168 best_val=0.220168@0043 train_nmse=0.217996 val_nmse=0.220044 train_cos=0.884744 val_cos=0.883570
epoch 0044/0100 train_loss=0.217194 val_loss=0.220179 best_val=0.220168@0043 train_nmse=0.217341 val_nmse=0.219853 train_cos=0.885110 val_cos=0.883689
epoch 0045/0100 train_loss=0.217222 val_loss=0.219662 best_val=0.219662@0045 train_nmse=0.217157 val_nmse=0.219376 train_cos=0.885190 val_cos=0.883813
epoch 0046/0100 train_loss=0.217141 val_loss=0.219670 best_val=0.219662@0045 train_nmse=0.217051 val_nmse=0.219024 train_cos=0.885243 val_cos=0.884160
epoch 0047/0100 train_loss=0.216827 val_loss=0.219338 best_val=0.219338@0047 train_nmse=0.216769 val_nmse=0.219511 train_cos=0.885400 val_cos=0.883881
epoch 0048/0100 train_loss=0.216677 val_loss=0.218765 best_val=0.218765@0048 train_nmse=0.216693 val_nmse=0.218491 train_cos=0.885531 val_cos=0.884505
epoch 0049/0100 train_loss=0.216242 val_loss=0.218431 best_val=0.218431@0049 train_nmse=0.216237 val_nmse=0.218818 train_cos=0.885745 val_cos=0.884398
epoch 0050/0100 train_loss=0.215784 val_loss=0.217942 best_val=0.217942@0050 train_nmse=0.215946 val_nmse=0.218073 train_cos=0.885899 val_cos=0.884650
epoch 0051/0100 train_loss=0.215682 val_loss=0.217630 best_val=0.217630@0051 train_nmse=0.215727 val_nmse=0.217215 train_cos=0.885963 val_cos=0.885140
epoch 0052/0100 train_loss=0.215659 val_loss=0.217494 best_val=0.217494@0052 train_nmse=0.215587 val_nmse=0.217521 train_cos=0.886096 val_cos=0.884988
epoch 0053/0100 train_loss=0.215289 val_loss=0.217580 best_val=0.217494@0052 train_nmse=0.215353 val_nmse=0.217673 train_cos=0.886157 val_cos=0.885102
epoch 0054/0100 train_loss=0.215187 val_loss=0.218566 best_val=0.217494@0052 train_nmse=0.215134 val_nmse=0.218333 train_cos=0.886236 val_cos=0.884567
epoch 0055/0100 train_loss=0.215016 val_loss=0.217381 best_val=0.217381@0055 train_nmse=0.215011 val_nmse=0.217516 train_cos=0.886376 val_cos=0.885029
epoch 0056/0100 train_loss=0.214823 val_loss=0.216962 best_val=0.216962@0056 train_nmse=0.214753 val_nmse=0.217134 train_cos=0.886497 val_cos=0.885224
epoch 0057/0100 train_loss=0.214512 val_loss=0.216777 best_val=0.216777@0057 train_nmse=0.214555 val_nmse=0.217004 train_cos=0.886582 val_cos=0.885296
epoch 0058/0100 train_loss=0.214411 val_loss=0.215838 best_val=0.215838@0058 train_nmse=0.214239 val_nmse=0.216491 train_cos=0.886803 val_cos=0.885499
epoch 0059/0100 train_loss=0.214072 val_loss=0.215623 best_val=0.215623@0059 train_nmse=0.214108 val_nmse=0.215991 train_cos=0.886851 val_cos=0.885808
epoch 0060/0100 train_loss=0.213755 val_loss=0.217142 best_val=0.215623@0059 train_nmse=0.213734 val_nmse=0.217141 train_cos=0.887055 val_cos=0.885199
epoch 0061/0100 train_loss=0.213826 val_loss=0.216277 best_val=0.215623@0059 train_nmse=0.213754 val_nmse=0.216315 train_cos=0.887077 val_cos=0.885513
epoch 0062/0100 train_loss=0.213656 val_loss=0.215040 best_val=0.215040@0062 train_nmse=0.213728 val_nmse=0.215305 train_cos=0.887062 val_cos=0.886187
epoch 0063/0100 train_loss=0.213576 val_loss=0.215919 best_val=0.215040@0062 train_nmse=0.213629 val_nmse=0.215927 train_cos=0.887148 val_cos=0.885830
epoch 0064/0100 train_loss=0.213440 val_loss=0.215387 best_val=0.215040@0062 train_nmse=0.213433 val_nmse=0.215678 train_cos=0.887194 val_cos=0.886027
epoch 0065/0100 train_loss=0.213201 val_loss=0.215476 best_val=0.215040@0062 train_nmse=0.213190 val_nmse=0.215503 train_cos=0.887335 val_cos=0.885887
epoch 0066/0100 train_loss=0.213350 val_loss=0.214935 best_val=0.214935@0066 train_nmse=0.213377 val_nmse=0.214928 train_cos=0.887234 val_cos=0.886635
epoch 0067/0100 train_loss=0.212711 val_loss=0.215513 best_val=0.214935@0066 train_nmse=0.212664 val_nmse=0.215811 train_cos=0.887614 val_cos=0.885889
epoch 0068/0100 train_loss=0.212614 val_loss=0.214571 best_val=0.214571@0068 train_nmse=0.212592 val_nmse=0.215384 train_cos=0.887711 val_cos=0.886199
epoch 0069/0100 train_loss=0.212578 val_loss=0.214990 best_val=0.214571@0068 train_nmse=0.212546 val_nmse=0.214789 train_cos=0.887743 val_cos=0.886386
epoch 0070/0100 train_loss=0.212434 val_loss=0.215258 best_val=0.214571@0068 train_nmse=0.212378 val_nmse=0.215013 train_cos=0.887757 val_cos=0.886218
epoch 0071/0100 train_loss=0.212062 val_loss=0.214367 best_val=0.214367@0071 train_nmse=0.212072 val_nmse=0.214934 train_cos=0.887955 val_cos=0.886326
epoch 0072/0100 train_loss=0.212072 val_loss=0.215036 best_val=0.214367@0071 train_nmse=0.211970 val_nmse=0.214701 train_cos=0.888015 val_cos=0.886534
epoch 0073/0100 train_loss=0.212012 val_loss=0.214230 best_val=0.214230@0073 train_nmse=0.211949 val_nmse=0.214291 train_cos=0.887964 val_cos=0.886675
epoch 0074/0100 train_loss=0.212203 val_loss=0.213976 best_val=0.213976@0074 train_nmse=0.212059 val_nmse=0.213968 train_cos=0.887967 val_cos=0.886958
epoch 0075/0100 train_loss=0.211989 val_loss=0.214266 best_val=0.213976@0074 train_nmse=0.212042 val_nmse=0.214705 train_cos=0.887964 val_cos=0.886477
epoch 0076/0100 train_loss=0.211860 val_loss=0.213885 best_val=0.213885@0076 train_nmse=0.211766 val_nmse=0.213999 train_cos=0.888129 val_cos=0.886897
epoch 0077/0100 train_loss=0.211595 val_loss=0.214522 best_val=0.213885@0076 train_nmse=0.211624 val_nmse=0.214242 train_cos=0.888215 val_cos=0.886625
epoch 0078/0100 train_loss=0.211325 val_loss=0.213489 best_val=0.213489@0078 train_nmse=0.211266 val_nmse=0.213701 train_cos=0.888359 val_cos=0.887154
epoch 0079/0100 train_loss=0.211147 val_loss=0.213841 best_val=0.213489@0078 train_nmse=0.211314 val_nmse=0.213736 train_cos=0.888333 val_cos=0.886868
epoch 0080/0100 train_loss=0.211161 val_loss=0.213447 best_val=0.213447@0080 train_nmse=0.211132 val_nmse=0.213739 train_cos=0.888421 val_cos=0.887041
epoch 0081/0100 train_loss=0.210969 val_loss=0.213399 best_val=0.213399@0081 train_nmse=0.211037 val_nmse=0.213591 train_cos=0.888471 val_cos=0.887304
epoch 0082/0100 train_loss=0.210857 val_loss=0.213393 best_val=0.213393@0082 train_nmse=0.210910 val_nmse=0.213247 train_cos=0.888576 val_cos=0.887199
epoch 0083/0100 train_loss=0.210793 val_loss=0.212670 best_val=0.212670@0083 train_nmse=0.210926 val_nmse=0.212746 train_cos=0.888576 val_cos=0.887548
epoch 0084/0100 train_loss=0.210812 val_loss=0.213887 best_val=0.212670@0083 train_nmse=0.210639 val_nmse=0.213680 train_cos=0.888695 val_cos=0.886943
epoch 0085/0100 train_loss=0.210626 val_loss=0.213356 best_val=0.212670@0083 train_nmse=0.210684 val_nmse=0.213134 train_cos=0.888727 val_cos=0.887412
epoch 0086/0100 train_loss=0.210563 val_loss=0.213010 best_val=0.212670@0083 train_nmse=0.210530 val_nmse=0.213175 train_cos=0.888772 val_cos=0.887264
epoch 0087/0100 train_loss=0.210489 val_loss=0.212722 best_val=0.212670@0083 train_nmse=0.210526 val_nmse=0.212593 train_cos=0.888770 val_cos=0.887575
epoch 0088/0100 train_loss=0.210336 val_loss=0.212360 best_val=0.212360@0088 train_nmse=0.210466 val_nmse=0.212638 train_cos=0.888829 val_cos=0.887681
epoch 0089/0100 train_loss=0.210272 val_loss=0.212967 best_val=0.212360@0088 train_nmse=0.210235 val_nmse=0.213420 train_cos=0.889018 val_cos=0.887249
epoch 0090/0100 train_loss=0.210214 val_loss=0.212902 best_val=0.212360@0088 train_nmse=0.210186 val_nmse=0.212892 train_cos=0.889027 val_cos=0.887433
epoch 0091/0100 train_loss=0.209860 val_loss=0.212276 best_val=0.212276@0091 train_nmse=0.209870 val_nmse=0.212291 train_cos=0.889121 val_cos=0.887733
epoch 0092/0100 train_loss=0.209937 val_loss=0.212804 best_val=0.212276@0091 train_nmse=0.209828 val_nmse=0.212517 train_cos=0.889104 val_cos=0.887576
epoch 0093/0100 train_loss=0.209813 val_loss=0.212557 best_val=0.212276@0091 train_nmse=0.209839 val_nmse=0.212687 train_cos=0.889167 val_cos=0.887555
epoch 0094/0100 train_loss=0.209610 val_loss=0.212228 best_val=0.212228@0094 train_nmse=0.209646 val_nmse=0.212437 train_cos=0.889239 val_cos=0.887894
epoch 0095/0100 train_loss=0.209623 val_loss=0.212207 best_val=0.212207@0095 train_nmse=0.209702 val_nmse=0.212369 train_cos=0.889224 val_cos=0.887793
epoch 0096/0100 train_loss=0.209599 val_loss=0.212460 best_val=0.212207@0095 train_nmse=0.209486 val_nmse=0.212234 train_cos=0.889369 val_cos=0.887730
epoch 0097/0100 train_loss=0.209611 val_loss=0.211744 best_val=0.211744@0097 train_nmse=0.209583 val_nmse=0.211890 train_cos=0.889298 val_cos=0.887984
epoch 0098/0100 train_loss=0.209204 val_loss=0.211310 best_val=0.211310@0098 train_nmse=0.209171 val_nmse=0.211618 train_cos=0.889496 val_cos=0.888296
epoch 0099/0100 train_loss=0.209239 val_loss=0.212347 best_val=0.211310@0098 train_nmse=0.209200 val_nmse=0.212290 train_cos=0.889491 val_cos=0.887741
epoch 0100/0100 train_loss=0.209491 val_loss=0.211947 best_val=0.211310@0098 train_nmse=0.209472 val_nmse=0.212062 train_cos=0.889342 val_cos=0.887953
saved last checkpoint: checkpoints/ardae/gaussian_002/last.pt
saved best checkpoint: checkpoints/ardae/gaussian_002/best.pt
saved metrics: checkpoints/ardae/gaussian_002/metrics.csv
