save_dir: checkpoints/ardae/gamma_002
requested_save_dir already existed; using: checkpoints/ardae/gamma_002
device: cuda
data: datasets/processed/bsd400_patches_8x8.npy
raw_data_shape: (204800, 64)
epoch 0001/0100 train_loss=114.098228 val_loss=111.185213 best_val=111.185213@0001 train_nmse=0.978331 val_nmse=0.950656 train_cos=0.314582 val_cos=0.467003
epoch 0002/0100 train_loss=108.021454 val_loss=105.091161 best_val=105.091161@0002 train_nmse=0.924382 val_nmse=0.901101 train_cos=0.498654 val_cos=0.528253
epoch 0003/0100 train_loss=104.553864 val_loss=104.870056 best_val=104.870056@0003 train_nmse=0.894137 val_nmse=0.891147 train_cos=0.535023 val_cos=0.537301
epoch 0004/0100 train_loss=103.098988 val_loss=102.014044 best_val=102.014044@0004 train_nmse=0.883791 val_nmse=0.876227 train_cos=0.535817 val_cos=0.537399
epoch 0005/0100 train_loss=101.509196 val_loss=101.223203 best_val=101.223203@0005 train_nmse=0.869854 val_nmse=0.864219 train_cos=0.537387 val_cos=0.538324
epoch 0006/0100 train_loss=99.992374 val_loss=100.532561 best_val=100.532561@0006 train_nmse=0.859156 val_nmse=0.855825 train_cos=0.538922 val_cos=0.539010
epoch 0007/0100 train_loss=99.509364 val_loss=98.954178 best_val=98.954178@0007 train_nmse=0.851954 val_nmse=0.849063 train_cos=0.540720 val_cos=0.542032
epoch 0008/0100 train_loss=98.967688 val_loss=97.864835 best_val=97.864835@0008 train_nmse=0.846278 val_nmse=0.842422 train_cos=0.543136 val_cos=0.545519
epoch 0009/0100 train_loss=98.053747 val_loss=98.225870 best_val=97.864835@0008 train_nmse=0.840230 val_nmse=0.839298 train_cos=0.545754 val_cos=0.546925
epoch 0010/0100 train_loss=97.096915 val_loss=96.880202 best_val=96.880202@0010 train_nmse=0.835025 val_nmse=0.831789 train_cos=0.549329 val_cos=0.550973
epoch 0011/0100 train_loss=96.995592 val_loss=96.829172 best_val=96.829172@0011 train_nmse=0.830171 val_nmse=0.827900 train_cos=0.552557 val_cos=0.554335
epoch 0012/0100 train_loss=96.107405 val_loss=96.042944 best_val=96.042944@0012 train_nmse=0.825100 val_nmse=0.822398 train_cos=0.556271 val_cos=0.558599
epoch 0013/0100 train_loss=95.669964 val_loss=95.768008 best_val=95.768008@0013 train_nmse=0.820116 val_nmse=0.817594 train_cos=0.560413 val_cos=0.563475
epoch 0014/0100 train_loss=95.076666 val_loss=94.696762 best_val=94.696762@0014 train_nmse=0.815014 val_nmse=0.812526 train_cos=0.565162 val_cos=0.567578
epoch 0015/0100 train_loss=94.416489 val_loss=94.427164 best_val=94.427164@0015 train_nmse=0.809846 val_nmse=0.806704 train_cos=0.570613 val_cos=0.573886
epoch 0016/0100 train_loss=93.879102 val_loss=93.170573 best_val=93.170573@0016 train_nmse=0.804459 val_nmse=0.800375 train_cos=0.576928 val_cos=0.580019
epoch 0017/0100 train_loss=92.926612 val_loss=92.302686 best_val=92.302686@0017 train_nmse=0.798264 val_nmse=0.793903 train_cos=0.583492 val_cos=0.589097
epoch 0018/0100 train_loss=92.342608 val_loss=93.322847 best_val=92.302686@0017 train_nmse=0.792283 val_nmse=0.789895 train_cos=0.591385 val_cos=0.594097
epoch 0019/0100 train_loss=91.748764 val_loss=91.200552 best_val=91.200552@0019 train_nmse=0.784866 val_nmse=0.780681 train_cos=0.600300 val_cos=0.606149
epoch 0020/0100 train_loss=90.649373 val_loss=90.361212 best_val=90.361212@0020 train_nmse=0.777278 val_nmse=0.772133 train_cos=0.610097 val_cos=0.614564
epoch 0021/0100 train_loss=89.580983 val_loss=89.966451 best_val=89.966451@0021 train_nmse=0.768292 val_nmse=0.764519 train_cos=0.621529 val_cos=0.626965
epoch 0022/0100 train_loss=88.945805 val_loss=88.299219 best_val=88.299219@0022 train_nmse=0.759808 val_nmse=0.754093 train_cos=0.633782 val_cos=0.640044
epoch 0023/0100 train_loss=87.106433 val_loss=86.817986 best_val=86.817986@0023 train_nmse=0.747912 val_nmse=0.742564 train_cos=0.647968 val_cos=0.655562
epoch 0024/0100 train_loss=85.919816 val_loss=85.154019 best_val=85.154019@0024 train_nmse=0.737405 val_nmse=0.730490 train_cos=0.663058 val_cos=0.670720
epoch 0025/0100 train_loss=84.705547 val_loss=83.534735 best_val=83.534735@0025 train_nmse=0.725342 val_nmse=0.718453 train_cos=0.678625 val_cos=0.686566
epoch 0026/0100 train_loss=82.890536 val_loss=81.624886 best_val=81.624886@0026 train_nmse=0.712077 val_nmse=0.703856 train_cos=0.695318 val_cos=0.704355
epoch 0027/0100 train_loss=81.582224 val_loss=80.426282 best_val=80.426282@0027 train_nmse=0.698754 val_nmse=0.690833 train_cos=0.710787 val_cos=0.720390
epoch 0028/0100 train_loss=80.009033 val_loss=79.368074 best_val=79.368074@0028 train_nmse=0.685218 val_nmse=0.677998 train_cos=0.726643 val_cos=0.734410
epoch 0029/0100 train_loss=78.358886 val_loss=78.181993 best_val=78.181993@0029 train_nmse=0.671227 val_nmse=0.663809 train_cos=0.741282 val_cos=0.750340
epoch 0030/0100 train_loss=76.187486 val_loss=76.809357 best_val=76.809357@0030 train_nmse=0.656351 val_nmse=0.650209 train_cos=0.755853 val_cos=0.762259
epoch 0031/0100 train_loss=75.142455 val_loss=74.701044 best_val=74.701044@0031 train_nmse=0.643060 val_nmse=0.635853 train_cos=0.768959 val_cos=0.773955
epoch 0032/0100 train_loss=73.642410 val_loss=72.625856 best_val=72.625856@0032 train_nmse=0.629835 val_nmse=0.622458 train_cos=0.780241 val_cos=0.786668
epoch 0033/0100 train_loss=71.882306 val_loss=71.478857 best_val=71.478857@0033 train_nmse=0.616883 val_nmse=0.610674 train_cos=0.790188 val_cos=0.793320
epoch 0034/0100 train_loss=70.850645 val_loss=70.128946 best_val=70.128946@0034 train_nmse=0.605152 val_nmse=0.597430 train_cos=0.799030 val_cos=0.805174
epoch 0035/0100 train_loss=69.078796 val_loss=68.787460 best_val=68.787460@0035 train_nmse=0.592633 val_nmse=0.586358 train_cos=0.807567 val_cos=0.810463
epoch 0036/0100 train_loss=67.851979 val_loss=66.893089 best_val=66.893089@0036 train_nmse=0.581541 val_nmse=0.574454 train_cos=0.814266 val_cos=0.818682
epoch 0037/0100 train_loss=66.574528 val_loss=66.654211 best_val=66.654211@0037 train_nmse=0.570827 val_nmse=0.565688 train_cos=0.820582 val_cos=0.825586
epoch 0038/0100 train_loss=65.309410 val_loss=64.851973 best_val=64.851973@0038 train_nmse=0.559511 val_nmse=0.553878 train_cos=0.826563 val_cos=0.829384
epoch 0039/0100 train_loss=64.338515 val_loss=63.973769 best_val=63.973769@0039 train_nmse=0.550032 val_nmse=0.545535 train_cos=0.831013 val_cos=0.834779
epoch 0040/0100 train_loss=63.068760 val_loss=63.538068 best_val=63.538068@0040 train_nmse=0.540655 val_nmse=0.537527 train_cos=0.836178 val_cos=0.837021
epoch 0041/0100 train_loss=62.062274 val_loss=61.750356 best_val=61.750356@0041 train_nmse=0.531560 val_nmse=0.527457 train_cos=0.839954 val_cos=0.840546
epoch 0042/0100 train_loss=61.279346 val_loss=60.638757 best_val=60.638757@0042 train_nmse=0.523225 val_nmse=0.517363 train_cos=0.843276 val_cos=0.844163
epoch 0043/0100 train_loss=59.997421 val_loss=59.710939 best_val=59.710939@0043 train_nmse=0.514772 val_nmse=0.509506 train_cos=0.846469 val_cos=0.848213
epoch 0044/0100 train_loss=59.165514 val_loss=58.766057 best_val=58.766057@0044 train_nmse=0.506633 val_nmse=0.501809 train_cos=0.849509 val_cos=0.849155
epoch 0045/0100 train_loss=58.210596 val_loss=57.975643 best_val=57.975643@0045 train_nmse=0.498818 val_nmse=0.494884 train_cos=0.851905 val_cos=0.852684
epoch 0046/0100 train_loss=57.270039 val_loss=57.150909 best_val=57.150909@0046 train_nmse=0.491577 val_nmse=0.487966 train_cos=0.854176 val_cos=0.853364
epoch 0047/0100 train_loss=56.662709 val_loss=56.148982 best_val=56.148982@0047 train_nmse=0.484606 val_nmse=0.480381 train_cos=0.855854 val_cos=0.856942
epoch 0048/0100 train_loss=55.573693 val_loss=55.587039 best_val=55.587039@0048 train_nmse=0.477743 val_nmse=0.475393 train_cos=0.858044 val_cos=0.859146
epoch 0049/0100 train_loss=55.027557 val_loss=54.379455 best_val=54.379455@0049 train_nmse=0.471514 val_nmse=0.466492 train_cos=0.860287 val_cos=0.859952
epoch 0050/0100 train_loss=54.257472 val_loss=54.500553 best_val=54.379455@0049 train_nmse=0.465207 val_nmse=0.463098 train_cos=0.861954 val_cos=0.860931
epoch 0051/0100 train_loss=53.620920 val_loss=54.001771 best_val=54.001771@0051 train_nmse=0.459784 val_nmse=0.457771 train_cos=0.863116 val_cos=0.863623
epoch 0052/0100 train_loss=52.799813 val_loss=52.020496 best_val=52.020496@0052 train_nmse=0.454009 val_nmse=0.448027 train_cos=0.864887 val_cos=0.865456
epoch 0053/0100 train_loss=52.470346 val_loss=51.857077 best_val=51.857077@0053 train_nmse=0.449240 val_nmse=0.445012 train_cos=0.865997 val_cos=0.865759
epoch 0054/0100 train_loss=51.841248 val_loss=52.110618 best_val=51.857077@0053 train_nmse=0.443406 val_nmse=0.440618 train_cos=0.867527 val_cos=0.867542
epoch 0055/0100 train_loss=51.244101 val_loss=51.483401 best_val=51.483401@0055 train_nmse=0.439222 val_nmse=0.437114 train_cos=0.868636 val_cos=0.868170
epoch 0056/0100 train_loss=50.532620 val_loss=50.604552 best_val=50.604552@0056 train_nmse=0.433445 val_nmse=0.431482 train_cos=0.869688 val_cos=0.869607
epoch 0057/0100 train_loss=49.978320 val_loss=49.718093 best_val=49.718093@0057 train_nmse=0.429252 val_nmse=0.426313 train_cos=0.871089 val_cos=0.871500
epoch 0058/0100 train_loss=49.671845 val_loss=49.561523 best_val=49.561523@0058 train_nmse=0.424929 val_nmse=0.422023 train_cos=0.871941 val_cos=0.872617
epoch 0059/0100 train_loss=49.210085 val_loss=48.459523 best_val=48.459523@0059 train_nmse=0.420823 val_nmse=0.415644 train_cos=0.873256 val_cos=0.873268
epoch 0060/0100 train_loss=48.769174 val_loss=48.126283 best_val=48.126283@0060 train_nmse=0.416442 val_nmse=0.414026 train_cos=0.873947 val_cos=0.874476
epoch 0061/0100 train_loss=48.149607 val_loss=47.572382 best_val=47.572382@0061 train_nmse=0.412386 val_nmse=0.408490 train_cos=0.875025 val_cos=0.875134
epoch 0062/0100 train_loss=47.620135 val_loss=47.478012 best_val=47.478012@0062 train_nmse=0.408738 val_nmse=0.405698 train_cos=0.875970 val_cos=0.875799
epoch 0063/0100 train_loss=47.285083 val_loss=46.602997 best_val=46.602997@0063 train_nmse=0.405380 val_nmse=0.400347 train_cos=0.876839 val_cos=0.876779
epoch 0064/0100 train_loss=47.003388 val_loss=46.567320 best_val=46.567320@0064 train_nmse=0.402366 val_nmse=0.398481 train_cos=0.877655 val_cos=0.877630
epoch 0065/0100 train_loss=46.374089 val_loss=46.100392 best_val=46.100392@0065 train_nmse=0.397957 val_nmse=0.393642 train_cos=0.878383 val_cos=0.878524
epoch 0066/0100 train_loss=46.193180 val_loss=46.361449 best_val=46.100392@0065 train_nmse=0.395099 val_nmse=0.392037 train_cos=0.879414 val_cos=0.878313
epoch 0067/0100 train_loss=45.760094 val_loss=45.042022 best_val=45.042022@0067 train_nmse=0.391792 val_nmse=0.387769 train_cos=0.879921 val_cos=0.879622
epoch 0068/0100 train_loss=45.460417 val_loss=45.326036 best_val=45.042022@0067 train_nmse=0.388555 val_nmse=0.387355 train_cos=0.880865 val_cos=0.881048
epoch 0069/0100 train_loss=44.958008 val_loss=44.253195 best_val=44.253195@0069 train_nmse=0.385812 val_nmse=0.380888 train_cos=0.881697 val_cos=0.882258
epoch 0070/0100 train_loss=44.573893 val_loss=44.633128 best_val=44.253195@0069 train_nmse=0.382748 val_nmse=0.379802 train_cos=0.882360 val_cos=0.881822
epoch 0071/0100 train_loss=44.119621 val_loss=44.355093 best_val=44.253195@0069 train_nmse=0.379668 val_nmse=0.377991 train_cos=0.882877 val_cos=0.882628
epoch 0072/0100 train_loss=43.915820 val_loss=44.133887 best_val=44.133887@0072 train_nmse=0.376462 val_nmse=0.375442 train_cos=0.883458 val_cos=0.883526
epoch 0073/0100 train_loss=43.632478 val_loss=43.369806 best_val=43.369806@0073 train_nmse=0.374272 val_nmse=0.370417 train_cos=0.884481 val_cos=0.884766
epoch 0074/0100 train_loss=43.431562 val_loss=43.307976 best_val=43.307976@0074 train_nmse=0.371561 val_nmse=0.369864 train_cos=0.884820 val_cos=0.884234
epoch 0075/0100 train_loss=42.985848 val_loss=43.182341 best_val=43.182341@0075 train_nmse=0.368755 val_nmse=0.366718 train_cos=0.885714 val_cos=0.885962
epoch 0076/0100 train_loss=42.850751 val_loss=42.337166 best_val=42.337166@0076 train_nmse=0.366866 val_nmse=0.363101 train_cos=0.886606 val_cos=0.885385
epoch 0077/0100 train_loss=42.490708 val_loss=42.239626 best_val=42.239626@0077 train_nmse=0.363765 val_nmse=0.362608 train_cos=0.886854 val_cos=0.886876
epoch 0078/0100 train_loss=42.257182 val_loss=41.825292 best_val=41.825292@0078 train_nmse=0.361966 val_nmse=0.357830 train_cos=0.887501 val_cos=0.887737
epoch 0079/0100 train_loss=41.959175 val_loss=42.023739 best_val=41.825292@0078 train_nmse=0.359609 val_nmse=0.357551 train_cos=0.888199 val_cos=0.886976
epoch 0080/0100 train_loss=41.850716 val_loss=41.282317 best_val=41.282317@0080 train_nmse=0.358040 val_nmse=0.354794 train_cos=0.888459 val_cos=0.889244
epoch 0081/0100 train_loss=41.524515 val_loss=41.366733 best_val=41.282317@0080 train_nmse=0.355455 val_nmse=0.351272 train_cos=0.889121 val_cos=0.889308
epoch 0082/0100 train_loss=41.130220 val_loss=41.533099 best_val=41.282317@0080 train_nmse=0.353059 val_nmse=0.350095 train_cos=0.889640 val_cos=0.889966
epoch 0083/0100 train_loss=40.919813 val_loss=40.744820 best_val=40.744820@0083 train_nmse=0.351384 val_nmse=0.348999 train_cos=0.890116 val_cos=0.889652
epoch 0084/0100 train_loss=40.767925 val_loss=40.393774 best_val=40.393774@0084 train_nmse=0.349402 val_nmse=0.345217 train_cos=0.890804 val_cos=0.890210
epoch 0085/0100 train_loss=40.439863 val_loss=40.165682 best_val=40.165682@0085 train_nmse=0.347157 val_nmse=0.344544 train_cos=0.890806 val_cos=0.891677
epoch 0086/0100 train_loss=40.399179 val_loss=40.043686 best_val=40.043686@0086 train_nmse=0.345647 val_nmse=0.343842 train_cos=0.891936 val_cos=0.890988
epoch 0087/0100 train_loss=40.090710 val_loss=39.753191 best_val=39.753191@0087 train_nmse=0.344139 val_nmse=0.342730 train_cos=0.891986 val_cos=0.892388
epoch 0088/0100 train_loss=39.788333 val_loss=39.396732 best_val=39.396732@0088 train_nmse=0.341718 val_nmse=0.338778 train_cos=0.892619 val_cos=0.892723
epoch 0089/0100 train_loss=39.669924 val_loss=39.689420 best_val=39.396732@0088 train_nmse=0.340203 val_nmse=0.337875 train_cos=0.892717 val_cos=0.892453
epoch 0090/0100 train_loss=39.408615 val_loss=39.377654 best_val=39.377654@0090 train_nmse=0.338337 val_nmse=0.334735 train_cos=0.893189 val_cos=0.893641
epoch 0091/0100 train_loss=39.200485 val_loss=39.174671 best_val=39.174671@0091 train_nmse=0.335766 val_nmse=0.333947 train_cos=0.893871 val_cos=0.893889
epoch 0092/0100 train_loss=39.023663 val_loss=38.166448 best_val=38.166448@0092 train_nmse=0.334688 val_nmse=0.330068 train_cos=0.894401 val_cos=0.895184
epoch 0093/0100 train_loss=38.871444 val_loss=38.763152 best_val=38.166448@0092 train_nmse=0.333186 val_nmse=0.330121 train_cos=0.894734 val_cos=0.894381
epoch 0094/0100 train_loss=38.637437 val_loss=38.458093 best_val=38.166448@0092 train_nmse=0.331150 val_nmse=0.327973 train_cos=0.895082 val_cos=0.895910
epoch 0095/0100 train_loss=38.689983 val_loss=38.118962 best_val=38.118962@0095 train_nmse=0.329907 val_nmse=0.327026 train_cos=0.895611 val_cos=0.894744
epoch 0096/0100 train_loss=38.427247 val_loss=38.190327 best_val=38.118962@0095 train_nmse=0.328976 val_nmse=0.327596 train_cos=0.895728 val_cos=0.895054
epoch 0097/0100 train_loss=38.208016 val_loss=37.578267 best_val=37.578267@0097 train_nmse=0.327700 val_nmse=0.323903 train_cos=0.895542 val_cos=0.895598
epoch 0098/0100 train_loss=37.881322 val_loss=37.631588 best_val=37.578267@0097 train_nmse=0.325003 val_nmse=0.322153 train_cos=0.897052 val_cos=0.897114
epoch 0099/0100 train_loss=37.602821 val_loss=37.188589 best_val=37.188589@0099 train_nmse=0.323131 val_nmse=0.318958 train_cos=0.897445 val_cos=0.897043
epoch 0100/0100 train_loss=37.766023 val_loss=37.492978 best_val=37.188589@0099 train_nmse=0.322879 val_nmse=0.321283 train_cos=0.897360 val_cos=0.896005
saved last checkpoint: checkpoints/ardae/gamma_002/last.pt
saved best checkpoint: checkpoints/ardae/gamma_002/best.pt
saved metrics: checkpoints/ardae/gamma_002/metrics.csv
