save_dir: checkpoints/ardae/poisson_002
requested_save_dir already existed; using: checkpoints/ardae/poisson_002
device: cuda
data: datasets/processed/bsd400_patches_8x8.npy
raw_data_shape: (204800, 64)
epoch 0001/0100 train_loss=107.723780 val_loss=106.889520 best_val=106.889520@0001 train_nmse=0.998485 val_nmse=0.992685 train_cos=0.053642 val_cos=0.142894
epoch 0002/0100 train_loss=105.937379 val_loss=103.578897 best_val=103.578897@0002 train_nmse=0.981898 val_nmse=0.962136 train_cos=0.318653 val_cos=0.501490
epoch 0003/0100 train_loss=99.550189 val_loss=92.605444 best_val=92.605444@0003 train_nmse=0.922382 val_nmse=0.860310 train_cos=0.593320 val_cos=0.647950
epoch 0004/0100 train_loss=84.841862 val_loss=75.420868 best_val=75.420868@0004 train_nmse=0.786739 val_nmse=0.701793 train_cos=0.676862 val_cos=0.711893
epoch 0005/0100 train_loss=68.596515 val_loss=61.617005 best_val=61.617005@0005 train_nmse=0.635786 val_nmse=0.572365 train_cos=0.744922 val_cos=0.775440
epoch 0006/0100 train_loss=57.252481 val_loss=53.548500 best_val=53.548500@0006 train_nmse=0.531544 val_nmse=0.497123 train_cos=0.794210 val_cos=0.807604
epoch 0007/0100 train_loss=51.384476 val_loss=49.604581 best_val=49.604581@0007 train_nmse=0.476451 val_nmse=0.460530 train_cos=0.813648 val_cos=0.815882
epoch 0008/0100 train_loss=48.407588 val_loss=47.512064 best_val=47.512064@0008 train_nmse=0.449129 val_nmse=0.441790 train_cos=0.817958 val_cos=0.817958
epoch 0009/0100 train_loss=46.848003 val_loss=46.164222 best_val=46.164222@0009 train_nmse=0.434475 val_nmse=0.429324 train_cos=0.818894 val_cos=0.818288
epoch 0010/0100 train_loss=45.829266 val_loss=45.470444 best_val=45.470444@0010 train_nmse=0.425120 val_nmse=0.422557 train_cos=0.818900 val_cos=0.818158
epoch 0011/0100 train_loss=45.035920 val_loss=44.520199 best_val=44.520199@0011 train_nmse=0.417730 val_nmse=0.415037 train_cos=0.819460 val_cos=0.818656
epoch 0012/0100 train_loss=44.372761 val_loss=43.999690 best_val=43.999690@0012 train_nmse=0.411691 val_nmse=0.409670 train_cos=0.819994 val_cos=0.819399
epoch 0013/0100 train_loss=43.929193 val_loss=43.777956 best_val=43.777956@0013 train_nmse=0.407524 val_nmse=0.406521 train_cos=0.820160 val_cos=0.819183
epoch 0014/0100 train_loss=43.480472 val_loss=43.300070 best_val=43.300070@0014 train_nmse=0.403462 val_nmse=0.402770 train_cos=0.820462 val_cos=0.818958
epoch 0015/0100 train_loss=43.109989 val_loss=42.964088 best_val=42.964088@0015 train_nmse=0.399569 val_nmse=0.399392 train_cos=0.820886 val_cos=0.819666
epoch 0016/0100 train_loss=42.829877 val_loss=42.672348 best_val=42.672348@0016 train_nmse=0.396841 val_nmse=0.396507 train_cos=0.821293 val_cos=0.820486
epoch 0017/0100 train_loss=42.427528 val_loss=42.378865 best_val=42.378865@0017 train_nmse=0.393350 val_nmse=0.393277 train_cos=0.821752 val_cos=0.820898
epoch 0018/0100 train_loss=42.183947 val_loss=41.906248 best_val=41.906248@0018 train_nmse=0.391079 val_nmse=0.390103 train_cos=0.822058 val_cos=0.821393
epoch 0019/0100 train_loss=41.940021 val_loss=41.883624 best_val=41.883624@0019 train_nmse=0.388822 val_nmse=0.389035 train_cos=0.822354 val_cos=0.821173
epoch 0020/0100 train_loss=41.687584 val_loss=41.595230 best_val=41.595230@0020 train_nmse=0.386240 val_nmse=0.386866 train_cos=0.822997 val_cos=0.822125
epoch 0021/0100 train_loss=41.382864 val_loss=41.293411 best_val=41.293411@0021 train_nmse=0.384180 val_nmse=0.383932 train_cos=0.823500 val_cos=0.822496
epoch 0022/0100 train_loss=41.221160 val_loss=41.097089 best_val=41.097089@0022 train_nmse=0.382216 val_nmse=0.381793 train_cos=0.824168 val_cos=0.823600
epoch 0023/0100 train_loss=41.014848 val_loss=40.985643 best_val=40.985643@0023 train_nmse=0.380538 val_nmse=0.380015 train_cos=0.824496 val_cos=0.823840
epoch 0024/0100 train_loss=40.809773 val_loss=40.633932 best_val=40.633932@0024 train_nmse=0.378182 val_nmse=0.378245 train_cos=0.825300 val_cos=0.824046
epoch 0025/0100 train_loss=40.606395 val_loss=40.495032 best_val=40.495032@0025 train_nmse=0.376723 val_nmse=0.375963 train_cos=0.825909 val_cos=0.825239
epoch 0026/0100 train_loss=40.483423 val_loss=40.297285 best_val=40.297285@0026 train_nmse=0.374992 val_nmse=0.374837 train_cos=0.826454 val_cos=0.826056
epoch 0027/0100 train_loss=40.202894 val_loss=40.003435 best_val=40.003435@0027 train_nmse=0.373169 val_nmse=0.372589 train_cos=0.827081 val_cos=0.826473
epoch 0028/0100 train_loss=40.031912 val_loss=40.075771 best_val=40.003435@0027 train_nmse=0.371120 val_nmse=0.371727 train_cos=0.827991 val_cos=0.826629
epoch 0029/0100 train_loss=39.840651 val_loss=39.817485 best_val=39.817485@0029 train_nmse=0.369643 val_nmse=0.369810 train_cos=0.828567 val_cos=0.827794
epoch 0030/0100 train_loss=39.731605 val_loss=39.646053 best_val=39.646053@0030 train_nmse=0.368565 val_nmse=0.368356 train_cos=0.828917 val_cos=0.828554
epoch 0031/0100 train_loss=39.536097 val_loss=39.427002 best_val=39.427002@0031 train_nmse=0.366833 val_nmse=0.366957 train_cos=0.829630 val_cos=0.828874
epoch 0032/0100 train_loss=39.437646 val_loss=39.382514 best_val=39.382514@0032 train_nmse=0.365594 val_nmse=0.365636 train_cos=0.830039 val_cos=0.829284
epoch 0033/0100 train_loss=39.247197 val_loss=39.094865 best_val=39.094865@0033 train_nmse=0.364136 val_nmse=0.364236 train_cos=0.830770 val_cos=0.829861
epoch 0034/0100 train_loss=39.105411 val_loss=38.886006 best_val=38.886006@0034 train_nmse=0.362623 val_nmse=0.362222 train_cos=0.831444 val_cos=0.830719
epoch 0035/0100 train_loss=39.015181 val_loss=38.983466 best_val=38.886006@0034 train_nmse=0.361377 val_nmse=0.361350 train_cos=0.831826 val_cos=0.830731
epoch 0036/0100 train_loss=38.836576 val_loss=38.720095 best_val=38.720095@0036 train_nmse=0.360149 val_nmse=0.360255 train_cos=0.832407 val_cos=0.831796
epoch 0037/0100 train_loss=38.730875 val_loss=38.634799 best_val=38.634799@0037 train_nmse=0.358835 val_nmse=0.358839 train_cos=0.833031 val_cos=0.832370
epoch 0038/0100 train_loss=38.576730 val_loss=38.497403 best_val=38.497403@0038 train_nmse=0.357603 val_nmse=0.357597 train_cos=0.833633 val_cos=0.832757
epoch 0039/0100 train_loss=38.415749 val_loss=38.309644 best_val=38.309644@0039 train_nmse=0.356353 val_nmse=0.356360 train_cos=0.833946 val_cos=0.833088
epoch 0040/0100 train_loss=38.329006 val_loss=38.166699 best_val=38.166699@0040 train_nmse=0.355420 val_nmse=0.355439 train_cos=0.834469 val_cos=0.833943
epoch 0041/0100 train_loss=38.241187 val_loss=38.365097 best_val=38.166699@0040 train_nmse=0.354687 val_nmse=0.355533 train_cos=0.834730 val_cos=0.833824
epoch 0042/0100 train_loss=38.104265 val_loss=37.989782 best_val=37.989782@0042 train_nmse=0.353288 val_nmse=0.353264 train_cos=0.835237 val_cos=0.834006
epoch 0043/0100 train_loss=38.062200 val_loss=38.121068 best_val=37.989782@0042 train_nmse=0.352697 val_nmse=0.353022 train_cos=0.835324 val_cos=0.834422
epoch 0044/0100 train_loss=37.905577 val_loss=37.874957 best_val=37.874957@0044 train_nmse=0.351337 val_nmse=0.352042 train_cos=0.836035 val_cos=0.834853
epoch 0045/0100 train_loss=37.747282 val_loss=37.808558 best_val=37.808558@0045 train_nmse=0.350172 val_nmse=0.351344 train_cos=0.836586 val_cos=0.835202
epoch 0046/0100 train_loss=37.593029 val_loss=37.642918 best_val=37.642918@0046 train_nmse=0.348985 val_nmse=0.349520 train_cos=0.837056 val_cos=0.836184
epoch 0047/0100 train_loss=37.501165 val_loss=37.269641 best_val=37.269641@0047 train_nmse=0.348060 val_nmse=0.347413 train_cos=0.837443 val_cos=0.837099
epoch 0048/0100 train_loss=37.428741 val_loss=37.507751 best_val=37.269641@0047 train_nmse=0.346596 val_nmse=0.348463 train_cos=0.838305 val_cos=0.836883
epoch 0049/0100 train_loss=37.316388 val_loss=37.471750 best_val=37.269641@0047 train_nmse=0.346009 val_nmse=0.346808 train_cos=0.838537 val_cos=0.837351
epoch 0050/0100 train_loss=37.192112 val_loss=37.174231 best_val=37.174231@0050 train_nmse=0.344927 val_nmse=0.344847 train_cos=0.838978 val_cos=0.838234
epoch 0051/0100 train_loss=37.088008 val_loss=37.055090 best_val=37.055090@0051 train_nmse=0.343847 val_nmse=0.344769 train_cos=0.839375 val_cos=0.838345
epoch 0052/0100 train_loss=36.902563 val_loss=36.991997 best_val=36.991997@0052 train_nmse=0.342666 val_nmse=0.343157 train_cos=0.839904 val_cos=0.838489
epoch 0053/0100 train_loss=36.807789 val_loss=36.805826 best_val=36.805826@0053 train_nmse=0.341644 val_nmse=0.342991 train_cos=0.840368 val_cos=0.839366
epoch 0054/0100 train_loss=36.770340 val_loss=36.602957 best_val=36.602957@0054 train_nmse=0.341133 val_nmse=0.341336 train_cos=0.840797 val_cos=0.839696
epoch 0055/0100 train_loss=36.624547 val_loss=36.700154 best_val=36.602957@0054 train_nmse=0.339892 val_nmse=0.340629 train_cos=0.841230 val_cos=0.840158
epoch 0056/0100 train_loss=36.550949 val_loss=36.495158 best_val=36.495158@0056 train_nmse=0.338922 val_nmse=0.339182 train_cos=0.841574 val_cos=0.841017
epoch 0057/0100 train_loss=36.452237 val_loss=36.295503 best_val=36.295503@0057 train_nmse=0.337872 val_nmse=0.338606 train_cos=0.842026 val_cos=0.840686
epoch 0058/0100 train_loss=36.310973 val_loss=36.240266 best_val=36.240266@0058 train_nmse=0.337061 val_nmse=0.337244 train_cos=0.842420 val_cos=0.841736
epoch 0059/0100 train_loss=36.245861 val_loss=36.245369 best_val=36.240266@0058 train_nmse=0.336267 val_nmse=0.336975 train_cos=0.842718 val_cos=0.841528
epoch 0060/0100 train_loss=36.180895 val_loss=36.165327 best_val=36.165327@0060 train_nmse=0.335180 val_nmse=0.335395 train_cos=0.843306 val_cos=0.842682
epoch 0061/0100 train_loss=35.970873 val_loss=35.955096 best_val=35.955096@0061 train_nmse=0.333980 val_nmse=0.333854 train_cos=0.843951 val_cos=0.843410
epoch 0062/0100 train_loss=35.988933 val_loss=35.891738 best_val=35.891738@0062 train_nmse=0.333393 val_nmse=0.333198 train_cos=0.844140 val_cos=0.843120
epoch 0063/0100 train_loss=35.805517 val_loss=35.626604 best_val=35.626604@0063 train_nmse=0.332399 val_nmse=0.331715 train_cos=0.844388 val_cos=0.844551
epoch 0064/0100 train_loss=35.749193 val_loss=35.738988 best_val=35.626604@0063 train_nmse=0.331119 val_nmse=0.331488 train_cos=0.845127 val_cos=0.844007
epoch 0065/0100 train_loss=35.579194 val_loss=35.530603 best_val=35.530603@0065 train_nmse=0.330131 val_nmse=0.330324 train_cos=0.845656 val_cos=0.845111
epoch 0066/0100 train_loss=35.574086 val_loss=35.499734 best_val=35.499734@0066 train_nmse=0.329470 val_nmse=0.329763 train_cos=0.845909 val_cos=0.844672
epoch 0067/0100 train_loss=35.383460 val_loss=35.586681 best_val=35.499734@0066 train_nmse=0.328465 val_nmse=0.329551 train_cos=0.846253 val_cos=0.845151
epoch 0068/0100 train_loss=35.386916 val_loss=35.301192 best_val=35.301192@0068 train_nmse=0.327793 val_nmse=0.328064 train_cos=0.846710 val_cos=0.846445
epoch 0069/0100 train_loss=35.232872 val_loss=35.062273 best_val=35.062273@0069 train_nmse=0.326754 val_nmse=0.327197 train_cos=0.847143 val_cos=0.846103
epoch 0070/0100 train_loss=35.169459 val_loss=34.958017 best_val=34.958017@0070 train_nmse=0.325845 val_nmse=0.325455 train_cos=0.847531 val_cos=0.847022
epoch 0071/0100 train_loss=35.109733 val_loss=35.036214 best_val=34.958017@0070 train_nmse=0.325313 val_nmse=0.326292 train_cos=0.847729 val_cos=0.846750
epoch 0072/0100 train_loss=34.989628 val_loss=34.723456 best_val=34.723456@0072 train_nmse=0.323976 val_nmse=0.323812 train_cos=0.848381 val_cos=0.847837
epoch 0073/0100 train_loss=34.824239 val_loss=34.898441 best_val=34.723456@0072 train_nmse=0.322894 val_nmse=0.323703 train_cos=0.848935 val_cos=0.847921
epoch 0074/0100 train_loss=34.735343 val_loss=34.768819 best_val=34.723456@0072 train_nmse=0.321943 val_nmse=0.322132 train_cos=0.849474 val_cos=0.848790
epoch 0075/0100 train_loss=34.675078 val_loss=34.541463 best_val=34.541463@0075 train_nmse=0.321415 val_nmse=0.321809 train_cos=0.849976 val_cos=0.848623
epoch 0076/0100 train_loss=34.574851 val_loss=34.537624 best_val=34.537624@0076 train_nmse=0.320367 val_nmse=0.321226 train_cos=0.850177 val_cos=0.848609
epoch 0077/0100 train_loss=34.537310 val_loss=34.383794 best_val=34.383794@0077 train_nmse=0.320027 val_nmse=0.319839 train_cos=0.850188 val_cos=0.849298
epoch 0078/0100 train_loss=34.357305 val_loss=34.222981 best_val=34.222981@0078 train_nmse=0.318674 val_nmse=0.318604 train_cos=0.850801 val_cos=0.849762
epoch 0079/0100 train_loss=34.360796 val_loss=34.214745 best_val=34.214745@0079 train_nmse=0.318015 val_nmse=0.318305 train_cos=0.851139 val_cos=0.850342
epoch 0080/0100 train_loss=34.184712 val_loss=34.160749 best_val=34.160749@0080 train_nmse=0.316813 val_nmse=0.316495 train_cos=0.851721 val_cos=0.851134
epoch 0081/0100 train_loss=34.062177 val_loss=33.793636 best_val=33.793636@0081 train_nmse=0.315714 val_nmse=0.315282 train_cos=0.852242 val_cos=0.851640
epoch 0082/0100 train_loss=33.978691 val_loss=33.946833 best_val=33.793636@0081 train_nmse=0.314949 val_nmse=0.315140 train_cos=0.852500 val_cos=0.851796
epoch 0083/0100 train_loss=33.844220 val_loss=33.705968 best_val=33.705968@0083 train_nmse=0.313931 val_nmse=0.314274 train_cos=0.852849 val_cos=0.851962
epoch 0084/0100 train_loss=33.740873 val_loss=33.770461 best_val=33.705968@0083 train_nmse=0.312952 val_nmse=0.314005 train_cos=0.853375 val_cos=0.852235
epoch 0085/0100 train_loss=33.656838 val_loss=33.850145 best_val=33.705968@0083 train_nmse=0.312136 val_nmse=0.313929 train_cos=0.853856 val_cos=0.852358
epoch 0086/0100 train_loss=33.539863 val_loss=33.463148 best_val=33.463148@0086 train_nmse=0.311402 val_nmse=0.311190 train_cos=0.854281 val_cos=0.854042
epoch 0087/0100 train_loss=33.441807 val_loss=33.337534 best_val=33.337534@0087 train_nmse=0.310437 val_nmse=0.310300 train_cos=0.854493 val_cos=0.853393
epoch 0088/0100 train_loss=33.385335 val_loss=33.338763 best_val=33.337534@0087 train_nmse=0.309655 val_nmse=0.309261 train_cos=0.854901 val_cos=0.854128
epoch 0089/0100 train_loss=33.315695 val_loss=33.287408 best_val=33.287408@0089 train_nmse=0.309014 val_nmse=0.308744 train_cos=0.855210 val_cos=0.854905
epoch 0090/0100 train_loss=33.203649 val_loss=33.195708 best_val=33.195708@0090 train_nmse=0.307830 val_nmse=0.308209 train_cos=0.855821 val_cos=0.855184
epoch 0091/0100 train_loss=33.134494 val_loss=32.966243 best_val=32.966243@0091 train_nmse=0.307289 val_nmse=0.306952 train_cos=0.855998 val_cos=0.855198
epoch 0092/0100 train_loss=33.022456 val_loss=32.901620 best_val=32.901620@0092 train_nmse=0.306281 val_nmse=0.306215 train_cos=0.856553 val_cos=0.855492
epoch 0093/0100 train_loss=32.962770 val_loss=32.708261 best_val=32.708261@0093 train_nmse=0.305420 val_nmse=0.303986 train_cos=0.857084 val_cos=0.857428
epoch 0094/0100 train_loss=32.857578 val_loss=32.749584 best_val=32.708261@0093 train_nmse=0.304582 val_nmse=0.304547 train_cos=0.857482 val_cos=0.856976
epoch 0095/0100 train_loss=32.721121 val_loss=32.649916 best_val=32.649916@0095 train_nmse=0.303643 val_nmse=0.303784 train_cos=0.857864 val_cos=0.856942
epoch 0096/0100 train_loss=32.657416 val_loss=32.524944 best_val=32.524944@0096 train_nmse=0.302504 val_nmse=0.303098 train_cos=0.858421 val_cos=0.857241
epoch 0097/0100 train_loss=32.554667 val_loss=32.555959 best_val=32.524944@0096 train_nmse=0.301910 val_nmse=0.302102 train_cos=0.858401 val_cos=0.857343
epoch 0098/0100 train_loss=32.481059 val_loss=32.396658 best_val=32.396658@0098 train_nmse=0.301269 val_nmse=0.300929 train_cos=0.858761 val_cos=0.858253
epoch 0099/0100 train_loss=32.340030 val_loss=32.254186 best_val=32.254186@0099 train_nmse=0.299962 val_nmse=0.300841 train_cos=0.859255 val_cos=0.858074
epoch 0100/0100 train_loss=32.277134 val_loss=32.190853 best_val=32.190853@0100 train_nmse=0.299197 val_nmse=0.299834 train_cos=0.859725 val_cos=0.858944
saved last checkpoint: checkpoints/ardae/poisson_002/last.pt
saved best checkpoint: checkpoints/ardae/poisson_002/best.pt
saved metrics: checkpoints/ardae/poisson_002/metrics.csv
