save_dir: checkpoints/ardae/poisson_004
requested_save_dir already existed; using: checkpoints/ardae/poisson_004
device: cuda
data: datasets/processed/bsd400_patches_8x8.npy
raw_data_shape: (204800, 64)
epoch 0001/0300 train_loss=0.027710 val_loss=0.012411 best_val=0.012411@0001 train_nmse=0.390137 val_nmse=0.177716 train_cos=0.922466 val_cos=0.984350
epoch 0002/0300 train_loss=0.008716 val_loss=0.007418 best_val=0.007418@0002 train_nmse=0.122687 val_nmse=0.105448 train_cos=0.961967 val_cos=0.988126
epoch 0003/0300 train_loss=0.007051 val_loss=0.006247 best_val=0.006247@0003 train_nmse=0.098295 val_nmse=0.088385 train_cos=0.987934 val_cos=0.985922
epoch 0004/0300 train_loss=0.005939 val_loss=0.005409 best_val=0.005409@0004 train_nmse=0.083102 val_nmse=0.076609 train_cos=0.989755 val_cos=0.989743
epoch 0005/0300 train_loss=0.005415 val_loss=0.005538 best_val=0.005409@0004 train_nmse=0.075351 val_nmse=0.077723 train_cos=0.989389 val_cos=0.985164
epoch 0006/0300 train_loss=0.004982 val_loss=0.004850 best_val=0.004850@0006 train_nmse=0.070074 val_nmse=0.068482 train_cos=0.989762 val_cos=0.990281
epoch 0007/0300 train_loss=0.004781 val_loss=0.004854 best_val=0.004850@0006 train_nmse=0.067517 val_nmse=0.069609 train_cos=0.990387 val_cos=0.987586
epoch 0008/0300 train_loss=0.004859 val_loss=0.004657 best_val=0.004657@0008 train_nmse=0.068316 val_nmse=0.065060 train_cos=0.989640 val_cos=0.991596
epoch 0009/0300 train_loss=0.004769 val_loss=0.005312 best_val=0.004657@0008 train_nmse=0.066882 val_nmse=0.076278 train_cos=0.990281 val_cos=0.993570
epoch 0010/0300 train_loss=0.004781 val_loss=0.004593 best_val=0.004593@0010 train_nmse=0.067671 val_nmse=0.065764 train_cos=0.988373 val_cos=0.993252
epoch 0011/0300 train_loss=0.004766 val_loss=0.004703 best_val=0.004593@0010 train_nmse=0.066602 val_nmse=0.065943 train_cos=0.990962 val_cos=0.993309
epoch 0012/0300 train_loss=0.004718 val_loss=0.004701 best_val=0.004593@0010 train_nmse=0.065927 val_nmse=0.065654 train_cos=0.991406 val_cos=0.989400
epoch 0013/0300 train_loss=0.004576 val_loss=0.004532 best_val=0.004532@0013 train_nmse=0.064389 val_nmse=0.064585 train_cos=0.992534 val_cos=0.989951
epoch 0014/0300 train_loss=0.004583 val_loss=0.004400 best_val=0.004400@0014 train_nmse=0.064286 val_nmse=0.063290 train_cos=0.991955 val_cos=0.989600
epoch 0015/0300 train_loss=0.004697 val_loss=0.004749 best_val=0.004400@0014 train_nmse=0.065820 val_nmse=0.065873 train_cos=0.991510 val_cos=0.976474
epoch 0016/0300 train_loss=0.004614 val_loss=0.004591 best_val=0.004400@0014 train_nmse=0.064913 val_nmse=0.063920 train_cos=0.990646 val_cos=0.992174
epoch 0017/0300 train_loss=0.004590 val_loss=0.004485 best_val=0.004400@0014 train_nmse=0.064704 val_nmse=0.063973 train_cos=0.992945 val_cos=0.993960
epoch 0018/0300 train_loss=0.004562 val_loss=0.004779 best_val=0.004400@0014 train_nmse=0.063888 val_nmse=0.065895 train_cos=0.992675 val_cos=0.987307
epoch 0019/0300 train_loss=0.004514 val_loss=0.004450 best_val=0.004400@0014 train_nmse=0.064134 val_nmse=0.062330 train_cos=0.992791 val_cos=0.993719
epoch 0020/0300 train_loss=0.004505 val_loss=0.004863 best_val=0.004400@0014 train_nmse=0.063398 val_nmse=0.067956 train_cos=0.992797 val_cos=0.983175
epoch 0021/0300 train_loss=0.004709 val_loss=0.004417 best_val=0.004400@0014 train_nmse=0.065757 val_nmse=0.063766 train_cos=0.991100 val_cos=0.993531
epoch 0022/0300 train_loss=0.004523 val_loss=0.004655 best_val=0.004400@0014 train_nmse=0.064088 val_nmse=0.064450 train_cos=0.992904 val_cos=0.993815
epoch 0023/0300 train_loss=0.004622 val_loss=0.004813 best_val=0.004400@0014 train_nmse=0.064823 val_nmse=0.067054 train_cos=0.992728 val_cos=0.994508
epoch 0024/0300 train_loss=0.004613 val_loss=0.004620 best_val=0.004400@0014 train_nmse=0.064281 val_nmse=0.063178 train_cos=0.992193 val_cos=0.994208
epoch 0025/0300 train_loss=0.004435 val_loss=0.004427 best_val=0.004400@0014 train_nmse=0.062378 val_nmse=0.061568 train_cos=0.993700 val_cos=0.993066
epoch 0026/0300 train_loss=0.004448 val_loss=0.004413 best_val=0.004400@0014 train_nmse=0.062032 val_nmse=0.061894 train_cos=0.993891 val_cos=0.992819
epoch 0027/0300 train_loss=0.004488 val_loss=0.004522 best_val=0.004400@0014 train_nmse=0.062654 val_nmse=0.062940 train_cos=0.993402 val_cos=0.992824
epoch 0028/0300 train_loss=0.004568 val_loss=0.004826 best_val=0.004400@0014 train_nmse=0.063777 val_nmse=0.067838 train_cos=0.992907 val_cos=0.994883
epoch 0029/0300 train_loss=0.004609 val_loss=0.004731 best_val=0.004400@0014 train_nmse=0.063916 val_nmse=0.065411 train_cos=0.992908 val_cos=0.990447
epoch 0030/0300 train_loss=0.004511 val_loss=0.004765 best_val=0.004400@0014 train_nmse=0.063230 val_nmse=0.066635 train_cos=0.993142 val_cos=0.994674
epoch 0031/0300 train_loss=0.004559 val_loss=0.004495 best_val=0.004400@0014 train_nmse=0.063726 val_nmse=0.063987 train_cos=0.992617 val_cos=0.994385
epoch 0032/0300 train_loss=0.004475 val_loss=0.004379 best_val=0.004379@0032 train_nmse=0.062546 val_nmse=0.062012 train_cos=0.992682 val_cos=0.993822
epoch 0033/0300 train_loss=0.004505 val_loss=0.004390 best_val=0.004379@0032 train_nmse=0.062827 val_nmse=0.061496 train_cos=0.993354 val_cos=0.993090
epoch 0034/0300 train_loss=0.004480 val_loss=0.004402 best_val=0.004379@0032 train_nmse=0.062664 val_nmse=0.063158 train_cos=0.993286 val_cos=0.992798
epoch 0035/0300 train_loss=0.004487 val_loss=0.004394 best_val=0.004379@0032 train_nmse=0.062592 val_nmse=0.062989 train_cos=0.993597 val_cos=0.994051
epoch 0036/0300 train_loss=0.004422 val_loss=0.004337 best_val=0.004337@0036 train_nmse=0.061869 val_nmse=0.061380 train_cos=0.993593 val_cos=0.993956
epoch 0037/0300 train_loss=0.004440 val_loss=0.004299 best_val=0.004299@0037 train_nmse=0.062736 val_nmse=0.062397 train_cos=0.993614 val_cos=0.994212
epoch 0038/0300 train_loss=0.004422 val_loss=0.004479 best_val=0.004299@0037 train_nmse=0.062356 val_nmse=0.064190 train_cos=0.993687 val_cos=0.994224
epoch 0039/0300 train_loss=0.004459 val_loss=0.004428 best_val=0.004299@0037 train_nmse=0.062659 val_nmse=0.061783 train_cos=0.993560 val_cos=0.993611
epoch 0040/0300 train_loss=0.004428 val_loss=0.004457 best_val=0.004299@0037 train_nmse=0.062333 val_nmse=0.062793 train_cos=0.993164 val_cos=0.994195
epoch 0041/0300 train_loss=0.004544 val_loss=0.004393 best_val=0.004299@0037 train_nmse=0.063262 val_nmse=0.061456 train_cos=0.993027 val_cos=0.994301
epoch 0042/0300 train_loss=0.004539 val_loss=0.004751 best_val=0.004299@0037 train_nmse=0.063231 val_nmse=0.065901 train_cos=0.992916 val_cos=0.994353
epoch 0043/0300 train_loss=0.004525 val_loss=0.004356 best_val=0.004299@0037 train_nmse=0.063408 val_nmse=0.062367 train_cos=0.993270 val_cos=0.994157
epoch 0044/0300 train_loss=0.004462 val_loss=0.004318 best_val=0.004299@0037 train_nmse=0.062774 val_nmse=0.061099 train_cos=0.993336 val_cos=0.993123
epoch 0045/0300 train_loss=0.004476 val_loss=0.004258 best_val=0.004258@0045 train_nmse=0.062317 val_nmse=0.061483 train_cos=0.992959 val_cos=0.992661
epoch 0046/0300 train_loss=0.004432 val_loss=0.004516 best_val=0.004258@0045 train_nmse=0.062443 val_nmse=0.063354 train_cos=0.992845 val_cos=0.993975
epoch 0047/0300 train_loss=0.004491 val_loss=0.004415 best_val=0.004258@0045 train_nmse=0.062618 val_nmse=0.061596 train_cos=0.993657 val_cos=0.993264
epoch 0048/0300 train_loss=0.004463 val_loss=0.004374 best_val=0.004258@0045 train_nmse=0.062266 val_nmse=0.062744 train_cos=0.993474 val_cos=0.994342
epoch 0049/0300 train_loss=0.004396 val_loss=0.004264 best_val=0.004258@0045 train_nmse=0.062036 val_nmse=0.061114 train_cos=0.993622 val_cos=0.994318
epoch 0050/0300 train_loss=0.004428 val_loss=0.004433 best_val=0.004258@0045 train_nmse=0.062439 val_nmse=0.062396 train_cos=0.992688 val_cos=0.993957
epoch 0051/0300 train_loss=0.004391 val_loss=0.004505 best_val=0.004258@0045 train_nmse=0.061966 val_nmse=0.062543 train_cos=0.992456 val_cos=0.994174
epoch 0052/0300 train_loss=0.004449 val_loss=0.004500 best_val=0.004258@0045 train_nmse=0.062387 val_nmse=0.062088 train_cos=0.993538 val_cos=0.994334
epoch 0053/0300 train_loss=0.004430 val_loss=0.004484 best_val=0.004258@0045 train_nmse=0.061964 val_nmse=0.062206 train_cos=0.993776 val_cos=0.993933
epoch 0054/0300 train_loss=0.004486 val_loss=0.004387 best_val=0.004258@0045 train_nmse=0.062839 val_nmse=0.062674 train_cos=0.993381 val_cos=0.994351
epoch 0055/0300 train_loss=0.004467 val_loss=0.004337 best_val=0.004258@0045 train_nmse=0.062671 val_nmse=0.061995 train_cos=0.993635 val_cos=0.993753
epoch 0056/0300 train_loss=0.004425 val_loss=0.004397 best_val=0.004258@0045 train_nmse=0.062107 val_nmse=0.061562 train_cos=0.993839 val_cos=0.994225
epoch 0057/0300 train_loss=0.004403 val_loss=0.004381 best_val=0.004258@0045 train_nmse=0.061886 val_nmse=0.061662 train_cos=0.993739 val_cos=0.993974
epoch 0058/0300 train_loss=0.004399 val_loss=0.004555 best_val=0.004258@0045 train_nmse=0.061848 val_nmse=0.063830 train_cos=0.993671 val_cos=0.993904
epoch 0059/0300 train_loss=0.004483 val_loss=0.004489 best_val=0.004258@0045 train_nmse=0.062544 val_nmse=0.063375 train_cos=0.993503 val_cos=0.993375
epoch 0060/0300 train_loss=0.004486 val_loss=0.004325 best_val=0.004258@0045 train_nmse=0.062636 val_nmse=0.061139 train_cos=0.993390 val_cos=0.994452
epoch 0061/0300 train_loss=0.004368 val_loss=0.004419 best_val=0.004258@0045 train_nmse=0.061863 val_nmse=0.063302 train_cos=0.993588 val_cos=0.993172
epoch 0062/0300 train_loss=0.004372 val_loss=0.004483 best_val=0.004258@0045 train_nmse=0.061588 val_nmse=0.062861 train_cos=0.993221 val_cos=0.993796
epoch 0063/0300 train_loss=0.004386 val_loss=0.004574 best_val=0.004258@0045 train_nmse=0.061583 val_nmse=0.063943 train_cos=0.993668 val_cos=0.993586
epoch 0064/0300 train_loss=0.004488 val_loss=0.004770 best_val=0.004258@0045 train_nmse=0.062910 val_nmse=0.067010 train_cos=0.992917 val_cos=0.988716
epoch 0065/0300 train_loss=0.004437 val_loss=0.004376 best_val=0.004258@0045 train_nmse=0.062646 val_nmse=0.060961 train_cos=0.991078 val_cos=0.992691
epoch 0066/0300 train_loss=0.004397 val_loss=0.004443 best_val=0.004258@0045 train_nmse=0.062035 val_nmse=0.062092 train_cos=0.993433 val_cos=0.993288
epoch 0067/0300 train_loss=0.004397 val_loss=0.004533 best_val=0.004258@0045 train_nmse=0.061880 val_nmse=0.063804 train_cos=0.993607 val_cos=0.993755
epoch 0068/0300 train_loss=0.004451 val_loss=0.004443 best_val=0.004258@0045 train_nmse=0.062421 val_nmse=0.062155 train_cos=0.993292 val_cos=0.994158
epoch 0069/0300 train_loss=0.004359 val_loss=0.004535 best_val=0.004258@0045 train_nmse=0.061143 val_nmse=0.063560 train_cos=0.993277 val_cos=0.993941
epoch 0070/0300 train_loss=0.004463 val_loss=0.004341 best_val=0.004258@0045 train_nmse=0.062545 val_nmse=0.061957 train_cos=0.993680 val_cos=0.993731
epoch 0071/0300 train_loss=0.004345 val_loss=0.004530 best_val=0.004258@0045 train_nmse=0.061017 val_nmse=0.061789 train_cos=0.993527 val_cos=0.994419
epoch 0072/0300 train_loss=0.004426 val_loss=0.004581 best_val=0.004258@0045 train_nmse=0.062182 val_nmse=0.064318 train_cos=0.993283 val_cos=0.994180
epoch 0073/0300 train_loss=0.004367 val_loss=0.004391 best_val=0.004258@0045 train_nmse=0.061586 val_nmse=0.060998 train_cos=0.993055 val_cos=0.993887
epoch 0074/0300 train_loss=0.004430 val_loss=0.004443 best_val=0.004258@0045 train_nmse=0.062296 val_nmse=0.062552 train_cos=0.993051 val_cos=0.994352
epoch 0075/0300 train_loss=0.004439 val_loss=0.004279 best_val=0.004258@0045 train_nmse=0.062428 val_nmse=0.060709 train_cos=0.993143 val_cos=0.993593
epoch 0076/0300 train_loss=0.004445 val_loss=0.004606 best_val=0.004258@0045 train_nmse=0.061925 val_nmse=0.065112 train_cos=0.993776 val_cos=0.994141
epoch 0077/0300 train_loss=0.004324 val_loss=0.004351 best_val=0.004258@0045 train_nmse=0.061163 val_nmse=0.060678 train_cos=0.993909 val_cos=0.994074
epoch 0078/0300 train_loss=0.004386 val_loss=0.004596 best_val=0.004258@0045 train_nmse=0.061363 val_nmse=0.062535 train_cos=0.993857 val_cos=0.994103
epoch 0079/0300 train_loss=0.004379 val_loss=0.004387 best_val=0.004258@0045 train_nmse=0.061710 val_nmse=0.062567 train_cos=0.993689 val_cos=0.993333
epoch 0080/0300 train_loss=0.004478 val_loss=0.004294 best_val=0.004258@0045 train_nmse=0.062764 val_nmse=0.061583 train_cos=0.992299 val_cos=0.994206
epoch 0081/0300 train_loss=0.004457 val_loss=0.004420 best_val=0.004258@0045 train_nmse=0.061953 val_nmse=0.061890 train_cos=0.993166 val_cos=0.994084
epoch 0082/0300 train_loss=0.004388 val_loss=0.004548 best_val=0.004258@0045 train_nmse=0.061471 val_nmse=0.063041 train_cos=0.993786 val_cos=0.992477
epoch 0083/0300 train_loss=0.004426 val_loss=0.004383 best_val=0.004258@0045 train_nmse=0.062023 val_nmse=0.062280 train_cos=0.993541 val_cos=0.992669
epoch 0084/0300 train_loss=0.004393 val_loss=0.004400 best_val=0.004258@0045 train_nmse=0.061374 val_nmse=0.060984 train_cos=0.993992 val_cos=0.993850
epoch 0085/0300 train_loss=0.004403 val_loss=0.004449 best_val=0.004258@0045 train_nmse=0.062023 val_nmse=0.060962 train_cos=0.993658 val_cos=0.992241
epoch 0086/0300 train_loss=0.004462 val_loss=0.004192 best_val=0.004192@0086 train_nmse=0.062364 val_nmse=0.060606 train_cos=0.993146 val_cos=0.993921
epoch 0087/0300 train_loss=0.004431 val_loss=0.004497 best_val=0.004192@0086 train_nmse=0.062177 val_nmse=0.061797 train_cos=0.992606 val_cos=0.994013
epoch 0088/0300 train_loss=0.004376 val_loss=0.004573 best_val=0.004192@0086 train_nmse=0.061952 val_nmse=0.063483 train_cos=0.991615 val_cos=0.983216
epoch 0089/0300 train_loss=0.004433 val_loss=0.004556 best_val=0.004192@0086 train_nmse=0.062745 val_nmse=0.062082 train_cos=0.990599 val_cos=0.994371
epoch 0090/0300 train_loss=0.004385 val_loss=0.004393 best_val=0.004192@0086 train_nmse=0.062022 val_nmse=0.060219 train_cos=0.992542 val_cos=0.993830
epoch 0091/0300 train_loss=0.004375 val_loss=0.004441 best_val=0.004192@0086 train_nmse=0.061296 val_nmse=0.061688 train_cos=0.993904 val_cos=0.993320
epoch 0092/0300 train_loss=0.004376 val_loss=0.004349 best_val=0.004192@0086 train_nmse=0.060981 val_nmse=0.060089 train_cos=0.993265 val_cos=0.993501
epoch 0093/0300 train_loss=0.004396 val_loss=0.004393 best_val=0.004192@0086 train_nmse=0.061577 val_nmse=0.062220 train_cos=0.993610 val_cos=0.994624
epoch 0094/0300 train_loss=0.004434 val_loss=0.004695 best_val=0.004192@0086 train_nmse=0.061882 val_nmse=0.065471 train_cos=0.992755 val_cos=0.994105
epoch 0095/0300 train_loss=0.004394 val_loss=0.004372 best_val=0.004192@0086 train_nmse=0.061575 val_nmse=0.061104 train_cos=0.992600 val_cos=0.992478
epoch 0096/0300 train_loss=0.004375 val_loss=0.004533 best_val=0.004192@0086 train_nmse=0.061526 val_nmse=0.063861 train_cos=0.993086 val_cos=0.994394
epoch 0097/0300 train_loss=0.004437 val_loss=0.004494 best_val=0.004192@0086 train_nmse=0.062268 val_nmse=0.061275 train_cos=0.991994 val_cos=0.989876
epoch 0098/0300 train_loss=0.004368 val_loss=0.004262 best_val=0.004192@0086 train_nmse=0.061520 val_nmse=0.060522 train_cos=0.992445 val_cos=0.993531
epoch 0099/0300 train_loss=0.004375 val_loss=0.004346 best_val=0.004192@0086 train_nmse=0.061479 val_nmse=0.061973 train_cos=0.993542 val_cos=0.993529
epoch 0100/0300 train_loss=0.004404 val_loss=0.004165 best_val=0.004165@0100 train_nmse=0.061931 val_nmse=0.060380 train_cos=0.993557 val_cos=0.994289
epoch 0101/0300 train_loss=0.004388 val_loss=0.004405 best_val=0.004165@0100 train_nmse=0.061780 val_nmse=0.060328 train_cos=0.993706 val_cos=0.994392
epoch 0102/0300 train_loss=0.004329 val_loss=0.004433 best_val=0.004165@0100 train_nmse=0.060579 val_nmse=0.062700 train_cos=0.993606 val_cos=0.992524
epoch 0103/0300 train_loss=0.004360 val_loss=0.004272 best_val=0.004165@0100 train_nmse=0.061284 val_nmse=0.059701 train_cos=0.993273 val_cos=0.990743
epoch 0104/0300 train_loss=0.004413 val_loss=0.004225 best_val=0.004165@0100 train_nmse=0.061525 val_nmse=0.060814 train_cos=0.991044 val_cos=0.993032
epoch 0105/0300 train_loss=0.004340 val_loss=0.004391 best_val=0.004165@0100 train_nmse=0.060724 val_nmse=0.061446 train_cos=0.992672 val_cos=0.986850
epoch 0106/0300 train_loss=0.004364 val_loss=0.004496 best_val=0.004165@0100 train_nmse=0.061590 val_nmse=0.062524 train_cos=0.992289 val_cos=0.992845
epoch 0107/0300 train_loss=0.004340 val_loss=0.004263 best_val=0.004165@0100 train_nmse=0.060704 val_nmse=0.060845 train_cos=0.992319 val_cos=0.992824
epoch 0108/0300 train_loss=0.004404 val_loss=0.004484 best_val=0.004165@0100 train_nmse=0.061540 val_nmse=0.064031 train_cos=0.992923 val_cos=0.994203
epoch 0109/0300 train_loss=0.004415 val_loss=0.004477 best_val=0.004165@0100 train_nmse=0.061524 val_nmse=0.062502 train_cos=0.992305 val_cos=0.993320
epoch 0110/0300 train_loss=0.004296 val_loss=0.004340 best_val=0.004165@0100 train_nmse=0.060537 val_nmse=0.062082 train_cos=0.993021 val_cos=0.993743
epoch 0111/0300 train_loss=0.004315 val_loss=0.004276 best_val=0.004165@0100 train_nmse=0.060776 val_nmse=0.061753 train_cos=0.992605 val_cos=0.990049
epoch 0112/0300 train_loss=0.004337 val_loss=0.004378 best_val=0.004165@0100 train_nmse=0.061220 val_nmse=0.060856 train_cos=0.991323 val_cos=0.993676
epoch 0113/0300 train_loss=0.004370 val_loss=0.004178 best_val=0.004165@0100 train_nmse=0.061169 val_nmse=0.060299 train_cos=0.990401 val_cos=0.992541
epoch 0114/0300 train_loss=0.004368 val_loss=0.004359 best_val=0.004165@0100 train_nmse=0.061458 val_nmse=0.061772 train_cos=0.991298 val_cos=0.985617
epoch 0115/0300 train_loss=0.004332 val_loss=0.004358 best_val=0.004165@0100 train_nmse=0.061001 val_nmse=0.060194 train_cos=0.990258 val_cos=0.992672
epoch 0116/0300 train_loss=0.004442 val_loss=0.004402 best_val=0.004165@0100 train_nmse=0.061797 val_nmse=0.062343 train_cos=0.991153 val_cos=0.993126
epoch 0117/0300 train_loss=0.004385 val_loss=0.004597 best_val=0.004165@0100 train_nmse=0.061400 val_nmse=0.064269 train_cos=0.990395 val_cos=0.991330
epoch 0118/0300 train_loss=0.004364 val_loss=0.004300 best_val=0.004165@0100 train_nmse=0.061646 val_nmse=0.061241 train_cos=0.989680 val_cos=0.991044
epoch 0119/0300 train_loss=0.004377 val_loss=0.004472 best_val=0.004165@0100 train_nmse=0.061522 val_nmse=0.060624 train_cos=0.990957 val_cos=0.991966
epoch 0120/0300 train_loss=0.004362 val_loss=0.004269 best_val=0.004165@0100 train_nmse=0.061301 val_nmse=0.060567 train_cos=0.991938 val_cos=0.991976
epoch 0121/0300 train_loss=0.004387 val_loss=0.004317 best_val=0.004165@0100 train_nmse=0.061710 val_nmse=0.060244 train_cos=0.988694 val_cos=0.973346
epoch 0122/0300 train_loss=0.004357 val_loss=0.004546 best_val=0.004165@0100 train_nmse=0.061532 val_nmse=0.063772 train_cos=0.989746 val_cos=0.993429
epoch 0123/0300 train_loss=0.004369 val_loss=0.004390 best_val=0.004165@0100 train_nmse=0.061245 val_nmse=0.061600 train_cos=0.989370 val_cos=0.991630
epoch 0124/0300 train_loss=0.004317 val_loss=0.004402 best_val=0.004165@0100 train_nmse=0.060899 val_nmse=0.061974 train_cos=0.988699 val_cos=0.990588
epoch 0125/0300 train_loss=0.004401 val_loss=0.004364 best_val=0.004165@0100 train_nmse=0.061610 val_nmse=0.060731 train_cos=0.988372 val_cos=0.989953
epoch 0126/0300 train_loss=0.004442 val_loss=0.004354 best_val=0.004165@0100 train_nmse=0.062182 val_nmse=0.059984 train_cos=0.989581 val_cos=0.990762
epoch 0127/0300 train_loss=0.004402 val_loss=0.004540 best_val=0.004165@0100 train_nmse=0.061923 val_nmse=0.062596 train_cos=0.986984 val_cos=0.989365
epoch 0128/0300 train_loss=0.004338 val_loss=0.004481 best_val=0.004165@0100 train_nmse=0.061403 val_nmse=0.061828 train_cos=0.987773 val_cos=0.983929
epoch 0129/0300 train_loss=0.004371 val_loss=0.004464 best_val=0.004165@0100 train_nmse=0.061219 val_nmse=0.062255 train_cos=0.989419 val_cos=0.987687
epoch 0130/0300 train_loss=0.004350 val_loss=0.004540 best_val=0.004165@0100 train_nmse=0.061167 val_nmse=0.063073 train_cos=0.988671 val_cos=0.990138
epoch 0131/0300 train_loss=0.004356 val_loss=0.004395 best_val=0.004165@0100 train_nmse=0.061316 val_nmse=0.063029 train_cos=0.987239 val_cos=0.992385
epoch 0132/0300 train_loss=0.004383 val_loss=0.004374 best_val=0.004165@0100 train_nmse=0.061678 val_nmse=0.061233 train_cos=0.986230 val_cos=0.989148
epoch 0133/0300 train_loss=0.004407 val_loss=0.004483 best_val=0.004165@0100 train_nmse=0.061863 val_nmse=0.062925 train_cos=0.991323 val_cos=0.992629
epoch 0134/0300 train_loss=0.004310 val_loss=0.004470 best_val=0.004165@0100 train_nmse=0.060690 val_nmse=0.062839 train_cos=0.990527 val_cos=0.986832
epoch 0135/0300 train_loss=0.004346 val_loss=0.004362 best_val=0.004165@0100 train_nmse=0.061370 val_nmse=0.061267 train_cos=0.987918 val_cos=0.987230
epoch 0136/0300 train_loss=0.004343 val_loss=0.004468 best_val=0.004165@0100 train_nmse=0.060531 val_nmse=0.062495 train_cos=0.986201 val_cos=0.991482
epoch 0137/0300 train_loss=0.004455 val_loss=0.004309 best_val=0.004165@0100 train_nmse=0.062397 val_nmse=0.062585 train_cos=0.988113 val_cos=0.989405
epoch 0138/0300 train_loss=0.004340 val_loss=0.004251 best_val=0.004165@0100 train_nmse=0.060861 val_nmse=0.061475 train_cos=0.987681 val_cos=0.978192
epoch 0139/0300 train_loss=0.004365 val_loss=0.004296 best_val=0.004165@0100 train_nmse=0.061773 val_nmse=0.060531 train_cos=0.988719 val_cos=0.991052
epoch 0140/0300 train_loss=0.004344 val_loss=0.004393 best_val=0.004165@0100 train_nmse=0.060885 val_nmse=0.061395 train_cos=0.990190 val_cos=0.991053
epoch 0141/0300 train_loss=0.004355 val_loss=0.004412 best_val=0.004165@0100 train_nmse=0.060892 val_nmse=0.060107 train_cos=0.986904 val_cos=0.983137
epoch 0142/0300 train_loss=0.004343 val_loss=0.004372 best_val=0.004165@0100 train_nmse=0.060860 val_nmse=0.061364 train_cos=0.986895 val_cos=0.992488
epoch 0143/0300 train_loss=0.004423 val_loss=0.004467 best_val=0.004165@0100 train_nmse=0.061948 val_nmse=0.063325 train_cos=0.987028 val_cos=0.981286
epoch 0144/0300 train_loss=0.004426 val_loss=0.004060 best_val=0.004060@0144 train_nmse=0.061358 val_nmse=0.059392 train_cos=0.986281 val_cos=0.991983
epoch 0145/0300 train_loss=0.004329 val_loss=0.004360 best_val=0.004060@0144 train_nmse=0.060878 val_nmse=0.060657 train_cos=0.985339 val_cos=0.987744
epoch 0146/0300 train_loss=0.004335 val_loss=0.004112 best_val=0.004060@0144 train_nmse=0.061228 val_nmse=0.059750 train_cos=0.987658 val_cos=0.991460
epoch 0147/0300 train_loss=0.004384 val_loss=0.004189 best_val=0.004060@0144 train_nmse=0.061803 val_nmse=0.058751 train_cos=0.987039 val_cos=0.992689
epoch 0148/0300 train_loss=0.004382 val_loss=0.004478 best_val=0.004060@0144 train_nmse=0.061315 val_nmse=0.062714 train_cos=0.989458 val_cos=0.992651
epoch 0149/0300 train_loss=0.004374 val_loss=0.004373 best_val=0.004060@0144 train_nmse=0.061156 val_nmse=0.061268 train_cos=0.987422 val_cos=0.989933
epoch 0150/0300 train_loss=0.004311 val_loss=0.004091 best_val=0.004060@0144 train_nmse=0.060679 val_nmse=0.059098 train_cos=0.988062 val_cos=0.989394
epoch 0151/0300 train_loss=0.004343 val_loss=0.004419 best_val=0.004060@0144 train_nmse=0.061160 val_nmse=0.061664 train_cos=0.986845 val_cos=0.987817
epoch 0152/0300 train_loss=0.004387 val_loss=0.004224 best_val=0.004060@0144 train_nmse=0.061552 val_nmse=0.060679 train_cos=0.989190 val_cos=0.991441
epoch 0153/0300 train_loss=0.004278 val_loss=0.004358 best_val=0.004060@0144 train_nmse=0.060440 val_nmse=0.061377 train_cos=0.988552 val_cos=0.977224
epoch 0154/0300 train_loss=0.004299 val_loss=0.004290 best_val=0.004060@0144 train_nmse=0.060861 val_nmse=0.060360 train_cos=0.988903 val_cos=0.973564
epoch 0155/0300 train_loss=0.004449 val_loss=0.004277 best_val=0.004060@0144 train_nmse=0.062264 val_nmse=0.059724 train_cos=0.986078 val_cos=0.993079
epoch 0156/0300 train_loss=0.004353 val_loss=0.004622 best_val=0.004060@0144 train_nmse=0.061149 val_nmse=0.063967 train_cos=0.983608 val_cos=0.989406
epoch 0157/0300 train_loss=0.004343 val_loss=0.004372 best_val=0.004060@0144 train_nmse=0.060876 val_nmse=0.061360 train_cos=0.988828 val_cos=0.989373
epoch 0158/0300 train_loss=0.004348 val_loss=0.004286 best_val=0.004060@0144 train_nmse=0.061117 val_nmse=0.061290 train_cos=0.985675 val_cos=0.975248
epoch 0159/0300 train_loss=0.004322 val_loss=0.004709 best_val=0.004060@0144 train_nmse=0.060832 val_nmse=0.063081 train_cos=0.984094 val_cos=0.990083
epoch 0160/0300 train_loss=0.004411 val_loss=0.004462 best_val=0.004060@0144 train_nmse=0.061770 val_nmse=0.063032 train_cos=0.987797 val_cos=0.989936
epoch 0161/0300 train_loss=0.004300 val_loss=0.004331 best_val=0.004060@0144 train_nmse=0.060572 val_nmse=0.059338 train_cos=0.987706 val_cos=0.975115
epoch 0162/0300 train_loss=0.004321 val_loss=0.004133 best_val=0.004060@0144 train_nmse=0.060805 val_nmse=0.059639 train_cos=0.986304 val_cos=0.990140
epoch 0163/0300 train_loss=0.004342 val_loss=0.004200 best_val=0.004060@0144 train_nmse=0.060894 val_nmse=0.059655 train_cos=0.987899 val_cos=0.975733
epoch 0164/0300 train_loss=0.004350 val_loss=0.004326 best_val=0.004060@0144 train_nmse=0.060958 val_nmse=0.060637 train_cos=0.984619 val_cos=0.988133
epoch 0165/0300 train_loss=0.004317 val_loss=0.004372 best_val=0.004060@0144 train_nmse=0.060773 val_nmse=0.061155 train_cos=0.983357 val_cos=0.980518
epoch 0166/0300 train_loss=0.004348 val_loss=0.004409 best_val=0.004060@0144 train_nmse=0.061394 val_nmse=0.061073 train_cos=0.983628 val_cos=0.992505
epoch 0167/0300 train_loss=0.004333 val_loss=0.004300 best_val=0.004060@0144 train_nmse=0.061396 val_nmse=0.060626 train_cos=0.978553 val_cos=0.982684
epoch 0168/0300 train_loss=0.004365 val_loss=0.004481 best_val=0.004060@0144 train_nmse=0.061098 val_nmse=0.061941 train_cos=0.986141 val_cos=0.988249
epoch 0169/0300 train_loss=0.004341 val_loss=0.004411 best_val=0.004060@0144 train_nmse=0.060682 val_nmse=0.061456 train_cos=0.979614 val_cos=0.989610
epoch 0170/0300 train_loss=0.004403 val_loss=0.004585 best_val=0.004060@0144 train_nmse=0.061912 val_nmse=0.063069 train_cos=0.983994 val_cos=0.989567
epoch 0171/0300 train_loss=0.004331 val_loss=0.004249 best_val=0.004060@0144 train_nmse=0.061004 val_nmse=0.060745 train_cos=0.987844 val_cos=0.991259
epoch 0172/0300 train_loss=0.004340 val_loss=0.004060 best_val=0.004060@0172 train_nmse=0.060963 val_nmse=0.057748 train_cos=0.988905 val_cos=0.988875
epoch 0173/0300 train_loss=0.004368 val_loss=0.004440 best_val=0.004060@0172 train_nmse=0.061276 val_nmse=0.060842 train_cos=0.989567 val_cos=0.976162
epoch 0174/0300 train_loss=0.004378 val_loss=0.004382 best_val=0.004060@0172 train_nmse=0.061458 val_nmse=0.061283 train_cos=0.988911 val_cos=0.986797
epoch 0175/0300 train_loss=0.004428 val_loss=0.004566 best_val=0.004060@0172 train_nmse=0.061477 val_nmse=0.062974 train_cos=0.987938 val_cos=0.990197
epoch 0176/0300 train_loss=0.004346 val_loss=0.004358 best_val=0.004060@0172 train_nmse=0.061228 val_nmse=0.060468 train_cos=0.985247 val_cos=0.981310
epoch 0177/0300 train_loss=0.004349 val_loss=0.004416 best_val=0.004060@0172 train_nmse=0.061137 val_nmse=0.061994 train_cos=0.986136 val_cos=0.985801
epoch 0178/0300 train_loss=0.004412 val_loss=0.004153 best_val=0.004060@0172 train_nmse=0.061725 val_nmse=0.059107 train_cos=0.983980 val_cos=0.989943
epoch 0179/0300 train_loss=0.004364 val_loss=0.004529 best_val=0.004060@0172 train_nmse=0.060840 val_nmse=0.062325 train_cos=0.988007 val_cos=0.989271
epoch 0180/0300 train_loss=0.004329 val_loss=0.004422 best_val=0.004060@0172 train_nmse=0.060869 val_nmse=0.062372 train_cos=0.988454 val_cos=0.953583
epoch 0181/0300 train_loss=0.004427 val_loss=0.004270 best_val=0.004060@0172 train_nmse=0.062216 val_nmse=0.059439 train_cos=0.976964 val_cos=0.989976
epoch 0182/0300 train_loss=0.004371 val_loss=0.004223 best_val=0.004060@0172 train_nmse=0.061219 val_nmse=0.060216 train_cos=0.985246 val_cos=0.992058
epoch 0183/0300 train_loss=0.004325 val_loss=0.004475 best_val=0.004060@0172 train_nmse=0.060975 val_nmse=0.061980 train_cos=0.986663 val_cos=0.991181
epoch 0184/0300 train_loss=0.004300 val_loss=0.004377 best_val=0.004060@0172 train_nmse=0.060635 val_nmse=0.061403 train_cos=0.989335 val_cos=0.992605
epoch 0185/0300 train_loss=0.004271 val_loss=0.004347 best_val=0.004060@0172 train_nmse=0.060315 val_nmse=0.061867 train_cos=0.989436 val_cos=0.982518
epoch 0186/0300 train_loss=0.004360 val_loss=0.004403 best_val=0.004060@0172 train_nmse=0.061459 val_nmse=0.061186 train_cos=0.987681 val_cos=0.976199
epoch 0187/0300 train_loss=0.004349 val_loss=0.004254 best_val=0.004060@0172 train_nmse=0.061322 val_nmse=0.060401 train_cos=0.987249 val_cos=0.993418
epoch 0188/0300 train_loss=0.004287 val_loss=0.004475 best_val=0.004060@0172 train_nmse=0.060211 val_nmse=0.061877 train_cos=0.988034 val_cos=0.989751
epoch 0189/0300 train_loss=0.004328 val_loss=0.004444 best_val=0.004060@0172 train_nmse=0.061053 val_nmse=0.062528 train_cos=0.985064 val_cos=0.958738
epoch 0190/0300 train_loss=0.004401 val_loss=0.004534 best_val=0.004060@0172 train_nmse=0.061395 val_nmse=0.063551 train_cos=0.983355 val_cos=0.988282
epoch 0191/0300 train_loss=0.004296 val_loss=0.004409 best_val=0.004060@0172 train_nmse=0.060882 val_nmse=0.062985 train_cos=0.987006 val_cos=0.955421
epoch 0192/0300 train_loss=0.004403 val_loss=0.004531 best_val=0.004060@0172 train_nmse=0.061025 val_nmse=0.062820 train_cos=0.985015 val_cos=0.977667
epoch 0193/0300 train_loss=0.004353 val_loss=0.004402 best_val=0.004060@0172 train_nmse=0.061013 val_nmse=0.061539 train_cos=0.983687 val_cos=0.987481
epoch 0194/0300 train_loss=0.004317 val_loss=0.004395 best_val=0.004060@0172 train_nmse=0.060756 val_nmse=0.061208 train_cos=0.987847 val_cos=0.986516
epoch 0195/0300 train_loss=0.004410 val_loss=0.004567 best_val=0.004060@0172 train_nmse=0.061196 val_nmse=0.060982 train_cos=0.983209 val_cos=0.988239
epoch 0196/0300 train_loss=0.004356 val_loss=0.004546 best_val=0.004060@0172 train_nmse=0.061422 val_nmse=0.063893 train_cos=0.987286 val_cos=0.983220
epoch 0197/0300 train_loss=0.004383 val_loss=0.004440 best_val=0.004060@0172 train_nmse=0.061487 val_nmse=0.061152 train_cos=0.985282 val_cos=0.983970
epoch 0198/0300 train_loss=0.004347 val_loss=0.004281 best_val=0.004060@0172 train_nmse=0.060960 val_nmse=0.060885 train_cos=0.982416 val_cos=0.969392
epoch 0199/0300 train_loss=0.004360 val_loss=0.004168 best_val=0.004060@0172 train_nmse=0.061277 val_nmse=0.060068 train_cos=0.977024 val_cos=0.991185
epoch 0200/0300 train_loss=0.004392 val_loss=0.004280 best_val=0.004060@0172 train_nmse=0.061294 val_nmse=0.060986 train_cos=0.984109 val_cos=0.989312
epoch 0201/0300 train_loss=0.004389 val_loss=0.004306 best_val=0.004060@0172 train_nmse=0.061504 val_nmse=0.059817 train_cos=0.979983 val_cos=0.990818
epoch 0202/0300 train_loss=0.004331 val_loss=0.004316 best_val=0.004060@0172 train_nmse=0.061083 val_nmse=0.060149 train_cos=0.987388 val_cos=0.967866
epoch 0203/0300 train_loss=0.004384 val_loss=0.004535 best_val=0.004060@0172 train_nmse=0.061682 val_nmse=0.063500 train_cos=0.977209 val_cos=0.985143
epoch 0204/0300 train_loss=0.004390 val_loss=0.004415 best_val=0.004060@0172 train_nmse=0.061534 val_nmse=0.062314 train_cos=0.986163 val_cos=0.990978
epoch 0205/0300 train_loss=0.004410 val_loss=0.004307 best_val=0.004060@0172 train_nmse=0.061572 val_nmse=0.060754 train_cos=0.986456 val_cos=0.987516
epoch 0206/0300 train_loss=0.004351 val_loss=0.004275 best_val=0.004060@0172 train_nmse=0.061115 val_nmse=0.059795 train_cos=0.986534 val_cos=0.989299
epoch 0207/0300 train_loss=0.004375 val_loss=0.004382 best_val=0.004060@0172 train_nmse=0.061792 val_nmse=0.061625 train_cos=0.988922 val_cos=0.984767
epoch 0208/0300 train_loss=0.004289 val_loss=0.004496 best_val=0.004060@0172 train_nmse=0.060570 val_nmse=0.063567 train_cos=0.986233 val_cos=0.989347
epoch 0209/0300 train_loss=0.004343 val_loss=0.004309 best_val=0.004060@0172 train_nmse=0.060922 val_nmse=0.062037 train_cos=0.988948 val_cos=0.984574
epoch 0210/0300 train_loss=0.004392 val_loss=0.004322 best_val=0.004060@0172 train_nmse=0.061000 val_nmse=0.060790 train_cos=0.988521 val_cos=0.983166
epoch 0211/0300 train_loss=0.004358 val_loss=0.004295 best_val=0.004060@0172 train_nmse=0.061415 val_nmse=0.060166 train_cos=0.989650 val_cos=0.981108
epoch 0212/0300 train_loss=0.004404 val_loss=0.004457 best_val=0.004060@0172 train_nmse=0.061544 val_nmse=0.061193 train_cos=0.985037 val_cos=0.990304
epoch 0213/0300 train_loss=0.004301 val_loss=0.004320 best_val=0.004060@0172 train_nmse=0.060634 val_nmse=0.061853 train_cos=0.986261 val_cos=0.982294
epoch 0214/0300 train_loss=0.004320 val_loss=0.004239 best_val=0.004060@0172 train_nmse=0.061223 val_nmse=0.059692 train_cos=0.983686 val_cos=0.991323
epoch 0215/0300 train_loss=0.004355 val_loss=0.004377 best_val=0.004060@0172 train_nmse=0.061843 val_nmse=0.061802 train_cos=0.984866 val_cos=0.971437
epoch 0216/0300 train_loss=0.004303 val_loss=0.004138 best_val=0.004060@0172 train_nmse=0.060795 val_nmse=0.058953 train_cos=0.985530 val_cos=0.985574
epoch 0217/0300 train_loss=0.004314 val_loss=0.004503 best_val=0.004060@0172 train_nmse=0.061032 val_nmse=0.062300 train_cos=0.987958 val_cos=0.992445
epoch 0218/0300 train_loss=0.004346 val_loss=0.004216 best_val=0.004060@0172 train_nmse=0.061539 val_nmse=0.061222 train_cos=0.976227 val_cos=0.989580
epoch 0219/0300 train_loss=0.004416 val_loss=0.004296 best_val=0.004060@0172 train_nmse=0.062041 val_nmse=0.060695 train_cos=0.983929 val_cos=0.891868
epoch 0220/0300 train_loss=0.004345 val_loss=0.004428 best_val=0.004060@0172 train_nmse=0.061283 val_nmse=0.062728 train_cos=0.974980 val_cos=0.986330
epoch 0221/0300 train_loss=0.004307 val_loss=0.004423 best_val=0.004060@0172 train_nmse=0.060782 val_nmse=0.061869 train_cos=0.988945 val_cos=0.990068
epoch 0222/0300 train_loss=0.004362 val_loss=0.004362 best_val=0.004060@0172 train_nmse=0.061216 val_nmse=0.061282 train_cos=0.986711 val_cos=0.983176
epoch 0223/0300 train_loss=0.004325 val_loss=0.004347 best_val=0.004060@0172 train_nmse=0.060900 val_nmse=0.060729 train_cos=0.988591 val_cos=0.988360
epoch 0224/0300 train_loss=0.004346 val_loss=0.004372 best_val=0.004060@0172 train_nmse=0.061697 val_nmse=0.060229 train_cos=0.989059 val_cos=0.989151
epoch 0225/0300 train_loss=0.004360 val_loss=0.004279 best_val=0.004060@0172 train_nmse=0.061050 val_nmse=0.061209 train_cos=0.986667 val_cos=0.982529
epoch 0226/0300 train_loss=0.004342 val_loss=0.004508 best_val=0.004060@0172 train_nmse=0.061034 val_nmse=0.063414 train_cos=0.985634 val_cos=0.992244
epoch 0227/0300 train_loss=0.004404 val_loss=0.004387 best_val=0.004060@0172 train_nmse=0.061518 val_nmse=0.061369 train_cos=0.981228 val_cos=0.972862
epoch 0228/0300 train_loss=0.004393 val_loss=0.004446 best_val=0.004060@0172 train_nmse=0.061612 val_nmse=0.062831 train_cos=0.985518 val_cos=0.991446
epoch 0229/0300 train_loss=0.004374 val_loss=0.004436 best_val=0.004060@0172 train_nmse=0.061433 val_nmse=0.061435 train_cos=0.979974 val_cos=0.985549
epoch 0230/0300 train_loss=0.004293 val_loss=0.004355 best_val=0.004060@0172 train_nmse=0.060947 val_nmse=0.059628 train_cos=0.983067 val_cos=0.980312
epoch 0231/0300 train_loss=0.004295 val_loss=0.004361 best_val=0.004060@0172 train_nmse=0.060754 val_nmse=0.062057 train_cos=0.985241 val_cos=0.985200
epoch 0232/0300 train_loss=0.004323 val_loss=0.004460 best_val=0.004060@0172 train_nmse=0.060539 val_nmse=0.062513 train_cos=0.985341 val_cos=0.991223
epoch 0233/0300 train_loss=0.004309 val_loss=0.004402 best_val=0.004060@0172 train_nmse=0.061049 val_nmse=0.061384 train_cos=0.985199 val_cos=0.986738
epoch 0234/0300 train_loss=0.004297 val_loss=0.004302 best_val=0.004060@0172 train_nmse=0.060862 val_nmse=0.061236 train_cos=0.987645 val_cos=0.992166
epoch 0235/0300 train_loss=0.004406 val_loss=0.004297 best_val=0.004060@0172 train_nmse=0.061739 val_nmse=0.060551 train_cos=0.987874 val_cos=0.986379
epoch 0236/0300 train_loss=0.004272 val_loss=0.004543 best_val=0.004060@0172 train_nmse=0.060759 val_nmse=0.062788 train_cos=0.985566 val_cos=0.988476
epoch 0237/0300 train_loss=0.004339 val_loss=0.004426 best_val=0.004060@0172 train_nmse=0.060676 val_nmse=0.061362 train_cos=0.986172 val_cos=0.991821
epoch 0238/0300 train_loss=0.004332 val_loss=0.004364 best_val=0.004060@0172 train_nmse=0.061190 val_nmse=0.060397 train_cos=0.985255 val_cos=0.984679
epoch 0239/0300 train_loss=0.004396 val_loss=0.004541 best_val=0.004060@0172 train_nmse=0.061437 val_nmse=0.063096 train_cos=0.985693 val_cos=0.982398
epoch 0240/0300 train_loss=0.004406 val_loss=0.004435 best_val=0.004060@0172 train_nmse=0.061557 val_nmse=0.061379 train_cos=0.984370 val_cos=0.992073
epoch 0241/0300 train_loss=0.004380 val_loss=0.004485 best_val=0.004060@0172 train_nmse=0.061500 val_nmse=0.063726 train_cos=0.984053 val_cos=0.973972
epoch 0242/0300 train_loss=0.004278 val_loss=0.004313 best_val=0.004060@0172 train_nmse=0.060428 val_nmse=0.060448 train_cos=0.985542 val_cos=0.987501
epoch 0243/0300 train_loss=0.004385 val_loss=0.004433 best_val=0.004060@0172 train_nmse=0.061529 val_nmse=0.063045 train_cos=0.987562 val_cos=0.991687
epoch 0244/0300 train_loss=0.004358 val_loss=0.004276 best_val=0.004060@0172 train_nmse=0.061293 val_nmse=0.059849 train_cos=0.985753 val_cos=0.987128
epoch 0245/0300 train_loss=0.004314 val_loss=0.004271 best_val=0.004060@0172 train_nmse=0.060664 val_nmse=0.061268 train_cos=0.985476 val_cos=0.986772
epoch 0246/0300 train_loss=0.004351 val_loss=0.004264 best_val=0.004060@0172 train_nmse=0.061335 val_nmse=0.059815 train_cos=0.988868 val_cos=0.988397
epoch 0247/0300 train_loss=0.004382 val_loss=0.004178 best_val=0.004060@0172 train_nmse=0.061156 val_nmse=0.060066 train_cos=0.984037 val_cos=0.990722
epoch 0248/0300 train_loss=0.004473 val_loss=0.004239 best_val=0.004060@0172 train_nmse=0.062027 val_nmse=0.059845 train_cos=0.985539 val_cos=0.944662
epoch 0249/0300 train_loss=0.004347 val_loss=0.004335 best_val=0.004060@0172 train_nmse=0.061507 val_nmse=0.060512 train_cos=0.971046 val_cos=0.986774
epoch 0250/0300 train_loss=0.004366 val_loss=0.004416 best_val=0.004060@0172 train_nmse=0.060996 val_nmse=0.060755 train_cos=0.987460 val_cos=0.986488
epoch 0251/0300 train_loss=0.004316 val_loss=0.004334 best_val=0.004060@0172 train_nmse=0.060775 val_nmse=0.060415 train_cos=0.989287 val_cos=0.992239
epoch 0252/0300 train_loss=0.004401 val_loss=0.004418 best_val=0.004060@0172 train_nmse=0.061278 val_nmse=0.062538 train_cos=0.988524 val_cos=0.987067
epoch 0253/0300 train_loss=0.004371 val_loss=0.004436 best_val=0.004060@0172 train_nmse=0.061770 val_nmse=0.062159 train_cos=0.984680 val_cos=0.988107
epoch 0254/0300 train_loss=0.004415 val_loss=0.004196 best_val=0.004060@0172 train_nmse=0.061798 val_nmse=0.058997 train_cos=0.983021 val_cos=0.989600
epoch 0255/0300 train_loss=0.004369 val_loss=0.004425 best_val=0.004060@0172 train_nmse=0.061353 val_nmse=0.062292 train_cos=0.986692 val_cos=0.987099
epoch 0256/0300 train_loss=0.004323 val_loss=0.004315 best_val=0.004060@0172 train_nmse=0.060979 val_nmse=0.060443 train_cos=0.989395 val_cos=0.986812
epoch 0257/0300 train_loss=0.004293 val_loss=0.004467 best_val=0.004060@0172 train_nmse=0.060715 val_nmse=0.062398 train_cos=0.984902 val_cos=0.993359
epoch 0258/0300 train_loss=0.004353 val_loss=0.004310 best_val=0.004060@0172 train_nmse=0.061062 val_nmse=0.061721 train_cos=0.979491 val_cos=0.989729
epoch 0259/0300 train_loss=0.004396 val_loss=0.004485 best_val=0.004060@0172 train_nmse=0.061475 val_nmse=0.062683 train_cos=0.986516 val_cos=0.987796
epoch 0260/0300 train_loss=0.004333 val_loss=0.004364 best_val=0.004060@0172 train_nmse=0.061147 val_nmse=0.060495 train_cos=0.984433 val_cos=0.987772
epoch 0261/0300 train_loss=0.004344 val_loss=0.004388 best_val=0.004060@0172 train_nmse=0.061149 val_nmse=0.061917 train_cos=0.985619 val_cos=0.988891
epoch 0262/0300 train_loss=0.004307 val_loss=0.004431 best_val=0.004060@0172 train_nmse=0.060335 val_nmse=0.062274 train_cos=0.984990 val_cos=0.980517
epoch 0263/0300 train_loss=0.004437 val_loss=0.004401 best_val=0.004060@0172 train_nmse=0.062072 val_nmse=0.061549 train_cos=0.985303 val_cos=0.989909
epoch 0264/0300 train_loss=0.004420 val_loss=0.004332 best_val=0.004060@0172 train_nmse=0.061444 val_nmse=0.059578 train_cos=0.987141 val_cos=0.986084
epoch 0265/0300 train_loss=0.004377 val_loss=0.004303 best_val=0.004060@0172 train_nmse=0.061413 val_nmse=0.060268 train_cos=0.984424 val_cos=0.989020
epoch 0266/0300 train_loss=0.004373 val_loss=0.004315 best_val=0.004060@0172 train_nmse=0.061308 val_nmse=0.060018 train_cos=0.988044 val_cos=0.977146
epoch 0267/0300 train_loss=0.004367 val_loss=0.004482 best_val=0.004060@0172 train_nmse=0.061227 val_nmse=0.062893 train_cos=0.985678 val_cos=0.990857
epoch 0268/0300 train_loss=0.004345 val_loss=0.004286 best_val=0.004060@0172 train_nmse=0.061069 val_nmse=0.060432 train_cos=0.988720 val_cos=0.989429
epoch 0269/0300 train_loss=0.004391 val_loss=0.004510 best_val=0.004060@0172 train_nmse=0.061309 val_nmse=0.062394 train_cos=0.989193 val_cos=0.986704
epoch 0270/0300 train_loss=0.004412 val_loss=0.004178 best_val=0.004060@0172 train_nmse=0.061916 val_nmse=0.060181 train_cos=0.988414 val_cos=0.989513
epoch 0271/0300 train_loss=0.004354 val_loss=0.004357 best_val=0.004060@0172 train_nmse=0.061459 val_nmse=0.061309 train_cos=0.988938 val_cos=0.953864
epoch 0272/0300 train_loss=0.004356 val_loss=0.004472 best_val=0.004060@0172 train_nmse=0.061028 val_nmse=0.061634 train_cos=0.986686 val_cos=0.989822
epoch 0273/0300 train_loss=0.004411 val_loss=0.004336 best_val=0.004060@0172 train_nmse=0.061667 val_nmse=0.061478 train_cos=0.986322 val_cos=0.978000
epoch 0274/0300 train_loss=0.004427 val_loss=0.004308 best_val=0.004060@0172 train_nmse=0.061959 val_nmse=0.060206 train_cos=0.976147 val_cos=0.986374
epoch 0275/0300 train_loss=0.004362 val_loss=0.004560 best_val=0.004060@0172 train_nmse=0.060993 val_nmse=0.063596 train_cos=0.985569 val_cos=0.990133
epoch 0276/0300 train_loss=0.004404 val_loss=0.004424 best_val=0.004060@0172 train_nmse=0.061608 val_nmse=0.061542 train_cos=0.979288 val_cos=0.990170
epoch 0277/0300 train_loss=0.004363 val_loss=0.004370 best_val=0.004060@0172 train_nmse=0.061512 val_nmse=0.061473 train_cos=0.986591 val_cos=0.992431
epoch 0278/0300 train_loss=0.004274 val_loss=0.004230 best_val=0.004060@0172 train_nmse=0.060253 val_nmse=0.060567 train_cos=0.986521 val_cos=0.984967
epoch 0279/0300 train_loss=0.004390 val_loss=0.004480 best_val=0.004060@0172 train_nmse=0.061731 val_nmse=0.061772 train_cos=0.987871 val_cos=0.991035
epoch 0280/0300 train_loss=0.004388 val_loss=0.004607 best_val=0.004060@0172 train_nmse=0.061725 val_nmse=0.063204 train_cos=0.987199 val_cos=0.992226
epoch 0281/0300 train_loss=0.004329 val_loss=0.004532 best_val=0.004060@0172 train_nmse=0.061068 val_nmse=0.061994 train_cos=0.984047 val_cos=0.970546
epoch 0282/0300 train_loss=0.004346 val_loss=0.004195 best_val=0.004060@0172 train_nmse=0.061051 val_nmse=0.060554 train_cos=0.983049 val_cos=0.988817
epoch 0283/0300 train_loss=0.004283 val_loss=0.004319 best_val=0.004060@0172 train_nmse=0.060902 val_nmse=0.061444 train_cos=0.985122 val_cos=0.969483
epoch 0284/0300 train_loss=0.004312 val_loss=0.004337 best_val=0.004060@0172 train_nmse=0.060818 val_nmse=0.061923 train_cos=0.984161 val_cos=0.991138
epoch 0285/0300 train_loss=0.004358 val_loss=0.004424 best_val=0.004060@0172 train_nmse=0.061523 val_nmse=0.061468 train_cos=0.979496 val_cos=0.988608
epoch 0286/0300 train_loss=0.004342 val_loss=0.004112 best_val=0.004060@0172 train_nmse=0.060826 val_nmse=0.059867 train_cos=0.983291 val_cos=0.987103
epoch 0287/0300 train_loss=0.004360 val_loss=0.004360 best_val=0.004060@0172 train_nmse=0.061113 val_nmse=0.061118 train_cos=0.979518 val_cos=0.986888
epoch 0288/0300 train_loss=0.004404 val_loss=0.004409 best_val=0.004060@0172 train_nmse=0.061619 val_nmse=0.061378 train_cos=0.975553 val_cos=0.990453
epoch 0289/0300 train_loss=0.004332 val_loss=0.004372 best_val=0.004060@0172 train_nmse=0.061035 val_nmse=0.061187 train_cos=0.985223 val_cos=0.989341
epoch 0290/0300 train_loss=0.004377 val_loss=0.004367 best_val=0.004060@0172 train_nmse=0.060950 val_nmse=0.061496 train_cos=0.984681 val_cos=0.988543
epoch 0291/0300 train_loss=0.004366 val_loss=0.004229 best_val=0.004060@0172 train_nmse=0.060904 val_nmse=0.060411 train_cos=0.987003 val_cos=0.988685
epoch 0292/0300 train_loss=0.004394 val_loss=0.004473 best_val=0.004060@0172 train_nmse=0.061441 val_nmse=0.062561 train_cos=0.987886 val_cos=0.978503
epoch 0293/0300 train_loss=0.004339 val_loss=0.004248 best_val=0.004060@0172 train_nmse=0.061194 val_nmse=0.059232 train_cos=0.987483 val_cos=0.981689
epoch 0294/0300 train_loss=0.004359 val_loss=0.004320 best_val=0.004060@0172 train_nmse=0.060993 val_nmse=0.059912 train_cos=0.986978 val_cos=0.986122
epoch 0295/0300 train_loss=0.004314 val_loss=0.004311 best_val=0.004060@0172 train_nmse=0.060435 val_nmse=0.061857 train_cos=0.988412 val_cos=0.990987
epoch 0296/0300 train_loss=0.004326 val_loss=0.004448 best_val=0.004060@0172 train_nmse=0.061122 val_nmse=0.061954 train_cos=0.986823 val_cos=0.988312
epoch 0297/0300 train_loss=0.004389 val_loss=0.004316 best_val=0.004060@0172 train_nmse=0.061743 val_nmse=0.061217 train_cos=0.988672 val_cos=0.991588
epoch 0298/0300 train_loss=0.004358 val_loss=0.004525 best_val=0.004060@0172 train_nmse=0.061258 val_nmse=0.062303 train_cos=0.987824 val_cos=0.989270
epoch 0299/0300 train_loss=0.004335 val_loss=0.004319 best_val=0.004060@0172 train_nmse=0.060740 val_nmse=0.061346 train_cos=0.976030 val_cos=0.991858
epoch 0300/0300 train_loss=0.004286 val_loss=0.004302 best_val=0.004060@0172 train_nmse=0.060519 val_nmse=0.060274 train_cos=0.987929 val_cos=0.991828
saved last checkpoint: checkpoints/ardae/poisson_004/last.pt
saved best checkpoint: checkpoints/ardae/poisson_004/best.pt
saved metrics: checkpoints/ardae/poisson_004/metrics.csv
