save_dir: checkpoints/ardae/gaussian_003
requested_save_dir already existed; using: checkpoints/ardae/gaussian_003
device: cuda
data: datasets/processed/bsd400_patches_8x8.npy
raw_data_shape: (204800, 64)
epoch 0001/0300 train_loss=0.959699 val_loss=0.888580 best_val=0.888580@0001 train_nmse=0.959743 val_nmse=0.887786 train_cos=0.578081 val_cos=0.754716
epoch 0002/0300 train_loss=0.770845 val_loss=0.619443 best_val=0.619443@0002 train_nmse=0.771076 val_nmse=0.619914 train_cos=0.770422 val_cos=0.788281
epoch 0003/0300 train_loss=0.496306 val_loss=0.380020 best_val=0.380020@0003 train_nmse=0.496329 val_nmse=0.380223 train_cos=0.812682 val_cos=0.837201
epoch 0004/0300 train_loss=0.320460 val_loss=0.281807 best_val=0.281807@0004 train_nmse=0.320661 val_nmse=0.281510 train_cos=0.851635 val_cos=0.858323
epoch 0005/0300 train_loss=0.271818 val_loss=0.269459 best_val=0.269459@0005 train_nmse=0.271730 val_nmse=0.269302 train_cos=0.860102 val_cos=0.859630
epoch 0006/0300 train_loss=0.266183 val_loss=0.266492 best_val=0.266492@0006 train_nmse=0.266123 val_nmse=0.266375 train_cos=0.861051 val_cos=0.860472
epoch 0007/0300 train_loss=0.262494 val_loss=0.262379 best_val=0.262379@0007 train_nmse=0.262486 val_nmse=0.262423 train_cos=0.862309 val_cos=0.861754
epoch 0008/0300 train_loss=0.258784 val_loss=0.258416 best_val=0.258416@0008 train_nmse=0.258868 val_nmse=0.258406 train_cos=0.863521 val_cos=0.863558
epoch 0009/0300 train_loss=0.254639 val_loss=0.254120 best_val=0.254120@0009 train_nmse=0.254599 val_nmse=0.254130 train_cos=0.865411 val_cos=0.865239
epoch 0010/0300 train_loss=0.250510 val_loss=0.251148 best_val=0.251148@0010 train_nmse=0.250595 val_nmse=0.250771 train_cos=0.867382 val_cos=0.866989
epoch 0011/0300 train_loss=0.247086 val_loss=0.247346 best_val=0.247346@0011 train_nmse=0.247139 val_nmse=0.247394 train_cos=0.869039 val_cos=0.868863
epoch 0012/0300 train_loss=0.243572 val_loss=0.244062 best_val=0.244062@0012 train_nmse=0.243671 val_nmse=0.243819 train_cos=0.870803 val_cos=0.870700
epoch 0013/0300 train_loss=0.240860 val_loss=0.241784 best_val=0.241784@0013 train_nmse=0.241016 val_nmse=0.242579 train_cos=0.872248 val_cos=0.871060
epoch 0014/0300 train_loss=0.238645 val_loss=0.239385 best_val=0.239385@0014 train_nmse=0.238625 val_nmse=0.239384 train_cos=0.873464 val_cos=0.872995
epoch 0015/0300 train_loss=0.236565 val_loss=0.237831 best_val=0.237831@0015 train_nmse=0.236615 val_nmse=0.237603 train_cos=0.874593 val_cos=0.873886
epoch 0016/0300 train_loss=0.234571 val_loss=0.234539 best_val=0.234539@0016 train_nmse=0.234545 val_nmse=0.234975 train_cos=0.875589 val_cos=0.875161
epoch 0017/0300 train_loss=0.233135 val_loss=0.234169 best_val=0.234169@0017 train_nmse=0.233075 val_nmse=0.233880 train_cos=0.876335 val_cos=0.875768
epoch 0018/0300 train_loss=0.231706 val_loss=0.234092 best_val=0.234092@0018 train_nmse=0.231879 val_nmse=0.233844 train_cos=0.877029 val_cos=0.875785
epoch 0019/0300 train_loss=0.230435 val_loss=0.232146 best_val=0.232146@0019 train_nmse=0.230573 val_nmse=0.232211 train_cos=0.877767 val_cos=0.876814
epoch 0020/0300 train_loss=0.229400 val_loss=0.231034 best_val=0.231034@0020 train_nmse=0.229458 val_nmse=0.230988 train_cos=0.878389 val_cos=0.877494
epoch 0021/0300 train_loss=0.228539 val_loss=0.230586 best_val=0.230586@0021 train_nmse=0.228620 val_nmse=0.230017 train_cos=0.878830 val_cos=0.878133
epoch 0022/0300 train_loss=0.227577 val_loss=0.229825 best_val=0.229825@0022 train_nmse=0.227565 val_nmse=0.229404 train_cos=0.879432 val_cos=0.878357
epoch 0023/0300 train_loss=0.226912 val_loss=0.228947 best_val=0.228947@0023 train_nmse=0.226925 val_nmse=0.229276 train_cos=0.879764 val_cos=0.878398
epoch 0024/0300 train_loss=0.226106 val_loss=0.228369 best_val=0.228369@0024 train_nmse=0.226085 val_nmse=0.228298 train_cos=0.880148 val_cos=0.879032
epoch 0025/0300 train_loss=0.225626 val_loss=0.227597 best_val=0.227597@0025 train_nmse=0.225645 val_nmse=0.227491 train_cos=0.880441 val_cos=0.879265
epoch 0026/0300 train_loss=0.224837 val_loss=0.227179 best_val=0.227179@0026 train_nmse=0.224756 val_nmse=0.227032 train_cos=0.880989 val_cos=0.879604
epoch 0027/0300 train_loss=0.224403 val_loss=0.225768 best_val=0.225768@0027 train_nmse=0.224156 val_nmse=0.225793 train_cos=0.881253 val_cos=0.880369
epoch 0028/0300 train_loss=0.223476 val_loss=0.225174 best_val=0.225174@0028 train_nmse=0.223591 val_nmse=0.225307 train_cos=0.881613 val_cos=0.880571
epoch 0029/0300 train_loss=0.222831 val_loss=0.224717 best_val=0.224717@0029 train_nmse=0.223029 val_nmse=0.225401 train_cos=0.881951 val_cos=0.880418
epoch 0030/0300 train_loss=0.222454 val_loss=0.225024 best_val=0.224717@0029 train_nmse=0.222629 val_nmse=0.224892 train_cos=0.882158 val_cos=0.880707
epoch 0031/0300 train_loss=0.222118 val_loss=0.224478 best_val=0.224478@0031 train_nmse=0.222105 val_nmse=0.224461 train_cos=0.882496 val_cos=0.881225
epoch 0032/0300 train_loss=0.221531 val_loss=0.222589 best_val=0.222589@0032 train_nmse=0.221642 val_nmse=0.222713 train_cos=0.882702 val_cos=0.882129
epoch 0033/0300 train_loss=0.221042 val_loss=0.222896 best_val=0.222589@0032 train_nmse=0.221270 val_nmse=0.222881 train_cos=0.882892 val_cos=0.882022
epoch 0034/0300 train_loss=0.220793 val_loss=0.223547 best_val=0.222589@0032 train_nmse=0.220741 val_nmse=0.223779 train_cos=0.883171 val_cos=0.881619
epoch 0035/0300 train_loss=0.220376 val_loss=0.221443 best_val=0.221443@0035 train_nmse=0.220334 val_nmse=0.222004 train_cos=0.883474 val_cos=0.882334
epoch 0036/0300 train_loss=0.220096 val_loss=0.222465 best_val=0.221443@0035 train_nmse=0.220136 val_nmse=0.222652 train_cos=0.883518 val_cos=0.882282
epoch 0037/0300 train_loss=0.220021 val_loss=0.221431 best_val=0.221431@0037 train_nmse=0.220152 val_nmse=0.221552 train_cos=0.883489 val_cos=0.882563
epoch 0038/0300 train_loss=0.219283 val_loss=0.221263 best_val=0.221263@0038 train_nmse=0.219288 val_nmse=0.221341 train_cos=0.884023 val_cos=0.882931
epoch 0039/0300 train_loss=0.219048 val_loss=0.221208 best_val=0.221208@0039 train_nmse=0.219042 val_nmse=0.221443 train_cos=0.884150 val_cos=0.882759
epoch 0040/0300 train_loss=0.219066 val_loss=0.220876 best_val=0.220876@0040 train_nmse=0.219018 val_nmse=0.221180 train_cos=0.884077 val_cos=0.882926
epoch 0041/0300 train_loss=0.218406 val_loss=0.220782 best_val=0.220782@0041 train_nmse=0.218423 val_nmse=0.221051 train_cos=0.884473 val_cos=0.883231
epoch 0042/0300 train_loss=0.218195 val_loss=0.220366 best_val=0.220366@0042 train_nmse=0.218091 val_nmse=0.220312 train_cos=0.884706 val_cos=0.883436
epoch 0043/0300 train_loss=0.218011 val_loss=0.220168 best_val=0.220168@0043 train_nmse=0.217996 val_nmse=0.220044 train_cos=0.884744 val_cos=0.883570
epoch 0044/0300 train_loss=0.217194 val_loss=0.220179 best_val=0.220168@0043 train_nmse=0.217341 val_nmse=0.219853 train_cos=0.885110 val_cos=0.883689
epoch 0045/0300 train_loss=0.217222 val_loss=0.219662 best_val=0.219662@0045 train_nmse=0.217157 val_nmse=0.219376 train_cos=0.885190 val_cos=0.883813
epoch 0046/0300 train_loss=0.217141 val_loss=0.219670 best_val=0.219662@0045 train_nmse=0.217051 val_nmse=0.219024 train_cos=0.885243 val_cos=0.884160
epoch 0047/0300 train_loss=0.216827 val_loss=0.219338 best_val=0.219338@0047 train_nmse=0.216769 val_nmse=0.219511 train_cos=0.885400 val_cos=0.883881
epoch 0048/0300 train_loss=0.216677 val_loss=0.218765 best_val=0.218765@0048 train_nmse=0.216693 val_nmse=0.218491 train_cos=0.885531 val_cos=0.884505
epoch 0049/0300 train_loss=0.216242 val_loss=0.218431 best_val=0.218431@0049 train_nmse=0.216237 val_nmse=0.218818 train_cos=0.885745 val_cos=0.884398
epoch 0050/0300 train_loss=0.215784 val_loss=0.217942 best_val=0.217942@0050 train_nmse=0.215946 val_nmse=0.218073 train_cos=0.885899 val_cos=0.884650
epoch 0051/0300 train_loss=0.215682 val_loss=0.217630 best_val=0.217630@0051 train_nmse=0.215727 val_nmse=0.217215 train_cos=0.885963 val_cos=0.885140
epoch 0052/0300 train_loss=0.215659 val_loss=0.217494 best_val=0.217494@0052 train_nmse=0.215587 val_nmse=0.217521 train_cos=0.886096 val_cos=0.884988
epoch 0053/0300 train_loss=0.215289 val_loss=0.217580 best_val=0.217494@0052 train_nmse=0.215353 val_nmse=0.217673 train_cos=0.886157 val_cos=0.885102
epoch 0054/0300 train_loss=0.215187 val_loss=0.218566 best_val=0.217494@0052 train_nmse=0.215134 val_nmse=0.218333 train_cos=0.886236 val_cos=0.884567
epoch 0055/0300 train_loss=0.215016 val_loss=0.217381 best_val=0.217381@0055 train_nmse=0.215011 val_nmse=0.217516 train_cos=0.886376 val_cos=0.885029
epoch 0056/0300 train_loss=0.214823 val_loss=0.216962 best_val=0.216962@0056 train_nmse=0.214753 val_nmse=0.217134 train_cos=0.886497 val_cos=0.885224
epoch 0057/0300 train_loss=0.214512 val_loss=0.216777 best_val=0.216777@0057 train_nmse=0.214555 val_nmse=0.217004 train_cos=0.886582 val_cos=0.885296
epoch 0058/0300 train_loss=0.214411 val_loss=0.215838 best_val=0.215838@0058 train_nmse=0.214239 val_nmse=0.216491 train_cos=0.886803 val_cos=0.885499
epoch 0059/0300 train_loss=0.214072 val_loss=0.215623 best_val=0.215623@0059 train_nmse=0.214108 val_nmse=0.215991 train_cos=0.886851 val_cos=0.885808
epoch 0060/0300 train_loss=0.213755 val_loss=0.217142 best_val=0.215623@0059 train_nmse=0.213734 val_nmse=0.217141 train_cos=0.887055 val_cos=0.885199
epoch 0061/0300 train_loss=0.213826 val_loss=0.216277 best_val=0.215623@0059 train_nmse=0.213754 val_nmse=0.216315 train_cos=0.887077 val_cos=0.885513
epoch 0062/0300 train_loss=0.213656 val_loss=0.215040 best_val=0.215040@0062 train_nmse=0.213728 val_nmse=0.215305 train_cos=0.887062 val_cos=0.886187
epoch 0063/0300 train_loss=0.213576 val_loss=0.215919 best_val=0.215040@0062 train_nmse=0.213629 val_nmse=0.215927 train_cos=0.887148 val_cos=0.885830
epoch 0064/0300 train_loss=0.213440 val_loss=0.215387 best_val=0.215040@0062 train_nmse=0.213433 val_nmse=0.215678 train_cos=0.887194 val_cos=0.886027
epoch 0065/0300 train_loss=0.213201 val_loss=0.215476 best_val=0.215040@0062 train_nmse=0.213190 val_nmse=0.215503 train_cos=0.887335 val_cos=0.885887
epoch 0066/0300 train_loss=0.213350 val_loss=0.214935 best_val=0.214935@0066 train_nmse=0.213377 val_nmse=0.214928 train_cos=0.887234 val_cos=0.886635
epoch 0067/0300 train_loss=0.212711 val_loss=0.215513 best_val=0.214935@0066 train_nmse=0.212664 val_nmse=0.215811 train_cos=0.887614 val_cos=0.885889
epoch 0068/0300 train_loss=0.212614 val_loss=0.214571 best_val=0.214571@0068 train_nmse=0.212592 val_nmse=0.215384 train_cos=0.887711 val_cos=0.886199
epoch 0069/0300 train_loss=0.212578 val_loss=0.214990 best_val=0.214571@0068 train_nmse=0.212546 val_nmse=0.214789 train_cos=0.887743 val_cos=0.886386
epoch 0070/0300 train_loss=0.212434 val_loss=0.215258 best_val=0.214571@0068 train_nmse=0.212378 val_nmse=0.215013 train_cos=0.887757 val_cos=0.886218
epoch 0071/0300 train_loss=0.212062 val_loss=0.214367 best_val=0.214367@0071 train_nmse=0.212072 val_nmse=0.214934 train_cos=0.887955 val_cos=0.886326
epoch 0072/0300 train_loss=0.212072 val_loss=0.215036 best_val=0.214367@0071 train_nmse=0.211970 val_nmse=0.214701 train_cos=0.888015 val_cos=0.886534
epoch 0073/0300 train_loss=0.212012 val_loss=0.214230 best_val=0.214230@0073 train_nmse=0.211949 val_nmse=0.214291 train_cos=0.887964 val_cos=0.886675
epoch 0074/0300 train_loss=0.212203 val_loss=0.213976 best_val=0.213976@0074 train_nmse=0.212059 val_nmse=0.213968 train_cos=0.887967 val_cos=0.886958
epoch 0075/0300 train_loss=0.211989 val_loss=0.214266 best_val=0.213976@0074 train_nmse=0.212042 val_nmse=0.214705 train_cos=0.887964 val_cos=0.886477
epoch 0076/0300 train_loss=0.211860 val_loss=0.213885 best_val=0.213885@0076 train_nmse=0.211766 val_nmse=0.213999 train_cos=0.888129 val_cos=0.886897
epoch 0077/0300 train_loss=0.211595 val_loss=0.214522 best_val=0.213885@0076 train_nmse=0.211624 val_nmse=0.214242 train_cos=0.888215 val_cos=0.886625
epoch 0078/0300 train_loss=0.211325 val_loss=0.213489 best_val=0.213489@0078 train_nmse=0.211266 val_nmse=0.213701 train_cos=0.888359 val_cos=0.887154
epoch 0079/0300 train_loss=0.211147 val_loss=0.213841 best_val=0.213489@0078 train_nmse=0.211314 val_nmse=0.213736 train_cos=0.888333 val_cos=0.886868
epoch 0080/0300 train_loss=0.211161 val_loss=0.213447 best_val=0.213447@0080 train_nmse=0.211132 val_nmse=0.213739 train_cos=0.888421 val_cos=0.887041
epoch 0081/0300 train_loss=0.210969 val_loss=0.213399 best_val=0.213399@0081 train_nmse=0.211037 val_nmse=0.213591 train_cos=0.888471 val_cos=0.887304
epoch 0082/0300 train_loss=0.210857 val_loss=0.213393 best_val=0.213393@0082 train_nmse=0.210910 val_nmse=0.213247 train_cos=0.888576 val_cos=0.887199
epoch 0083/0300 train_loss=0.210793 val_loss=0.212670 best_val=0.212670@0083 train_nmse=0.210926 val_nmse=0.212746 train_cos=0.888576 val_cos=0.887548
epoch 0084/0300 train_loss=0.210812 val_loss=0.213887 best_val=0.212670@0083 train_nmse=0.210639 val_nmse=0.213680 train_cos=0.888695 val_cos=0.886943
epoch 0085/0300 train_loss=0.210626 val_loss=0.213356 best_val=0.212670@0083 train_nmse=0.210684 val_nmse=0.213134 train_cos=0.888727 val_cos=0.887412
epoch 0086/0300 train_loss=0.210563 val_loss=0.213010 best_val=0.212670@0083 train_nmse=0.210530 val_nmse=0.213175 train_cos=0.888772 val_cos=0.887264
epoch 0087/0300 train_loss=0.210489 val_loss=0.212722 best_val=0.212670@0083 train_nmse=0.210526 val_nmse=0.212593 train_cos=0.888770 val_cos=0.887575
epoch 0088/0300 train_loss=0.210336 val_loss=0.212360 best_val=0.212360@0088 train_nmse=0.210466 val_nmse=0.212638 train_cos=0.888829 val_cos=0.887681
epoch 0089/0300 train_loss=0.210272 val_loss=0.212967 best_val=0.212360@0088 train_nmse=0.210235 val_nmse=0.213420 train_cos=0.889018 val_cos=0.887249
epoch 0090/0300 train_loss=0.210214 val_loss=0.212902 best_val=0.212360@0088 train_nmse=0.210186 val_nmse=0.212892 train_cos=0.889027 val_cos=0.887433
epoch 0091/0300 train_loss=0.209860 val_loss=0.212276 best_val=0.212276@0091 train_nmse=0.209870 val_nmse=0.212291 train_cos=0.889121 val_cos=0.887733
epoch 0092/0300 train_loss=0.209937 val_loss=0.212804 best_val=0.212276@0091 train_nmse=0.209828 val_nmse=0.212517 train_cos=0.889104 val_cos=0.887576
epoch 0093/0300 train_loss=0.209813 val_loss=0.212557 best_val=0.212276@0091 train_nmse=0.209839 val_nmse=0.212687 train_cos=0.889167 val_cos=0.887555
epoch 0094/0300 train_loss=0.209610 val_loss=0.212228 best_val=0.212228@0094 train_nmse=0.209646 val_nmse=0.212437 train_cos=0.889239 val_cos=0.887894
epoch 0095/0300 train_loss=0.209623 val_loss=0.212207 best_val=0.212207@0095 train_nmse=0.209702 val_nmse=0.212369 train_cos=0.889224 val_cos=0.887793
epoch 0096/0300 train_loss=0.209599 val_loss=0.212460 best_val=0.212207@0095 train_nmse=0.209486 val_nmse=0.212234 train_cos=0.889369 val_cos=0.887730
epoch 0097/0300 train_loss=0.209611 val_loss=0.211744 best_val=0.211744@0097 train_nmse=0.209583 val_nmse=0.211890 train_cos=0.889298 val_cos=0.887984
epoch 0098/0300 train_loss=0.209204 val_loss=0.211310 best_val=0.211310@0098 train_nmse=0.209171 val_nmse=0.211618 train_cos=0.889496 val_cos=0.888296
epoch 0099/0300 train_loss=0.209239 val_loss=0.212347 best_val=0.211310@0098 train_nmse=0.209200 val_nmse=0.212290 train_cos=0.889491 val_cos=0.887741
epoch 0100/0300 train_loss=0.209491 val_loss=0.211947 best_val=0.211310@0098 train_nmse=0.209472 val_nmse=0.212062 train_cos=0.889342 val_cos=0.887953
epoch 0101/0300 train_loss=0.209205 val_loss=0.213062 best_val=0.211310@0098 train_nmse=0.209272 val_nmse=0.213026 train_cos=0.889478 val_cos=0.887386
epoch 0102/0300 train_loss=0.209415 val_loss=0.211882 best_val=0.211310@0098 train_nmse=0.209362 val_nmse=0.211977 train_cos=0.889399 val_cos=0.887892
epoch 0103/0300 train_loss=0.209211 val_loss=0.212017 best_val=0.211310@0098 train_nmse=0.209043 val_nmse=0.211910 train_cos=0.889617 val_cos=0.888004
epoch 0104/0300 train_loss=0.208966 val_loss=0.211190 best_val=0.211190@0104 train_nmse=0.209145 val_nmse=0.211334 train_cos=0.889491 val_cos=0.888283
epoch 0105/0300 train_loss=0.208934 val_loss=0.212173 best_val=0.211190@0104 train_nmse=0.208913 val_nmse=0.212488 train_cos=0.889624 val_cos=0.887684
epoch 0106/0300 train_loss=0.208798 val_loss=0.210876 best_val=0.210876@0106 train_nmse=0.208857 val_nmse=0.211101 train_cos=0.889720 val_cos=0.888543
epoch 0107/0300 train_loss=0.208875 val_loss=0.211592 best_val=0.210876@0106 train_nmse=0.208809 val_nmse=0.211624 train_cos=0.889661 val_cos=0.887874
epoch 0108/0300 train_loss=0.208483 val_loss=0.211399 best_val=0.210876@0106 train_nmse=0.208477 val_nmse=0.211580 train_cos=0.889861 val_cos=0.888188
epoch 0109/0300 train_loss=0.208502 val_loss=0.211788 best_val=0.210876@0106 train_nmse=0.208689 val_nmse=0.211769 train_cos=0.889809 val_cos=0.888112
epoch 0110/0300 train_loss=0.208492 val_loss=0.211454 best_val=0.210876@0106 train_nmse=0.208666 val_nmse=0.211871 train_cos=0.889703 val_cos=0.887933
epoch 0111/0300 train_loss=0.208594 val_loss=0.211194 best_val=0.210876@0106 train_nmse=0.208710 val_nmse=0.210768 train_cos=0.889711 val_cos=0.888527
epoch 0112/0300 train_loss=0.208480 val_loss=0.210219 best_val=0.210219@0112 train_nmse=0.208425 val_nmse=0.210560 train_cos=0.889859 val_cos=0.888630
epoch 0113/0300 train_loss=0.208643 val_loss=0.210421 best_val=0.210219@0112 train_nmse=0.208600 val_nmse=0.210929 train_cos=0.889766 val_cos=0.888550
epoch 0114/0300 train_loss=0.208272 val_loss=0.210579 best_val=0.210219@0112 train_nmse=0.208262 val_nmse=0.210832 train_cos=0.889943 val_cos=0.888675
epoch 0115/0300 train_loss=0.208192 val_loss=0.210604 best_val=0.210219@0112 train_nmse=0.208362 val_nmse=0.210676 train_cos=0.889946 val_cos=0.888750
epoch 0116/0300 train_loss=0.208358 val_loss=0.210912 best_val=0.210219@0112 train_nmse=0.208351 val_nmse=0.210770 train_cos=0.889971 val_cos=0.888534
epoch 0117/0300 train_loss=0.208277 val_loss=0.210994 best_val=0.210219@0112 train_nmse=0.208369 val_nmse=0.211070 train_cos=0.889918 val_cos=0.888506
epoch 0118/0300 train_loss=0.208135 val_loss=0.209877 best_val=0.209877@0118 train_nmse=0.208101 val_nmse=0.210139 train_cos=0.890061 val_cos=0.888861
epoch 0119/0300 train_loss=0.208095 val_loss=0.211358 best_val=0.209877@0118 train_nmse=0.208068 val_nmse=0.210989 train_cos=0.890109 val_cos=0.888361
epoch 0120/0300 train_loss=0.208048 val_loss=0.210765 best_val=0.209877@0118 train_nmse=0.207999 val_nmse=0.210462 train_cos=0.890071 val_cos=0.888667
epoch 0121/0300 train_loss=0.207900 val_loss=0.211309 best_val=0.209877@0118 train_nmse=0.208046 val_nmse=0.211474 train_cos=0.890065 val_cos=0.888178
epoch 0122/0300 train_loss=0.207879 val_loss=0.210009 best_val=0.209877@0118 train_nmse=0.207899 val_nmse=0.210363 train_cos=0.890122 val_cos=0.888930
epoch 0123/0300 train_loss=0.207891 val_loss=0.210079 best_val=0.209877@0118 train_nmse=0.207943 val_nmse=0.210114 train_cos=0.890180 val_cos=0.888988
epoch 0124/0300 train_loss=0.207983 val_loss=0.210091 best_val=0.209877@0118 train_nmse=0.207918 val_nmse=0.209934 train_cos=0.890130 val_cos=0.889104
epoch 0125/0300 train_loss=0.207877 val_loss=0.209744 best_val=0.209744@0125 train_nmse=0.207912 val_nmse=0.209807 train_cos=0.890156 val_cos=0.889105
epoch 0126/0300 train_loss=0.207864 val_loss=0.210959 best_val=0.209744@0125 train_nmse=0.207731 val_nmse=0.210752 train_cos=0.890202 val_cos=0.888679
epoch 0127/0300 train_loss=0.207517 val_loss=0.209867 best_val=0.209744@0125 train_nmse=0.207614 val_nmse=0.209978 train_cos=0.890320 val_cos=0.888984
epoch 0128/0300 train_loss=0.207606 val_loss=0.210316 best_val=0.209744@0125 train_nmse=0.207592 val_nmse=0.210074 train_cos=0.890331 val_cos=0.888797
epoch 0129/0300 train_loss=0.207336 val_loss=0.210860 best_val=0.209744@0125 train_nmse=0.207344 val_nmse=0.210659 train_cos=0.890375 val_cos=0.888673
epoch 0130/0300 train_loss=0.207301 val_loss=0.209641 best_val=0.209641@0130 train_nmse=0.207461 val_nmse=0.209805 train_cos=0.890421 val_cos=0.889053
epoch 0131/0300 train_loss=0.207554 val_loss=0.209901 best_val=0.209641@0130 train_nmse=0.207596 val_nmse=0.209862 train_cos=0.890327 val_cos=0.889118
epoch 0132/0300 train_loss=0.207545 val_loss=0.209639 best_val=0.209639@0132 train_nmse=0.207535 val_nmse=0.209980 train_cos=0.890408 val_cos=0.888902
epoch 0133/0300 train_loss=0.207372 val_loss=0.210963 best_val=0.209639@0132 train_nmse=0.207391 val_nmse=0.210861 train_cos=0.890484 val_cos=0.888683
epoch 0134/0300 train_loss=0.207282 val_loss=0.209777 best_val=0.209639@0132 train_nmse=0.207190 val_nmse=0.209698 train_cos=0.890566 val_cos=0.889120
epoch 0135/0300 train_loss=0.207664 val_loss=0.209996 best_val=0.209639@0132 train_nmse=0.207637 val_nmse=0.210329 train_cos=0.890301 val_cos=0.888749
epoch 0136/0300 train_loss=0.207295 val_loss=0.209338 best_val=0.209338@0136 train_nmse=0.207315 val_nmse=0.209764 train_cos=0.890481 val_cos=0.889178
epoch 0137/0300 train_loss=0.207337 val_loss=0.209446 best_val=0.209338@0136 train_nmse=0.207442 val_nmse=0.209538 train_cos=0.890485 val_cos=0.889112
epoch 0138/0300 train_loss=0.206918 val_loss=0.209734 best_val=0.209338@0136 train_nmse=0.206890 val_nmse=0.209738 train_cos=0.890674 val_cos=0.889258
epoch 0139/0300 train_loss=0.207131 val_loss=0.209498 best_val=0.209338@0136 train_nmse=0.207235 val_nmse=0.209457 train_cos=0.890471 val_cos=0.889401
epoch 0140/0300 train_loss=0.206869 val_loss=0.209867 best_val=0.209338@0136 train_nmse=0.206990 val_nmse=0.209278 train_cos=0.890658 val_cos=0.889182
epoch 0141/0300 train_loss=0.207055 val_loss=0.209817 best_val=0.209338@0136 train_nmse=0.206986 val_nmse=0.209796 train_cos=0.890660 val_cos=0.889184
epoch 0142/0300 train_loss=0.207139 val_loss=0.209996 best_val=0.209338@0136 train_nmse=0.207114 val_nmse=0.209517 train_cos=0.890649 val_cos=0.889217
epoch 0143/0300 train_loss=0.206982 val_loss=0.209581 best_val=0.209338@0136 train_nmse=0.206981 val_nmse=0.209592 train_cos=0.890662 val_cos=0.889247
epoch 0144/0300 train_loss=0.206832 val_loss=0.209888 best_val=0.209338@0136 train_nmse=0.206860 val_nmse=0.209592 train_cos=0.890697 val_cos=0.889185
epoch 0145/0300 train_loss=0.206666 val_loss=0.210064 best_val=0.209338@0136 train_nmse=0.206787 val_nmse=0.209920 train_cos=0.890694 val_cos=0.889058
epoch 0146/0300 train_loss=0.206701 val_loss=0.208966 best_val=0.208966@0146 train_nmse=0.206765 val_nmse=0.209002 train_cos=0.890801 val_cos=0.889496
epoch 0147/0300 train_loss=0.206754 val_loss=0.208787 best_val=0.208787@0147 train_nmse=0.206639 val_nmse=0.209101 train_cos=0.890801 val_cos=0.889442
epoch 0148/0300 train_loss=0.206959 val_loss=0.209429 best_val=0.208787@0147 train_nmse=0.206932 val_nmse=0.209036 train_cos=0.890690 val_cos=0.889477
epoch 0149/0300 train_loss=0.206901 val_loss=0.208801 best_val=0.208787@0147 train_nmse=0.206831 val_nmse=0.209328 train_cos=0.890653 val_cos=0.889450
epoch 0150/0300 train_loss=0.206644 val_loss=0.209155 best_val=0.208787@0147 train_nmse=0.206711 val_nmse=0.209086 train_cos=0.890774 val_cos=0.889503
epoch 0151/0300 train_loss=0.206748 val_loss=0.209936 best_val=0.208787@0147 train_nmse=0.206790 val_nmse=0.210112 train_cos=0.890730 val_cos=0.888894
epoch 0152/0300 train_loss=0.206707 val_loss=0.209354 best_val=0.208787@0147 train_nmse=0.206735 val_nmse=0.209422 train_cos=0.890795 val_cos=0.889133
epoch 0153/0300 train_loss=0.206646 val_loss=0.208554 best_val=0.208554@0153 train_nmse=0.206607 val_nmse=0.208524 train_cos=0.890888 val_cos=0.889803
epoch 0154/0300 train_loss=0.206535 val_loss=0.209843 best_val=0.208554@0153 train_nmse=0.206524 val_nmse=0.209692 train_cos=0.890870 val_cos=0.889167
epoch 0155/0300 train_loss=0.206722 val_loss=0.209112 best_val=0.208554@0153 train_nmse=0.206746 val_nmse=0.209716 train_cos=0.890802 val_cos=0.889122
epoch 0156/0300 train_loss=0.206402 val_loss=0.209280 best_val=0.208554@0153 train_nmse=0.206375 val_nmse=0.209379 train_cos=0.890940 val_cos=0.889224
epoch 0157/0300 train_loss=0.206489 val_loss=0.209073 best_val=0.208554@0153 train_nmse=0.206443 val_nmse=0.209437 train_cos=0.890947 val_cos=0.889210
epoch 0158/0300 train_loss=0.206322 val_loss=0.209061 best_val=0.208554@0153 train_nmse=0.206341 val_nmse=0.209027 train_cos=0.891020 val_cos=0.889548
epoch 0159/0300 train_loss=0.206270 val_loss=0.208662 best_val=0.208554@0153 train_nmse=0.206467 val_nmse=0.208810 train_cos=0.890980 val_cos=0.889732
epoch 0160/0300 train_loss=0.206785 val_loss=0.209438 best_val=0.208554@0153 train_nmse=0.206755 val_nmse=0.209278 train_cos=0.890778 val_cos=0.889439
epoch 0161/0300 train_loss=0.206405 val_loss=0.208628 best_val=0.208554@0153 train_nmse=0.206517 val_nmse=0.208894 train_cos=0.890937 val_cos=0.889639
epoch 0162/0300 train_loss=0.206359 val_loss=0.208515 best_val=0.208515@0162 train_nmse=0.206302 val_nmse=0.208746 train_cos=0.891005 val_cos=0.889592
epoch 0163/0300 train_loss=0.206234 val_loss=0.208471 best_val=0.208471@0163 train_nmse=0.206149 val_nmse=0.208844 train_cos=0.891109 val_cos=0.889602
epoch 0164/0300 train_loss=0.206028 val_loss=0.209103 best_val=0.208471@0163 train_nmse=0.206075 val_nmse=0.208845 train_cos=0.891147 val_cos=0.889699
epoch 0165/0300 train_loss=0.206310 val_loss=0.208553 best_val=0.208471@0163 train_nmse=0.206263 val_nmse=0.208724 train_cos=0.891014 val_cos=0.889833
epoch 0166/0300 train_loss=0.206132 val_loss=0.208783 best_val=0.208471@0163 train_nmse=0.206215 val_nmse=0.208856 train_cos=0.891046 val_cos=0.889464
epoch 0167/0300 train_loss=0.206181 val_loss=0.208871 best_val=0.208471@0163 train_nmse=0.206195 val_nmse=0.208977 train_cos=0.891066 val_cos=0.889491
epoch 0168/0300 train_loss=0.206119 val_loss=0.208766 best_val=0.208471@0163 train_nmse=0.206204 val_nmse=0.208218 train_cos=0.891108 val_cos=0.889904
epoch 0169/0300 train_loss=0.205976 val_loss=0.208825 best_val=0.208471@0163 train_nmse=0.206054 val_nmse=0.208763 train_cos=0.891123 val_cos=0.889592
epoch 0170/0300 train_loss=0.206068 val_loss=0.209100 best_val=0.208471@0163 train_nmse=0.206099 val_nmse=0.209225 train_cos=0.891092 val_cos=0.889576
epoch 0171/0300 train_loss=0.206436 val_loss=0.209081 best_val=0.208471@0163 train_nmse=0.206394 val_nmse=0.209113 train_cos=0.890886 val_cos=0.889566
epoch 0172/0300 train_loss=0.205966 val_loss=0.208788 best_val=0.208471@0163 train_nmse=0.205946 val_nmse=0.208895 train_cos=0.891177 val_cos=0.889616
epoch 0173/0300 train_loss=0.206250 val_loss=0.208950 best_val=0.208471@0163 train_nmse=0.206143 val_nmse=0.208864 train_cos=0.891070 val_cos=0.889617
epoch 0174/0300 train_loss=0.206094 val_loss=0.209459 best_val=0.208471@0163 train_nmse=0.205942 val_nmse=0.208844 train_cos=0.891247 val_cos=0.889605
epoch 0175/0300 train_loss=0.205909 val_loss=0.209288 best_val=0.208471@0163 train_nmse=0.205985 val_nmse=0.209109 train_cos=0.891210 val_cos=0.889470
epoch 0176/0300 train_loss=0.205939 val_loss=0.209219 best_val=0.208471@0163 train_nmse=0.206065 val_nmse=0.208971 train_cos=0.891121 val_cos=0.889453
epoch 0177/0300 train_loss=0.206082 val_loss=0.208583 best_val=0.208471@0163 train_nmse=0.206170 val_nmse=0.208596 train_cos=0.891089 val_cos=0.889816
epoch 0178/0300 train_loss=0.205678 val_loss=0.208763 best_val=0.208471@0163 train_nmse=0.205705 val_nmse=0.208644 train_cos=0.891325 val_cos=0.889707
epoch 0179/0300 train_loss=0.205693 val_loss=0.208644 best_val=0.208471@0163 train_nmse=0.205642 val_nmse=0.208931 train_cos=0.891387 val_cos=0.889425
epoch 0180/0300 train_loss=0.205589 val_loss=0.209166 best_val=0.208471@0163 train_nmse=0.205647 val_nmse=0.208760 train_cos=0.891338 val_cos=0.889846
epoch 0181/0300 train_loss=0.205720 val_loss=0.208891 best_val=0.208471@0163 train_nmse=0.205727 val_nmse=0.208801 train_cos=0.891295 val_cos=0.889363
epoch 0182/0300 train_loss=0.205747 val_loss=0.208317 best_val=0.208317@0182 train_nmse=0.205776 val_nmse=0.208187 train_cos=0.891295 val_cos=0.889973
epoch 0183/0300 train_loss=0.205611 val_loss=0.208631 best_val=0.208317@0182 train_nmse=0.205545 val_nmse=0.208719 train_cos=0.891440 val_cos=0.889743
epoch 0184/0300 train_loss=0.205687 val_loss=0.209177 best_val=0.208317@0182 train_nmse=0.205637 val_nmse=0.209096 train_cos=0.891329 val_cos=0.889499
epoch 0185/0300 train_loss=0.205833 val_loss=0.208412 best_val=0.208317@0182 train_nmse=0.205854 val_nmse=0.208606 train_cos=0.891229 val_cos=0.889541
epoch 0186/0300 train_loss=0.205917 val_loss=0.208774 best_val=0.208317@0182 train_nmse=0.205936 val_nmse=0.208917 train_cos=0.891207 val_cos=0.889471
epoch 0187/0300 train_loss=0.205818 val_loss=0.207799 best_val=0.207799@0187 train_nmse=0.205660 val_nmse=0.207892 train_cos=0.891363 val_cos=0.890238
epoch 0188/0300 train_loss=0.205488 val_loss=0.208269 best_val=0.207799@0187 train_nmse=0.205615 val_nmse=0.208343 train_cos=0.891395 val_cos=0.889805
epoch 0189/0300 train_loss=0.205476 val_loss=0.208287 best_val=0.207799@0187 train_nmse=0.205531 val_nmse=0.208429 train_cos=0.891387 val_cos=0.889757
epoch 0190/0300 train_loss=0.205478 val_loss=0.209059 best_val=0.207799@0187 train_nmse=0.205444 val_nmse=0.208928 train_cos=0.891397 val_cos=0.889708
epoch 0191/0300 train_loss=0.205608 val_loss=0.208440 best_val=0.207799@0187 train_nmse=0.205604 val_nmse=0.208292 train_cos=0.891341 val_cos=0.889991
epoch 0192/0300 train_loss=0.205374 val_loss=0.207626 best_val=0.207626@0192 train_nmse=0.205415 val_nmse=0.207288 train_cos=0.891544 val_cos=0.890376
epoch 0193/0300 train_loss=0.205565 val_loss=0.207926 best_val=0.207626@0192 train_nmse=0.205551 val_nmse=0.208159 train_cos=0.891455 val_cos=0.889938
epoch 0194/0300 train_loss=0.205490 val_loss=0.208674 best_val=0.207626@0192 train_nmse=0.205596 val_nmse=0.208155 train_cos=0.891411 val_cos=0.889889
epoch 0195/0300 train_loss=0.205518 val_loss=0.207656 best_val=0.207626@0192 train_nmse=0.205540 val_nmse=0.207812 train_cos=0.891460 val_cos=0.890343
epoch 0196/0300 train_loss=0.205380 val_loss=0.208181 best_val=0.207626@0192 train_nmse=0.205436 val_nmse=0.207963 train_cos=0.891405 val_cos=0.890304
epoch 0197/0300 train_loss=0.205418 val_loss=0.208037 best_val=0.207626@0192 train_nmse=0.205479 val_nmse=0.207693 train_cos=0.891406 val_cos=0.890310
epoch 0198/0300 train_loss=0.205415 val_loss=0.207857 best_val=0.207626@0192 train_nmse=0.205245 val_nmse=0.207901 train_cos=0.891537 val_cos=0.890083
epoch 0199/0300 train_loss=0.205462 val_loss=0.208643 best_val=0.207626@0192 train_nmse=0.205504 val_nmse=0.208481 train_cos=0.891440 val_cos=0.889853
epoch 0200/0300 train_loss=0.205424 val_loss=0.208643 best_val=0.207626@0192 train_nmse=0.205384 val_nmse=0.209030 train_cos=0.891527 val_cos=0.889560
epoch 0201/0300 train_loss=0.205474 val_loss=0.208306 best_val=0.207626@0192 train_nmse=0.205462 val_nmse=0.208618 train_cos=0.891424 val_cos=0.889651
epoch 0202/0300 train_loss=0.205603 val_loss=0.208443 best_val=0.207626@0192 train_nmse=0.205418 val_nmse=0.208322 train_cos=0.891464 val_cos=0.890009
epoch 0203/0300 train_loss=0.205458 val_loss=0.208519 best_val=0.207626@0192 train_nmse=0.205403 val_nmse=0.208815 train_cos=0.891533 val_cos=0.889682
epoch 0204/0300 train_loss=0.205510 val_loss=0.207313 best_val=0.207313@0204 train_nmse=0.205524 val_nmse=0.207770 train_cos=0.891431 val_cos=0.890204
epoch 0205/0300 train_loss=0.205318 val_loss=0.208200 best_val=0.207313@0204 train_nmse=0.205311 val_nmse=0.208234 train_cos=0.891545 val_cos=0.889874
epoch 0206/0300 train_loss=0.205217 val_loss=0.207974 best_val=0.207313@0204 train_nmse=0.205233 val_nmse=0.207883 train_cos=0.891596 val_cos=0.890124
epoch 0207/0300 train_loss=0.205286 val_loss=0.207824 best_val=0.207313@0204 train_nmse=0.205269 val_nmse=0.207727 train_cos=0.891547 val_cos=0.890272
epoch 0208/0300 train_loss=0.205117 val_loss=0.207654 best_val=0.207313@0204 train_nmse=0.205084 val_nmse=0.207655 train_cos=0.891633 val_cos=0.890296
epoch 0209/0300 train_loss=0.205101 val_loss=0.208291 best_val=0.207313@0204 train_nmse=0.205157 val_nmse=0.208133 train_cos=0.891587 val_cos=0.890078
epoch 0210/0300 train_loss=0.205182 val_loss=0.207984 best_val=0.207313@0204 train_nmse=0.205195 val_nmse=0.207783 train_cos=0.891575 val_cos=0.890028
epoch 0211/0300 train_loss=0.204887 val_loss=0.208294 best_val=0.207313@0204 train_nmse=0.205008 val_nmse=0.208299 train_cos=0.891692 val_cos=0.889737
epoch 0212/0300 train_loss=0.205129 val_loss=0.207498 best_val=0.207313@0204 train_nmse=0.205000 val_nmse=0.207375 train_cos=0.891763 val_cos=0.890328
epoch 0213/0300 train_loss=0.205343 val_loss=0.207938 best_val=0.207313@0204 train_nmse=0.205426 val_nmse=0.207878 train_cos=0.891439 val_cos=0.890259
epoch 0214/0300 train_loss=0.204856 val_loss=0.207770 best_val=0.207313@0204 train_nmse=0.204818 val_nmse=0.207708 train_cos=0.891803 val_cos=0.890073
epoch 0215/0300 train_loss=0.205344 val_loss=0.207437 best_val=0.207313@0204 train_nmse=0.205225 val_nmse=0.207699 train_cos=0.891562 val_cos=0.890280
epoch 0216/0300 train_loss=0.204852 val_loss=0.208702 best_val=0.207313@0204 train_nmse=0.204786 val_nmse=0.208625 train_cos=0.891801 val_cos=0.889707
epoch 0217/0300 train_loss=0.205037 val_loss=0.208020 best_val=0.207313@0204 train_nmse=0.204923 val_nmse=0.207799 train_cos=0.891738 val_cos=0.890143
epoch 0218/0300 train_loss=0.205012 val_loss=0.207701 best_val=0.207313@0204 train_nmse=0.204926 val_nmse=0.207816 train_cos=0.891769 val_cos=0.890099
epoch 0219/0300 train_loss=0.204956 val_loss=0.207754 best_val=0.207313@0204 train_nmse=0.204903 val_nmse=0.208062 train_cos=0.891685 val_cos=0.890034
epoch 0220/0300 train_loss=0.204900 val_loss=0.207348 best_val=0.207313@0204 train_nmse=0.204991 val_nmse=0.207503 train_cos=0.891681 val_cos=0.890332
epoch 0221/0300 train_loss=0.204858 val_loss=0.206968 best_val=0.206968@0221 train_nmse=0.204683 val_nmse=0.207590 train_cos=0.891920 val_cos=0.890258
epoch 0222/0300 train_loss=0.204985 val_loss=0.207888 best_val=0.206968@0221 train_nmse=0.205066 val_nmse=0.207699 train_cos=0.891628 val_cos=0.890277
epoch 0223/0300 train_loss=0.204668 val_loss=0.207689 best_val=0.206968@0221 train_nmse=0.204693 val_nmse=0.207863 train_cos=0.891834 val_cos=0.890100
epoch 0224/0300 train_loss=0.205170 val_loss=0.207968 best_val=0.206968@0221 train_nmse=0.205099 val_nmse=0.208250 train_cos=0.891580 val_cos=0.889946
epoch 0225/0300 train_loss=0.204946 val_loss=0.208207 best_val=0.206968@0221 train_nmse=0.204953 val_nmse=0.208398 train_cos=0.891715 val_cos=0.889877
epoch 0226/0300 train_loss=0.204955 val_loss=0.207402 best_val=0.206968@0221 train_nmse=0.205091 val_nmse=0.207777 train_cos=0.891572 val_cos=0.890226
epoch 0227/0300 train_loss=0.204722 val_loss=0.207688 best_val=0.206968@0221 train_nmse=0.204758 val_nmse=0.207870 train_cos=0.891840 val_cos=0.890059
epoch 0228/0300 train_loss=0.205017 val_loss=0.208049 best_val=0.206968@0221 train_nmse=0.204933 val_nmse=0.207866 train_cos=0.891739 val_cos=0.890285
epoch 0229/0300 train_loss=0.204859 val_loss=0.207674 best_val=0.206968@0221 train_nmse=0.204880 val_nmse=0.207945 train_cos=0.891752 val_cos=0.890187
epoch 0230/0300 train_loss=0.204975 val_loss=0.207998 best_val=0.206968@0221 train_nmse=0.204975 val_nmse=0.208254 train_cos=0.891710 val_cos=0.889736
epoch 0231/0300 train_loss=0.204971 val_loss=0.207630 best_val=0.206968@0221 train_nmse=0.204820 val_nmse=0.207579 train_cos=0.891734 val_cos=0.890164
epoch 0232/0300 train_loss=0.204611 val_loss=0.207623 best_val=0.206968@0221 train_nmse=0.204676 val_nmse=0.207921 train_cos=0.891801 val_cos=0.890036
epoch 0233/0300 train_loss=0.204606 val_loss=0.207830 best_val=0.206968@0221 train_nmse=0.204690 val_nmse=0.208083 train_cos=0.891822 val_cos=0.890094
epoch 0234/0300 train_loss=0.204690 val_loss=0.207771 best_val=0.206968@0221 train_nmse=0.204785 val_nmse=0.207548 train_cos=0.891761 val_cos=0.890197
epoch 0235/0300 train_loss=0.204677 val_loss=0.208272 best_val=0.206968@0221 train_nmse=0.204721 val_nmse=0.208146 train_cos=0.891831 val_cos=0.889912
epoch 0236/0300 train_loss=0.204575 val_loss=0.207091 best_val=0.206968@0221 train_nmse=0.204541 val_nmse=0.207232 train_cos=0.891885 val_cos=0.890202
epoch 0237/0300 train_loss=0.204719 val_loss=0.207519 best_val=0.206968@0221 train_nmse=0.204659 val_nmse=0.207364 train_cos=0.891884 val_cos=0.890467
epoch 0238/0300 train_loss=0.204703 val_loss=0.207718 best_val=0.206968@0221 train_nmse=0.204638 val_nmse=0.207704 train_cos=0.891891 val_cos=0.890243
epoch 0239/0300 train_loss=0.204623 val_loss=0.207737 best_val=0.206968@0221 train_nmse=0.204687 val_nmse=0.207747 train_cos=0.891852 val_cos=0.889938
epoch 0240/0300 train_loss=0.204602 val_loss=0.208003 best_val=0.206968@0221 train_nmse=0.204697 val_nmse=0.208041 train_cos=0.891793 val_cos=0.890190
epoch 0241/0300 train_loss=0.204501 val_loss=0.207633 best_val=0.206968@0221 train_nmse=0.204459 val_nmse=0.207273 train_cos=0.891918 val_cos=0.890357
epoch 0242/0300 train_loss=0.204678 val_loss=0.207277 best_val=0.206968@0221 train_nmse=0.204593 val_nmse=0.207361 train_cos=0.891917 val_cos=0.890312
epoch 0243/0300 train_loss=0.204591 val_loss=0.207611 best_val=0.206968@0221 train_nmse=0.204641 val_nmse=0.207704 train_cos=0.891917 val_cos=0.890298
epoch 0244/0300 train_loss=0.204941 val_loss=0.206635 best_val=0.206635@0244 train_nmse=0.204834 val_nmse=0.206846 train_cos=0.891790 val_cos=0.890581
epoch 0245/0300 train_loss=0.204506 val_loss=0.207503 best_val=0.206635@0244 train_nmse=0.204526 val_nmse=0.207541 train_cos=0.891901 val_cos=0.890240
epoch 0246/0300 train_loss=0.204445 val_loss=0.208252 best_val=0.206635@0244 train_nmse=0.204439 val_nmse=0.208183 train_cos=0.891906 val_cos=0.889839
epoch 0247/0300 train_loss=0.204343 val_loss=0.207683 best_val=0.206635@0244 train_nmse=0.204379 val_nmse=0.207605 train_cos=0.892006 val_cos=0.890254
epoch 0248/0300 train_loss=0.204664 val_loss=0.207193 best_val=0.206635@0244 train_nmse=0.204666 val_nmse=0.207608 train_cos=0.891902 val_cos=0.890358
epoch 0249/0300 train_loss=0.204597 val_loss=0.207941 best_val=0.206635@0244 train_nmse=0.204576 val_nmse=0.207516 train_cos=0.891856 val_cos=0.890411
epoch 0250/0300 train_loss=0.204432 val_loss=0.207575 best_val=0.206635@0244 train_nmse=0.204485 val_nmse=0.207880 train_cos=0.891864 val_cos=0.890027
epoch 0251/0300 train_loss=0.204437 val_loss=0.207611 best_val=0.206635@0244 train_nmse=0.204535 val_nmse=0.207809 train_cos=0.891897 val_cos=0.890041
epoch 0252/0300 train_loss=0.204603 val_loss=0.206990 best_val=0.206635@0244 train_nmse=0.204652 val_nmse=0.207226 train_cos=0.891936 val_cos=0.890498
epoch 0253/0300 train_loss=0.204609 val_loss=0.207839 best_val=0.206635@0244 train_nmse=0.204483 val_nmse=0.208263 train_cos=0.891950 val_cos=0.889894
epoch 0254/0300 train_loss=0.204280 val_loss=0.207317 best_val=0.206635@0244 train_nmse=0.204158 val_nmse=0.207526 train_cos=0.892147 val_cos=0.890262
epoch 0255/0300 train_loss=0.204322 val_loss=0.207750 best_val=0.206635@0244 train_nmse=0.204280 val_nmse=0.207975 train_cos=0.892013 val_cos=0.889944
epoch 0256/0300 train_loss=0.204387 val_loss=0.207822 best_val=0.206635@0244 train_nmse=0.204425 val_nmse=0.207771 train_cos=0.892000 val_cos=0.889986
epoch 0257/0300 train_loss=0.204256 val_loss=0.207156 best_val=0.206635@0244 train_nmse=0.204222 val_nmse=0.207270 train_cos=0.892092 val_cos=0.890337
epoch 0258/0300 train_loss=0.204388 val_loss=0.206746 best_val=0.206635@0244 train_nmse=0.204485 val_nmse=0.206773 train_cos=0.891987 val_cos=0.890723
epoch 0259/0300 train_loss=0.204534 val_loss=0.207757 best_val=0.206635@0244 train_nmse=0.204259 val_nmse=0.207227 train_cos=0.892138 val_cos=0.890423
epoch 0260/0300 train_loss=0.204495 val_loss=0.206428 best_val=0.206428@0260 train_nmse=0.204341 val_nmse=0.206767 train_cos=0.892065 val_cos=0.890791
epoch 0261/0300 train_loss=0.204464 val_loss=0.207304 best_val=0.206428@0260 train_nmse=0.204469 val_nmse=0.207202 train_cos=0.891968 val_cos=0.890511
epoch 0262/0300 train_loss=0.204320 val_loss=0.208093 best_val=0.206428@0260 train_nmse=0.204303 val_nmse=0.207644 train_cos=0.892041 val_cos=0.890186
epoch 0263/0300 train_loss=0.204255 val_loss=0.207079 best_val=0.206428@0260 train_nmse=0.204444 val_nmse=0.207184 train_cos=0.891941 val_cos=0.890447
epoch 0264/0300 train_loss=0.204368 val_loss=0.207468 best_val=0.206428@0260 train_nmse=0.204389 val_nmse=0.207464 train_cos=0.892035 val_cos=0.890237
epoch 0265/0300 train_loss=0.204395 val_loss=0.207867 best_val=0.206428@0260 train_nmse=0.204416 val_nmse=0.207706 train_cos=0.891954 val_cos=0.890196
epoch 0266/0300 train_loss=0.204266 val_loss=0.206687 best_val=0.206428@0260 train_nmse=0.204390 val_nmse=0.206662 train_cos=0.891993 val_cos=0.890888
epoch 0267/0300 train_loss=0.204413 val_loss=0.207251 best_val=0.206428@0260 train_nmse=0.204478 val_nmse=0.207417 train_cos=0.891963 val_cos=0.890309
epoch 0268/0300 train_loss=0.204187 val_loss=0.207082 best_val=0.206428@0260 train_nmse=0.204302 val_nmse=0.207182 train_cos=0.892088 val_cos=0.890447
epoch 0269/0300 train_loss=0.204123 val_loss=0.207556 best_val=0.206428@0260 train_nmse=0.204159 val_nmse=0.207512 train_cos=0.892094 val_cos=0.890337
epoch 0270/0300 train_loss=0.204534 val_loss=0.207916 best_val=0.206428@0260 train_nmse=0.204490 val_nmse=0.207951 train_cos=0.891960 val_cos=0.890036
epoch 0271/0300 train_loss=0.204337 val_loss=0.207106 best_val=0.206428@0260 train_nmse=0.204329 val_nmse=0.207411 train_cos=0.892086 val_cos=0.890277
epoch 0272/0300 train_loss=0.204225 val_loss=0.207108 best_val=0.206428@0260 train_nmse=0.204234 val_nmse=0.207069 train_cos=0.892086 val_cos=0.890511
epoch 0273/0300 train_loss=0.204031 val_loss=0.207678 best_val=0.206428@0260 train_nmse=0.204034 val_nmse=0.207507 train_cos=0.892199 val_cos=0.890301
epoch 0274/0300 train_loss=0.204157 val_loss=0.206339 best_val=0.206339@0274 train_nmse=0.204304 val_nmse=0.206262 train_cos=0.892042 val_cos=0.891033
epoch 0275/0300 train_loss=0.204088 val_loss=0.207211 best_val=0.206339@0274 train_nmse=0.204286 val_nmse=0.207153 train_cos=0.892068 val_cos=0.890575
epoch 0276/0300 train_loss=0.204058 val_loss=0.207501 best_val=0.206339@0274 train_nmse=0.204003 val_nmse=0.207312 train_cos=0.892183 val_cos=0.890364
epoch 0277/0300 train_loss=0.204254 val_loss=0.207385 best_val=0.206339@0274 train_nmse=0.204287 val_nmse=0.207679 train_cos=0.892011 val_cos=0.890179
epoch 0278/0300 train_loss=0.204105 val_loss=0.206857 best_val=0.206339@0274 train_nmse=0.204170 val_nmse=0.207236 train_cos=0.892070 val_cos=0.890427
epoch 0279/0300 train_loss=0.203935 val_loss=0.206784 best_val=0.206339@0274 train_nmse=0.204003 val_nmse=0.207127 train_cos=0.892188 val_cos=0.890374
epoch 0280/0300 train_loss=0.204416 val_loss=0.206945 best_val=0.206339@0274 train_nmse=0.204289 val_nmse=0.206763 train_cos=0.892059 val_cos=0.890895
epoch 0281/0300 train_loss=0.203941 val_loss=0.206848 best_val=0.206339@0274 train_nmse=0.203943 val_nmse=0.206835 train_cos=0.892225 val_cos=0.890708
epoch 0282/0300 train_loss=0.204134 val_loss=0.207499 best_val=0.206339@0274 train_nmse=0.204171 val_nmse=0.207650 train_cos=0.892050 val_cos=0.890330
epoch 0283/0300 train_loss=0.203950 val_loss=0.207348 best_val=0.206339@0274 train_nmse=0.204048 val_nmse=0.206922 train_cos=0.892222 val_cos=0.890575
epoch 0284/0300 train_loss=0.203839 val_loss=0.206694 best_val=0.206339@0274 train_nmse=0.203919 val_nmse=0.206471 train_cos=0.892189 val_cos=0.890806
epoch 0285/0300 train_loss=0.203966 val_loss=0.207304 best_val=0.206339@0274 train_nmse=0.204019 val_nmse=0.207301 train_cos=0.892232 val_cos=0.890371
epoch 0286/0300 train_loss=0.204114 val_loss=0.207405 best_val=0.206339@0274 train_nmse=0.204069 val_nmse=0.207522 train_cos=0.892164 val_cos=0.890343
epoch 0287/0300 train_loss=0.204279 val_loss=0.206569 best_val=0.206339@0274 train_nmse=0.204177 val_nmse=0.206575 train_cos=0.892188 val_cos=0.890840
epoch 0288/0300 train_loss=0.204172 val_loss=0.207271 best_val=0.206339@0274 train_nmse=0.204192 val_nmse=0.207077 train_cos=0.892066 val_cos=0.890609
epoch 0289/0300 train_loss=0.204000 val_loss=0.207560 best_val=0.206339@0274 train_nmse=0.203848 val_nmse=0.207177 train_cos=0.892289 val_cos=0.890534
epoch 0290/0300 train_loss=0.203945 val_loss=0.208072 best_val=0.206339@0274 train_nmse=0.203878 val_nmse=0.207883 train_cos=0.892247 val_cos=0.889910
epoch 0291/0300 train_loss=0.203932 val_loss=0.206509 best_val=0.206339@0274 train_nmse=0.203827 val_nmse=0.206009 train_cos=0.892255 val_cos=0.891004
epoch 0292/0300 train_loss=0.203959 val_loss=0.206760 best_val=0.206339@0274 train_nmse=0.203807 val_nmse=0.207159 train_cos=0.892317 val_cos=0.890374
epoch 0293/0300 train_loss=0.204071 val_loss=0.207339 best_val=0.206339@0274 train_nmse=0.203974 val_nmse=0.207238 train_cos=0.892188 val_cos=0.890377
epoch 0294/0300 train_loss=0.203825 val_loss=0.206452 best_val=0.206339@0274 train_nmse=0.203872 val_nmse=0.206343 train_cos=0.892260 val_cos=0.890952
epoch 0295/0300 train_loss=0.203937 val_loss=0.205881 best_val=0.205881@0295 train_nmse=0.204153 val_nmse=0.206392 train_cos=0.892124 val_cos=0.890791
epoch 0296/0300 train_loss=0.203938 val_loss=0.206707 best_val=0.205881@0295 train_nmse=0.203903 val_nmse=0.206465 train_cos=0.892238 val_cos=0.890857
epoch 0297/0300 train_loss=0.204051 val_loss=0.207135 best_val=0.205881@0295 train_nmse=0.204082 val_nmse=0.206873 train_cos=0.892138 val_cos=0.890548
epoch 0298/0300 train_loss=0.203780 val_loss=0.206926 best_val=0.205881@0295 train_nmse=0.203909 val_nmse=0.207251 train_cos=0.892269 val_cos=0.890519
epoch 0299/0300 train_loss=0.204124 val_loss=0.206931 best_val=0.205881@0295 train_nmse=0.204129 val_nmse=0.206895 train_cos=0.892114 val_cos=0.890387
epoch 0300/0300 train_loss=0.203815 val_loss=0.206542 best_val=0.205881@0295 train_nmse=0.203895 val_nmse=0.206373 train_cos=0.892289 val_cos=0.891098
saved last checkpoint: checkpoints/ardae/gaussian_003/last.pt
saved best checkpoint: checkpoints/ardae/gaussian_003/best.pt
saved metrics: checkpoints/ardae/gaussian_003/metrics.csv
